[20:14:53] pirozho4eg (5048cd8f-66a6-3cff-b555-da3fbfc1b1d9): тут кто то есть?
[21:17:43] SENEKILL (3aba6f41-6e61-3d5b-b311-9935d86eefca): -810 70 -325
[21:17:47] SENEKILL (3aba6f41-6e61-3d5b-b311-9935d86eefca): -810 70 -325
[21:17:55] pirozho4eg (5048cd8f-66a6-3cff-b555-da3fbfc1b1d9): СЕНЯ
[21:18:12] pirozho4eg (5048cd8f-66a6-3cff-b555-da3fbfc1b1d9): НАКОНЕЦ ТО ТЫ ТУТ
[21:18:37] pirozho4eg (5048cd8f-66a6-3cff-b555-da3fbfc1b1d9): СЕНЯ В ГОЛОС
[21:18:37] SENEKILL (3aba6f41-6e61-3d5b-b311-9935d86eefca): Я С ДРУГОМ
[21:18:42] SENEKILL (3aba6f41-6e61-3d5b-b311-9935d86eefca): немагу
[21:21:39] SENEKILL (3aba6f41-6e61-3d5b-b311-9935d86eefca): /menu
[21:22:22] SENEKILL (3aba6f41-6e61-3d5b-b311-9935d86eefca): -810 70 -325
[21:27:02] SENEKILL (3aba6f41-6e61-3d5b-b311-9935d86eefca): -810 70 -325
[21:29:21] pirozho4eg (5048cd8f-66a6-3cff-b555-da3fbfc1b1d9): эээ
[21:29:33] SENEKILL (3aba6f41-6e61-3d5b-b311-9935d86eefca): шо
[21:29:44] pirozho4eg (5048cd8f-66a6-3cff-b555-da3fbfc1b1d9): успокой своего бомжа
[21:29:48] SENEKILL (3aba6f41-6e61-3d5b-b311-9935d86eefca): ок
[21:29:50] pirozho4eg (5048cd8f-66a6-3cff-b555-da3fbfc1b1d9): проникает на мою территорию
[21:29:59] pirozho4eg (5048cd8f-66a6-3cff-b555-da3fbfc1b1d9): взлом!
[21:30:04] SENEKILL (3aba6f41-6e61-3d5b-b311-9935d86eefca): ну пойми он из психушки
[21:30:14] SENEKILL (3aba6f41-6e61-3d5b-b311-9935d86eefca): не бей
[21:30:17] SENEKILL (3aba6f41-6e61-3d5b-b311-9935d86eefca): даун
[21:30:21] SENEKILL (3aba6f41-6e61-3d5b-b311-9935d86eefca): тп не работает
[21:30:27] pirozho4eg (5048cd8f-66a6-3cff-b555-da3fbfc1b1d9): пусскай не лезет ео мне
[21:30:27] SENEKILL (3aba6f41-6e61-3d5b-b311-9935d86eefca): как он вернется
[21:30:36] pirozho4eg (5048cd8f-66a6-3cff-b555-da3fbfc1b1d9): калл напишет
[21:31:05] pirozho4eg (5048cd8f-66a6-3cff-b555-da3fbfc1b1d9): не надо было лезть на территорию и первым бить
[21:31:19] SENEKILL (3aba6f41-6e61-3d5b-b311-9935d86eefca): ну я же написать что он бешанный
[21:31:29] pirozho4eg (5048cd8f-66a6-3cff-b555-da3fbfc1b1d9): когда у меня инвентарь полон сокровищами, а у меня было мало хп
[21:32:44] pirozho4eg (5048cd8f-66a6-3cff-b555-da3fbfc1b1d9): кст я седня 4 алм прокакал
[21:32:58] pirozho4eg (5048cd8f-66a6-3cff-b555-da3fbfc1b1d9): кст сеня, я седня 4 алм прокакал
[21:33:05] pirozho4eg (5048cd8f-66a6-3cff-b555-da3fbfc1b1d9): умирая
[21:33:22] pirozho4eg (5048cd8f-66a6-3cff-b555-da3fbfc1b1d9): столько кораблей и деревень находил
[21:33:26] pirozho4eg (5048cd8f-66a6-3cff-b555-da3fbfc1b1d9): и сокровщ
[21:35:24] SENEKILL (3aba6f41-6e61-3d5b-b311-9935d86eefca): чо
[21:35:35] pirozho4eg (5048cd8f-66a6-3cff-b555-da3fbfc1b1d9): калл писать надо
[21:35:41] SENEKILL (3aba6f41-6e61-3d5b-b311-9935d86eefca): так неработает
[21:35:46] SENEKILL (3aba6f41-6e61-3d5b-b311-9935d86eefca): я пишу неработает
[21:35:55] SENEKILL (3aba6f41-6e61-3d5b-b311-9935d86eefca): эм
[21:36:33] pirozho4eg (5048cd8f-66a6-3cff-b555-da3fbfc1b1d9): вот так
[21:36:37] pirozho4eg (5048cd8f-66a6-3cff-b555-da3fbfc1b1d9): вот так
[21:37:34] pirozho4eg (5048cd8f-66a6-3cff-b555-da3fbfc1b1d9): а где он
[21:37:38] SENEKILL (3aba6f41-6e61-3d5b-b311-9935d86eefca): d fle
[21:37:41] SENEKILL (3aba6f41-6e61-3d5b-b311-9935d86eefca): в аду
[21:37:43] pirozho4eg (5048cd8f-66a6-3cff-b555-da3fbfc1b1d9): а
[21:37:49] pirozho4eg (5048cd8f-66a6-3cff-b555-da3fbfc1b1d9): ну там ему место
[21:39:03] SENEKILL (3aba6f41-6e61-3d5b-b311-9935d86eefca): сообщение от бомжа
[21:39:10] pirozho4eg (5048cd8f-66a6-3cff-b555-da3fbfc1b1d9): где
[21:39:13] SENEKILL (3aba6f41-6e61-3d5b-b311-9935d86eefca): даун обосанный с 5 айкью
[21:39:21] SENEKILL (3aba6f41-6e61-3d5b-b311-9935d86eefca): вот его сообщение
[21:39:32] pirozho4eg (5048cd8f-66a6-3cff-b555-da3fbfc1b1d9): кому это он
[21:39:40] SENEKILL (3aba6f41-6e61-3d5b-b311-9935d86eefca): тебе за то что ты его <матюки>
[21:39:45] SENEKILL (3aba6f41-6e61-3d5b-b311-9935d86eefca): тебе за то что ты его убил
[21:40:34] pirozho4eg (5048cd8f-66a6-3cff-b555-da3fbfc1b1d9): а, ну я же не виноват, что просто так бить и вламываться на чужую территорию норм. Давай я также поступлю, только в реале
[21:41:06] pirozho4eg (5048cd8f-66a6-3cff-b555-da3fbfc1b1d9): только для агрошколоты легко сразу оскать
[21:41:37] pirozho4eg (5048cd8f-66a6-3cff-b555-da3fbfc1b1d9): эммм
[21:41:42] pirozho4eg (5048cd8f-66a6-3cff-b555-da3fbfc1b1d9): не надо меня есть
[21:41:58] pirozho4eg (5048cd8f-66a6-3cff-b555-da3fbfc1b1d9): ой
[21:42:02] pirozho4eg (5048cd8f-66a6-3cff-b555-da3fbfc1b1d9): а это как
[21:42:48] SENEKILL (3aba6f41-6e61-3d5b-b311-9935d86eefca): ахаахаххах
[21:42:49] SENEKILL (3aba6f41-6e61-3d5b-b311-9935d86eefca): аххахахаха
[21:42:53] SENEKILL (3aba6f41-6e61-3d5b-b311-9935d86eefca): хахахахахахахахахахахахахахахахааххаахах
[21:42:54] SENEKILL (3aba6f41-6e61-3d5b-b311-9935d86eefca): хаххааха
[21:43:03] pirozho4eg (5048cd8f-66a6-3cff-b555-da3fbfc1b1d9): сеня когда нибудь ты бум бум
[21:43:21] SENEKILL (3aba6f41-6e61-3d5b-b311-9935d86eefca): НУ СОРЯН ОН ПРОСТО ОТОМСТИЛ
[21:43:35] pirozho4eg (5048cd8f-66a6-3cff-b555-da3fbfc1b1d9): за то что я его наказал за взлом
[21:43:46] SENEKILL (3aba6f41-6e61-3d5b-b311-9935d86eefca): ну ударил бы
[21:44:01] SENEKILL (3aba6f41-6e61-3d5b-b311-9935d86eefca): приручи
[21:44:31] pirozho4eg (5048cd8f-66a6-3cff-b555-da3fbfc1b1d9): сеня <матюки>
[21:44:33] SENEKILL (3aba6f41-6e61-3d5b-b311-9935d86eefca): ой(*
[21:44:34] pirozho4eg (5048cd8f-66a6-3cff-b555-da3fbfc1b1d9): там поводки сука
[21:44:38] pirozho4eg (5048cd8f-66a6-3cff-b555-da3fbfc1b1d9): верни их тварь
[21:44:54] pirozho4eg (5048cd8f-66a6-3cff-b555-da3fbfc1b1d9): а иначе твой дом бум
[21:44:56] SENEKILL (3aba6f41-6e61-3d5b-b311-9935d86eefca): крч он общал что вернет
[21:45:00] SENEKILL (3aba6f41-6e61-3d5b-b311-9935d86eefca): но
[21:45:03] pirozho4eg (5048cd8f-66a6-3cff-b555-da3fbfc1b1d9): еэто ты виноват ь
[21:45:05] SENEKILL (3aba6f41-6e61-3d5b-b311-9935d86eefca): ты его должен найти
[21:45:06] pirozho4eg (5048cd8f-66a6-3cff-b555-da3fbfc1b1d9): <матюки> толкал
[21:45:19] pirozho4eg (5048cd8f-66a6-3cff-b555-da3fbfc1b1d9): А НАФИГ НАДО МЕНЯ БЫЛО ТООЛАТЬ СЕНЯ
[21:45:26] SENEKILL (3aba6f41-6e61-3d5b-b311-9935d86eefca): по приколу
[21:45:30] SENEKILL (3aba6f41-6e61-3d5b-b311-9935d86eefca): мы в дс
[21:45:30] pirozho4eg (5048cd8f-66a6-3cff-b555-da3fbfc1b1d9): ИЗ ЗА ТЕБЯ ВСЕ ЭТО
[21:45:36] SENEKILL (3aba6f41-6e61-3d5b-b311-9935d86eefca): ну да
[21:45:42] pirozho4eg (5048cd8f-66a6-3cff-b555-da3fbfc1b1d9): ДАВАЙ ПО ПРИКОЛУ ТЕБЯ ТРАХНУТ
[21:45:57] SENEKILL (3aba6f41-6e61-3d5b-b311-9935d86eefca): ок а кто
[21:46:02] pirozho4eg (5048cd8f-66a6-3cff-b555-da3fbfc1b1d9): ТВОЯ СВИНЬЯ
[21:46:10] SENEKILL (3aba6f41-6e61-3d5b-b311-9935d86eefca): она девочка ей <матюки>
[21:46:31] pirozho4eg (5048cd8f-66a6-3cff-b555-da3fbfc1b1d9): ИХ ТУТ НЕТ, ВОЗВРАЩАЙ
[21:46:38] pirozho4eg (5048cd8f-66a6-3cff-b555-da3fbfc1b1d9): ИЗ СВОИХ ЗАПАСАВ ОТДАВАЙ
[21:47:27] pirozho4eg (5048cd8f-66a6-3cff-b555-da3fbfc1b1d9): отдавай поводки
[21:47:48] SENEKILL (3aba6f41-6e61-3d5b-b311-9935d86eefca): 2 не отдал
[21:47:51] pirozho4eg (5048cd8f-66a6-3cff-b555-da3fbfc1b1d9): еще один
[21:47:54] pirozho4eg (5048cd8f-66a6-3cff-b555-da3fbfc1b1d9): из там 2 было
[21:47:57] pirozho4eg (5048cd8f-66a6-3cff-b555-da3fbfc1b1d9): их
[21:48:38] pirozho4eg (5048cd8f-66a6-3cff-b555-da3fbfc1b1d9): уйди
[21:48:49] pirozho4eg (5048cd8f-66a6-3cff-b555-da3fbfc1b1d9): я не сьедобен
[21:48:59] SENEKILL (3aba6f41-6e61-3d5b-b311-9935d86eefca): ну ты же пирожок
[21:49:21] pirozho4eg (5048cd8f-66a6-3cff-b555-da3fbfc1b1d9): как тебе ламы?
[21:49:41] SENEKILL (3aba6f41-6e61-3d5b-b311-9935d86eefca): он скалаз топ
[21:50:10] pirozho4eg (5048cd8f-66a6-3cff-b555-da3fbfc1b1d9): и мазахист
[21:50:53] pirozho4eg (5048cd8f-66a6-3cff-b555-da3fbfc1b1d9): нит
[21:51:28] pirozho4eg (5048cd8f-66a6-3cff-b555-da3fbfc1b1d9): выйдите пожалуйста
[21:51:35] SENEKILL (3aba6f41-6e61-3d5b-b311-9935d86eefca): ок
[21:51:46] pirozho4eg (5048cd8f-66a6-3cff-b555-da3fbfc1b1d9): магия
[21:52:03] pirozho4eg (5048cd8f-66a6-3cff-b555-da3fbfc1b1d9): сеня забери его
[21:52:19] SENEKILL (3aba6f41-6e61-3d5b-b311-9935d86eefca): rfr
[21:52:21] SENEKILL (3aba6f41-6e61-3d5b-b311-9935d86eefca): как
[21:52:43] SENEKILL (3aba6f41-6e61-3d5b-b311-9935d86eefca): ахаххаа
[21:52:47] SENEKILL (3aba6f41-6e61-3d5b-b311-9935d86eefca): бот
[21:52:52] pirozho4eg (5048cd8f-66a6-3cff-b555-da3fbfc1b1d9): магия
[21:52:56] SENEKILL (3aba6f41-6e61-3d5b-b311-9935d86eefca): ага
[21:53:01] Hentai_Kawaii (7f945850-5153-334b-820c-51028472e886): ./kit
[21:53:20] ABAMA_WIN (361b75ff-72a7-380b-b112-e1f7e0e5a95f): ,eub lfey ,jn
[21:53:37] Hentai_Kawaii (7f945850-5153-334b-820c-51028472e886): ./kit tools
[21:53:42] Hentai_Kawaii (7f945850-5153-334b-820c-51028472e886): ./kit starter
[21:53:45] Hentai_Kawaii (7f945850-5153-334b-820c-51028472e886): ./kit food
[21:54:58] ABAMA_WIN (361b75ff-72a7-380b-b112-e1f7e0e5a95f): еды дай
[21:55:08] pirozho4eg (5048cd8f-66a6-3cff-b555-da3fbfc1b1d9): а пожалуйста где
[21:55:19] ABAMA_WIN (361b75ff-72a7-380b-b112-e1f7e0e5a95f): идинахуй
[21:55:27] pirozho4eg (5048cd8f-66a6-3cff-b555-da3fbfc1b1d9): ну вот там и проси
[21:55:36] pirozho4eg (5048cd8f-66a6-3cff-b555-da3fbfc1b1d9): сзади
[21:55:50] pirozho4eg (5048cd8f-66a6-3cff-b555-da3fbfc1b1d9): она сзажи
[21:55:58] SENEKILL (3aba6f41-6e61-3d5b-b311-9935d86eefca): кто
[21:56:25] ABAMA_WIN (361b75ff-72a7-380b-b112-e1f7e0e5a95f): го в дрима
[21:56:31] SENEKILL (3aba6f41-6e61-3d5b-b311-9935d86eefca): я устал я в кс
[21:56:32] pirozho4eg (5048cd8f-66a6-3cff-b555-da3fbfc1b1d9): не
[21:56:37] pirozho4eg (5048cd8f-66a6-3cff-b555-da3fbfc1b1d9): я спать
[21:56:40] ABAMA_WIN (361b75ff-72a7-380b-b112-e1f7e0e5a95f): го
[21:56:44] pirozho4eg (5048cd8f-66a6-3cff-b555-da3fbfc1b1d9): завтра и после завьтра дома
[21:56:50] pirozho4eg (5048cd8f-66a6-3cff-b555-da3fbfc1b1d9): так чсто утром поиграемэ
[21:56:57] pirozho4eg (5048cd8f-66a6-3cff-b555-da3fbfc1b1d9): пока
[22:02:50] Hentai_Kawaii (7f945850-5153-334b-820c-51028472e886): 123
[22:02:53] Hentai_Kawaii (7f945850-5153-334b-820c-51028472e886): 123
[22:03:27] Hentai_Kawaii (7f945850-5153-334b-820c-51028472e886): /tpa Hentai_Kawaii
[22:05:39] Hentai_Kawaii (7f945850-5153-334b-820c-51028472e886): /tpaccept
[23:11:31] Hentai_Kawaii (7f945850-5153-334b-820c-51028472e886): /sell block
[23:12:46] Hentai_Kawaii (7f945850-5153-334b-820c-51028472e886): sand
[23:13:01] Hentai_Kawaii (7f945850-5153-334b-820c-51028472e886): sand
[23:16:27] Hentai_Kawaii (7f945850-5153-334b-820c-51028472e886): digger
[23:26:28] Alik_7906 (a1c96355-2b25-33f0-9364-ef0ad1e2b001): ДС включите
[23:51:38] Hentai_Kawaii (7f945850-5153-334b-820c-51028472e886): /sell
[23:51:48] Hentai_Kawaii (7f945850-5153-334b-820c-51028472e886): /sell egg
[23:51:52] Hentai_Kawaii (7f945850-5153-334b-820c-51028472e886): /sell egg 1
[23:54:56] Hentai_Kawaii (7f945850-5153-334b-820c-51028472e886): /ah
