[00:52:48] Zytia (4ba59776-eb4c-39f0-ac65-fbfee71ecf6c): ыаф
[00:52:55] Www (9463acd6-7ae7-34d5-9d5c-b125f3c68c46): s
[00:53:14] Zytia (4ba59776-eb4c-39f0-ac65-fbfee71ecf6c): §6вф
[00:53:17] Zytia (4ba59776-eb4c-39f0-ac65-fbfee71ecf6c): §6да
[00:53:31] ExoManic (b5e20ef4-e04f-3988-9cbd-890969bf6aa4): §7хуй
[00:53:36] ExoManic (b5e20ef4-e04f-3988-9cbd-890969bf6aa4): §4хуй
[00:53:38] Zytia (4ba59776-eb4c-39f0-ac65-fbfee71ecf6c): &
[00:54:09] ExoManic (b5e20ef4-e04f-3988-9cbd-890969bf6aa4): §eСлава §bУкраине
[00:54:19] Www (9463acd6-7ae7-34d5-9d5c-b125f3c68c46): §6 (⁄ ⁄>⁄ ▽ ⁄<⁄ ⁄)
[00:54:32] Www (9463acd6-7ae7-34d5-9d5c-b125f3c68c46): §2 (⁄ ⁄>⁄ ▽ ⁄<⁄ ⁄)
[00:57:50] Www (9463acd6-7ae7-34d5-9d5c-b125f3c68c46): §2 (⁄ ⁄>⁄ ▽ ⁄<⁄ ⁄)
[01:32:15] Mr_Nay (0e54bfc4-723e-35f8-8cf5-9c5d229261b4): Админ
[01:32:22] ExoManic (b5e20ef4-e04f-3988-9cbd-890969bf6aa4): A?
[01:32:40] Mr_Nay (0e54bfc4-723e-35f8-8cf5-9c5d229261b4): у вас дорогой хост ?
[01:33:06] ExoManic (b5e20ef4-e04f-3988-9cbd-890969bf6aa4): Приемлемый
[01:33:47] Mr_Nay (0e54bfc4-723e-35f8-8cf5-9c5d229261b4): На нём есть защита от ддоса?
[01:34:06] ExoManic (b5e20ef4-e04f-3988-9cbd-890969bf6aa4): Есть
[01:34:11] Mr_Nay (0e54bfc4-723e-35f8-8cf5-9c5d229261b4): уверен?
[01:34:47] Mr_Nay (0e54bfc4-723e-35f8-8cf5-9c5d229261b4): Проверим?
[01:34:57] Zytia (4ba59776-eb4c-39f0-ac65-fbfee71ecf6c): Защита имеется, не проявляется снаружи
[01:35:10] Zytia (4ba59776-eb4c-39f0-ac65-fbfee71ecf6c): пробуй, плагины сработают
[02:23:51] Www (9463acd6-7ae7-34d5-9d5c-b125f3c68c46): ExoManic
[02:23:54] Www (9463acd6-7ae7-34d5-9d5c-b125f3c68c46): Zytia
[02:23:57] Www (9463acd6-7ae7-34d5-9d5c-b125f3c68c46): Www
[02:46:39] ExoManic (b5e20ef4-e04f-3988-9cbd-890969bf6aa4): jobs browse
[03:10:29] Zytia (4ba59776-eb4c-39f0-ac65-fbfee71ecf6c): sfa
[03:10:41] Zytia (4ba59776-eb4c-39f0-ac65-fbfee71ecf6c): §6fsa
[13:08:53] MrAndeYT (72aa3965-df52-3dd8-b310-c31b6e8b068a): /call den_del_
[13:09:04] MrAndeYT (72aa3965-df52-3dd8-b310-c31b6e8b068a): ?/call den_del_
[13:13:30] NastyPanda_100 (83401cae-52cb-3cef-bd25-bbcbcedbcc5a): call den_del_
[13:13:32] MrAndeYT (72aa3965-df52-3dd8-b310-c31b6e8b068a): хуле работа не работает
[13:13:38] MrAndeYT (72aa3965-df52-3dd8-b310-c31b6e8b068a): хуле работа не работает
[13:13:41] SENEKILL (3aba6f41-6e61-3d5b-b311-9935d86eefca): через /
[13:13:42] MrAndeYT (72aa3965-df52-3dd8-b310-c31b6e8b068a): <матюки> <матюки>
[13:14:07] MrAndeYT (72aa3965-df52-3dd8-b310-c31b6e8b068a): <матюки> нахай
[13:14:42] MrAndeYT (72aa3965-df52-3dd8-b310-c31b6e8b068a): ?help
[13:16:37] SENEKILL (3aba6f41-6e61-3d5b-b311-9935d86eefca): ./call
[13:20:28] MrAndeYT (72aa3965-df52-3dd8-b310-c31b6e8b068a): ?/call den_del_
[13:30:48] NastyPanda_100 (83401cae-52cb-3cef-bd25-bbcbcedbcc5a): ..
[13:31:34] NastyPanda_100 (83401cae-52cb-3cef-bd25-bbcbcedbcc5a): хах
[13:32:45] NastyPanda_100 (83401cae-52cb-3cef-bd25-bbcbcedbcc5a): ?
[13:33:15] pirozho4eg (5048cd8f-66a6-3cff-b555-da3fbfc1b1d9): f\
[13:33:23] pirozho4eg (5048cd8f-66a6-3cff-b555-da3fbfc1b1d9): fffff
[13:37:02] pirozho4eg (5048cd8f-66a6-3cff-b555-da3fbfc1b1d9): не молчи
[13:37:08] den_del_ (deb3c093-417d-3424-a9b8-f7baf518c8c7): ща
[13:47:44] pirozho4eg (5048cd8f-66a6-3cff-b555-da3fbfc1b1d9): АААА
[13:53:14] den_del_ (deb3c093-417d-3424-a9b8-f7baf518c8c7): лемон
[13:53:23] NastyPanda_100 (83401cae-52cb-3cef-bd25-bbcbcedbcc5a): не
[13:53:46] den_del_ (deb3c093-417d-3424-a9b8-f7baf518c8c7): лемон
[13:53:58] den_del_ (deb3c093-417d-3424-a9b8-f7baf518c8c7): тп на 1 мир
[13:54:02] den_del_ (deb3c093-417d-3424-a9b8-f7baf518c8c7): зайди в гч
[13:54:21] den_del_ (deb3c093-417d-3424-a9b8-f7baf518c8c7): зайди в гч лемонг
[13:54:43] pirozho4eg (5048cd8f-66a6-3cff-b555-da3fbfc1b1d9): не заходи жижа кислая
[13:54:52] LemonStars6744 (ba2569f4-4691-32c0-a0e9-e21cd505cfa0): можно гм 1
[13:54:56] den_del_ (deb3c093-417d-3424-a9b8-f7baf518c8c7): нет
[13:55:16] NastyPanda_100 (83401cae-52cb-3cef-bd25-bbcbcedbcc5a): мишшаа
[13:55:23] den_del_ (deb3c093-417d-3424-a9b8-f7baf518c8c7): зайди
[13:55:24] pirozho4eg (5048cd8f-66a6-3cff-b555-da3fbfc1b1d9): а
[13:55:25] den_del_ (deb3c093-417d-3424-a9b8-f7baf518c8c7): в гч
[13:55:27] den_del_ (deb3c093-417d-3424-a9b8-f7baf518c8c7): лемон
[13:55:34] LemonStars6744 (ba2569f4-4691-32c0-a0e9-e21cd505cfa0): нет
[13:55:41] pirozho4eg (5048cd8f-66a6-3cff-b555-da3fbfc1b1d9): установи спавн поинт у себя дома
[13:55:47] pirozho4eg (5048cd8f-66a6-3cff-b555-da3fbfc1b1d9): поспи там на кроватке
[13:55:51] NastyPanda_100 (83401cae-52cb-3cef-bd25-bbcbcedbcc5a): f[f
[13:55:52] NastyPanda_100 (83401cae-52cb-3cef-bd25-bbcbcedbcc5a): угу
[13:55:55] NastyPanda_100 (83401cae-52cb-3cef-bd25-bbcbcedbcc5a): есть еда ?
[13:55:58] den_del_ (deb3c093-417d-3424-a9b8-f7baf518c8c7): пиши сейчас /tpaccept
[13:56:08] NastyPanda_100 (83401cae-52cb-3cef-bd25-bbcbcedbcc5a): есть еда ?
[13:56:16] SENEKILL (3aba6f41-6e61-3d5b-b311-9935d86eefca): 2 hs,s
[13:56:20] SENEKILL (3aba6f41-6e61-3d5b-b311-9935d86eefca): рыбы
[13:56:21] NastyPanda_100 (83401cae-52cb-3cef-bd25-bbcbcedbcc5a): есть еда ?
[13:56:21] den_del_ (deb3c093-417d-3424-a9b8-f7baf518c8c7): пиши сейчас /tpaccept
[13:56:30] den_del_ (deb3c093-417d-3424-a9b8-f7baf518c8c7): лемон
[13:56:39] NastyPanda_100 (83401cae-52cb-3cef-bd25-bbcbcedbcc5a): есть еда ?
[13:56:42] NastyPanda_100 (83401cae-52cb-3cef-bd25-bbcbcedbcc5a): а пасиб
[13:56:43] pirozho4eg (5048cd8f-66a6-3cff-b555-da3fbfc1b1d9): неа
[13:57:50] den_del_ (deb3c093-417d-3424-a9b8-f7baf518c8c7): лемог
[13:57:55] den_del_ (deb3c093-417d-3424-a9b8-f7baf518c8c7): ку
[13:58:09] den_del_ (deb3c093-417d-3424-a9b8-f7baf518c8c7): строй
[13:58:10] den_del_ (deb3c093-417d-3424-a9b8-f7baf518c8c7): дом
[13:58:13] den_del_ (deb3c093-417d-3424-a9b8-f7baf518c8c7): или
[13:58:16] den_del_ (deb3c093-417d-3424-a9b8-f7baf518c8c7): заселись
[13:58:18] pirozho4eg (5048cd8f-66a6-3cff-b555-da3fbfc1b1d9): только не ввозле нас
[13:58:20] LemonStars6744 (ba2569f4-4691-32c0-a0e9-e21cd505cfa0): ky
[13:58:21] den_del_ (deb3c093-417d-3424-a9b8-f7baf518c8c7): в любой из этих
[13:58:31] pirozho4eg (5048cd8f-66a6-3cff-b555-da3fbfc1b1d9): только не ввозле нас
[13:58:35] pirozho4eg (5048cd8f-66a6-3cff-b555-da3fbfc1b1d9): а то убивать буду
[13:58:47] SENEKILL (3aba6f41-6e61-3d5b-b311-9935d86eefca): стой лимон
[13:59:01] SENEKILL (3aba6f41-6e61-3d5b-b311-9935d86eefca): все
[13:59:15] LemonStars6744 (ba2569f4-4691-32c0-a0e9-e21cd505cfa0): спасибо
[14:00:13] jxojecalnu (064ef22e-29c5-3c11-91a0-703dccf13021): Рекомендую хороший, качественный, ванильно-арктический сервер invokcraft. Айпи: mc invokcraft ru | Версия: 1.12.2
[14:00:21] loginshadow_YT (53542d2c-0f0d-3815-9526-3bab1d397907): donate
[14:02:12] NastyPanda_100 (83401cae-52cb-3cef-bd25-bbcbcedbcc5a): мишаа
[14:02:15] pirozho4eg (5048cd8f-66a6-3cff-b555-da3fbfc1b1d9): а
[14:02:29] pirozho4eg (5048cd8f-66a6-3cff-b555-da3fbfc1b1d9): спасибо
[14:02:38] pirozho4eg (5048cd8f-66a6-3cff-b555-da3fbfc1b1d9): еду забери себе
[14:05:12] yzuyevzi369 (bfe7cc66-2db9-3780-a828-7391a68f6425): Рекомендую хороший, качественный, ванильно-арктический сервер invokcraft. Айпи: mc invokcraft ru | Версия: 1.12.2
[14:09:27] NastyPanda_100 (83401cae-52cb-3cef-bd25-bbcbcedbcc5a): я в шахте
[14:13:16] Qzugkixhe292 (c46e7e69-e21d-3d76-ab03-c8c9aa92d7f4): Рекомендую хороший, качественный, ванильно-арктический сервер invokcraft. Айпи: mc invokcraft ru | Версия: 1.12.2
[14:14:35] zsoletu681 (31b68cd1-1159-3349-b5fe-3e3ab961b639): Рекомендую хороший, качественный, ванильно-арктический сервер invokcraft. Айпи: mc invokcraft ru | Версия: 1.12.2
[14:15:03] wgujabe (4ee71337-5bd9-3e08-a27c-5291e1778e01): Рекомендую хороший, качественный, ванильно-арктический сервер invokcraft. Айпи: mc invokcraft ru | Версия: 1.12.2
[14:16:07] NastyPanda_100 (83401cae-52cb-3cef-bd25-bbcbcedbcc5a): у меня есть
[14:17:23] NastyPanda_100 (83401cae-52cb-3cef-bd25-bbcbcedbcc5a): 9
[14:18:09] kacepxegdi (296e2c87-b01d-3d3a-93e0-8fbbb3f7485c): Рекомендую хороший, качественный, ванильно-арктический сервер invokcraft. Айпи: mc invokcraft ru | Версия: 1.12.2
[14:20:00] qmeteqme813 (6307f5fa-e3ee-3470-945d-281d4b18bfbc): Рекомендую хороший, качественный, ванильно-арктический сервер invokcraft. Айпи: mc invokcraft ru | Версия: 1.12.2
[14:21:58] NastyPanda_100 (83401cae-52cb-3cef-bd25-bbcbcedbcc5a): ахха
[14:24:07] wimine (7fee8a36-d4cf-3ddd-ba71-44e5bdc05d49): Рекомендую хороший, качественный, ванильно-арктический сервер invokcraft. Айпи: mc invokcraft ru | Версия: 1.12.2
[14:26:46] cvunapu (979a941b-8d12-3fad-abd8-03227f4717e5): Рекомендую хороший, качественный, ванильно-арктический сервер invokcraft. Айпи: mc invokcraft ru | Версия: 1.12.2
[14:31:20] NastyPanda_100 (83401cae-52cb-3cef-bd25-bbcbcedbcc5a): денделлл
[14:31:26] NastyPanda_100 (83401cae-52cb-3cef-bd25-bbcbcedbcc5a): денделлл
[14:32:02] NastyPanda_100 (83401cae-52cb-3cef-bd25-bbcbcedbcc5a): денделлл
[14:32:07] NastyPanda_100 (83401cae-52cb-3cef-bd25-bbcbcedbcc5a): алмазы
[14:32:12] NastyPanda_100 (83401cae-52cb-3cef-bd25-bbcbcedbcc5a): ад
[14:32:13] NastyPanda_100 (83401cae-52cb-3cef-bd25-bbcbcedbcc5a): еда
[14:32:14] NastyPanda_100 (83401cae-52cb-3cef-bd25-bbcbcedbcc5a): да
[14:33:05] Banocivu (ef98d7ef-e758-3b4e-a6a4-fdeeb4809a1f): Рекомендую хороший, качественный, ванильно-арктический сервер invokcraft. Айпи: mc invokcraft ru | Версия: 1.12.2
[14:34:26] NastyPanda_100 (83401cae-52cb-3cef-bd25-bbcbcedbcc5a): хахах
[14:36:17] Rotompa (d7c9a79d-0573-32c6-ac09-a67fec6ef18c): Рекомендую хороший, качественный, ванильно-арктический сервер invokcraft. Айпи: mc invokcraft ru | Версия: 1.12.2
[14:42:12] kisuytu424 (e5b5b682-5790-367f-8c54-59017889d445): Рекомендую хороший, качественный, ванильно-арктический сервер invokcraft. Айпи: mc invokcraft ru | Версия: 1.12.2
[14:48:02] koyodjipi (8a71b64a-a248-397b-b1b1-375d71b36123): Рекомендую хороший, качественный, ванильно-арктический сервер invokcraft. Айпи: mc invokcraft ru | Версия: 1.12.2
[14:48:52] macafa (94fa9e16-e9b1-32de-b914-5b5a36fe26dc): Рекомендую хороший, качественный, ванильно-арктический сервер invokcraft. Айпи: mc invokcraft ru | Версия: 1.12.2
[14:49:30] yugusxu (c7bdca31-77b0-3b27-a056-fb89b9b4740a): Рекомендую хороший, качественный, ванильно-арктический сервер invokcraft. Айпи: mc invokcraft ru | Версия: 1.12.2
[14:50:14] NastyPanda_100 (83401cae-52cb-3cef-bd25-bbcbcedbcc5a): норм
[14:50:41] NastyPanda_100 (83401cae-52cb-3cef-bd25-bbcbcedbcc5a): ой
[14:54:17] Tovletuqyo (459f8e3f-17fc-338f-98b9-185ba06e1db0): Рекомендую хороший, качественный, ванильно-арктический сервер invokcraft. Айпи: mc invokcraft ru | Версия: 1.12.2
[15:00:17] Kiwdofro (de59e937-445d-3c74-90bd-cadafd9f404a): Рекомендую хороший, качественный, ванильно-арктический сервер invokcraft. Айпи: mc invokcraft ru | Версия: 1.12.2
[15:01:46] tqajeqi (ea231153-de41-387c-8504-44cea178523a): Рекомендую хороший, качественный, ванильно-арктический сервер invokcraft. Айпи: mc invokcraft ru | Версия: 1.12.2
[15:04:10] Hedviwmo (8b752d10-7cdc-3b34-bc8f-699c3549930f): Рекомендую хороший, качественный, ванильно-арктический сервер invokcraft. Айпи: mc invokcraft ru | Версия: 1.12.2
[15:05:03] jvulala (930db9b5-1707-3350-a1c5-35121daba7b9): Рекомендую хороший, качественный, ванильно-арктический сервер invokcraft. Айпи: mc invokcraft ru | Версия: 1.12.2
[15:05:33] dibkafvi (b99bac4b-6675-3e52-be50-f489aa55a23e): Рекомендую хороший, качественный, ванильно-арктический сервер invokcraft. Айпи: mc invokcraft ru | Версия: 1.12.2
[15:07:02] tzelaje51 (2fe951a9-0bea-3b74-96ab-b758c1246dc5): Рекомендую хороший, качественный, ванильно-арктический сервер invokcraft. Айпи: mc invokcraft ru | Версия: 1.12.2
[15:10:34] den_del_ (deb3c093-417d-3424-a9b8-f7baf518c8c7): what?
[15:11:18] den_del_ (deb3c093-417d-3424-a9b8-f7baf518c8c7): not advertising
[15:14:15] Lesugi (6614402b-1581-3b2a-a937-f46ae6352a06): Рекомендую хороший, качественный, ванильно-арктический сервер invokcraft. Айпи: mc invokcraft ru | Версия: 1.12.2
[15:14:44] NastyPanda_100 (83401cae-52cb-3cef-bd25-bbcbcedbcc5a): &
[15:14:46] NastyPanda_100 (83401cae-52cb-3cef-bd25-bbcbcedbcc5a): ?
[15:14:53] NastyPanda_100 (83401cae-52cb-3cef-bd25-bbcbcedbcc5a): о пасиб
[15:14:58] pirozho4eg (5048cd8f-66a6-3cff-b555-da3fbfc1b1d9): гыыыыыыыыыыыыыыыыыыыы
[15:15:02] NastyPanda_100 (83401cae-52cb-3cef-bd25-bbcbcedbcc5a): ыыыы
[15:15:05] pirozho4eg (5048cd8f-66a6-3cff-b555-da3fbfc1b1d9): чомк
[15:15:11] pirozho4eg (5048cd8f-66a6-3cff-b555-da3fbfc1b1d9): вкусная еда
[15:15:12] pirozho4eg (5048cd8f-66a6-3cff-b555-da3fbfc1b1d9): чомк
[15:15:14] pirozho4eg (5048cd8f-66a6-3cff-b555-da3fbfc1b1d9): чомк
[15:15:15] NastyPanda_100 (83401cae-52cb-3cef-bd25-bbcbcedbcc5a): ахаха
[15:15:23] pirozho4eg (5048cd8f-66a6-3cff-b555-da3fbfc1b1d9): чомк это типо я жую
[15:15:28] NastyPanda_100 (83401cae-52cb-3cef-bd25-bbcbcedbcc5a): ага
[15:16:04] beguthofqu (c209b1ba-4918-3890-870e-9a068552c43b): Рекомендую хороший, качественный, ванильно-арктический сервер invokcraft. Айпи: mc invokcraft ru | Версия: 1.12.2
[15:19:26] pirozho4eg (5048cd8f-66a6-3cff-b555-da3fbfc1b1d9): настя
[15:19:29] pirozho4eg (5048cd8f-66a6-3cff-b555-da3fbfc1b1d9): в гч
[15:19:29] NastyPanda_100 (83401cae-52cb-3cef-bd25-bbcbcedbcc5a): а
[15:19:37] NastyPanda_100 (83401cae-52cb-3cef-bd25-bbcbcedbcc5a): ща
[15:19:55] NastyPanda_100 (83401cae-52cb-3cef-bd25-bbcbcedbcc5a): оо
[15:19:59] NastyPanda_100 (83401cae-52cb-3cef-bd25-bbcbcedbcc5a): фигаа
[15:20:07] NastyPanda_100 (83401cae-52cb-3cef-bd25-bbcbcedbcc5a): ахах
[15:24:04] Nagciksuzsi (7869cc61-967b-375c-8929-16aeb998028c): Рекомендую хороший, качественный, ванильно-арктический сервер invokcraft. Айпи: mc invokcraft ru | Версия: 1.12.2
[15:25:52] yjegximhi (d448f702-ac46-3b63-9010-75efdeaeb564): Рекомендую хороший, качественный, ванильно-арктический сервер invokcraft. Айпи: mc invokcraft ru | Версия: 1.12.2
[15:33:14] NastyPanda_100 (83401cae-52cb-3cef-bd25-bbcbcedbcc5a): о алм
[15:33:58] pirozho4eg (5048cd8f-66a6-3cff-b555-da3fbfc1b1d9): t
[15:34:15] pirozho4eg (5048cd8f-66a6-3cff-b555-da3fbfc1b1d9): f
[15:34:17] pirozho4eg (5048cd8f-66a6-3cff-b555-da3fbfc1b1d9): f
[15:34:34] NastyPanda_100 (83401cae-52cb-3cef-bd25-bbcbcedbcc5a): ууу
[15:34:35] NastyPanda_100 (83401cae-52cb-3cef-bd25-bbcbcedbcc5a): тут
[15:34:38] mhamhaxzu (611869cd-6970-3718-b6a1-c2416739dc3e): Рекомендую хороший, качественный, ванильно-арктический сервер invokcraft. Айпи: mc invokcraft ru | Версия: 1.12.2
[15:35:46] wehoho (842b6bfb-e474-3820-8ddc-1e9e0d8666ba): Рекомендую хороший, качественный, ванильно-арктический сервер invokcraft. Айпи: mc invokcraft ru | Версия: 1.12.2
[15:37:29] jjuhada (b263319b-3b2f-3323-9251-bd5d3df12613): Рекомендую хороший, качественный, ванильно-арктический сервер invokcraft. Айпи: mc invokcraft ru | Версия: 1.12.2
[15:37:44] pirozho4eg (5048cd8f-66a6-3cff-b555-da3fbfc1b1d9): f
[15:38:10] swat1x (303cf8cd-3f85-32c1-a107-336311af2889): админ, вам нужны плагины самописные, я их сам пишу
[15:38:50] NastyPanda_100 (83401cae-52cb-3cef-bd25-bbcbcedbcc5a): тя приютить хех?
[15:38:55] swat1x (303cf8cd-3f85-32c1-a107-336311af2889): ненада
[15:38:58] NastyPanda_100 (83401cae-52cb-3cef-bd25-bbcbcedbcc5a): хехе
[15:38:59] NastyPanda_100 (83401cae-52cb-3cef-bd25-bbcbcedbcc5a): оке
[15:39:04] NastyPanda_100 (83401cae-52cb-3cef-bd25-bbcbcedbcc5a): лан пок
[15:41:25] den_del_ (deb3c093-417d-3424-a9b8-f7baf518c8c7): да <матюки> врот
[15:41:31] den_del_ (deb3c093-417d-3424-a9b8-f7baf518c8c7): чуваки
[15:42:09] swat1x (303cf8cd-3f85-32c1-a107-336311af2889): а кто админ здесь
[15:43:00] Zytia (4ba59776-eb4c-39f0-ac65-fbfee71ecf6c): swat1x ?
[15:43:11] swat1x (303cf8cd-3f85-32c1-a107-336311af2889): вам нужны самописные плагины?
[15:43:16] SENEKILL (3aba6f41-6e61-3d5b-b311-9935d86eefca): ss
[15:43:18] Zytia (4ba59776-eb4c-39f0-ac65-fbfee71ecf6c): swat1x -
[15:43:21] den_del_ (deb3c093-417d-3424-a9b8-f7baf518c8c7): f
[15:43:33] swat1x (303cf8cd-3f85-32c1-a107-336311af2889): могу написать
[15:43:38] swat1x (303cf8cd-3f85-32c1-a107-336311af2889): я кодер
[15:43:43] Zytia (4ba59776-eb4c-39f0-ac65-fbfee71ecf6c): swat1x я тоже
[15:43:52] swat1x (303cf8cd-3f85-32c1-a107-336311af2889): на каком языке пишешь?
[15:43:53] Zytia (4ba59776-eb4c-39f0-ac65-fbfee71ecf6c): swat1x прикольно да?
[15:44:00] Zytia (4ba59776-eb4c-39f0-ac65-fbfee71ecf6c): swat1x c#, java, php
[15:44:08] Zytia (4ba59776-eb4c-39f0-ac65-fbfee71ecf6c): swat1x c++
[15:44:23] swat1x (303cf8cd-3f85-32c1-a107-336311af2889): Zytia
[15:44:40] Zytia (4ba59776-eb4c-39f0-ac65-fbfee71ecf6c): ?
[15:44:53] swat1x (303cf8cd-3f85-32c1-a107-336311af2889): Zytia ну ты же зачемто каждый раз мой ник пишешь в сообщении
[15:45:01] swat1x (303cf8cd-3f85-32c1-a107-336311af2889): Zytia я теперь твой пишу
[15:45:07] bpatabpa (e2e7e7d7-4921-3977-8817-17c97761551a): Рекомендую хороший, качественный, ванильно-арктический сервер invokcraft. Айпи: mc invokcraft ru | Версия: 1.12.2
[15:45:14] Zytia (4ba59776-eb4c-39f0-ac65-fbfee71ecf6c): к тебе обращаюсь
[15:45:21] Zytia (4ba59776-eb4c-39f0-ac65-fbfee71ecf6c): поэтому пишу
[15:45:40] swat1x (303cf8cd-3f85-32c1-a107-336311af2889): у меня есть essentials самописный
[15:50:02] NastyPanda_100 (83401cae-52cb-3cef-bd25-bbcbcedbcc5a): ладно всем пока
[15:50:08] SENEKILL (3aba6f41-6e61-3d5b-b311-9935d86eefca): пока
[15:50:17] wdagaxa (07782082-7e07-37bd-bb6e-6edf03c09aa7): Рекомендую хороший, качественный, ванильно-арктический сервер invokcraft. Айпи: mc invokcraft ru | Версия: 1.12.2
[15:50:52] lluftiriri (3338e98b-bd3c-3dc2-b86f-34eb8c8bb510): Рекомендую хороший, качественный, ванильно-арктический сервер invokcraft. Айпи: mc invokcraft ru | Версия: 1.12.2
[15:55:05] qoqeqofta (768cf501-db16-39ef-b798-349c06f86334): Рекомендую хороший, качественный, ванильно-арктический сервер invokcraft. Айпи: mc invokcraft ru | Версия: 1.12.2
[16:01:53] Jeqefo (f4e1f418-c333-3c29-b6cf-087e7befaac1): Рекомендую хороший, качественный, ванильно-арктический сервер invokcraft. Айпи: mc invokcraft ru | Версия: 1.12.2
[16:03:55] sacbeyu (cb3f1bf7-f2d0-3cc7-9d45-11379cbf6a32): Рекомендую хороший, качественный, ванильно-арктический сервер invokcraft. Айпи: mc invokcraft ru | Версия: 1.12.2
[16:09:12] nokfijo (ea4be837-8151-374c-8fc1-d2071ba35f56): Рекомендую хороший, качественный, ванильно-арктический сервер invokcraft. Айпи: mc invokcraft ru | Версия: 1.12.2
[16:11:32] sikmagyoqi807 (ac0a50dc-e898-34a5-9706-acd79c04416a): Рекомендую хороший, качественный, ванильно-арктический сервер invokcraft. Айпи: mc invokcraft ru | Версия: 1.12.2
[16:15:32] Zytia (4ba59776-eb4c-39f0-ac65-fbfee71ecf6c): saf
[17:48:35] pirozho4eg (5048cd8f-66a6-3cff-b555-da3fbfc1b1d9): всем привет
[17:58:52] pirozho4eg (5048cd8f-66a6-3cff-b555-da3fbfc1b1d9): ЧОПАПИМУНЯНЯ
[18:10:50] pirozho4eg (5048cd8f-66a6-3cff-b555-da3fbfc1b1d9): f
[21:05:22] ExoManic (b5e20ef4-e04f-3988-9cbd-890969bf6aa4): cycle
[21:05:48] ExoManic (b5e20ef4-e04f-3988-9cbd-890969bf6aa4): clear
[21:06:20] ExoManic (b5e20ef4-e04f-3988-9cbd-890969bf6aa4): cycle
[21:08:08] ExoManic (b5e20ef4-e04f-3988-9cbd-890969bf6aa4): save
[21:10:56] ExoManic (b5e20ef4-e04f-3988-9cbd-890969bf6aa4): cycle
[22:32:07] Pizdosi (45a6fa82-ec7c-3519-a20a-147f4364631e): как там 3 лицо врубить
[22:33:07] Pizdosi (45a6fa82-ec7c-3519-a20a-147f4364631e): не могу
[22:33:15] Pizdosi (45a6fa82-ec7c-3519-a20a-147f4364631e): <матюки>
[22:33:28] Pizdosi (45a6fa82-ec7c-3519-a20a-147f4364631e): ща будем тестить мат
[22:33:31] Pizdosi (45a6fa82-ec7c-3519-a20a-147f4364631e): <матюки>
[22:33:38] Pizdosi (45a6fa82-ec7c-3519-a20a-147f4364631e): <матюки> абоба
[22:33:45] Pizdosi (45a6fa82-ec7c-3519-a20a-147f4364631e): <матюки> машонка
[22:33:52] Pizdosi (45a6fa82-ec7c-3519-a20a-147f4364631e): а машонка та работает
[22:33:59] Pizdosi (45a6fa82-ec7c-3519-a20a-147f4364631e): ну а <матюки>
[22:34:11] Pizdosi (45a6fa82-ec7c-3519-a20a-147f4364631e): да я написал х у л и
[22:34:25] ExoManic (b5e20ef4-e04f-3988-9cbd-890969bf6aa4): <3
[22:34:33] Rivgad (1d46db05-281c-33d1-9eeb-177fcc54c849): <матюки>
[22:34:38] ExoManic (b5e20ef4-e04f-3988-9cbd-890969bf6aa4): че
[22:34:40] Pizdosi (45a6fa82-ec7c-3519-a20a-147f4364631e): согласен
[22:34:42] Rivgad (1d46db05-281c-33d1-9eeb-177fcc54c849): а вот так
[22:34:46] Rivgad (1d46db05-281c-33d1-9eeb-177fcc54c849): дарова
[22:34:47] ExoManic (b5e20ef4-e04f-3988-9cbd-890969bf6aa4): Че с ебалом?
[22:34:57] Rivgad (1d46db05-281c-33d1-9eeb-177fcc54c849): сестрёнка играет в основном
[22:34:59] Rivgad (1d46db05-281c-33d1-9eeb-177fcc54c849): чо чо
[22:35:05] ExoManic (b5e20ef4-e04f-3988-9cbd-890969bf6aa4): Часы - меню
[22:35:05] Rivgad (1d46db05-281c-33d1-9eeb-177fcc54c849): взяла и поставила
[22:35:06] ExoManic (b5e20ef4-e04f-3988-9cbd-890969bf6aa4): ес че
[22:35:13] Rivgad (1d46db05-281c-33d1-9eeb-177fcc54c849): мне менять лень как бы
[22:35:25] ExoManic (b5e20ef4-e04f-3988-9cbd-890969bf6aa4): ты можешь на сайте поменять
[22:35:30] Rivgad (1d46db05-281c-33d1-9eeb-177fcc54c849): Устройся на работу
[22:35:32] Rivgad (1d46db05-281c-33d1-9eeb-177fcc54c849): ну нифига
[22:35:36] ExoManic (b5e20ef4-e04f-3988-9cbd-890969bf6aa4): только на этом сервере будет ))
[22:35:43] ExoManic (b5e20ef4-e04f-3988-9cbd-890969bf6aa4): Устройся на завод
[22:35:48] ExoManic (b5e20ef4-e04f-3988-9cbd-890969bf6aa4): Устройся на завод )00
[22:35:57] Rivgad (1d46db05-281c-33d1-9eeb-177fcc54c849): внатуре
[22:36:11] ExoManic (b5e20ef4-e04f-3988-9cbd-890969bf6aa4): Погнали выживать в 1 мире )
[22:37:13] Rivgad (1d46db05-281c-33d1-9eeb-177fcc54c849): ща
[22:38:14] Rivgad (1d46db05-281c-33d1-9eeb-177fcc54c849): всё, <матюки> а как из косметического меню выйти
[22:38:21] Rivgad (1d46db05-281c-33d1-9eeb-177fcc54c849): не вижу выхода
[22:38:30] ExoManic (b5e20ef4-e04f-3988-9cbd-890969bf6aa4): ESC?
[22:38:44] Rivgad (1d46db05-281c-33d1-9eeb-177fcc54c849): нормальный такой
[22:39:54] Rivgad (1d46db05-281c-33d1-9eeb-177fcc54c849): а чо за прикол с работами
[22:40:11] Rivgad (1d46db05-281c-33d1-9eeb-177fcc54c849): типа если перейти с одной на другую то в ноль обнуляется?
[22:40:16] ExoManic (b5e20ef4-e04f-3988-9cbd-890969bf6aa4): да
[22:40:20] ExoManic (b5e20ef4-e04f-3988-9cbd-890969bf6aa4): ну
[22:40:23] ExoManic (b5e20ef4-e04f-3988-9cbd-890969bf6aa4): разные предметы
[22:40:27] ExoManic (b5e20ef4-e04f-3988-9cbd-890969bf6aa4): инвентарь
[22:40:28] ExoManic (b5e20ef4-e04f-3988-9cbd-890969bf6aa4): и тд
[22:41:08] ExoManic (b5e20ef4-e04f-3988-9cbd-890969bf6aa4): Адель
[22:41:11] ExoManic (b5e20ef4-e04f-3988-9cbd-890969bf6aa4): Хош прикол?
[22:41:13] Rivgad (1d46db05-281c-33d1-9eeb-177fcc54c849): давай
[22:41:15] ExoManic (b5e20ef4-e04f-3988-9cbd-890969bf6aa4): ЩА
[22:41:34] ExoManic (b5e20ef4-e04f-3988-9cbd-890969bf6aa4): Айдар строил
[22:41:37] ExoManic (b5e20ef4-e04f-3988-9cbd-890969bf6aa4): С Ислмом
[22:41:40] Rivgad (1d46db05-281c-33d1-9eeb-177fcc54c849): вот она, легендарная залупа
[22:41:45] ExoManic (b5e20ef4-e04f-3988-9cbd-890969bf6aa4): Не
[22:41:48] ExoManic (b5e20ef4-e04f-3988-9cbd-890969bf6aa4): Вот легендарная залупа
[22:41:59] Rivgad (1d46db05-281c-33d1-9eeb-177fcc54c849): паххапх
[22:42:12] Rivgad (1d46db05-281c-33d1-9eeb-177fcc54c849): понятно, приват украли
[22:42:16] ExoManic (b5e20ef4-e04f-3988-9cbd-890969bf6aa4): Тут даже рестаран Кайф есть
[22:42:20] ExoManic (b5e20ef4-e04f-3988-9cbd-890969bf6aa4): а у нас привата не было )00
[22:42:29] ExoManic (b5e20ef4-e04f-3988-9cbd-890969bf6aa4): Чекай
[22:42:31] Rivgad (1d46db05-281c-33d1-9eeb-177fcc54c849): нормально накопали
[22:43:35] ExoManic (b5e20ef4-e04f-3988-9cbd-890969bf6aa4): Ты чего наделал
[22:43:40] Rivgad (1d46db05-281c-33d1-9eeb-177fcc54c849): да уж, больно тебя бить
[22:43:53] Rivgad (1d46db05-281c-33d1-9eeb-177fcc54c849): ну, перспективы есть
[22:43:59] ExoManic (b5e20ef4-e04f-3988-9cbd-890969bf6aa4): Реально
[22:44:15] Rivgad (1d46db05-281c-33d1-9eeb-177fcc54c849): сюда бы вот нормальный такой проход
[22:44:26] Rivgad (1d46db05-281c-33d1-9eeb-177fcc54c849): и вообще сделать чисто венецию
[22:45:28] Rivgad (1d46db05-281c-33d1-9eeb-177fcc54c849): обосраться
[22:45:40] ExoManic (b5e20ef4-e04f-3988-9cbd-890969bf6aa4): бля ))0
[22:45:44] Rivgad (1d46db05-281c-33d1-9eeb-177fcc54c849): ХПВАХХПАВ
[22:45:44] ExoManic (b5e20ef4-e04f-3988-9cbd-890969bf6aa4): предметы удалились
[22:45:53] Rivgad (1d46db05-281c-33d1-9eeb-177fcc54c849): а чо скелеты такие <матюки>
[22:45:58] ExoManic (b5e20ef4-e04f-3988-9cbd-890969bf6aa4): Хард режим
[22:46:09] Rivgad (1d46db05-281c-33d1-9eeb-177fcc54c849): п анимаю
[22:46:11] ExoManic (b5e20ef4-e04f-3988-9cbd-890969bf6aa4): ща
[22:46:23] ExoManic (b5e20ef4-e04f-3988-9cbd-890969bf6aa4): Иди сюда
[22:46:25] ExoManic (b5e20ef4-e04f-3988-9cbd-890969bf6aa4): Держи
[22:46:44] Rivgad (1d46db05-281c-33d1-9eeb-177fcc54c849): нифига
[22:46:48] Rivgad (1d46db05-281c-33d1-9eeb-177fcc54c849): спс
[22:46:51] ExoManic (b5e20ef4-e04f-3988-9cbd-890969bf6aa4): ))
[22:48:16] Rivgad (1d46db05-281c-33d1-9eeb-177fcc54c849): хочу сделать бар "Израиль"
[22:48:18] Paradise628 (3dfa24f2-aa9a-38c2-b919-2c48c4cae911): [eq
[22:48:34] Paradise628 (3dfa24f2-aa9a-38c2-b919-2c48c4cae911): <матюки>
[22:49:09] Paradise628 (3dfa24f2-aa9a-38c2-b919-2c48c4cae911): XYI
[22:50:35] Rivgad (1d46db05-281c-33d1-9eeb-177fcc54c849): пчёлы
[22:50:43] Rivgad (1d46db05-281c-33d1-9eeb-177fcc54c849): объявляю медовый месяц
[22:54:06] Paradise628 (3dfa24f2-aa9a-38c2-b919-2c48c4cae911): хочу долбится в жопу
[23:01:09] Rivgad (1d46db05-281c-33d1-9eeb-177fcc54c849): а чо, какой тут макс приват?
[23:01:16] ExoManic (b5e20ef4-e04f-3988-9cbd-890969bf6aa4): 60k blocks
[23:02:14] ExoManic (b5e20ef4-e04f-3988-9cbd-890969bf6aa4): ne tyda
[23:02:20] ExoManic (b5e20ef4-e04f-3988-9cbd-890969bf6aa4): ne tyda, dasha
[23:02:30] ExoManic (b5e20ef4-e04f-3988-9cbd-890969bf6aa4): Не туда
[23:02:33] ExoManic (b5e20ef4-e04f-3988-9cbd-890969bf6aa4): Остановись
[23:05:34] ExoManic (b5e20ef4-e04f-3988-9cbd-890969bf6aa4): )))
[23:05:40] Rivgad (1d46db05-281c-33d1-9eeb-177fcc54c849): тесновато тут, да?
[23:05:40] ExoManic (b5e20ef4-e04f-3988-9cbd-890969bf6aa4): Чел ты
[23:05:44] Rivgad (1d46db05-281c-33d1-9eeb-177fcc54c849): а чо, какой тут макс приват?
[23:05:48] ExoManic (b5e20ef4-e04f-3988-9cbd-890969bf6aa4): 60к
[23:05:50] ExoManic (b5e20ef4-e04f-3988-9cbd-890969bf6aa4): блоков
[23:05:59] Rivgad (1d46db05-281c-33d1-9eeb-177fcc54c849): так-с
[23:06:09] Rivgad (1d46db05-281c-33d1-9eeb-177fcc54c849): включаю геометрию
[23:06:29] Rivgad (1d46db05-281c-33d1-9eeb-177fcc54c849): ну горит вот оно
[23:06:31] ExoManic (b5e20ef4-e04f-3988-9cbd-890969bf6aa4): Погрейся ))0
[23:06:51] Rivgad (1d46db05-281c-33d1-9eeb-177fcc54c849): хпавхвапхавпх
[23:08:02] Rivgad (1d46db05-281c-33d1-9eeb-177fcc54c849): стоп
[23:08:16] Rivgad (1d46db05-281c-33d1-9eeb-177fcc54c849): 60 к это типа как квадрат
[23:08:19] Rivgad (1d46db05-281c-33d1-9eeb-177fcc54c849): или как куб
[23:08:33] ExoManic (b5e20ef4-e04f-3988-9cbd-890969bf6aa4): че как угодно
[23:08:50] Rivgad (1d46db05-281c-33d1-9eeb-177fcc54c849): 39 на 39 на 39 кубик
[23:10:25] ExoManic (b5e20ef4-e04f-3988-9cbd-890969bf6aa4): аукцион есть
[23:10:26] ExoManic (b5e20ef4-e04f-3988-9cbd-890969bf6aa4): кста
[23:10:29] Rivgad (1d46db05-281c-33d1-9eeb-177fcc54c849): это же cum
[23:10:32] ExoManic (b5e20ef4-e04f-3988-9cbd-890969bf6aa4): только пермишенсы не прописали, вроде
[23:11:27] Rivgad (1d46db05-281c-33d1-9eeb-177fcc54c849): нифигово
[23:23:52] Rivgad (1d46db05-281c-33d1-9eeb-177fcc54c849): слыыы
[23:23:59] ExoManic (b5e20ef4-e04f-3988-9cbd-890969bf6aa4): че
[23:24:35] Rivgad (1d46db05-281c-33d1-9eeb-177fcc54c849): слыыы
[23:24:38] ExoManic (b5e20ef4-e04f-3988-9cbd-890969bf6aa4): че
[23:27:28] Rivgad (1d46db05-281c-33d1-9eeb-177fcc54c849): слы
[23:27:34] ExoManic (b5e20ef4-e04f-3988-9cbd-890969bf6aa4): g че
[23:27:46] Rivgad (1d46db05-281c-33d1-9eeb-177fcc54c849): я ща перезайду
[23:28:00] ExoManic (b5e20ef4-e04f-3988-9cbd-890969bf6aa4): ок
[23:28:01] Rivgad (1d46db05-281c-33d1-9eeb-177fcc54c849): хочу установить worldedit
[23:28:12] Rivgad (1d46db05-281c-33d1-9eeb-177fcc54c849): а то <матюки> неудобно
[23:30:40] Pizdosi (45a6fa82-ec7c-3519-a20a-147f4364631e): мариус ты где
[23:31:09] Pizdosi (45a6fa82-ec7c-3519-a20a-147f4364631e): мариус ты где
[23:43:07] ExoManic (b5e20ef4-e04f-3988-9cbd-890969bf6aa4): Че-то дракон легкий оказался ))
[23:43:21] Rivgad (1d46db05-281c-33d1-9eeb-177fcc54c849): андерстендабл
[23:43:32] ExoManic (b5e20ef4-e04f-3988-9cbd-890969bf6aa4): купи яйцо плз ))
[23:43:40] ExoManic (b5e20ef4-e04f-3988-9cbd-890969bf6aa4): на аукционе
[23:43:48] Rivgad (1d46db05-281c-33d1-9eeb-177fcc54c849): лечу покупать яйца
[23:43:52] Rivgad (1d46db05-281c-33d1-9eeb-177fcc54c849): а, деняк нет
[23:44:28] Pizdosi (45a6fa82-ec7c-3519-a20a-147f4364631e): так циган я слышал звуки эндерперла
[23:44:36] ExoManic (b5e20ef4-e04f-3988-9cbd-890969bf6aa4): Ето не я
[23:44:46] Pizdosi (45a6fa82-ec7c-3519-a20a-147f4364631e): хммммммммммм
[23:47:17] Pizdosi (45a6fa82-ec7c-3519-a20a-147f4364631e): отбабахал я коробку
[23:47:44] Rivgad (1d46db05-281c-33d1-9eeb-177fcc54c849): спс
[23:47:51] Rivgad (1d46db05-281c-33d1-9eeb-177fcc54c849): да я тут проверяю ко чо
[23:47:55] ExoManic (b5e20ef4-e04f-3988-9cbd-890969bf6aa4): ok
[23:48:12] Rivgad (1d46db05-281c-33d1-9eeb-177fcc54c849): всё, понял
[23:48:27] ExoManic (b5e20ef4-e04f-3988-9cbd-890969bf6aa4): ты видишь скины у нпс?
[23:48:35] ExoManic (b5e20ef4-e04f-3988-9cbd-890969bf6aa4): Которые в хабе
[23:48:47] Rivgad (1d46db05-281c-33d1-9eeb-177fcc54c849): а, ща
[23:49:10] Rivgad (1d46db05-281c-33d1-9eeb-177fcc54c849): у стражников да
[23:49:54] ExoManic (b5e20ef4-e04f-3988-9cbd-890969bf6aa4): заебись
[23:50:55] Rivgad (1d46db05-281c-33d1-9eeb-177fcc54c849): а 3 мира это так, по приколу?
[23:51:11] ExoManic (b5e20ef4-e04f-3988-9cbd-890969bf6aa4): Ну а че
[23:51:21] ExoManic (b5e20ef4-e04f-3988-9cbd-890969bf6aa4): Если первый мир засран, перешел во второй и тд
[23:51:30] Rivgad (1d46db05-281c-33d1-9eeb-177fcc54c849): нормально так
[23:51:32] ExoManic (b5e20ef4-e04f-3988-9cbd-890969bf6aa4): Я вообще анархию хотел сделать, но там ебать сервер бует
[23:51:58] Rivgad (1d46db05-281c-33d1-9eeb-177fcc54c849): играл я одно время на анархии
[23:52:11] Rivgad (1d46db05-281c-33d1-9eeb-177fcc54c849): такие рофлан поминки были
[23:52:27] ExoManic (b5e20ef4-e04f-3988-9cbd-890969bf6aa4): Пройди квесты
[23:52:29] Rivgad (1d46db05-281c-33d1-9eeb-177fcc54c849): там кароч только сундуки и двери имели приват
[23:52:41] Rivgad (1d46db05-281c-33d1-9eeb-177fcc54c849): ими и огораживали себя
[23:52:58] ExoManic (b5e20ef4-e04f-3988-9cbd-890969bf6aa4): сначала другой надо пройти
[23:53:01] ExoManic (b5e20ef4-e04f-3988-9cbd-890969bf6aa4): у тебя есть предметы?
[23:53:11] ExoManic (b5e20ef4-e04f-3988-9cbd-890969bf6aa4): Короче
[23:53:14] ExoManic (b5e20ef4-e04f-3988-9cbd-890969bf6aa4): прикол покажу
[23:53:32] ExoManic (b5e20ef4-e04f-3988-9cbd-890969bf6aa4): У этого бери квест
[23:53:34] ExoManic (b5e20ef4-e04f-3988-9cbd-890969bf6aa4): + броня
[23:53:48] Rivgad (1d46db05-281c-33d1-9eeb-177fcc54c849): так, а склад то где
[23:53:54] ExoManic (b5e20ef4-e04f-3988-9cbd-890969bf6aa4): тут
[23:54:25] ExoManic (b5e20ef4-e04f-3988-9cbd-890969bf6aa4): Все
[23:54:33] ExoManic (b5e20ef4-e04f-3988-9cbd-890969bf6aa4): Бля
[23:54:36] ExoManic (b5e20ef4-e04f-3988-9cbd-890969bf6aa4): надо отредачить их
[23:54:53] ExoManic (b5e20ef4-e04f-3988-9cbd-890969bf6aa4): себи
[23:54:54] ExoManic (b5e20ef4-e04f-3988-9cbd-890969bf6aa4): )))
[23:54:58] Rivgad (1d46db05-281c-33d1-9eeb-177fcc54c849): успокойтесь назуй
[23:55:31] Rivgad (1d46db05-281c-33d1-9eeb-177fcc54c849): спавн шоб был на одном месте
[23:55:37] Rivgad (1d46db05-281c-33d1-9eeb-177fcc54c849): а не где они сдохли
[23:55:51] ExoManic (b5e20ef4-e04f-3988-9cbd-890969bf6aa4): бля
[23:55:51] Rivgad (1d46db05-281c-33d1-9eeb-177fcc54c849): Так, а броня то где
[23:55:55] ExoManic (b5e20ef4-e04f-3988-9cbd-890969bf6aa4): а где 3 паук
[23:56:18] ExoManic (b5e20ef4-e04f-3988-9cbd-890969bf6aa4): квест сдай ему
[23:56:27] Rivgad (1d46db05-281c-33d1-9eeb-177fcc54c849): а я одного паука не убил
[23:56:41] ExoManic (b5e20ef4-e04f-3988-9cbd-890969bf6aa4): да ты че
[23:56:43] ExoManic (b5e20ef4-e04f-3988-9cbd-890969bf6aa4): бля
[23:56:45] ExoManic (b5e20ef4-e04f-3988-9cbd-890969bf6aa4): я их только тпшнул
[23:57:03] Rivgad (1d46db05-281c-33d1-9eeb-177fcc54c849): А тут походу както привязано
[23:57:09] Rivgad (1d46db05-281c-33d1-9eeb-177fcc54c849): к паукам
[23:57:32] ExoManic (b5e20ef4-e04f-3988-9cbd-890969bf6aa4): ща сделаю умнее
[23:58:19] ExoManic (b5e20ef4-e04f-3988-9cbd-890969bf6aa4): Все, они не себут
[23:58:47] ExoManic (b5e20ef4-e04f-3988-9cbd-890969bf6aa4): че
[23:58:50] ExoManic (b5e20ef4-e04f-3988-9cbd-890969bf6aa4): откуда у тебя книга
[23:58:51] Rivgad (1d46db05-281c-33d1-9eeb-177fcc54c849): нифига чо нашёл
[23:58:58] Rivgad (1d46db05-281c-33d1-9eeb-177fcc54c849): написал quests journal
[23:59:00] ExoManic (b5e20ef4-e04f-3988-9cbd-890969bf6aa4): а лол
[23:59:11] ExoManic (b5e20ef4-e04f-3988-9cbd-890969bf6aa4): а лол
[23:59:12] ExoManic (b5e20ef4-e04f-3988-9cbd-890969bf6aa4): пошли
[23:59:59] ExoManic (b5e20ef4-e04f-3988-9cbd-890969bf6aa4): взял?
