[00:00:02] Rivgad (1d46db05-281c-33d1-9eeb-177fcc54c849): Ага
[00:01:40] Rivgad (1d46db05-281c-33d1-9eeb-177fcc54c849): Опять паук
[00:01:48] ExoManic (b5e20ef4-e04f-3988-9cbd-890969bf6aa4): теперь их 4
[00:01:50] ExoManic (b5e20ef4-e04f-3988-9cbd-890969bf6aa4): )))
[00:02:01] Rivgad (1d46db05-281c-33d1-9eeb-177fcc54c849): Сказал бы он в какую сторону идти
[00:02:11] ExoManic (b5e20ef4-e04f-3988-9cbd-890969bf6aa4): потом подредачу
[00:02:41] ExoManic (b5e20ef4-e04f-3988-9cbd-890969bf6aa4): себавай )))
[00:03:17] Rivgad (1d46db05-281c-33d1-9eeb-177fcc54c849): <матюки>
[00:03:25] Rivgad (1d46db05-281c-33d1-9eeb-177fcc54c849): Я же вас уже убил
[00:03:28] Rivgad (1d46db05-281c-33d1-9eeb-177fcc54c849): падлы
[00:03:35] ExoManic (b5e20ef4-e04f-3988-9cbd-890969bf6aa4): респаун больше прописать надо
[00:03:57] Pizdosi (45a6fa82-ec7c-3519-a20a-147f4364631e): так признавайтесь кто украл 4 слитка железа
[00:04:31] Pizdosi (45a6fa82-ec7c-3519-a20a-147f4364631e): я человек
[00:04:50] Pizdosi (45a6fa82-ec7c-3519-a20a-147f4364631e): вопрос открыт кста кто украл железо
[00:04:58] Rivgad (1d46db05-281c-33d1-9eeb-177fcc54c849): Да кому оно нужно то
[00:06:16] ExoManic (b5e20ef4-e04f-3988-9cbd-890969bf6aa4): ай блять
[00:08:02] Rivgad (1d46db05-281c-33d1-9eeb-177fcc54c849): А где лагерь абубандитов
[00:08:58] Rivgad (1d46db05-281c-33d1-9eeb-177fcc54c849): А, ну понятно
[00:09:53] ExoManic (b5e20ef4-e04f-3988-9cbd-890969bf6aa4): бля
[00:10:03] Rivgad (1d46db05-281c-33d1-9eeb-177fcc54c849): ля, а как такое иметь
[00:11:00] ExoManic (b5e20ef4-e04f-3988-9cbd-890969bf6aa4): ты че
[00:11:04] ExoManic (b5e20ef4-e04f-3988-9cbd-890969bf6aa4): а
[00:11:06] ExoManic (b5e20ef4-e04f-3988-9cbd-890969bf6aa4): понял
[00:11:14] ExoManic (b5e20ef4-e04f-3988-9cbd-890969bf6aa4): Ага
[00:11:17] Rivgad (1d46db05-281c-33d1-9eeb-177fcc54c849): <матюки>
[00:11:18] ExoManic (b5e20ef4-e04f-3988-9cbd-890969bf6aa4): ага
[00:11:22] ExoManic (b5e20ef4-e04f-3988-9cbd-890969bf6aa4): они дикие
[00:13:19] Rivgad (1d46db05-281c-33d1-9eeb-177fcc54c849): не, это анбиливибабал
[00:13:42] Rivgad (1d46db05-281c-33d1-9eeb-177fcc54c849): для одиночного они слишком лютые
[00:14:04] Rivgad (1d46db05-281c-33d1-9eeb-177fcc54c849): + привязка к определенному челу запрещает абьюз
[00:14:25] Rivgad (1d46db05-281c-33d1-9eeb-177fcc54c849): того лучника хер достанешь
[00:14:35] Rivgad (1d46db05-281c-33d1-9eeb-177fcc54c849): я просто к нему не подойду
[00:14:42] Rivgad (1d46db05-281c-33d1-9eeb-177fcc54c849): из-за нон-стоп респавна
[00:14:57] ExoManic (b5e20ef4-e04f-3988-9cbd-890969bf6aa4): ща попробую еще больше респаун поставить
[00:15:19] Rivgad (1d46db05-281c-33d1-9eeb-177fcc54c849): они выпрыгнули
[00:15:24] ExoManic (b5e20ef4-e04f-3988-9cbd-890969bf6aa4): куда
[00:15:25] ExoManic (b5e20ef4-e04f-3988-9cbd-890969bf6aa4): ебать
[00:16:43] ExoManic (b5e20ef4-e04f-3988-9cbd-890969bf6aa4): по 1млн поставил
[00:16:45] ExoManic (b5e20ef4-e04f-3988-9cbd-890969bf6aa4): попробуй
[00:17:12] ExoManic (b5e20ef4-e04f-3988-9cbd-890969bf6aa4): нихуя
[00:17:16] ExoManic (b5e20ef4-e04f-3988-9cbd-890969bf6aa4): он заресался сразу
[00:17:25] ExoManic (b5e20ef4-e04f-3988-9cbd-890969bf6aa4): просто анриал
[00:17:29] Rivgad (1d46db05-281c-33d1-9eeb-177fcc54c849): анрил
[00:17:45] ExoManic (b5e20ef4-e04f-3988-9cbd-890969bf6aa4): ща попробую в конфиге это решить
[00:18:13] Rivgad (1d46db05-281c-33d1-9eeb-177fcc54c849): у них дальность мощнее
[00:18:23] Rivgad (1d46db05-281c-33d1-9eeb-177fcc54c849): типа, блока нет
[00:18:31] Rivgad (1d46db05-281c-33d1-9eeb-177fcc54c849): и я даже атаковать не успеваю
[00:18:40] ExoManic (b5e20ef4-e04f-3988-9cbd-890969bf6aa4): попробую и дальность снизить им
[00:18:51] Rivgad (1d46db05-281c-33d1-9eeb-177fcc54c849): либо щит выдавать
[00:18:59] Rivgad (1d46db05-281c-33d1-9eeb-177fcc54c849): так тоже пойдёт
[00:19:15] ExoManic (b5e20ef4-e04f-3988-9cbd-890969bf6aa4): окей, сразу щит добавлю еще
[00:19:20] ExoManic (b5e20ef4-e04f-3988-9cbd-890969bf6aa4): окей, еще щит добавлю
[00:20:09] Rivgad (1d46db05-281c-33d1-9eeb-177fcc54c849): да тип с щитом бы я их развалил наверное
[00:22:20] ExoManic (b5e20ef4-e04f-3988-9cbd-890969bf6aa4): поставил 10к им респаун
[00:22:24] ExoManic (b5e20ef4-e04f-3988-9cbd-890969bf6aa4): должны не охуевать
[00:22:31] ExoManic (b5e20ef4-e04f-3988-9cbd-890969bf6aa4): потом и остальным подправлю респаун
[00:25:12] ExoManic (b5e20ef4-e04f-3988-9cbd-890969bf6aa4): Ладно, я спать пойду, спокойной ночи
[00:43:48] Rivgad (1d46db05-281c-33d1-9eeb-177fcc54c849): спокойной
[15:52:39] steronso (3b5c1a27-7ac1-3bdb-ba00-fdedcb9f29f6): это мой говнюк
[16:09:36] MrAndeYT (72aa3965-df52-3dd8-b310-c31b6e8b068a): kit
[17:18:06] pirozho4eg (5048cd8f-66a6-3cff-b555-da3fbfc1b1d9): menu
[19:25:53] ExoManic (b5e20ef4-e04f-3988-9cbd-890969bf6aa4): Ауф
[19:26:00] Rivgad (1d46db05-281c-33d1-9eeb-177fcc54c849): дарова
[19:26:12] Rivgad (1d46db05-281c-33d1-9eeb-177fcc54c849): Приваты пидорские
[19:26:13] ExoManic (b5e20ef4-e04f-3988-9cbd-890969bf6aa4): че с приватом ))
[19:26:16] Rivgad (1d46db05-281c-33d1-9eeb-177fcc54c849): ей богу
[19:26:27] Rivgad (1d46db05-281c-33d1-9eeb-177fcc54c849): маленький
[19:26:29] ExoManic (b5e20ef4-e04f-3988-9cbd-890969bf6aa4): Мало блоков для привата?
[19:26:49] Rivgad (1d46db05-281c-33d1-9eeb-177fcc54c849): ну, типа, 60к учитывая что сверху и снизу у меня не всё закрыто
[19:27:03] Rivgad (1d46db05-281c-33d1-9eeb-177fcc54c849): хер с ним снизу
[19:27:10] Rivgad (1d46db05-281c-33d1-9eeb-177fcc54c849): мне все снизу не надо
[19:27:13] ExoManic (b5e20ef4-e04f-3988-9cbd-890969bf6aa4): ща 100к поставлю
[19:27:19] ExoManic (b5e20ef4-e04f-3988-9cbd-890969bf6aa4): или 150
[19:27:26] Rivgad (1d46db05-281c-33d1-9eeb-177fcc54c849): но то, что сверху не закрыто это конечно печаль беда
[19:27:39] Rivgad (1d46db05-281c-33d1-9eeb-177fcc54c849): хотя наверное тут пофиг
[19:27:59] ExoManic (b5e20ef4-e04f-3988-9cbd-890969bf6aa4): vse
[19:28:03] ExoManic (b5e20ef4-e04f-3988-9cbd-890969bf6aa4): 150к блоков
[19:28:52] Rivgad (1d46db05-281c-33d1-9eeb-177fcc54c849): кста, concat команда заблочена
[19:28:57] ExoManic (b5e20ef4-e04f-3988-9cbd-890969bf6aa4): че за команда
[19:29:02] Rivgad (1d46db05-281c-33d1-9eeb-177fcc54c849): ой
[19:29:13] Rivgad (1d46db05-281c-33d1-9eeb-177fcc54c849): contract
[19:29:40] Rivgad (1d46db05-281c-33d1-9eeb-177fcc54c849): чтоб можно было выделение уменьшить
[19:30:34] ExoManic (b5e20ef4-e04f-3988-9cbd-890969bf6aa4): ща чекну пермишенс
[19:31:50] ExoManic (b5e20ef4-e04f-3988-9cbd-890969bf6aa4): че-то я не вижу такого пермишенса
[19:33:26] ExoManic (b5e20ef4-e04f-3988-9cbd-890969bf6aa4): О, нашел
[19:34:05] Rivgad (1d46db05-281c-33d1-9eeb-177fcc54c849): прикинь
[19:34:12] Rivgad (1d46db05-281c-33d1-9eeb-177fcc54c849): печку на деревянных топорах
[19:34:45] ExoManic (b5e20ef4-e04f-3988-9cbd-890969bf6aa4): проверяй
[19:34:47] Rivgad (1d46db05-281c-33d1-9eeb-177fcc54c849): моё безумие безгранично
[19:34:49] ExoManic (b5e20ef4-e04f-3988-9cbd-890969bf6aa4): добавил "контракт"
[19:34:50] ExoManic (b5e20ef4-e04f-3988-9cbd-890969bf6aa4): ыаы
[19:35:01] Rivgad (1d46db05-281c-33d1-9eeb-177fcc54c849): работает
[19:38:31] Rivgad (1d46db05-281c-33d1-9eeb-177fcc54c849): меня трахнуло
[19:39:21] ExoManic (b5e20ef4-e04f-3988-9cbd-890969bf6aa4): Ебать ты черт
[19:39:28] ExoManic (b5e20ef4-e04f-3988-9cbd-890969bf6aa4): Абузишь вандом ))
[19:39:53] Rivgad (1d46db05-281c-33d1-9eeb-177fcc54c849): говорю, моё безумие безгранично
[19:40:00] Rivgad (1d46db05-281c-33d1-9eeb-177fcc54c849): но сервер меня остановилъ
[19:40:50] ExoManic (b5e20ef4-e04f-3988-9cbd-890969bf6aa4): нихуя
[19:40:53] Rivgad (1d46db05-281c-33d1-9eeb-177fcc54c849): это же гениально
[19:40:54] ExoManic (b5e20ef4-e04f-3988-9cbd-890969bf6aa4): видел?
[19:40:59] Rivgad (1d46db05-281c-33d1-9eeb-177fcc54c849): чо
[19:41:05] ExoManic (b5e20ef4-e04f-3988-9cbd-890969bf6aa4): чекай
[19:41:10] Rivgad (1d46db05-281c-33d1-9eeb-177fcc54c849): хера
[19:41:15] ExoManic (b5e20ef4-e04f-3988-9cbd-890969bf6aa4): тупа батут
[19:41:49] ExoManic (b5e20ef4-e04f-3988-9cbd-890969bf6aa4): кста
[19:41:56] ExoManic (b5e20ef4-e04f-3988-9cbd-890969bf6aa4): респауны в тиках не работают
[19:42:01] ExoManic (b5e20ef4-e04f-3988-9cbd-890969bf6aa4): хуйня ебаная
[19:42:06] ExoManic (b5e20ef4-e04f-3988-9cbd-890969bf6aa4): я им снизить респаун не могу
[19:42:27] Rivgad (1d46db05-281c-33d1-9eeb-177fcc54c849): гавно
[19:45:00] ExoManic (b5e20ef4-e04f-3988-9cbd-890969bf6aa4): ыыы, алмазы )))
[19:45:05] Rivgad (1d46db05-281c-33d1-9eeb-177fcc54c849): на size тоже нет прав
[19:45:11] ExoManic (b5e20ef4-e04f-3988-9cbd-890969bf6aa4): Бля
[19:45:12] Rivgad (1d46db05-281c-33d1-9eeb-177fcc54c849): абидна что я пиво
[19:45:13] ExoManic (b5e20ef4-e04f-3988-9cbd-890969bf6aa4): а че в смысле
[19:45:26] Rivgad (1d46db05-281c-33d1-9eeb-177fcc54c849): да вот не могу узнать размер привата тупа
[19:49:37] ExoManic (b5e20ef4-e04f-3988-9cbd-890969bf6aa4): size говоришь
[19:49:39] ExoManic (b5e20ef4-e04f-3988-9cbd-890969bf6aa4): ща добавлю
[19:49:56] Rivgad (1d46db05-281c-33d1-9eeb-177fcc54c849): я конечно и на калькуляторе могу посчитать
[19:50:02] Rivgad (1d46db05-281c-33d1-9eeb-177fcc54c849): но нафиг оно надо
[19:54:11] ExoManic (b5e20ef4-e04f-3988-9cbd-890969bf6aa4): ну-ка
[19:54:13] ExoManic (b5e20ef4-e04f-3988-9cbd-890969bf6aa4): проверь
[19:54:20] Rivgad (1d46db05-281c-33d1-9eeb-177fcc54c849): збс
[19:55:16] ExoManic (b5e20ef4-e04f-3988-9cbd-890969bf6aa4): ебать у тебя печка топоры хавает только так ))
[19:59:18] ExoManic (b5e20ef4-e04f-3988-9cbd-890969bf6aa4): Кста
[19:59:24] ExoManic (b5e20ef4-e04f-3988-9cbd-890969bf6aa4): Ты можешь на аукцион вещи выставлять?
[19:59:30] Rivgad (1d46db05-281c-33d1-9eeb-177fcc54c849): а где он вообще
[19:59:34] ExoManic (b5e20ef4-e04f-3988-9cbd-890969bf6aa4): команда
[19:59:40] ExoManic (b5e20ef4-e04f-3988-9cbd-890969bf6aa4): ./auction
[19:59:44] ExoManic (b5e20ef4-e04f-3988-9cbd-890969bf6aa4): ./ah sell (цена)
[19:59:52] ExoManic (b5e20ef4-e04f-3988-9cbd-890969bf6aa4): При этом держать надо вещь в руке
[20:00:00] ExoManic (b5e20ef4-e04f-3988-9cbd-890969bf6aa4): Заебись
[20:00:01] Rivgad (1d46db05-281c-33d1-9eeb-177fcc54c849): пиво купил
[20:00:03] ExoManic (b5e20ef4-e04f-3988-9cbd-890969bf6aa4): +деньги
[20:00:22] ExoManic (b5e20ef4-e04f-3988-9cbd-890969bf6aa4): попробуй продать теперь
[20:00:47] Rivgad (1d46db05-281c-33d1-9eeb-177fcc54c849): работает
[20:00:52] ExoManic (b5e20ef4-e04f-3988-9cbd-890969bf6aa4): охуенно
[20:00:57] Rivgad (1d46db05-281c-33d1-9eeb-177fcc54c849): классное пиво
[20:01:16] ExoManic (b5e20ef4-e04f-3988-9cbd-890969bf6aa4): Хош стать пчелиным магнатом?
[20:01:34] Rivgad (1d46db05-281c-33d1-9eeb-177fcc54c849): у меня тут норм пчел рядом
[20:01:46] ExoManic (b5e20ef4-e04f-3988-9cbd-890969bf6aa4): Еще больше могу захуярить
[20:01:58] Rivgad (1d46db05-281c-33d1-9eeb-177fcc54c849): да у меня тут 2 шт есть
[20:02:01] Rivgad (1d46db05-281c-33d1-9eeb-177fcc54c849): нормально пока
[20:02:20] ExoManic (b5e20ef4-e04f-3988-9cbd-890969bf6aa4): погнали ))
[20:03:41] Rivgad (1d46db05-281c-33d1-9eeb-177fcc54c849): пошло поехало
[20:03:49] ExoManic (b5e20ef4-e04f-3988-9cbd-890969bf6aa4): Ферма пива
[20:03:56] Rivgad (1d46db05-281c-33d1-9eeb-177fcc54c849): хавхпхвапхавпх
[20:04:01] ExoManic (b5e20ef4-e04f-3988-9cbd-890969bf6aa4): Бля
[20:04:05] ExoManic (b5e20ef4-e04f-3988-9cbd-890969bf6aa4): Им хаты не хватает?
[20:05:43] Rivgad (1d46db05-281c-33d1-9eeb-177fcc54c849): ля пусть выйдут раз на раз
[20:05:51] Rivgad (1d46db05-281c-33d1-9eeb-177fcc54c849): толпой летят гасят
[20:05:57] Rivgad (1d46db05-281c-33d1-9eeb-177fcc54c849): павхавпх
[20:06:02] ExoManic (b5e20ef4-e04f-3988-9cbd-890969bf6aa4): go pvp )))
[20:06:37] Rivgad (1d46db05-281c-33d1-9eeb-177fcc54c849): <матюки> снайпер
[20:06:48] ExoManic (b5e20ef4-e04f-3988-9cbd-890969bf6aa4): pvp hochetsya
[20:08:53] Rivgad (1d46db05-281c-33d1-9eeb-177fcc54c849): сделал ссанный регион
[20:08:55] Rivgad (1d46db05-281c-33d1-9eeb-177fcc54c849): наканецта
[20:11:07] ExoManic (b5e20ef4-e04f-3988-9cbd-890969bf6aa4): пиздец фантомов
[20:12:08] Rivgad (1d46db05-281c-33d1-9eeb-177fcc54c849): регион называется пивзавод
[20:12:36] ExoManic (b5e20ef4-e04f-3988-9cbd-890969bf6aa4): полетели
[20:33:27] Zytia (4ba59776-eb4c-39f0-ac65-fbfee71ecf6c): ты чертов гений
[20:33:51] Zytia (4ba59776-eb4c-39f0-ac65-fbfee71ecf6c): с топорами это конечно жестко
[20:35:22] Rivgad (1d46db05-281c-33d1-9eeb-177fcc54c849): пхавхпавхавпхвап
[20:35:25] Rivgad (1d46db05-281c-33d1-9eeb-177fcc54c849): Спасиба
[20:35:35] Rivgad (1d46db05-281c-33d1-9eeb-177fcc54c849): да, это жоска
[20:35:43] Rivgad (1d46db05-281c-33d1-9eeb-177fcc54c849): печка на топорах
[20:35:51] Zytia (4ba59776-eb4c-39f0-ac65-fbfee71ecf6c): §2xD
[20:35:59] Rivgad (1d46db05-281c-33d1-9eeb-177fcc54c849): только меня кикнуло из-за спама команд
[20:36:02] Rivgad (1d46db05-281c-33d1-9eeb-177fcc54c849): ну да ладно
[20:36:44] Zytia (4ba59776-eb4c-39f0-ac65-fbfee71ecf6c): если бы не было этой защиты, то тогда бы здесь было куча школьников, которые свои сервера спамом пиарят
[20:37:03] Rivgad (1d46db05-281c-33d1-9eeb-177fcc54c849): по факту
[20:38:05] Rivgad (1d46db05-281c-33d1-9eeb-177fcc54c849): рикардо, это ты?
[20:38:17] Zytia (4ba59776-eb4c-39f0-ac65-fbfee71ecf6c): ильфат додик
[20:38:25] Zytia (4ba59776-eb4c-39f0-ac65-fbfee71ecf6c): я дал ему свои данные для входа в лк
[20:38:31] Zytia (4ba59776-eb4c-39f0-ac65-fbfee71ecf6c): а он скин поменял
[20:38:34] Rivgad (1d46db05-281c-33d1-9eeb-177fcc54c849): пхавхпавхпав
[20:38:41] Zytia (4ba59776-eb4c-39f0-ac65-fbfee71ecf6c): а мне лень просто менять
[20:39:03] Zytia (4ba59776-eb4c-39f0-ac65-fbfee71ecf6c): такая пизда ленивая блять
[20:39:13] Rivgad (1d46db05-281c-33d1-9eeb-177fcc54c849): ?
[20:39:20] Zytia (4ba59776-eb4c-39f0-ac65-fbfee71ecf6c): я пизда ленивая
[20:39:25] Rivgad (1d46db05-281c-33d1-9eeb-177fcc54c849): понимаю
[20:39:46] Zytia (4ba59776-eb4c-39f0-ac65-fbfee71ecf6c): хотя с другой стороны вообще не до этого
[20:40:47] Rivgad (1d46db05-281c-33d1-9eeb-177fcc54c849): сука
[20:40:56] Rivgad (1d46db05-281c-33d1-9eeb-177fcc54c849): region select тоже заблочен
[20:41:16] Zytia (4ba59776-eb4c-39f0-ac65-fbfee71ecf6c): что она делает?
[20:41:21] Rivgad (1d46db05-281c-33d1-9eeb-177fcc54c849): выделяет регион
[20:41:37] Rivgad (1d46db05-281c-33d1-9eeb-177fcc54c849): ну, типа, у меня поставлен worldedit
[20:41:40] Zytia (4ba59776-eb4c-39f0-ac65-fbfee71ecf6c): каким образом
[20:41:40] Rivgad (1d46db05-281c-33d1-9eeb-177fcc54c849): я сетку вижу
[20:41:43] Rivgad (1d46db05-281c-33d1-9eeb-177fcc54c849): вот
[20:41:55] Rivgad (1d46db05-281c-33d1-9eeb-177fcc54c849): и я хочу допустим узнать размеры своего привата
[20:42:14] Rivgad (1d46db05-281c-33d1-9eeb-177fcc54c849): а тут хер тебе
[20:42:16] Zytia (4ba59776-eb4c-39f0-ac65-fbfee71ecf6c): хорошо, без проблем, сейчас добавлю
[20:43:28] Rivgad (1d46db05-281c-33d1-9eeb-177fcc54c849): зацени кстати портал
[20:44:29] Rivgad (1d46db05-281c-33d1-9eeb-177fcc54c849): пошли
[20:44:29] Zytia (4ba59776-eb4c-39f0-ac65-fbfee71ecf6c): что с порталом
[20:44:42] Rivgad (1d46db05-281c-33d1-9eeb-177fcc54c849): такс
[20:44:46] Rivgad (1d46db05-281c-33d1-9eeb-177fcc54c849): теперь опять
[20:45:00] Zytia (4ba59776-eb4c-39f0-ac65-fbfee71ecf6c): ммм
[20:45:05] Rivgad (1d46db05-281c-33d1-9eeb-177fcc54c849): приколы
[20:45:09] Zytia (4ba59776-eb4c-39f0-ac65-fbfee71ecf6c): я в нарнии
[20:45:11] Zytia (4ba59776-eb4c-39f0-ac65-fbfee71ecf6c): кайф
[20:45:24] Rivgad (1d46db05-281c-33d1-9eeb-177fcc54c849): видимо Айдар и Ислам поставили здесь портал
[20:45:37] Rivgad (1d46db05-281c-33d1-9eeb-177fcc54c849): И теперь 2 портала здесь ведут в один портал в аду
[20:46:12] Zytia (4ba59776-eb4c-39f0-ac65-fbfee71ecf6c): где твой дом
[20:46:18] Rivgad (1d46db05-281c-33d1-9eeb-177fcc54c849): тута
[20:46:25] Rivgad (1d46db05-281c-33d1-9eeb-177fcc54c849): где я
[20:46:36] Zytia (4ba59776-eb4c-39f0-ac65-fbfee71ecf6c): это нормально
[20:46:47] Zytia (4ba59776-eb4c-39f0-ac65-fbfee71ecf6c): в 100 блоках тот портал
[20:46:57] Rivgad (1d46db05-281c-33d1-9eeb-177fcc54c849): да, я знаю
[20:47:04] Zytia (4ba59776-eb4c-39f0-ac65-fbfee71ecf6c): так сломай тот :D
[20:47:13] Rivgad (1d46db05-281c-33d1-9eeb-177fcc54c849): да нафиг надо
[20:49:10] Rivgad (1d46db05-281c-33d1-9eeb-177fcc54c849): тут пивоварня тупа
[20:49:55] Rivgad (1d46db05-281c-33d1-9eeb-177fcc54c849): я вот вроде алхимика взял
[20:50:02] Rivgad (1d46db05-281c-33d1-9eeb-177fcc54c849): а мне дровосека повышает
[20:51:00] Zytia (4ba59776-eb4c-39f0-ac65-fbfee71ecf6c): ахах
[20:51:03] Zytia (4ba59776-eb4c-39f0-ac65-fbfee71ecf6c): я баг нашел
[20:51:39] Rivgad (1d46db05-281c-33d1-9eeb-177fcc54c849): ?
[20:59:52] Rivgad (1d46db05-281c-33d1-9eeb-177fcc54c849): капец привет
[21:00:16] ExoManic (b5e20ef4-e04f-3988-9cbd-890969bf6aa4): zahodi v ds
[21:00:17] ExoManic (b5e20ef4-e04f-3988-9cbd-890969bf6aa4): ))0
[21:00:26] Rivgad (1d46db05-281c-33d1-9eeb-177fcc54c849): какой
[21:00:30] ExoManic (b5e20ef4-e04f-3988-9cbd-890969bf6aa4): nethercraft
[21:01:17] Rivgad (1d46db05-281c-33d1-9eeb-177fcc54c849): ща
[21:18:08] pirozho4eg (5048cd8f-66a6-3cff-b555-da3fbfc1b1d9): а
[21:42:42] ExoManic (b5e20ef4-e04f-3988-9cbd-890969bf6aa4): .локальный?
[21:42:42] Rivgad (1d46db05-281c-33d1-9eeb-177fcc54c849): Дарова
[21:42:49] Rivgad (1d46db05-281c-33d1-9eeb-177fcc54c849): .а
[21:52:53] ExoManic (b5e20ef4-e04f-3988-9cbd-890969bf6aa4): Я не отдам хлеб
[21:53:09] pirozho4eg (5048cd8f-66a6-3cff-b555-da3fbfc1b1d9): прими тп
[21:53:14] ExoManic (b5e20ef4-e04f-3988-9cbd-890969bf6aa4): Зачем:
[21:53:19] pirozho4eg (5048cd8f-66a6-3cff-b555-da3fbfc1b1d9): просто
[21:53:23] pirozho4eg (5048cd8f-66a6-3cff-b555-da3fbfc1b1d9): скочно
[21:53:28] pirozho4eg (5048cd8f-66a6-3cff-b555-da3fbfc1b1d9): скучно
[21:53:42] pirozho4eg (5048cd8f-66a6-3cff-b555-da3fbfc1b1d9): хеллоу
[21:53:48] Rivgad (1d46db05-281c-33d1-9eeb-177fcc54c849): дарова
[21:53:59] pirozho4eg (5048cd8f-66a6-3cff-b555-da3fbfc1b1d9): кст
[21:54:01] pirozho4eg (5048cd8f-66a6-3cff-b555-da3fbfc1b1d9): 1 баг
[21:54:08] pirozho4eg (5048cd8f-66a6-3cff-b555-da3fbfc1b1d9): нельзя вернуться с ада
[21:54:10] pirozho4eg (5048cd8f-66a6-3cff-b555-da3fbfc1b1d9): только тп
[21:54:12] pirozho4eg (5048cd8f-66a6-3cff-b555-da3fbfc1b1d9): или смерть
[21:54:18] ExoManic (b5e20ef4-e04f-3988-9cbd-890969bf6aa4): В смысле нельзя вернуться?
[21:54:23] ExoManic (b5e20ef4-e04f-3988-9cbd-890969bf6aa4): ./home и тд?
[21:54:28] pirozho4eg (5048cd8f-66a6-3cff-b555-da3fbfc1b1d9): в портал нельзя зайти
[21:54:36] pirozho4eg (5048cd8f-66a6-3cff-b555-da3fbfc1b1d9): хом можно
[21:54:45] pirozho4eg (5048cd8f-66a6-3cff-b555-da3fbfc1b1d9): но нельзя именно через портал вернуться
[21:54:51] Rivgad (1d46db05-281c-33d1-9eeb-177fcc54c849): можно
[21:54:54] ExoManic (b5e20ef4-e04f-3988-9cbd-890969bf6aa4): Ммм, Ривгад вернулся через портал
[21:54:59] pirozho4eg (5048cd8f-66a6-3cff-b555-da3fbfc1b1d9): ..
[21:55:02] pirozho4eg (5048cd8f-66a6-3cff-b555-da3fbfc1b1d9): ща попробуем
[22:01:47] pirozho4eg (5048cd8f-66a6-3cff-b555-da3fbfc1b1d9): я тпэхнулся в шахту
[22:01:55] pirozho4eg (5048cd8f-66a6-3cff-b555-da3fbfc1b1d9): через этот портал
[22:08:11] pirozho4eg (5048cd8f-66a6-3cff-b555-da3fbfc1b1d9): я пошел
[22:08:13] pirozho4eg (5048cd8f-66a6-3cff-b555-da3fbfc1b1d9): пока
[22:08:17] ExoManic (b5e20ef4-e04f-3988-9cbd-890969bf6aa4): bb
[22:16:51] Rivgad (1d46db05-281c-33d1-9eeb-177fcc54c849): hesoyam
