[19:34:57] Zytia (4ba59776-eb4c-39f0-ac65-fbfee71ecf6c): -141 58 200
[20:34:15] ExoManic (b5e20ef4-e04f-3988-9cbd-890969bf6aa4): tools
[20:42:19] ExoManic (b5e20ef4-e04f-3988-9cbd-890969bf6aa4): -2379 13 1919
[22:19:52] pirozho4eg (5048cd8f-66a6-3cff-b555-da3fbfc1b1d9): за мной
[22:20:14] pirozho4eg (5048cd8f-66a6-3cff-b555-da3fbfc1b1d9): я покажу своего питомца
[22:20:29] Www (9463acd6-7ae7-34d5-9d5c-b125f3c68c46): ненадо свой <матюки> показывать
[22:21:04] pirozho4eg (5048cd8f-66a6-3cff-b555-da3fbfc1b1d9): вобщето у меня не <матюки> , а лама
[22:21:27] Www (9463acd6-7ae7-34d5-9d5c-b125f3c68c46): Ты че взорвался дебил
[22:21:37] pirozho4eg (5048cd8f-66a6-3cff-b555-da3fbfc1b1d9): сам дебил
[22:21:41] pirozho4eg (5048cd8f-66a6-3cff-b555-da3fbfc1b1d9): вобщето у меня не <матюки> , а лама
[22:21:45] Www (9463acd6-7ae7-34d5-9d5c-b125f3c68c46): ты дибил
[22:21:58] pirozho4eg (5048cd8f-66a6-3cff-b555-da3fbfc1b1d9): ну а ты приемный
[22:22:02] ExoManic (b5e20ef4-e04f-3988-9cbd-890969bf6aa4): щас по лбу дам
[22:22:02] Www (9463acd6-7ae7-34d5-9d5c-b125f3c68c46): <матюки>
[22:22:12] Www (9463acd6-7ae7-34d5-9d5c-b125f3c68c46): поиба
[22:22:13] Www (9463acd6-7ae7-34d5-9d5c-b125f3c68c46): ть
[22:22:17] pirozho4eg (5048cd8f-66a6-3cff-b555-da3fbfc1b1d9): не матерись
[22:22:33] Www (9463acd6-7ae7-34d5-9d5c-b125f3c68c46): на малолеток не обижаюсь
[22:22:57] pirozho4eg (5048cd8f-66a6-3cff-b555-da3fbfc1b1d9): самое интересное, что я старше тебя
[22:23:02] Www (9463acd6-7ae7-34d5-9d5c-b125f3c68c46): уверен?
[22:23:06] ExoManic (b5e20ef4-e04f-3988-9cbd-890969bf6aa4): ))))))))
[22:23:07] pirozho4eg (5048cd8f-66a6-3cff-b555-da3fbfc1b1d9): уверен
[22:23:10] ExoManic (b5e20ef4-e04f-3988-9cbd-890969bf6aa4): ему 20+
[22:23:17] pirozho4eg (5048cd8f-66a6-3cff-b555-da3fbfc1b1d9): мне 16
[22:23:35] Www (9463acd6-7ae7-34d5-9d5c-b125f3c68c46): Вруша получается
[22:23:47] pirozho4eg (5048cd8f-66a6-3cff-b555-da3fbfc1b1d9): я не обязан тебе доказывать
[22:24:11] Www (9463acd6-7ae7-34d5-9d5c-b125f3c68c46): че доказывать че ты переобуваешься баклан
[22:24:38] pirozho4eg (5048cd8f-66a6-3cff-b555-da3fbfc1b1d9): ты меняешь свои аргументы из воздуха, как перчатки.
[22:25:29] pirozho4eg (5048cd8f-66a6-3cff-b555-da3fbfc1b1d9): ExoManic это что за спидран по маинкрафту?
[22:25:37] ExoManic (b5e20ef4-e04f-3988-9cbd-890969bf6aa4): че?
[22:25:53] pirozho4eg (5048cd8f-66a6-3cff-b555-da3fbfc1b1d9): ну ты типо на спидах летишь
[22:26:16] ExoManic (b5e20ef4-e04f-3988-9cbd-890969bf6aa4): че?
[22:26:24] pirozho4eg (5048cd8f-66a6-3cff-b555-da3fbfc1b1d9): чо?
[22:26:33] ExoManic (b5e20ef4-e04f-3988-9cbd-890969bf6aa4): яйцо купи на аукционе
[23:31:21] ExoManic (b5e20ef4-e04f-3988-9cbd-890969bf6aa4): eblan
[23:31:26] ExoManic (b5e20ef4-e04f-3988-9cbd-890969bf6aa4): na tebya antichit rygaetsya
[23:31:27] Www (9463acd6-7ae7-34d5-9d5c-b125f3c68c46): cho
[23:31:36] ExoManic (b5e20ef4-e04f-3988-9cbd-890969bf6aa4): nahyi auto ribalky use?
[23:31:41] Www (9463acd6-7ae7-34d5-9d5c-b125f3c68c46): не
[23:31:49] Www (9463acd6-7ae7-34d5-9d5c-b125f3c68c46): ты че вышел
[23:31:52] Www (9463acd6-7ae7-34d5-9d5c-b125f3c68c46): из диса
[23:31:56] ExoManic (b5e20ef4-e04f-3988-9cbd-890969bf6aa4): sijy s nim
[23:31:59] ExoManic (b5e20ef4-e04f-3988-9cbd-890969bf6aa4): obsyjdaem
[23:32:07] Www (9463acd6-7ae7-34d5-9d5c-b125f3c68c46): govno
