[15:59:56] ExoManic (b5e20ef4-e04f-3988-9cbd-890969bf6aa4):  ‡Í ‰ÂÎ‡?
[16:00:03] Zytia (4ba59776-eb4c-39f0-ac65-fbfee71ecf6c): hi
[16:00:06] Zytia (4ba59776-eb4c-39f0-ac65-fbfee71ecf6c): sfa
[16:00:12] Zytia (4ba59776-eb4c-39f0-ac65-fbfee71ecf6c): hello
[16:16:25] Zytia (4ba59776-eb4c-39f0-ac65-fbfee71ecf6c): sa
[16:21:48] Zytia (4ba59776-eb4c-39f0-ac65-fbfee71ecf6c): .shello
[16:47:15] Zytia (4ba59776-eb4c-39f0-ac65-fbfee71ecf6c): fsa
[18:59:08] RuslanMiner228 (525175b0-f611-3139-a69d-aeec328388e6): –∫–∞–∫–æ–π –∫ <–º–∞—Ç—é–∫–∏> –æ—Ç—à–µ–ª—å–Ω–∏–∫
[19:00:24] pirozho4eg (5048cd8f-66a6-3cff-b555-da3fbfc1b1d9): –ê–ù–û–ù–ò–ú–ß–ò–ö –•–ï–õ–õ–û–£
[19:00:46] RuslanMiner228 (525175b0-f611-3139-a69d-aeec328388e6): –≥–¥–µ –≥—Ä—ë–±–∞–Ω–Ω—ã–π –æ—Ç—à–µ–ª—å–Ω–º–∫
[19:00:48] pirozho4eg (5048cd8f-66a6-3cff-b555-da3fbfc1b1d9): –ì–û –í–´–ñ–ò–í–ê–¢–¨
[19:01:45] RuslanMiner228 (525175b0-f611-3139-a69d-aeec328388e6): –ø–æ–≥–æ–¥—å
[19:01:47] pirozho4eg (5048cd8f-66a6-3cff-b555-da3fbfc1b1d9): –ì–û –í–´–ñ–ò–í–ê–¢–¨
[19:01:49] RuslanMiner228 (525175b0-f611-3139-a69d-aeec328388e6): —à–µ–π–¥–µ—Ä—ã —Å—Ç–∞–≤–ª—é
[19:02:29] RuslanMiner228 (525175b0-f611-3139-a69d-aeec328388e6): –û–¢–®–ï–õ–¨–ù–ò–ö –¢–´ –ì–î–ï
[19:02:33] pirozho4eg (5048cd8f-66a6-3cff-b555-da3fbfc1b1d9): —ç
[19:02:56] pirozho4eg (5048cd8f-66a6-3cff-b555-da3fbfc1b1d9): —Ç–ø –∫–æ –º–Ω–µ
[19:03:15] RuslanMiner228 (525175b0-f611-3139-a69d-aeec328388e6): –∞ –∫–∞–∫
[19:03:21] pirozho4eg (5048cd8f-66a6-3cff-b555-da3fbfc1b1d9): –∏–¥–∏ –∑–∞ –º–Ω–æ–π
[19:03:35] RuslanMiner228 (525175b0-f611-3139-a69d-aeec328388e6): –∞ —Ö–¥–µ
[19:03:41] pirozho4eg (5048cd8f-66a6-3cff-b555-da3fbfc1b1d9): –æ–æ–æ–æ–æ–æ–æ–æ–æ
[19:03:49] pirozho4eg (5048cd8f-66a6-3cff-b555-da3fbfc1b1d9): –≥–æ –≤—ã–∂–∏–≤–∞—Ç—å
[19:03:59] RuslanMiner228 (525175b0-f611-3139-a69d-aeec328388e6): —è –æ—Ç—à–µ–ª—å–Ω–∏–∫–∞ –∏—â—É
[19:04:09] pirozho4eg (5048cd8f-66a6-3cff-b555-da3fbfc1b1d9): –∞–Ω–¥—Ä–µ–π –≥–æ –≤—ã–∂–∏–≤–∞—Ç—å
[19:04:13] MrAndeYT (72aa3965-df52-3dd8-b310-c31b6e8b068a): –Ω–µ
[19:04:17] RuslanMiner228 (525175b0-f611-3139-a69d-aeec328388e6): –∞ –∫—Å—Ç–∞ —Ç–æ—á–Ω–æ
[19:04:19] RuslanMiner228 (525175b0-f611-3139-a69d-aeec328388e6): —Å—Ç—Ä–∏–º
[19:05:08] pirozho4eg (5048cd8f-66a6-3cff-b555-da3fbfc1b1d9): –∫–∞–∫ —É–π—Ç–∏ —Å —ç—Ç–æ–≥–æ –≥—Ä–µ—å–∞–Ω–Ω–æ–≥–æ —Å–ø–∞–≤–Ω–∞
[19:05:19] RuslanMiner228 (525175b0-f611-3139-a69d-aeec328388e6): –∞–Ω–¥—ç –≥–æ –≤ –≤–æ–π—Å
[19:05:29] RuslanMiner228 (525175b0-f611-3139-a69d-aeec328388e6): —è –±—É–¥—É —Å–∫–æ—Ä–æ —Å—Ç—Ä–∏–º–∏—Ç—å –∏ —Ç—ã —Ç–æ–∂–µ
[19:05:36] MrAndeYT (72aa3965-df52-3dd8-b310-c31b6e8b068a): —è –Ω–ø–∞—Å
[19:05:37] MrAndeYT (72aa3965-df52-3dd8-b310-c31b6e8b068a): –ø–∞—Å
[19:05:40] MrAndeYT (72aa3965-df52-3dd8-b310-c31b6e8b068a): –ø–æ–∫–∞ –Ω–µ –º–æ–≥—É
[19:05:42] RuslanMiner228 (525175b0-f611-3139-a69d-aeec328388e6): –∞
[19:06:07] pirozho4eg (5048cd8f-66a6-3cff-b555-da3fbfc1b1d9): –ø–ª–æ—Å–∫–∏–π –º–∏—Ä
[19:06:09] pirozho4eg (5048cd8f-66a6-3cff-b555-da3fbfc1b1d9): ....
[19:06:17] pirozho4eg (5048cd8f-66a6-3cff-b555-da3fbfc1b1d9): –ø–ª–æ—Å–∫–∏–π –º–∏—Ä...
[19:06:35] RuslanMiner228 (525175b0-f611-3139-a69d-aeec328388e6): —ç—Ç–æ –∫–≤–µ—Å—Ç–æ–≤—ã–π –º–∏—Ä
[19:06:36] pirozho4eg (5048cd8f-66a6-3cff-b555-da3fbfc1b1d9): –æ—Ç—Å—é–¥–∞ –¥–∞–∂–µ –≤—ã—Ç–∏ –ø–æ–≤—ã–∂–∏–≤–∞—Ç—å –Ω–µ–ª—å–∑—è
[19:06:48] RuslanMiner228 (525175b0-f611-3139-a69d-aeec328388e6): –∞ —Å—Ç–æ–ø
[19:06:56] pirozho4eg (5048cd8f-66a6-3cff-b555-da3fbfc1b1d9): –Ω–∏–∫–∞–∫–∏—Ö —á–∞—Å–æ–≤ –Ω–µ—Ç, —Å–µ—Ä–≤–µ—Ä <–º–∞—Ç—é–∫–∏>
[19:07:00] RuslanMiner228 (525175b0-f611-3139-a69d-aeec328388e6): —Ç—É—Ç –∫–æ–º–∞–Ω–¥–∞ .menu –∫—Å—Ç—å
[19:08:13] pirozho4eg (5048cd8f-66a6-3cff-b555-da3fbfc1b1d9): –∞ –∫–∞–∫ –≤ –≤—ã–∂–∏–≤–∞–Ω–∏–µ
[19:08:22] RuslanMiner228 (525175b0-f611-3139-a69d-aeec328388e6): —á–µ—Ä–µ–∑ –º–µ–Ω—é
[19:08:24] RuslanMiner228 (525175b0-f611-3139-a69d-aeec328388e6): —Ç–∞–º 3 –º–∏—Ä–∞
[19:08:36] pirozho4eg (5048cd8f-66a6-3cff-b555-da3fbfc1b1d9): —É –º–µ–Ω—è —Ç–æ–ª—å–∫–æ –∫–∞–º–µ–Ω–Ω—ã–µ –≤–µ—â–∏
[19:08:37] pirozho4eg (5048cd8f-66a6-3cff-b555-da3fbfc1b1d9): –∏ –≤—Å–µ
[19:08:58] RuslanMiner228 (525175b0-f611-3139-a69d-aeec328388e6): –Ω–∞–±–æ—Ä—ã –µ—Å—Ç—å
[19:09:21] pirozho4eg (5048cd8f-66a6-3cff-b555-da3fbfc1b1d9): –Ω–∞—à–µ–ª.—Ç–µ–ø–µ—Ä—å –≤—ã–∂–∏–≤–∞—Ç—å –±—É–¥—É
[19:10:41] RuslanMiner228 (525175b0-f611-3139-a69d-aeec328388e6): —Ç–∞–∫ –∞ —â–∞—Å –±—É–¥–µ—Ç –æ–±–ª—ë—Ç
[19:10:45] RuslanMiner228 (525175b0-f611-3139-a69d-aeec328388e6): —Å replay mod
[19:23:26] pirozho4eg (5048cd8f-66a6-3cff-b555-da3fbfc1b1d9): –±–æ–∂–µ–Ω—å–∫–∞ –¥–∞–π –¥–æ–Ω–∞—Ç
[19:26:35] SENEKILL (3aba6f41-6e61-3d5b-b311-9935d86eefca): —ã—ã—ã—ã—ã—ã—ã—ã—ã—ã—ã—ã—ã—ã
[19:34:49] pirozho4eg (5048cd8f-66a6-3cff-b555-da3fbfc1b1d9): f
[19:35:18] RuslanMiner228 (525175b0-f611-3139-a69d-aeec328388e6): –¥–µ–Ω–¥–µ–ª
[19:35:22] RuslanMiner228 (525175b0-f611-3139-a69d-aeec328388e6): –¥–µ–Ω–¥–µ–ª
[19:35:33] RuslanMiner228 (525175b0-f611-3139-a69d-aeec328388e6): –∞ –º–Ω–µ –º–æ–∂–Ω–æ —é—Ç—É–±–µ—Ä–∞?
[19:35:34] pirozho4eg (5048cd8f-66a6-3cff-b555-da3fbfc1b1d9): ususuus
[19:35:41] pirozho4eg (5048cd8f-66a6-3cff-b555-da3fbfc1b1d9): –≥—ã–≥—ã–≥—ã–≥—ã
[19:35:43] Makin12 (9c181168-4f98-3d34-9453-9bbb6e3656a5): –°–∞—à–∞
[19:35:55] steronso (3b5c1a27-7ac1-3bdb-ba00-fdedcb9f29f6): —á—Ç–æ
[19:36:10] RuslanMiner228 (525175b0-f611-3139-a69d-aeec328388e6): –¥–µ–Ω–¥–µ–ª –¥–∞–π –¥–æ–Ω–∞—Ç –õ–∞—Ä–∞—è
[19:36:36] RuslanMiner228 (525175b0-f611-3139-a69d-aeec328388e6): –¥–µ–Ω–¥–µ–ª –¥–∞–π –¥–æ–Ω–∞—Ç –î–∏–±–±—É–∫
[19:37:34] Makin12 (9c181168-4f98-3d34-9453-9bbb6e3656a5): –ø–æ—à–ª–∏ –≤—ã–∂–∏–≤–∞—Ç—å
[19:37:45] Makin12 (9c181168-4f98-3d34-9453-9bbb6e3656a5): –ø–æ—à–ª–∏ –≤—ã–∂–∏–≤–∞—Ç—å
[19:37:49] Makin12 (9c181168-4f98-3d34-9453-9bbb6e3656a5): –ø–æ—à–ª–∏ –≤—ã–∂–∏–≤–∞—Ç—å
[19:37:53] steronso (3b5c1a27-7ac1-3bdb-ba00-fdedcb9f29f6): —Ç–∞ –ø–æ—à–ª–∏ —É–∂–µ
[19:37:58] Makin12 (9c181168-4f98-3d34-9453-9bbb6e3656a5): –Ω–Ω–∞
[19:38:51] Makin12 (9c181168-4f98-3d34-9453-9bbb6e3656a5): –°–∞—à–∞
[19:38:56] Makin12 (9c181168-4f98-3d34-9453-9bbb6e3656a5): –¥–∞–π –∫–∏—Ä–∫—É
[19:39:03] Makin12 (9c181168-4f98-3d34-9453-9bbb6e3656a5): —è –≤ —à–∞—Ö—Ç—É –ø–æ–π–ª—É
[19:39:43] RuslanMiner228 (525175b0-f611-3139-a69d-aeec328388e6): –¥–µ–Ω–¥–µ–ª –ø–æ—á–µ–º—É —è –∂–µ –ø—Ä–æ—Å–∏–ª –ª–∞—Ä–µ—è
[19:39:47] RuslanMiner228 (525175b0-f611-3139-a69d-aeec328388e6): –∞ —Ç—ã –µ–º—É –¥–∞–ª
[19:39:58] RuslanMiner228 (525175b0-f611-3139-a69d-aeec328388e6): –Ω–µ—Ç –Ω–æ —è –∂–µ –ø—Ä–æ—Å–∏–ª –ø–µ—Ä–≤—ã–π
[19:40:08] pirozho4eg (5048cd8f-66a6-3cff-b555-da3fbfc1b1d9): ff
[19:40:15] pirozho4eg (5048cd8f-66a6-3cff-b555-da3fbfc1b1d9): —Ö–µ—Ö–µ—Ö
[19:46:18] den_del_ (deb3c093-417d-3424-a9b8-f7baf518c8c7): —â–∞
[19:46:20] pirozho4eg (5048cd8f-66a6-3cff-b555-da3fbfc1b1d9): –æ–ª–µ
[19:46:20] den_del_ (deb3c093-417d-3424-a9b8-f7baf518c8c7): –¥–∞
[19:46:23] den_del_ (deb3c093-417d-3424-a9b8-f7baf518c8c7): —â–∞—â–∞—â–∞–∞
[19:46:29] den_del_ (deb3c093-417d-3424-a9b8-f7baf518c8c7): —Ä–∞–±–æ—Ç–∞–µ—Ç
[19:46:37] den_del_ (deb3c093-417d-3424-a9b8-f7baf518c8c7): –≤—Å–µ —Ä–∞–±–æ—Ç–∞–µ—Ç
[20:02:08] pirozho4eg (5048cd8f-66a6-3cff-b555-da3fbfc1b1d9): —ç–º–º–º
[20:20:47] pirozho4eg (5048cd8f-66a6-3cff-b555-da3fbfc1b1d9): —á–µ–ª —Å–∫–∞–∂–∏ –ø–ª–∏–∑ –∫–∞–∫–∞—è –∫–æ–º–∞–Ω–¥–∞ –¥–ª—è —Å–æ–∑–¥–∞–Ω–∏—è —Ä–µ–≥–∏–æ–Ω–∞
[20:21:08] ExoManic (b5e20ef4-e04f-3988-9cbd-890969bf6aa4): rg claim <–Ω–∞–∑–≤–∞–Ω–∏–µ>
[20:21:54] pirozho4eg (5048cd8f-66a6-3cff-b555-da3fbfc1b1d9): –ù–ï –†–û–ë–ò–¢
[20:22:05] ExoManic (b5e20ef4-e04f-3988-9cbd-890969bf6aa4): –¢–æ—á–∫–∏ –ø–æ—Å—Ç–∞–≤–∏–ª–∏?
[20:22:09] pirozho4eg (5048cd8f-66a6-3cff-b555-da3fbfc1b1d9): –î–ê
[20:22:17] pirozho4eg (5048cd8f-66a6-3cff-b555-da3fbfc1b1d9): –ø–æ—Å—Ç–∞–≤–∏–ª–∏
[20:22:26] pirozho4eg (5048cd8f-66a6-3cff-b555-da3fbfc1b1d9): –ø—Ä–æ—Å—Ç–æ —Å–∞–º–æ–π —Ç–∞–∫–æ–π –∫–æ–º–∞–Ω–¥—ã –Ω–µ—Ç
[20:22:39] ExoManic (b5e20ef4-e04f-3988-9cbd-890969bf6aa4): ./region
[20:23:06] pirozho4eg (5048cd8f-66a6-3cff-b555-da3fbfc1b1d9): –Ω–µ—Ç –∫–æ–º–∞–Ω–¥—ã —Ä–µ–≥–∏–æ–Ω
[20:24:22] pirozho4eg (5048cd8f-66a6-3cff-b555-da3fbfc1b1d9): —Ö–º–º –∏ –∫–∞–∫ —Ç–µ–ø–µ—Ä—å –∑–∞–ø—Ä–∏–≤–∞—Ç–∏—Ç—å\
[20:24:36] ExoManic (b5e20ef4-e04f-3988-9cbd-890969bf6aa4): –ü–∞—Ä—É —Å–µ–∫—É–Ω–¥
[20:24:40] pirozho4eg (5048cd8f-66a6-3cff-b555-da3fbfc1b1d9): –æ–∫
[20:26:34] pirozho4eg (5048cd8f-66a6-3cff-b555-da3fbfc1b1d9): —Ö–∑
[20:26:45] pirozho4eg (5048cd8f-66a6-3cff-b555-da3fbfc1b1d9): —è –∫–æ–≥–¥–∞ –ø–∏—à—É —Ä–≥ –∫–ª—ç–π–º–∏ —Ç–æ –æ–Ω–æ –≥–æ—Ä–∏—Ç –∫—Ä–∞—Å–Ω—ã–º
[20:26:53] pirozho4eg (5048cd8f-66a6-3cff-b555-da3fbfc1b1d9): –∑–Ω–∞—á–∏—Ç –Ω–µ –¥–æ—Å—Ç—É–ø–Ω–∞ —Ç–∞–∫–∞—è –∫–æ–º–∞–Ω–¥–∞
[20:27:07] Zytia (4ba59776-eb4c-39f0-ac65-fbfee71ecf6c): –æ–Ω–∞ –Ω–µ –≤—ã—Å–≤–µ—á–∏–≤–∞–µ—Ç—Å—è –≤ –ø–æ–¥—Å–∫–∞–∑–∫–∞—Ö
[20:27:13] Zytia (4ba59776-eb4c-39f0-ac65-fbfee71ecf6c): –∞ –∫–æ–º–∞–Ω–¥–∞ —Ä–∞–±–æ—Ç–∞–µ—Ç
[20:27:18] pirozho4eg (5048cd8f-66a6-3cff-b555-da3fbfc1b1d9): –Ω—É —è –≤—Å–µ —Ä–∞–≤–Ω–æ –Ω–∞–ø–∏—Å–∞–ª
[20:27:24] pirozho4eg (5048cd8f-66a6-3cff-b555-da3fbfc1b1d9): –Ω–æ –Ω–µ –ø–æ–ª—É—á–∏–ª–æ—Å—å
[20:31:39] pirozho4eg (5048cd8f-66a6-3cff-b555-da3fbfc1b1d9): –Ω–µ —Ä–æ–±–∏—Ç
[20:32:57] den_del_ (deb3c093-417d-3424-a9b8-f7baf518c8c7): ,/call
[20:33:06] RuslanMiner228 (525175b0-f611-3139-a69d-aeec328388e6): !
[20:33:50] den_del_ (deb3c093-417d-3424-a9b8-f7baf518c8c7): ./call
[20:34:02] den_del_ (deb3c093-417d-3424-a9b8-f7baf518c8c7): ./
[20:34:10] RuslanMiner228 (525175b0-f611-3139-a69d-aeec328388e6): ./
[20:34:16] RuslanMiner228 (525175b0-f611-3139-a69d-aeec328388e6): ./
[20:34:23] pirozho4eg (5048cd8f-66a6-3cff-b555-da3fbfc1b1d9): ./call
[20:34:35] den_del_ (deb3c093-417d-3424-a9b8-f7baf518c8c7): –¥–æ–±–∞–≤–ª–µ–Ω–∏–µ –≤ —Ä–≥
[20:34:37] den_del_ (deb3c093-417d-3424-a9b8-f7baf518c8c7): –∫–∞–∫–æ–≤–∞
[20:34:42] den_del_ (deb3c093-417d-3424-a9b8-f7baf518c8c7): –∫–æ–º–∞–Ω–¥–∞
[20:35:05] ExoManic (b5e20ef4-e04f-3988-9cbd-890969bf6aa4): –ß–µ—Ä–µ–∑ —á–∞—Ç –º–æ–∂–Ω–æ –¥–æ–±–∞–≤–∏—Ç—å –≤ –≤–ª–∞–¥–µ–ª—å—Ü—ã/–º–µ–º–±–µ—Ä—ã
[20:35:23] ExoManic (b5e20ef4-e04f-3988-9cbd-890969bf6aa4): –î–ª—è –≤–ª–∞–¥–µ–ª—å—Ü–∞ –Ω—É–∂–Ω–æ –Ω–∞–∂–∞—Ç—å "add"
[20:36:03] pirozho4eg (5048cd8f-66a6-3cff-b555-da3fbfc1b1d9): –∞ –∫–æ–º–∞–Ω–¥–∞ –∫–∞–∫–∞—è
[20:36:54] ExoManic (b5e20ef4-e04f-3988-9cbd-890969bf6aa4): ./rg addmember
[20:37:32] pirozho4eg (5048cd8f-66a6-3cff-b555-da3fbfc1b1d9): –∞–∞–∞
[20:37:33] ExoManic (b5e20ef4-e04f-3988-9cbd-890969bf6aa4): ./rg addmember home222 <nick>
[20:39:31] RuslanMiner228 (525175b0-f611-3139-a69d-aeec328388e6): 795 63 -372
[20:39:38] Zytia (4ba59776-eb4c-39f0-ac65-fbfee71ecf6c): ./call
[20:40:24] pirozho4eg (5048cd8f-66a6-3cff-b555-da3fbfc1b1d9): —Å–ø–∞—Å–∏–±–æ –∑–∞ –µ–¥—Ü
[20:40:29] pirozho4eg (5048cd8f-66a6-3cff-b555-da3fbfc1b1d9): —Å–ø–∞—Å–∏–±–æ –∑–∞ –µ–¥—É
[20:41:45] ExoManic (b5e20ef4-e04f-3988-9cbd-890969bf6aa4): ./call <nick>
[20:43:13] Ankoru (0cd03bc2-f5d1-3c85-a876-37f4ed3ba378): –∫–∞–∫ —Å–æ —Å–ø–∞–≤–Ω–∞ —É–π—Ç–∏
[20:43:18] Ankoru (0cd03bc2-f5d1-3c85-a876-37f4ed3ba378): –∫–∞–∫ —Å–æ —Å–ø–∞–≤–Ω–∞ —É–π—Ç–∏
[20:44:00] ExoManic (b5e20ef4-e04f-3988-9cbd-890969bf6aa4): –£ —Ç–µ–±—è –µ—Å—Ç—å —á–∞—Å—ã –≤ –∏–Ω–≤–µ–Ω—Ç–∞—Ä–µ. –ï—Å–ª–∏ –∏—Ö –Ω–µ—Ç, —Ç–æ –Ω–∞–ø–∏—à–∏ /menu
[20:44:00] Ankoru (0cd03bc2-f5d1-3c85-a876-37f4ed3ba378): –∫–∞–∫ —Å–æ —Å–ø–∞–≤–Ω–∞ —É–π—Ç–∏
[20:44:26] RuslanMiner228 (525175b0-f611-3139-a69d-aeec328388e6): 795 63 -372
[20:45:52] Zytia (4ba59776-eb4c-39f0-ac65-fbfee71ecf6c): fsa
[20:47:13] pirozho4eg (5048cd8f-66a6-3cff-b555-da3fbfc1b1d9): –º—ã —Å–∞–º–∏
[20:47:21] pirozho4eg (5048cd8f-66a6-3cff-b555-da3fbfc1b1d9): —Å–ø–∞—Å–∏–±–æ –∑–∞ –≤–Ω–∏–º–∞–Ω–∏–µ
[20:47:28] den_del_ (deb3c093-417d-3424-a9b8-f7baf518c8c7): —á—É–≤–∞–∫–∏
[20:47:32] den_del_ (deb3c093-417d-3424-a9b8-f7baf518c8c7): —Ç–µ–ø–Ω–∏—Ç–µ
[20:47:36] den_del_ (deb3c093-417d-3424-a9b8-f7baf518c8c7): –ø–æ –±—Ä–∞—Ç—Å–∫–∏
[20:47:45] den_del_ (deb3c093-417d-3424-a9b8-f7baf518c8c7): —ç—Ç–æ–≥–æ –º—É–∂–∏–∫–∞
[20:47:48] ExoManic (b5e20ef4-e04f-3988-9cbd-890969bf6aa4): kogo
[20:47:52] den_del_ (deb3c093-417d-3424-a9b8-f7baf518c8c7): ruslanminer
[20:48:10] den_del_ (deb3c093-417d-3424-a9b8-f7baf518c8c7): –∫–∞–∫–∞—è
[20:48:12] den_del_ (deb3c093-417d-3424-a9b8-f7baf518c8c7): –∫–æ–º–∞–Ω–¥–∞
[20:48:18] den_del_ (deb3c093-417d-3424-a9b8-f7baf518c8c7): –Ω–µ –ø–æ–ª—É—á–∞–ª–æ—Å—å
[20:48:21] den_del_ (deb3c093-417d-3424-a9b8-f7baf518c8c7): —Ä–∞–Ω—å–≥–µ
[20:48:49] den_del_ (deb3c093-417d-3424-a9b8-f7baf518c8c7): —Ä–∞–Ω—å—à–µ
[20:58:33] ExoManic (b5e20ef4-e04f-3988-9cbd-890969bf6aa4): ./pweather clear
[20:59:26] pirozho4eg (5048cd8f-66a6-3cff-b555-da3fbfc1b1d9): —Ö–µ–ª–ª–æ—É
[20:59:58] pirozho4eg (5048cd8f-66a6-3cff-b555-da3fbfc1b1d9): —Ö–µ–ª–ª–æ—É
[21:02:44] pirozho4eg (5048cd8f-66a6-3cff-b555-da3fbfc1b1d9): –º–∏—Ä
[21:02:47] ExoManic (b5e20ef4-e04f-3988-9cbd-890969bf6aa4): ))))
[21:02:51] pirozho4eg (5048cd8f-66a6-3cff-b555-da3fbfc1b1d9): —á–∏—Ç–µ—Ä
[21:02:54] pirozho4eg (5048cd8f-66a6-3cff-b555-da3fbfc1b1d9): )))
[21:03:14] pirozho4eg (5048cd8f-66a6-3cff-b555-da3fbfc1b1d9): –Ω–µ —É–±–∏–≤–∞–π
[21:03:18] pirozho4eg (5048cd8f-66a6-3cff-b555-da3fbfc1b1d9): —è —Ç–µ–±—è –Ω–µ —É–±–∏–≤–∞.
[21:03:25] den_del_ (deb3c093-417d-3424-a9b8-f7baf518c8c7): –≤—Å–µ
[21:03:30] ExoManic (b5e20ef4-e04f-3988-9cbd-890969bf6aa4): ladno
[21:03:31] den_del_ (deb3c093-417d-3424-a9b8-f7baf518c8c7): —è <–º–∞—Ç—é–∫–∏>
[21:11:29] Zytia (4ba59776-eb4c-39f0-ac65-fbfee71ecf6c): .–ø—å 1
[21:12:28] ExoManic (b5e20ef4-e04f-3988-9cbd-890969bf6aa4): –ö–≤–µ—Å—Ç—ã –≤—ã–ø–æ–ª–Ω—è—é—Ç—Å—è –≤ hub
[21:13:46] ExoManic (b5e20ef4-e04f-3988-9cbd-890969bf6aa4): –Ω–∞–∂–º–∏ –¥–∞
[21:13:49] ExoManic (b5e20ef4-e04f-3988-9cbd-890969bf6aa4): –Ω–∞–ø–∏—à–∏*
[21:14:07] NastyPanda_100 (83401cae-52cb-3cef-bd25-bbcbcedbcc5a): –≤—Å—ë
[21:16:53] ExoManic (b5e20ef4-e04f-3988-9cbd-890969bf6aa4): –í–∞–º –Ω–∞–¥–æ –Ω–∞–π—Ç–∏ –¥–æ–º –æ—Ç—à–µ–ª—å–Ω–∏–∫–∞, –∞ –Ω–µ –º–µ—á (
[21:17:41] ExoManic (b5e20ef4-e04f-3988-9cbd-890969bf6aa4): –î–∞–ª–µ–∫–æ –æ—Ç –º–µ—á–∞ (
[21:20:12] NastyPanda_100 (83401cae-52cb-3cef-bd25-bbcbcedbcc5a): –æ —Ç–∞–∏–Ω—Å–≤–µ—Ç–Ω—ã–π –ø—É—Ç–Ω–∏–∫
[21:23:03] NastyPanda_100 (83401cae-52cb-3cef-bd25-bbcbcedbcc5a): –∞ –≤—ã –¥–µ
[21:23:45] ExoManic (b5e20ef4-e04f-3988-9cbd-890969bf6aa4): –ù–µ —Ç—É–¥–∞
[21:23:47] ExoManic (b5e20ef4-e04f-3988-9cbd-890969bf6aa4): (((
[21:31:37] RuslanMiner228 (525175b0-f611-3139-a69d-aeec328388e6): 778 20 -73
[21:46:11] Zytia (4ba59776-eb4c-39f0-ac65-fbfee71ecf6c): —á–∏—Ç–∞–π —Å–≤–µ—Ä—Ö—É...
[21:57:08] ExoManic (b5e20ef4-e04f-3988-9cbd-890969bf6aa4): ./reg
[22:00:03] den_del_ (deb3c093-417d-3424-a9b8-f7baf518c8c7): –Ø –º–æ–≥—É –æ—Ç–∫–∞–∑–∞—Ç—å—Å—è –æ—Ç –∫–≤–µ—Å—Ç–∞?
[22:00:07] den_del_ (deb3c093-417d-3424-a9b8-f7baf518c8c7): —á—Ç–æ–±—ã
[22:00:11] den_del_ (deb3c093-417d-3424-a9b8-f7baf518c8c7): –∑–∞–≤—Ç—Ä–∞ –ø—Ä–æ–π—Ç–∏
[22:00:20] Zytia (4ba59776-eb4c-39f0-ac65-fbfee71ecf6c): –ö–≤–µ—Å—Ç –æ—Å—Ç–∞–µ—Ç—Å—è
[22:00:25] ExoManic (b5e20ef4-e04f-3988-9cbd-890969bf6aa4): –¢–≤–æ–π –∫–≤–µ—Å—Ç –æ—Å—Ç–∞–µ—Ç—Å—è, –∑–∞–≤—Ç—Ä–∞ –ø—Ä–æ–π–¥–µ—à—å )
[22:00:28] den_del_ (deb3c093-417d-3424-a9b8-f7baf518c8c7): –ª–∞–¥–Ω–æ
[22:00:33] den_del_ (deb3c093-417d-3424-a9b8-f7baf518c8c7): –ø–æ–π–¥—É
[22:00:37] den_del_ (deb3c093-417d-3424-a9b8-f7baf518c8c7): –ø–æ—Ö–∞–≤–∞—é
[22:00:47] den_del_ (deb3c093-417d-3424-a9b8-f7baf518c8c7): –≤—Å–µ–º good bye
[22:00:55] ExoManic (b5e20ef4-e04f-3988-9cbd-890969bf6aa4): bye
[22:01:41] pirozho4eg (5048cd8f-66a6-3cff-b555-da3fbfc1b1d9): ae
[22:01:48] pirozho4eg (5048cd8f-66a6-3cff-b555-da3fbfc1b1d9): —Ñ—É –Ω–µ –ø—É–∫–∞–π
[22:04:01] pirozho4eg (5048cd8f-66a6-3cff-b555-da3fbfc1b1d9): –ø–ø–ø–ø–ø–ø
[22:11:58] Www (9463acd6-7ae7-34d5-9d5c-b125f3c68c46): cart
[22:11:59] ExoManic (b5e20ef4-e04f-3988-9cbd-890969bf6aa4): cart
[22:12:05] ExoManic (b5e20ef4-e04f-3988-9cbd-890969bf6aa4): cart all
[22:50:34] ExoManic (b5e20ef4-e04f-3988-9cbd-890969bf6aa4): s
[23:12:30] ExoManic (b5e20ef4-e04f-3988-9cbd-890969bf6aa4): s
[23:20:35] ExoManic (b5e20ef4-e04f-3988-9cbd-890969bf6aa4): —ã
[23:20:40] ExoManic (b5e20ef4-e04f-3988-9cbd-890969bf6aa4): —ã
[23:24:41] Www (9463acd6-7ae7-34d5-9d5c-b125f3c68c46): (‚ÅÑ ‚ÅÑ>‚ÅÑ ‚ñΩ ‚ÅÑ<‚ÅÑ ‚ÅÑ)
[23:47:07] Www (9463acd6-7ae7-34d5-9d5c-b125f3c68c46): (‚ÅÑ ‚ÅÑ>‚ÅÑ ‚ñΩ ‚ÅÑ<‚ÅÑ ‚ÅÑ)
