[01:39:03] Rivgad (1d46db05-281c-33d1-9eeb-177fcc54c849): ну дарова
[01:40:58] Rivgad (1d46db05-281c-33d1-9eeb-177fcc54c849): вот она
[01:41:02] Rivgad (1d46db05-281c-33d1-9eeb-177fcc54c849): стоячая вода
[01:41:13] Zytia (4ba59776-eb4c-39f0-ac65-fbfee71ecf6c): это нормально
[01:41:19] Zytia (4ba59776-eb4c-39f0-ac65-fbfee71ecf6c): от лагов защита
[01:44:35] Rivgad (1d46db05-281c-33d1-9eeb-177fcc54c849): надо бы запомнить
[01:44:41] Rivgad (1d46db05-281c-33d1-9eeb-177fcc54c849): корды
[01:44:52] Rivgad (1d46db05-281c-33d1-9eeb-177fcc54c849): а то плотный лёд это штука полезная
[01:45:06] Zytia (4ba59776-eb4c-39f0-ac65-fbfee71ecf6c): у тебя эт опроблема с античитом из-за твоих лагов
[01:46:04] Zytia (4ba59776-eb4c-39f0-ac65-fbfee71ecf6c): античит проверяет в определенные моменты времени скорость игрока. Когда лагаешь, начинаешь телепортироваться, и скорость между двумя отрезками времени большая
[01:46:08] Zytia (4ba59776-eb4c-39f0-ac65-fbfee71ecf6c): из-за этого кикате
[01:46:13] Zytia (4ba59776-eb4c-39f0-ac65-fbfee71ecf6c): кикает*
[01:46:30] Rivgad (1d46db05-281c-33d1-9eeb-177fcc54c849): на шифте когда фигаришь на лодке
[01:46:38] Rivgad (1d46db05-281c-33d1-9eeb-177fcc54c849): вот тогда проблемы
[01:46:45] Zytia (4ba59776-eb4c-39f0-ac65-fbfee71ecf6c): порпробуй
[01:46:49] Rivgad (1d46db05-281c-33d1-9eeb-177fcc54c849): показываю
[01:47:42] Zytia (4ba59776-eb4c-39f0-ac65-fbfee71ecf6c): тут 3 античита стоят, сча определю сначала, что это аз античит
[01:47:48] Zytia (4ba59776-eb4c-39f0-ac65-fbfee71ecf6c): а там попробую фиксануть
[01:48:14] Rivgad (1d46db05-281c-33d1-9eeb-177fcc54c849): сейчас окей
[01:48:21] Rivgad (1d46db05-281c-33d1-9eeb-177fcc54c849): до этого были приколы
[01:48:29] Rivgad (1d46db05-281c-33d1-9eeb-177fcc54c849): хз из-за чего
[01:48:32] Zytia (4ba59776-eb4c-39f0-ac65-fbfee71ecf6c): gbyu
[01:48:34] Zytia (4ba59776-eb4c-39f0-ac65-fbfee71ecf6c): ping
[01:48:39] Zytia (4ba59776-eb4c-39f0-ac65-fbfee71ecf6c): ping
[01:49:49] Zytia (4ba59776-eb4c-39f0-ac65-fbfee71ecf6c): pltcm&
[01:49:52] Zytia (4ba59776-eb4c-39f0-ac65-fbfee71ecf6c): здесь?
[01:49:58] Rivgad (1d46db05-281c-33d1-9eeb-177fcc54c849): не
[01:50:02] Rivgad (1d46db05-281c-33d1-9eeb-177fcc54c849): <матюки> пойми где
[01:50:16] Zytia (4ba59776-eb4c-39f0-ac65-fbfee71ecf6c): напрвление?
[01:50:21] Rivgad (1d46db05-281c-33d1-9eeb-177fcc54c849): не ясно
[01:50:27] Rivgad (1d46db05-281c-33d1-9eeb-177fcc54c849): надо щупать
[01:50:28] Zytia (4ba59776-eb4c-39f0-ac65-fbfee71ecf6c): верх - север
[01:50:33] Zytia (4ba59776-eb4c-39f0-ac65-fbfee71ecf6c): низ - юг
[01:50:40] Rivgad (1d46db05-281c-33d1-9eeb-177fcc54c849): ну, значит на юг
[01:50:47] Zytia (4ba59776-eb4c-39f0-ac65-fbfee71ecf6c): лево, право запад восток соответственно
[01:51:00] Rivgad (1d46db05-281c-33d1-9eeb-177fcc54c849): нам на юго-восток
[01:51:30] Zytia (4ba59776-eb4c-39f0-ac65-fbfee71ecf6c): мы на запад едем
[01:51:47] Zytia (4ba59776-eb4c-39f0-ac65-fbfee71ecf6c): а сйчас на сервер
[01:52:41] Zytia (4ba59776-eb4c-39f0-ac65-fbfee71ecf6c): .пь 1
[09:43:31] pirozho4eg (5048cd8f-66a6-3cff-b555-da3fbfc1b1d9): f
[09:43:42] pirozho4eg (5048cd8f-66a6-3cff-b555-da3fbfc1b1d9): ааа
[09:45:13] pirozho4eg (5048cd8f-66a6-3cff-b555-da3fbfc1b1d9): а
[09:45:16] pirozho4eg (5048cd8f-66a6-3cff-b555-da3fbfc1b1d9): п
[09:45:21] pirozho4eg (5048cd8f-66a6-3cff-b555-da3fbfc1b1d9): что
[09:45:30] pirozho4eg (5048cd8f-66a6-3cff-b555-da3fbfc1b1d9): не понял ничего блин
[09:46:04] pirozho4eg (5048cd8f-66a6-3cff-b555-da3fbfc1b1d9): mmm what
[11:17:57] DenPRO77 (6291021d-5e06-3c9a-b77a-3c7b8284f79b): ttttttt
[11:18:01] DenPRO77 (6291021d-5e06-3c9a-b77a-3c7b8284f79b): tf
[11:18:01] DenPRO77 (6291021d-5e06-3c9a-b77a-3c7b8284f79b): T
[11:18:02] DenPRO77 (6291021d-5e06-3c9a-b77a-3c7b8284f79b): tf
[11:18:06] VGV_18 (dc0fc9ba-ed47-30cc-8890-982908571078): gdiog,duthjd
[11:18:08] VGV_18 (dc0fc9ba-ed47-30cc-8890-982908571078): hdhd
[11:18:10] VGV_18 (dc0fc9ba-ed47-30cc-8890-982908571078): hdfhdthdrdhrd
[15:45:32] Vanya1590612 (d31e1294-8017-39c9-a7ed-ab16d8b14238): ку
[15:45:34] Vanya1590612 (d31e1294-8017-39c9-a7ed-ab16d8b14238): ку всем
[15:46:20] Vanya1590612 (d31e1294-8017-39c9-a7ed-ab16d8b14238): е
[15:46:47] Vanya1590612 (d31e1294-8017-39c9-a7ed-ab16d8b14238): е
[20:07:48] pirozho4eg (5048cd8f-66a6-3cff-b555-da3fbfc1b1d9): tpa 9_XTO_A
[20:08:19] 9_XTO_A (524fac47-48b9-31f6-9aca-70ec185bcc1a): а
[20:09:09] 9_XTO_A (524fac47-48b9-31f6-9aca-70ec185bcc1a): а что тут делать
[20:09:40] pirozho4eg (5048cd8f-66a6-3cff-b555-da3fbfc1b1d9): ds;bdfnm
[20:09:44] pirozho4eg (5048cd8f-66a6-3cff-b555-da3fbfc1b1d9): выживать
[20:09:52] pirozho4eg (5048cd8f-66a6-3cff-b555-da3fbfc1b1d9): заходи в мир 1
[20:10:02] 9_XTO_A (524fac47-48b9-31f6-9aca-70ec185bcc1a): а ок
[20:10:09] 9_XTO_A (524fac47-48b9-31f6-9aca-70ec185bcc1a): а ок
[20:10:20] pirozho4eg (5048cd8f-66a6-3cff-b555-da3fbfc1b1d9): зашел?
[20:10:30] 9_XTO_A (524fac47-48b9-31f6-9aca-70ec185bcc1a): да
[20:10:46] pirozho4eg (5048cd8f-66a6-3cff-b555-da3fbfc1b1d9): хай
[20:10:50] 9_XTO_A (524fac47-48b9-31f6-9aca-70ec185bcc1a): хай
[20:11:03] pirozho4eg (5048cd8f-66a6-3cff-b555-da3fbfc1b1d9): го я тбе покажу свой дом?
[20:11:07] 9_XTO_A (524fac47-48b9-31f6-9aca-70ec185bcc1a): го
[20:11:17] pirozho4eg (5048cd8f-66a6-3cff-b555-da3fbfc1b1d9): если что пиши /call pirozho4eg
[20:11:34] pirozho4eg (5048cd8f-66a6-3cff-b555-da3fbfc1b1d9): вот
[20:11:40] 9_XTO_A (524fac47-48b9-31f6-9aca-70ec185bcc1a): ого
[20:11:51] pirozho4eg (5048cd8f-66a6-3cff-b555-da3fbfc1b1d9): тут прудик с рыбой
[20:12:09] pirozho4eg (5048cd8f-66a6-3cff-b555-da3fbfc1b1d9): тут огород с пшеницой моркоыью ягодами картошкой и арбузом
[20:12:23] pirozho4eg (5048cd8f-66a6-3cff-b555-da3fbfc1b1d9): тут 6 морих лам и лошадь
[20:12:31] pirozho4eg (5048cd8f-66a6-3cff-b555-da3fbfc1b1d9): тут гриша
[20:12:38] pirozho4eg (5048cd8f-66a6-3cff-b555-da3fbfc1b1d9): зпходи
[20:12:45] pirozho4eg (5048cd8f-66a6-3cff-b555-da3fbfc1b1d9): вот
[20:13:02] pirozho4eg (5048cd8f-66a6-3cff-b555-da3fbfc1b1d9): дальше
[20:13:09] pirozho4eg (5048cd8f-66a6-3cff-b555-da3fbfc1b1d9): лэди муся
[20:13:13] pirozho4eg (5048cd8f-66a6-3cff-b555-da3fbfc1b1d9): кеша
[20:13:17] pirozho4eg (5048cd8f-66a6-3cff-b555-da3fbfc1b1d9): аишка
[20:13:37] pirozho4eg (5048cd8f-66a6-3cff-b555-da3fbfc1b1d9): вот так
[20:13:48] pirozho4eg (5048cd8f-66a6-3cff-b555-da3fbfc1b1d9): пойдем дальше
[20:13:56] 9_XTO_A (524fac47-48b9-31f6-9aca-70ec185bcc1a): куда?
[20:14:02] pirozho4eg (5048cd8f-66a6-3cff-b555-da3fbfc1b1d9): это мой забор
[20:14:07] pirozho4eg (5048cd8f-66a6-3cff-b555-da3fbfc1b1d9): я строил его долго
[20:14:18] pirozho4eg (5048cd8f-66a6-3cff-b555-da3fbfc1b1d9): это мой старый дом
[20:14:24] pirozho4eg (5048cd8f-66a6-3cff-b555-da3fbfc1b1d9): сейчас там живет мой друг
[20:14:28] pirozho4eg (5048cd8f-66a6-3cff-b555-da3fbfc1b1d9): владелец серва
[20:14:46] pirozho4eg (5048cd8f-66a6-3cff-b555-da3fbfc1b1d9): тут были раньше ламы
[20:14:50] pirozho4eg (5048cd8f-66a6-3cff-b555-da3fbfc1b1d9): на балконе
[20:14:56] pirozho4eg (5048cd8f-66a6-3cff-b555-da3fbfc1b1d9): огород
[20:15:51] 9_XTO_A (524fac47-48b9-31f6-9aca-70ec185bcc1a): спс
[20:16:32] pirozho4eg (5048cd8f-66a6-3cff-b555-da3fbfc1b1d9): тут была моя комната
[20:16:35] pirozho4eg (5048cd8f-66a6-3cff-b555-da3fbfc1b1d9): но я переехал
[20:16:42] pirozho4eg (5048cd8f-66a6-3cff-b555-da3fbfc1b1d9): и снес стену
[20:16:54] pirozho4eg (5048cd8f-66a6-3cff-b555-da3fbfc1b1d9): тут живет мой друг
[20:16:58] pirozho4eg (5048cd8f-66a6-3cff-b555-da3fbfc1b1d9): владелец серва
[20:17:08] pirozho4eg (5048cd8f-66a6-3cff-b555-da3fbfc1b1d9): а это
[20:17:12] pirozho4eg (5048cd8f-66a6-3cff-b555-da3fbfc1b1d9): балкон
[20:17:27] pirozho4eg (5048cd8f-66a6-3cff-b555-da3fbfc1b1d9): дальше
[20:17:42] pirozho4eg (5048cd8f-66a6-3cff-b555-da3fbfc1b1d9): тут живет наша знакомая
[20:17:47] pirozho4eg (5048cd8f-66a6-3cff-b555-da3fbfc1b1d9): но она давно не заходила
[20:18:04] pirozho4eg (5048cd8f-66a6-3cff-b555-da3fbfc1b1d9): спс
[20:18:11] pirozho4eg (5048cd8f-66a6-3cff-b555-da3fbfc1b1d9): тут живет наш сеня
[20:18:14] pirozho4eg (5048cd8f-66a6-3cff-b555-da3fbfc1b1d9): точнее
[20:18:16] pirozho4eg (5048cd8f-66a6-3cff-b555-da3fbfc1b1d9): друг
[20:18:24] pirozho4eg (5048cd8f-66a6-3cff-b555-da3fbfc1b1d9): это его феррари
[20:18:30] pirozho4eg (5048cd8f-66a6-3cff-b555-da3fbfc1b1d9): ахахахах
[20:18:42] 9_XTO_A (524fac47-48b9-31f6-9aca-70ec185bcc1a): аххаахха
[20:18:46] pirozho4eg (5048cd8f-66a6-3cff-b555-da3fbfc1b1d9): дальше
[20:19:12] pirozho4eg (5048cd8f-66a6-3cff-b555-da3fbfc1b1d9): тут живут левые
[20:19:18] pirozho4eg (5048cd8f-66a6-3cff-b555-da3fbfc1b1d9): которые как т о нас нашли
[20:19:27] pirozho4eg (5048cd8f-66a6-3cff-b555-da3fbfc1b1d9): пропиши ко мне тп
[20:19:43] pirozho4eg (5048cd8f-66a6-3cff-b555-da3fbfc1b1d9): вот сверху
[20:19:54] pirozho4eg (5048cd8f-66a6-3cff-b555-da3fbfc1b1d9): дальше
[20:20:05] pirozho4eg (5048cd8f-66a6-3cff-b555-da3fbfc1b1d9): там живет админ этого серва
[20:20:17] pirozho4eg (5048cd8f-66a6-3cff-b555-da3fbfc1b1d9): он знакомый создателя
[20:20:21] pirozho4eg (5048cd8f-66a6-3cff-b555-da3fbfc1b1d9): всего тут 3 админа
[20:20:25] pirozho4eg (5048cd8f-66a6-3cff-b555-da3fbfc1b1d9): 1 сам создатель
[20:20:31] pirozho4eg (5048cd8f-66a6-3cff-b555-da3fbfc1b1d9): второй програмист
[20:20:35] pirozho4eg (5048cd8f-66a6-3cff-b555-da3fbfc1b1d9): 3 не помню
[20:21:01] pirozho4eg (5048cd8f-66a6-3cff-b555-da3fbfc1b1d9): кст
[20:21:05] pirozho4eg (5048cd8f-66a6-3cff-b555-da3fbfc1b1d9): тут все биомы рядом
[20:21:14] pirozho4eg (5048cd8f-66a6-3cff-b555-da3fbfc1b1d9): саванна пустыня темный лес
[20:21:17] pirozho4eg (5048cd8f-66a6-3cff-b555-da3fbfc1b1d9): березовый лес
[20:21:19] pirozho4eg (5048cd8f-66a6-3cff-b555-da3fbfc1b1d9): дубовый
[20:21:24] pirozho4eg (5048cd8f-66a6-3cff-b555-da3fbfc1b1d9): но тропический далеко
[20:21:53] pirozho4eg (5048cd8f-66a6-3cff-b555-da3fbfc1b1d9): вот его корды 17982 82 19830
[20:21:57] pirozho4eg (5048cd8f-66a6-3cff-b555-da3fbfc1b1d9): это тропический лес
[20:22:06] pirozho4eg (5048cd8f-66a6-3cff-b555-da3fbfc1b1d9): не надо
[20:22:16] pirozho4eg (5048cd8f-66a6-3cff-b555-da3fbfc1b1d9): у меня двойной сундук забитый хлебом
[20:22:28] pirozho4eg (5048cd8f-66a6-3cff-b555-da3fbfc1b1d9): ахахах
[20:22:38] pirozho4eg (5048cd8f-66a6-3cff-b555-da3fbfc1b1d9): ну впринципе все
[20:22:43] 9_XTO_A (524fac47-48b9-31f6-9aca-70ec185bcc1a): аа ок
[20:22:52] pirozho4eg (5048cd8f-66a6-3cff-b555-da3fbfc1b1d9): удачи в выживании
[20:23:04] 9_XTO_A (524fac47-48b9-31f6-9aca-70ec185bcc1a): хахахахах
[20:23:11] 9_XTO_A (524fac47-48b9-31f6-9aca-70ec185bcc1a): мухабой
[20:23:14] pirozho4eg (5048cd8f-66a6-3cff-b555-da3fbfc1b1d9): хахах
[20:23:26] pirozho4eg (5048cd8f-66a6-3cff-b555-da3fbfc1b1d9): кст
[20:23:29] pirozho4eg (5048cd8f-66a6-3cff-b555-da3fbfc1b1d9): пошли
[20:23:29] 9_XTO_A (524fac47-48b9-31f6-9aca-70ec185bcc1a): а
[20:23:32] pirozho4eg (5048cd8f-66a6-3cff-b555-da3fbfc1b1d9): я дам кровать
[20:23:33] 9_XTO_A (524fac47-48b9-31f6-9aca-70ec185bcc1a): куда
[20:23:38] pirozho4eg (5048cd8f-66a6-3cff-b555-da3fbfc1b1d9): а то есть лишние у меня
[20:24:05] pirozho4eg (5048cd8f-66a6-3cff-b555-da3fbfc1b1d9): на
[20:24:18] pirozho4eg (5048cd8f-66a6-3cff-b555-da3fbfc1b1d9): я думал мы востановим популяцию жителей
[20:24:23] pirozho4eg (5048cd8f-66a6-3cff-b555-da3fbfc1b1d9): но не получилось
[20:24:28] pirozho4eg (5048cd8f-66a6-3cff-b555-da3fbfc1b1d9): это моя кровать
[20:24:31] pirozho4eg (5048cd8f-66a6-3cff-b555-da3fbfc1b1d9): так что бери
[20:24:39] pirozho4eg (5048cd8f-66a6-3cff-b555-da3fbfc1b1d9): а если хочешь забирац этот дом
[20:24:45] pirozho4eg (5048cd8f-66a6-3cff-b555-da3fbfc1b1d9): только стены сделай)))
[20:24:58] 9_XTO_A (524fac47-48b9-31f6-9aca-70ec185bcc1a): лан я пшел прокачиватся
[20:25:02] pirozho4eg (5048cd8f-66a6-3cff-b555-da3fbfc1b1d9): ок
[20:25:04] pirozho4eg (5048cd8f-66a6-3cff-b555-da3fbfc1b1d9): удачи
[20:25:10] 9_XTO_A (524fac47-48b9-31f6-9aca-70ec185bcc1a): тебе тоже
[20:25:17] pirozho4eg (5048cd8f-66a6-3cff-b555-da3fbfc1b1d9): у меня все есть
[20:25:21] pirozho4eg (5048cd8f-66a6-3cff-b555-da3fbfc1b1d9): и блоки алмазные
[20:25:24] pirozho4eg (5048cd8f-66a6-3cff-b555-da3fbfc1b1d9): короче вся руда
[20:25:28] pirozho4eg (5048cd8f-66a6-3cff-b555-da3fbfc1b1d9): все виды деревьев
[20:25:33] pirozho4eg (5048cd8f-66a6-3cff-b555-da3fbfc1b1d9): двойной сундук угля
[20:25:36] pirozho4eg (5048cd8f-66a6-3cff-b555-da3fbfc1b1d9): все вещи
[20:25:39] pirozho4eg (5048cd8f-66a6-3cff-b555-da3fbfc1b1d9): даже элитры
[20:25:43] pirozho4eg (5048cd8f-66a6-3cff-b555-da3fbfc1b1d9): и шалкеры
[20:26:11] pirozho4eg (5048cd8f-66a6-3cff-b555-da3fbfc1b1d9): лан пока
[20:26:15] 9_XTO_A (524fac47-48b9-31f6-9aca-70ec185bcc1a): пока
