[06:38:04] ExoManic (b5e20ef4-e04f-3988-9cbd-890969bf6aa4): Aby bandit
[06:43:05] ExoManic (b5e20ef4-e04f-3988-9cbd-890969bf6aa4): слышь
[06:43:10] ExoManic (b5e20ef4-e04f-3988-9cbd-890969bf6aa4): Может вот так ножки сделать?
[06:43:11] WhiteOG (2d9bdc17-fadd-3be8-8a04-200866504ffe): че
[06:43:26] ExoManic (b5e20ef4-e04f-3988-9cbd-890969bf6aa4): и повыше сделать
[06:43:28] ExoManic (b5e20ef4-e04f-3988-9cbd-890969bf6aa4): чисто
[06:43:30] ExoManic (b5e20ef4-e04f-3988-9cbd-890969bf6aa4): церковь
[06:43:38] WhiteOG (2d9bdc17-fadd-3be8-8a04-200866504ffe): yt
[06:43:44] WhiteOG (2d9bdc17-fadd-3be8-8a04-200866504ffe): не
[06:43:49] WhiteOG (2d9bdc17-fadd-3be8-8a04-200866504ffe): оставь так
[06:43:51] ExoManic (b5e20ef4-e04f-3988-9cbd-890969bf6aa4): другую сторону я сделал тебе
[06:43:56] ExoManic (b5e20ef4-e04f-3988-9cbd-890969bf6aa4): Где ты ебаный меч будешь строить?
[06:44:01] ExoManic (b5e20ef4-e04f-3988-9cbd-890969bf6aa4): Чтоб пещеру ебнуть
[06:44:08] WhiteOG (2d9bdc17-fadd-3be8-8a04-200866504ffe): да мне то похую
[06:44:15] ExoManic (b5e20ef4-e04f-3988-9cbd-890969bf6aa4): заебись
[06:44:20] WhiteOG (2d9bdc17-fadd-3be8-8a04-200866504ffe): мне нужна пещера сначала
[06:44:23] ExoManic (b5e20ef4-e04f-3988-9cbd-890969bf6aa4): Ахахах
[06:44:25] WhiteOG (2d9bdc17-fadd-3be8-8a04-200866504ffe): чтобы я меч ебашил
[06:44:25] ExoManic (b5e20ef4-e04f-3988-9cbd-890969bf6aa4): сука
[06:44:41] ExoManic (b5e20ef4-e04f-3988-9cbd-890969bf6aa4): Предлагаю потом это сделать, ибо у нас спаун на плоской хуйне
[06:44:51] WhiteOG (2d9bdc17-fadd-3be8-8a04-200866504ffe): окей
[06:44:57] WhiteOG (2d9bdc17-fadd-3be8-8a04-200866504ffe): я знаешь че хочу
[06:45:05] ExoManic (b5e20ef4-e04f-3988-9cbd-890969bf6aa4): че
[06:45:09] WhiteOG (2d9bdc17-fadd-3be8-8a04-200866504ffe): остров расширить этот
[06:45:21] ExoManic (b5e20ef4-e04f-3988-9cbd-890969bf6aa4): выбор за тобой
[06:45:26] WhiteOG (2d9bdc17-fadd-3be8-8a04-200866504ffe): ок
[06:56:07] ExoManic (b5e20ef4-e04f-3988-9cbd-890969bf6aa4): ,kz
[06:56:09] ExoManic (b5e20ef4-e04f-3988-9cbd-890969bf6aa4): Бля
[06:56:13] ExoManic (b5e20ef4-e04f-3988-9cbd-890969bf6aa4): Я стива спиздил
[06:56:27] WhiteOG (2d9bdc17-fadd-3be8-8a04-200866504ffe): какого еще стива
[06:56:33] ExoManic (b5e20ef4-e04f-3988-9cbd-890969bf6aa4): тпшнись
[06:56:48] ExoManic (b5e20ef4-e04f-3988-9cbd-890969bf6aa4): салам алейкум
[06:56:54] WhiteOG (2d9bdc17-fadd-3be8-8a04-200866504ffe): ахахах
[06:58:13] ExoManic (b5e20ef4-e04f-3988-9cbd-890969bf6aa4): ты нахуй член построил
[06:58:22] ExoManic (b5e20ef4-e04f-3988-9cbd-890969bf6aa4): Вроде строишь церковь
[06:58:33] WhiteOG (2d9bdc17-fadd-3be8-8a04-200866504ffe): бля
[06:58:39] WhiteOG (2d9bdc17-fadd-3be8-8a04-200866504ffe): увидишь крч
[06:58:43] ExoManic (b5e20ef4-e04f-3988-9cbd-890969bf6aa4): Ладно
[06:58:47] ExoManic (b5e20ef4-e04f-3988-9cbd-890969bf6aa4): Длинный член
[06:58:48] ExoManic (b5e20ef4-e04f-3988-9cbd-890969bf6aa4): я понял
[07:09:40] WhiteOG (2d9bdc17-fadd-3be8-8a04-200866504ffe): я щас буду полным ебланом
[07:09:51] WhiteOG (2d9bdc17-fadd-3be8-8a04-200866504ffe): че
[07:10:00] WhiteOG (2d9bdc17-fadd-3be8-8a04-200866504ffe): что почему
[07:10:24] WhiteOG (2d9bdc17-fadd-3be8-8a04-200866504ffe): если отвечаю боту
[07:10:31] WhiteOG (2d9bdc17-fadd-3be8-8a04-200866504ffe): крч
[07:10:39] WhiteOG (2d9bdc17-fadd-3be8-8a04-200866504ffe): смотри че за хуйня
[07:10:53] WhiteOG (2d9bdc17-fadd-3be8-8a04-200866504ffe): я сообщение в чат пишу
[07:11:17] WhiteOG (2d9bdc17-fadd-3be8-8a04-200866504ffe): и мне пишет что меня никто не слышит
[07:11:26] WhiteOG (2d9bdc17-fadd-3be8-8a04-200866504ffe): это из за того что никто не играет?
[07:13:47] WhiteOG (2d9bdc17-fadd-3be8-8a04-200866504ffe): да
[07:14:03] WhiteOG (2d9bdc17-fadd-3be8-8a04-200866504ffe): давай
[07:14:13] WhiteOG (2d9bdc17-fadd-3be8-8a04-200866504ffe): ок
[07:41:28] WhiteOG (2d9bdc17-fadd-3be8-8a04-200866504ffe): ну как
[07:41:37] Zytia (4ba59776-eb4c-39f0-ac65-fbfee71ecf6c): прикольно
[07:41:49] Zytia (4ba59776-eb4c-39f0-ac65-fbfee71ecf6c): tвыглядит интересно
[07:42:17] Zytia (4ba59776-eb4c-39f0-ac65-fbfee71ecf6c): а где ильфат пещеру строил?
[07:42:24] WhiteOG (2d9bdc17-fadd-3be8-8a04-200866504ffe): хз
[07:42:37] WhiteOG (2d9bdc17-fadd-3be8-8a04-200866504ffe): мы решили
[07:42:51] WhiteOG (2d9bdc17-fadd-3be8-8a04-200866504ffe): что пещеру пока не строим т.к мир плоский
[07:42:58] WhiteOG (2d9bdc17-fadd-3be8-8a04-200866504ffe): потом построим
[07:44:11] Zytia (4ba59776-eb4c-39f0-ac65-fbfee71ecf6c): 5882990
[07:44:16] Zytia (4ba59776-eb4c-39f0-ac65-fbfee71ecf6c): 588 29 90
[07:44:22] Zytia (4ba59776-eb4c-39f0-ac65-fbfee71ecf6c): ласт сломаный блок им
[07:44:30] Zytia (4ba59776-eb4c-39f0-ac65-fbfee71ecf6c): спавн
[07:44:35] Zytia (4ba59776-eb4c-39f0-ac65-fbfee71ecf6c): понял
[07:44:49] WhiteOG (2d9bdc17-fadd-3be8-8a04-200866504ffe): нихуя не понял
[07:46:21] Zytia (4ba59776-eb4c-39f0-ac65-fbfee71ecf6c): ладно, я ливаю
[07:48:21] Zytia (4ba59776-eb4c-39f0-ac65-fbfee71ecf6c): как ты написал в чат с префиксом spy
[07:48:25] Zytia (4ba59776-eb4c-39f0-ac65-fbfee71ecf6c): §41
[07:48:34] WhiteOG (2d9bdc17-fadd-3be8-8a04-200866504ffe): я ебу?
[07:48:38] Zytia (4ba59776-eb4c-39f0-ac65-fbfee71ecf6c): §6[Spy]
[07:48:42] Zytia (4ba59776-eb4c-39f0-ac65-fbfee71ecf6c): wtf
[07:49:31] Zytia (4ba59776-eb4c-39f0-ac65-fbfee71ecf6c): wtf
