[07:37:33] Kepler197 (64ec25db-d2c7-315e-99ee-7ca982f501a9): 1
[15:23:42] pirozho4eg (5048cd8f-66a6-3cff-b555-da3fbfc1b1d9): f
[15:55:46] pirozho4eg (5048cd8f-66a6-3cff-b555-da3fbfc1b1d9): Zity дарова
[15:55:56] Zytia (4ba59776-eb4c-39f0-ac65-fbfee71ecf6c): Privet
[15:56:03] pirozho4eg (5048cd8f-66a6-3cff-b555-da3fbfc1b1d9): что делаешь?
[15:56:30] Zytia (4ba59776-eb4c-39f0-ac65-fbfee71ecf6c): баги исправляю
[15:56:53] pirozho4eg (5048cd8f-66a6-3cff-b555-da3fbfc1b1d9): аа, так это ты серв перезагрузил?
[15:56:58] Zytia (4ba59776-eb4c-39f0-ac65-fbfee71ecf6c): да
[15:57:02] pirozho4eg (5048cd8f-66a6-3cff-b555-da3fbfc1b1d9): ясн
[15:57:22] Zytia (4ba59776-eb4c-39f0-ac65-fbfee71ecf6c): античит подправил, сейчас не должно кикать, когда на лодке катаешься
[15:57:37] pirozho4eg (5048cd8f-66a6-3cff-b555-da3fbfc1b1d9): только что хотел про это написать
[15:57:40] pirozho4eg (5048cd8f-66a6-3cff-b555-da3fbfc1b1d9): ф
[15:58:05] pirozho4eg (5048cd8f-66a6-3cff-b555-da3fbfc1b1d9): а еще есть баги?
[15:58:18] Zytia (4ba59776-eb4c-39f0-ac65-fbfee71ecf6c): не исключено
[15:59:36] pirozho4eg (5048cd8f-66a6-3cff-b555-da3fbfc1b1d9): хахахахахахахахахахахахаххаахаха
[15:59:37] Zytia (4ba59776-eb4c-39f0-ac65-fbfee71ecf6c): пздц
[15:59:44] pirozho4eg (5048cd8f-66a6-3cff-b555-da3fbfc1b1d9): ситак
[15:59:49] pirozho4eg (5048cd8f-66a6-3cff-b555-da3fbfc1b1d9): читак
[16:04:32] pirozho4eg (5048cd8f-66a6-3cff-b555-da3fbfc1b1d9): Zity го в дс? я тебе написал на сервере незр крафта
[16:05:47] pirozho4eg (5048cd8f-66a6-3cff-b555-da3fbfc1b1d9): Zity го в дс? я тебе написал в дс сервере незр крафта
[16:06:48] pirozho4eg (5048cd8f-66a6-3cff-b555-da3fbfc1b1d9): Zity го в дс? я тебе написал в дс сервере незр крафта
[16:07:05] pirozho4eg (5048cd8f-66a6-3cff-b555-da3fbfc1b1d9): Zytia го в дс? я тебе написал в дс сервере незр крафта
[16:48:14] pirozho4eg (5048cd8f-66a6-3cff-b555-da3fbfc1b1d9): fffff
[19:40:26] pirozho4eg (5048cd8f-66a6-3cff-b555-da3fbfc1b1d9): SENEKILL
[19:40:31] SENEKILL (3aba6f41-6e61-3d5b-b311-9935d86eefca): шо
[19:40:32] pirozho4eg (5048cd8f-66a6-3cff-b555-da3fbfc1b1d9): го в голос
[20:07:32] asya_612 (fe7113a2-373b-3b5f-9295-6e03d8f7a457): я вас видела
[20:07:38] asya_612 (fe7113a2-373b-3b5f-9295-6e03d8f7a457): вы тим?
[20:18:48] pirozho4eg (5048cd8f-66a6-3cff-b555-da3fbfc1b1d9): хэллоу
