[12:05:41] [main/INFO]: Environment: authHost='https://authserver.mojang.com', accountsHost='https://api.mojang.com', sessionHost='https://sessionserver.mojang.com', servicesHost='https://api.minecraftservices.com', name='PROD'
[12:05:41] [main/INFO]: Reloading ResourceManager: Default, bukkit
[12:05:42] [Worker-Main-2/INFO]: Loaded 7 recipes
[12:05:43] [Server thread/INFO]: Starting minecraft server version 1.16.5
[12:05:43] [Server thread/INFO]: Loading properties
[12:05:43] [Server thread/INFO]: This server is running Paper version git-Paper-593 (MC: 1.16.5) (Implementing API version 1.16.5-R0.1-SNAPSHOT)
[12:05:43] [Server thread/INFO]: Debug logging is disabled
[12:05:43] [Server thread/INFO]: Server Ping Player Sample Count: 12
[12:05:43] [Server thread/INFO]: Using 4 threads for Netty based IO
[12:05:43] [Server thread/INFO]: Default game type: SURVIVAL
[12:05:43] [Server thread/INFO]: Generating keypair
[12:05:43] [Server thread/INFO]: Starting Minecraft server on *:25569
[12:05:43] [Server thread/INFO]: Using default channel type
[12:05:44] [Server thread/WARN]: Initializing Legacy Material Support. Unless you have legacy plugins and/or data this is a bug!
[12:05:46] [Server thread/WARN]: Legacy plugin PlaytimePlus v2.2.1 does not specify an api-version.
[12:05:46] [Server thread/WARN]: Legacy plugin HideStream v3.10 does not specify an api-version.
[12:05:47] [Server thread/WARN]: Legacy plugin PowerRTP v5.0.2 does not specify an api-version.
[12:05:47] [Server thread/INFO]: [PlaytimePlus] Loading PlaytimePlus v2.2.1
[12:05:47] [Server thread/INFO]: [CrazyAuctionsPlus] Loading CrazyAuctionsPlus v1.1.4.3
[12:05:47] [Server thread/INFO]: [PlaceholderAPI] Loading PlaceholderAPI v2.10.9
[12:05:47] [Server thread/INFO]: [MySQL] Loading MySQL v3.4
[12:05:47] [Server thread/INFO]: [NetherCraft_Cart] Loading NetherCraft_Cart v1.0
[12:05:47] [Server thread/INFO]: [BattlePass] Loading BattlePass v2.3.6
[12:05:47] [Server thread/INFO]: [ViaVersion] Loading ViaVersion v4.0.0
[12:05:47] [Server thread/INFO]: [ViaVersion] ViaVersion 4.0.0 is now loaded, injecting!
[12:05:47] [Via-Mappingloader-0/INFO]: [ViaVersion] Loading 1.12 -> 1.13 mappings...
[12:05:47] [Via-Mappingloader-1/INFO]: [ViaVersion] Loading 1.13 -> 1.13.2 mappings...
[12:05:47] [Via-Mappingloader-2/INFO]: [ViaVersion] Loading 1.13.2 -> 1.14 mappings...
[12:05:47] [Via-Mappingloader-3/INFO]: [ViaVersion] Loading 1.14 -> 1.15 mappings...
[12:05:47] [Server thread/INFO]: [HideStream] Loading HideStream v3.10
[12:05:47] [Server thread/INFO]: [ViaBackwards] Loading ViaBackwards v4.0.0
[12:05:47] [Via-Mappingloader-4/INFO]: [ViaVersion] Loading 1.15 -> 1.16 mappings...
[12:05:47] [Via-Mappingloader-6/INFO]: [ViaVersion] Loading 1.16.2 -> 1.17 mappings...
[12:05:47] [Via-Mappingloader-5/INFO]: [ViaVersion] Loading 1.16 -> 1.16.2 mappings...
[12:05:47] [Server thread/INFO]: [ViaBackwards] Loading translations...
[12:05:47] [Via-Mappingloader-1/INFO]: [ViaBackwards] Loading 1.11 -> 1.10 mappings...
[12:05:47] [Via-Mappingloader-7/INFO]: [ViaBackwards] Loading 1.10 -> 1.9.4 mappings...
[12:05:47] [Via-Mappingloader-0/INFO]: [ViaVersion] Loading block connection mappings ...
[12:05:47] [Via-Mappingloader-2/INFO]: [ViaBackwards] Loading 1.13.2 -> 1.13 mappings...
[12:05:47] [Via-Mappingloader-8/INFO]: [ViaBackwards] Loading 1.14 -> 1.13.2 mappings...
[12:05:47] [Via-Mappingloader-8/INFO]: [ViaBackwards] Loading 1.15 -> 1.14 mappings...
[12:05:47] [Via-Mappingloader-8/INFO]: [ViaBackwards] Loading 1.16 -> 1.15 mappings...
[12:05:47] [Via-Mappingloader-6/INFO]: [ViaBackwards] Loading 1.16.2 -> 1.16 mappings...
[12:05:47] [Via-Mappingloader-6/INFO]: [ViaBackwards] Loading 1.17 -> 1.16.2 mappings...
[12:05:47] [Server thread/INFO]: [LuckPerms] Loading LuckPerms v5.3.3
[12:05:47] [Via-Mappingloader-8/INFO]: [ViaBackwards] Loading 1.13 -> 1.12 mappings...
[12:05:47] [Server thread/INFO]: [ProtocolLib] Loading ProtocolLib v4.6.0
[12:05:48] [Server thread/INFO]: [SkinsRestorer] Loading SkinsRestorer v14.1.1
[12:05:48] [Server thread/INFO]: [Vault] Loading Vault v1.7.3-b131
[12:05:48] [Server thread/INFO]: [Chatty] Loading Chatty v2.19.2
[12:05:48] [Server thread/INFO]: [WorldEdit] Loading WorldEdit v7.2.5+57d5ac9
[12:05:49] [Server thread/INFO]: Got request to register class com.sk89q.worldedit.bukkit.BukkitServerInterface with WorldEdit [com.sk89q.worldedit.extension.platform.PlatformManager@5b0c224e]
[12:05:49] [Server thread/INFO]: [MysqlPlayerDataBridge] Loading MysqlPlayerDataBridge v3.35.1
[12:05:49] [Server thread/INFO]: [Essentials] Loading Essentials v2.18.2.0
[12:05:49] [Server thread/INFO]: [PowerRTP] Loading PowerRTP v5.0.2
[12:05:49] [Server thread/INFO]: [AuthMe] Loading AuthMe v5.6.0-beta2-b2453
[12:05:49] [Server thread/INFO]: [RealScoreboard] Loading RealScoreboard v11-4-2021 Build 1
[12:05:49] [Server thread/INFO]: [WorldGuard] Loading WorldGuard v7.0.4+f7ff984
[12:05:49] [Server thread/INFO]: [SalaryManager] Loading SalaryManager v0.5.5
[12:05:49] [Server thread/INFO]: [Money4Mobs] Loading Money4Mobs v1.5.3
[12:05:49] [Server thread/INFO]: [TAB] Loading TAB v2.8.10
[12:05:49] [Server thread/INFO]: [ProtectionStones] Loading ProtectionStones v2.8.3
[12:05:49] [Server thread/INFO]: [AntiRelog] Loading AntiRelog v3.0.6
[12:05:49] [Server thread/INFO]: Server permissions file permissions.yml is empty, ignoring it
[12:05:49] [Server thread/INFO]: [LuckPerms] Enabling LuckPerms v5.3.3
[12:05:49] [Server thread/INFO]:         __    
[12:05:49] [Server thread/INFO]:   |    |__)   LuckPerms v5.3.3
[12:05:49] [Server thread/INFO]:   |___ |      Running on Bukkit - Paper
[12:05:49] [Server thread/INFO]: 
[12:05:49] [Server thread/INFO]: [LuckPerms] Loading configuration...
[12:05:49] [Server thread/INFO]: [LuckPerms] Loading storage provider... [MYSQL]
[12:05:49] [Server thread/WARN]: [me.lucko.luckperms.lib.hikari.HikariConfig] luckperms-hikari - maxLifetime is less than 30000ms, setting to default 1800000ms.
[12:05:49] [Server thread/INFO]: [me.lucko.luckperms.lib.hikari.HikariDataSource] luckperms-hikari - Starting...
[12:05:49] [Server thread/INFO]: [me.lucko.luckperms.lib.hikari.HikariDataSource] luckperms-hikari - Start completed.
[12:05:50] [Server thread/INFO]: [LuckPerms] Loading messaging service... [SQL]
[12:05:50] [Server thread/INFO]: [LuckPerms] Loading internal permission managers...
[12:05:50] [Server thread/INFO]: [LuckPerms] Performing initial data load...
[12:05:50] [Server thread/INFO]: [LuckPerms] Successfully enabled. (took 1102ms)
[12:05:50] [Server thread/INFO]: [ProtocolLib] Enabling ProtocolLib v4.6.0
[12:05:50] [Server thread/INFO]: [ProtocolLib] Started structure compiler thread.
[12:05:50] [Server thread/INFO]: [Vault] Enabling Vault v1.7.3-b131
[12:05:50] [Server thread/WARN]: [Vault] Loaded class com.earth2me.essentials.api.Economy from Essentials v2.18.2.0 which is not a depend, softdepend or loadbefore of this plugin.
[12:05:50] [Server thread/INFO]: [Vault] [Economy] Essentials Economy found: Waiting
[12:05:50] [Server thread/INFO]: [Vault] [Permission] SuperPermissions loaded as backup permission system.
[12:05:50] [Server thread/INFO]: [Vault] Enabled Version 1.7.3-b131
[12:05:50] [Server thread/INFO]: [LuckPerms] Registered Vault permission & chat hook.
[12:05:50] [Server thread/INFO]: [WorldEdit] Enabling WorldEdit v7.2.5+57d5ac9
[12:05:50] [Server thread/INFO]: WEPIF: Using the Bukkit Permissions API.
[12:05:50] [Server thread/INFO]: Using com.sk89q.worldedit.bukkit.adapter.impl.Spigot_v1_16_R3 as the Bukkit adapter
[12:05:51] [Server thread/WARN]: **** SERVER IS RUNNING IN OFFLINE/INSECURE MODE!
[12:05:51] [Server thread/WARN]: The server will make no attempt to authenticate usernames. Beware.
[12:05:51] [Server thread/WARN]: Whilst this makes it possible to use BungeeCord, unless access to your server is properly restricted, it also opens up the ability for hackers to connect with any username they choose.
[12:05:51] [Server thread/WARN]: Please see http://www.spigotmc.org/wiki/firewall-guide/ for further information.
[12:05:51] [Server thread/WARN]: To change this, set "online-mode" to "true" in the server.properties file.
[12:05:51] [Server thread/INFO]: Preparing level "world"
[12:05:51] [Server thread/INFO]: Registering commands with com.sk89q.worldedit.bukkit.BukkitServerInterface
[12:05:51] [Server thread/INFO]: Preparing start region for dimension minecraft:overworld
[12:05:51] [Server thread/INFO]: Loaded 0 spawn chunks for world world
[12:05:51] [Server thread/INFO]: Time elapsed: 131 ms
[12:05:51] [Server thread/INFO]: Preparing start region for dimension minecraft:the_nether
[12:05:51] [Server thread/INFO]: Loaded 0 spawn chunks for world world_nether
[12:05:51] [Server thread/INFO]: Time elapsed: 45 ms
[12:05:51] [Server thread/INFO]: Preparing start region for dimension minecraft:the_end
[12:05:52] [Server thread/INFO]: Loaded 0 spawn chunks for world world_the_end
[12:05:52] [Server thread/INFO]: Time elapsed: 238 ms
[12:05:52] [Server thread/INFO]: [PlaytimePlus] Enabling PlaytimePlus v2.2.1*
[12:05:52] [Server thread/INFO]: [Playtime] Sucessfully connected to database!
[12:05:52] [Server thread/INFO]: [Playtime] PlaytimePlus by ForcyCode
[12:05:52] [Server thread/INFO]: [CrazyAuctionsPlus] Enabling CrazyAuctionsPlus v1.1.4.3
[12:05:52] [Server thread/INFO]: [CrazyAuctionsPlus] System default language parameter information is loaded.
[12:05:52] [Server thread/INFO]: [CrazyAuctionsPlus] Configuration file Config.yml successfully loaded!
[12:05:52] [Server thread/INFO]: [CrazyAuctionsPlus] Configuration file Category.yml successfully loaded!
[12:05:52] [Server thread/INFO]: [CrazyAuctionsPlus] Configuration file ItemCollection.yml successfully loaded!
[12:05:52] [Server thread/INFO]: [CrazyAuctionsPlus] Configuration file Messages.yml successfully loaded!
[12:05:52] [Server thread/WARN]: Loading class `com.mysql.jdbc.Driver'. This is deprecated. The new driver class is `com.mysql.cj.jdbc.Driver'. The driver is automatically registered via the SPI and manual loading of the driver class is generally unnecessary.
[12:05:52] [Server thread/INFO]: | Торговая площадка: Successful Connection to MySQL database server.
[12:05:52] [Server thread/INFO]: | Торговая площадка: Vault found, Economic system has been initialized.
[12:05:52] [Server thread/WARN]: [CrazyAuctionsPlus] Loaded class net.milkbowl.vault.economy.Economy from Vault v1.7.3-b131 which is not a depend, softdepend or loadbefore of this plugin.
[12:05:52] [Server thread/INFO]: | Торговая площадка: Plugin are enabled! 131MS.
[12:05:52] [Server thread/INFO]: [PlaceholderAPI] Enabling PlaceholderAPI v2.10.9
[12:05:52] [Server thread/INFO]: [PlaceholderAPI] Fetching available expansion information...
[12:05:52] [Server thread/INFO]: [MySQL] Enabling MySQL v3.4
[12:05:52] [Server thread/INFO]: SQL connected.
[12:05:52] [Server thread/INFO]: [NetherCraft_Cart] Enabling NetherCraft_Cart v1.0
[12:05:52] [Server thread/INFO]: [NetherCraft_Cart] NetherCraft Cart Enabled!
[12:05:52] [Server thread/INFO]: [PlaceholderAPI] Successfully registered expansion: nethercraft
[12:05:52] [Server thread/INFO]: [BattlePass] Enabling BattlePass v2.3.6
[12:05:52] [Server thread/WARN]: [com.zaxxer.hikari.HikariConfig] battlepass-hikari - maxLifetime is less than 30000ms, setting to default 1800000ms.
[12:05:52] [Server thread/INFO]: [com.zaxxer.hikari.HikariDataSource] battlepass-hikari - Starting...
[12:05:52] [Server thread/WARN]: [BattlePass] Loaded class com.mysql.jdbc.jdbc2.optional.MysqlDataSource from NetherCraft_Cart v1.0 which is not a depend, softdepend or loadbefore of this plugin.
[12:05:52] [Server thread/INFO]: [com.zaxxer.hikari.HikariDataSource] battlepass-hikari - Start completed.
[12:05:52] [Server thread/INFO]: [PlaceholderAPI] Successfully registered expansion: battlepass
[12:05:52] [Server thread/INFO]: [BattlePass] Successfully hooked into PlaceholderAPI
[12:05:52] [Server thread/INFO]: [BattlePass] Cracked Version By iHaqDev for BlackSpigotMC 
[12:05:52] [Server thread/INFO]: [ViaVersion] Enabling ViaVersion v4.0.0
[12:05:52] [Server thread/INFO]: [HideStream] Enabling HideStream v3.10*
[12:05:52] [Server thread/INFO]: [HideStream] Version 3.10 enabled. (Metrics: true. CheckForUpdates: false)
[12:05:52] [Server thread/INFO]: [ViaBackwards] Enabling ViaBackwards v4.0.0
[12:05:52] [Server thread/INFO]: [SkinsRestorer] Enabling SkinsRestorer v14.1.1
[12:05:53] [Server thread/INFO]: [SkinsRestorer] Unsupported plugin (ViaVersion or ProtocolSupport) detected, forcing SpigotSkinRefresher
[12:05:53] [Server thread/INFO]: [SkinsRestorer] Using SpigotSkinRefresher
[12:05:53] [Server thread/INFO]: [SkinsRestorer] Detected Minecraft v1_16_R3, using SkinApplierBukkit.
[12:05:53] [Server thread/INFO]: [SkinsRestorer] -------------------------/Warning\-------------------------
[12:05:53] [Server thread/INFO]: [SkinsRestorer] This plugin is running in Bungee mode!
[12:05:53] [Server thread/INFO]: [SkinsRestorer] You have to do all configuration at config file
[12:05:53] [Server thread/INFO]: [SkinsRestorer] inside your Bungeecord server.
[12:05:53] [Server thread/INFO]: [SkinsRestorer] (Bungeecord-Server/plugins/SkinsRestorer/).
[12:05:53] [Server thread/INFO]: [SkinsRestorer] -------------------------\Warning/-------------------------
[12:05:53] [Server thread/INFO]: [Chatty] Enabling Chatty v2.19.2
[12:05:53] [Server thread/INFO]: [Chatty] Vault has successful hooked.
[12:05:53] [Server thread/INFO]: [PlaceholderAPI] Successfully registered expansion: chatty
[12:05:53] [Server thread/INFO]: [Chatty] PlaceholderAPI has successful hooked.
[12:05:53] [Server thread/INFO]: [MysqlPlayerDataBridge] Enabling MysqlPlayerDataBridge v3.35.1
[12:05:53] [Server thread/INFO]: [MysqlPlayerDataBridge] Loading the config file...
[12:05:53] [Server thread/INFO]: [MysqlPlayerDataBridge] Vault dependency found.
[12:05:53] [Server thread/INFO]: [MysqlPlayerDataBridge] Using economy system: Essentials Economy
[12:05:53] [Server thread/INFO]: [MysqlPlayerDataBridge] Compatible server version detected: 1.16.5
[12:05:53] [Server thread/WARN]: [MysqlPlayerDataBridge] Could not find the AuctionHouse plugin installed! Disabling AuctionHouse support!
[12:05:53] [Server thread/INFO]: [MysqlPlayerDataBridge] Connecting to the database...
[12:05:53] [Server thread/INFO]: [MysqlPlayerDataBridge] Database connection successfull!
[12:05:53] [Server thread/INFO]: [MysqlPlayerDataBridge] Data save task is enabled.
[12:05:53] [Server thread/INFO]: [MysqlPlayerDataBridge] Sync inventory is enabled.
[12:05:53] [Server thread/INFO]: [MysqlPlayerDataBridge] Sync gamemode is disabled.
[12:05:53] [Server thread/INFO]: [MysqlPlayerDataBridge] Sync armor is enabled.
[12:05:53] [Server thread/INFO]: [MysqlPlayerDataBridge] Sync enderchest is enabled.
[12:05:53] [Server thread/INFO]: [MysqlPlayerDataBridge] Sync experience is enabled.
[12:05:53] [Server thread/INFO]: [MysqlPlayerDataBridge] Sync active potion effects is disabled.
[12:05:53] [Server thread/INFO]: [MysqlPlayerDataBridge] Sync players health  is disabled.
[12:05:53] [Server thread/INFO]: [MysqlPlayerDataBridge] Sync players food is disabled.
[12:05:53] [Server thread/INFO]: [MysqlPlayerDataBridge] Sync players air is disabled.
[12:05:53] [Server thread/INFO]: [MysqlPlayerDataBridge] Sync players location is disabled.
[12:05:53] [Server thread/INFO]: [MysqlPlayerDataBridge] Sync players bed location is disabled.
[12:05:53] [Server thread/INFO]: [MysqlPlayerDataBridge] Sync economy is enabled.
[12:05:53] [Server thread/INFO]: [MysqlPlayerDataBridge] MysqlPlayerDataBridge loaded successfully!
[12:05:53] [Server thread/INFO]: [Essentials] Enabling Essentials v2.18.2.0
[12:05:53] [Server thread/ERROR]: [Essentials] You are running an unsupported server version!
[12:05:53] [Server thread/INFO]: [Essentials] Attempting to convert old kits in config.yml to new kits.yml
[12:05:53] [Server thread/INFO]: [Essentials] No kits found to migrate.
[12:05:53] [Server thread/INFO]: [Essentials] Loaded 25599 items from items.json.
[12:05:53] [Server thread/INFO]: [Essentials] Using locale ru_RU
[12:05:53] [Server thread/INFO]: [Essentials] ServerListPingEvent: Spigot iterator API
[12:05:53] [Server thread/INFO]: [Essentials] Starting Metrics. Opt-out using the global bStats config.
[12:05:53] [Server thread/INFO]: [Vault] [Economy] Essentials Economy hooked.
[12:05:53] [Server thread/INFO]: [Essentials] Using Vault based permissions (LuckPerms)
[12:05:53] [Server thread/INFO]: [PowerRTP] Enabling PowerRTP v5.0.2*
[12:05:53] [Server thread/INFO]: [PowerRTP] [Updater] Auto-Update is disabled! If you would like to have RandomTP update itself automatically, please enable it in the config.
[12:05:53] [Server thread/INFO]: [AuthMe] Enabling AuthMe v5.6.0-beta2-b2453
[12:05:54] [Server thread/INFO]: [AuthMe] Connection arguments loaded, Hikari ConnectionPool ready!
[12:05:54] [Server thread/WARN]: [Server thread] INFO fr.xephi.authme.libs.com.zaxxer.hikari.HikariDataSource - AuthMeMYSQLPool - Starting...
[12:05:54] [Server thread/WARN]: [Server thread] WARN fr.xephi.authme.libs.com.zaxxer.hikari.util.DriverDataSource - Registered driver with driverClassName=com.mysql.jdbc.Driver was not found, trying direct instantiation.
[12:05:54] [Server thread/WARN]: [Server thread] INFO fr.xephi.authme.libs.com.zaxxer.hikari.HikariDataSource - AuthMeMYSQLPool - Start completed.
[12:05:54] [Server thread/INFO]: [AuthMe] MySQL setup finished
[12:05:54] [Server thread/INFO]: [AuthMe] Hooked into LuckPerms!
[12:05:54] [Server thread/INFO]: [AuthMe] Hooked successfully into Essentials
[12:05:54] [Server thread/INFO]: [AuthMe] Essentials spawn file not found: 'D:\Desktop\server\nethercraft_project_server\anarchy\plugins\Essentials\spawn.yml'
[12:05:54] [Server thread/WARN]: [AuthMe] Note: Hooks.bungeecord is set to false but your server appears to be running in bungeecord mode (see your spigot.yml). In order to allow the datasource caching and the AuthMeBungee add-on to work properly you have to enable this option!
[12:05:54] [Server thread/INFO]: [AuthMe] AuthMe 5.6.0-beta2 build n.2453 successfully enabled!
[12:05:54] [Server thread/INFO]: [RealScoreboard] Enabling RealScoreboard v11-4-2021 Build 1
[12:05:54] [Server thread/INFO]: [RealScoreboard] ------------------- RealScoreboard 11-4-2021 Build 1 -------------------
[12:05:55] [Server thread/INFO]: [com.j256.ormlite.table.TableUtils] creating table 'playerdata'
[12:05:55] [Server thread/INFO]: [com.j256.ormlite.table.TableUtils] executed create table statement changed 0 rows: CREATE TABLE IF NOT EXISTS `playerdata` (`uuid` VARCHAR NOT NULL , `scoreboard_on` BOOLEAN , PRIMARY KEY (`uuid`) ) 
[12:05:55] [Server thread/INFO]: [RealScoreboard] Your config version is: 8
[12:05:55] [Server thread/INFO]: [RealScoreboard] Your config file is updated to the latest version.
[12:05:55] [Server thread/INFO]: [RealScoreboard] Finished loading RealScoreboard.
[12:05:55] [Server thread/INFO]: [RealScoreboard] Server version: v1_16_R3 | Plugin Version: 11-4-2021 Build 1
[12:05:55] [Server thread/INFO]: [RealScoreboard] ------------------- RealScoreboard 11-4-2021 Build 1 -------------------
[12:05:55] [Server thread/INFO]: [WorldGuard] Enabling WorldGuard v7.0.4+f7ff984
[12:05:55] [Server thread/INFO]: [WorldGuard] (world) TNT ignition is PERMITTED.
[12:05:55] [Server thread/INFO]: [WorldGuard] (world) Lighters are PERMITTED.
[12:05:55] [Server thread/INFO]: [WorldGuard] (world) Lava fire is PERMITTED.
[12:05:55] [Server thread/INFO]: [WorldGuard] (world) Fire spread is UNRESTRICTED.
[12:05:55] [Server thread/INFO]: [WorldGuard] Loaded configuration for world 'world'
[12:05:55] [Server thread/INFO]: [WorldGuard] (world_nether) TNT ignition is PERMITTED.
[12:05:55] [Server thread/INFO]: [WorldGuard] (world_nether) Lighters are PERMITTED.
[12:05:55] [Server thread/INFO]: [WorldGuard] (world_nether) Lava fire is PERMITTED.
[12:05:55] [Server thread/INFO]: [WorldGuard] (world_nether) Fire spread is UNRESTRICTED.
[12:05:55] [Server thread/INFO]: [WorldGuard] Loaded configuration for world 'world_nether'
[12:05:55] [Server thread/INFO]: [WorldGuard] (world_the_end) TNT ignition is PERMITTED.
[12:05:55] [Server thread/INFO]: [WorldGuard] (world_the_end) Lighters are PERMITTED.
[12:05:55] [Server thread/INFO]: [WorldGuard] (world_the_end) Lava fire is PERMITTED.
[12:05:55] [Server thread/INFO]: [WorldGuard] (world_the_end) Fire spread is UNRESTRICTED.
[12:05:55] [Server thread/INFO]: [WorldGuard] Loaded configuration for world 'world_the_end'
[12:05:55] [Server thread/INFO]: [WorldGuard] Loading region data...
[12:05:55] [Server thread/INFO]: [SalaryManager] Enabling SalaryManager v0.5.5
[12:05:55] [Server thread/INFO]: [SalaryManager] Registering PlaceholderAPI hook
[12:05:55] [Server thread/INFO]: [PlaceholderAPI] Successfully registered expansion: salarymanager
[12:05:55] [Server thread/INFO]: [Money4Mobs] Enabling Money4Mobs v1.5.3
[12:05:55] [Server thread/INFO]: [TAB] Enabling TAB v2.8.10
[12:05:55] [Server thread/INFO]: [TAB] Server version: 1.16.5 (v1_16_R3)
[12:05:55] [Server thread/INFO]: [TAB] File plugins\TAB\errors.txt exists and is not empty. Take a look at the error messages and try to resolve them. After you do, delete the file.
[12:05:55] [Server thread/INFO]: [TAB] There was 1 startup warning.
[12:05:55] [Server thread/INFO]: [TAB] Enabled in 46ms
[12:05:55] [Server thread/INFO]: [ProtectionStones] Enabling ProtectionStones v2.8.3
[12:05:55] [Server thread/INFO]: [WorldGuard] Registering session handler dev.espi.protectionstones.flags.GreetingFlagHandler
[12:05:55] [Server thread/INFO]: [WorldGuard] Registering session handler dev.espi.protectionstones.flags.FarewellFlagHandler
[12:05:55] [Server thread/INFO]: [ProtectionStones] PlaceholderAPI support enabled!
[12:05:55] [Server thread/INFO]: [PlaceholderAPI] Successfully registered expansion: protectionstones
[12:05:55] [Server thread/INFO]: [ProtectionStones] LuckPerms support enabled!
[12:05:55] [Thread-13/INFO]: [TAB] Version 2.9.1 is out! Your version: 2.8.10
[12:05:55] [Thread-13/INFO]: [TAB] Get the update at https://www.spigotmc.org/resources/57806/
[12:05:55] [Server thread/INFO]: [ProtectionStones] Protection Stone Blocks:
[12:05:55] [Server thread/INFO]: [ProtectionStones] - DIAMOND_BLOCK (5x5x5)
[12:05:55] [Server thread/INFO]: [ProtectionStones] - DIAMOND_ORE (8x8x8)
[12:05:55] [Server thread/INFO]: [ProtectionStones] - EMERALD_ORE (11x11x11)
[12:05:55] [Server thread/INFO]: [ProtectionStones] - IRON_ORE (10x10x10)
[12:05:55] [Server thread/INFO]: [ProtectionStones] - GOLD_BLOCK (15x15x15)
[12:05:55] [Server thread/INFO]: [ProtectionStones] - REDSTONE_BLOCK (REDSTONE_BLOCK)
[12:05:56] [Server thread/INFO]: [ProtectionStones] Building region cache...
[12:05:56] [Server thread/INFO]: [ProtectionStones] Building UUID cache... (if slow change async-load-uuid-cache in the config to true)
[12:05:56] [Server thread/INFO]: [ProtectionStones] Checking if PS regions have been updated to UUIDs...
[12:05:56] [Server thread/INFO]: [ProtectionStones] ProtectionStones has successfully started!
[12:05:56] [Server thread/INFO]: [AntiRelog] Enabling AntiRelog v3.0.6
[12:05:56] [Server thread/INFO]: [PlaceholderAPI] Placeholder expansion registration initializing...
[12:05:56] [Server thread/INFO]: Running delayed init tasks
[12:05:56] [Server thread/INFO]: [ViaVersion] ViaVersion detected server version: 1.16.4/5 (754)
[12:05:56] [Server thread/WARN]: [ViaVersion] You are running an outdated Java version, please consider updating it to at least Java 16 (your version is 11.0.10). At some point in the future, ViaVersion will no longer be compatible with this version of Java.
[12:05:56] [Server thread/INFO]: [SkinsRestorer] Activating ViaBackwards workaround.
[12:05:56] [Server thread/INFO]: [PlaceholderAPI] Successfully registered expansion: tab
[12:05:56] [Server thread/INFO]: [ViaVersion] Finished mapping loading, shutting down loader executor!
[12:05:56] [Server thread/INFO]: [PlaceholderAPI] Successfully registered expansion: bungee
[12:05:56] [Craft Scheduler Thread - 11/INFO]: [RealScoreboard] There is a new update available!
[12:05:56] [Craft Scheduler Thread - 5/INFO]: [AuthMe] Downloading GEO IP database, because the old database is older than 30 days or doesn't exist
[12:05:56] [Craft Scheduler Thread - 5/WARN]: [AuthMe] No MaxMind credentials found in the configuration file! GeoIp protections will be disabled.
[12:05:56] [Craft Scheduler Thread - 5/INFO]: [AuthMe] There is no newer GEO IP database uploaded to MaxMind. Using the old one for now.
[12:05:56] [Craft Scheduler Thread - 5/WARN]: [AuthMe] Could not download GeoLiteAPI database [FileNotFoundException]: plugins\AuthMe\GeoLite2-Country.mmdb (Не удается найти указанный файл)
[12:05:56] [Server thread/WARN]: Warning: Nashorn engine is planned to be removed from a future JDK release
[12:05:56] [Craft Scheduler Thread - 12/INFO]: [Money4Mobs] New version available -> https://www.spigotmc.org/resources/money4mobs.85373
[12:05:56] [Server thread/WARN]: [PAPI] [Javascript-Expansion] ScriptEngine type for javascript placeholder anarchy_sum isn't initialized! Defaulting to global
[12:05:56] [Server thread/INFO]: [PAPI] [Javascript-Expansion] Placeholder %javascript_anarchy_sum% has been loaded
[12:05:56] [Server thread/WARN]: [PAPI] [Javascript-Expansion] ScriptEngine type for javascript placeholder survival_sum isn't initialized! Defaulting to global
[12:05:56] [Server thread/INFO]: [PAPI] [Javascript-Expansion] Placeholder %javascript_survival_sum% has been loaded
[12:05:56] [Server thread/WARN]: [PAPI] [Javascript-Expansion] ScriptEngine type for javascript placeholder prefix isn't initialized! Defaulting to global
[12:05:56] [Server thread/INFO]: [PAPI] [Javascript-Expansion] Placeholder %javascript_prefix% has been loaded
[12:05:56] [Server thread/WARN]: [PAPI] [Javascript-Expansion] ScriptEngine type for javascript placeholder new isn't initialized! Defaulting to global
[12:05:56] [Server thread/INFO]: [PAPI] [Javascript-Expansion] Data for placeholder new has been loaded
[12:05:56] [Server thread/INFO]: [PAPI] [Javascript-Expansion] Placeholder %javascript_new% has been loaded
[12:05:56] [Server thread/INFO]: [PAPI] [Javascript-Expansion] 4 scripts loaded!
[12:05:56] [Server thread/INFO]: [PlaceholderAPI] Successfully registered expansion: javascript
[12:05:56] [Server thread/WARN]: [PlaceholderAPI] Loaded class net.luckperms.api.LuckPerms from LuckPerms v5.3.3 which is not a depend, softdepend or loadbefore of this plugin.
[12:05:56] [Server thread/INFO]: [PlaceholderAPI] Successfully registered expansion: luckperms
[12:05:56] [Server thread/INFO]: [PlaceholderAPI] Successfully registered expansion: statistic
[12:05:56] [Server thread/INFO]: 4 placeholder hooks successfully registered!
[12:05:56] [Server thread/INFO]: Done (13.491s)! For help, type "help"
[12:05:56] [Server thread/INFO]: Timings Reset
[12:05:56] [Craft Scheduler Thread - 2/INFO]: [SkinsRestorer] ----------------------------------------------
[12:05:56] [Craft Scheduler Thread - 2/INFO]: [SkinsRestorer]     +===============+
[12:05:56] [Craft Scheduler Thread - 2/INFO]: [SkinsRestorer]     | SkinsRestorer |
[12:05:56] [Craft Scheduler Thread - 2/INFO]: [SkinsRestorer]     |---------------|
[12:05:56] [Craft Scheduler Thread - 2/INFO]: [SkinsRestorer]     |  Bungee Mode  |
[12:05:56] [Craft Scheduler Thread - 2/INFO]: [SkinsRestorer]     +===============+
[12:05:56] [Craft Scheduler Thread - 2/INFO]: [SkinsRestorer] ----------------------------------------------
[12:05:56] [Craft Scheduler Thread - 2/INFO]: [SkinsRestorer]     Current version: 14.1.1
[12:05:56] [Craft Scheduler Thread - 2/INFO]: [SkinsRestorer]     This is the latest version!
[12:05:56] [Craft Scheduler Thread - 2/INFO]: [SkinsRestorer] ----------------------------------------------
[12:07:00] [Server thread/INFO]: [MysqlPlayerDataBridge] There are no players online!
[12:07:00] [Server thread/INFO]: [MysqlPlayerDataBridge] Stopping the server...
[12:07:01] [Server thread/INFO]: Stopping server
[12:07:01] [Server thread/INFO]: [AntiRelog] Disabling AntiRelog v3.0.6
[12:07:01] [Server thread/INFO]: [ProtectionStones] Disabling ProtectionStones v2.8.3
[12:07:01] [Server thread/INFO]: [TAB] Disabling TAB v2.8.10
[12:07:01] [Server thread/INFO]: [TAB] Disabled in 3ms
[12:07:01] [Server thread/INFO]: [Money4Mobs] Disabling Money4Mobs v1.5.3
[12:07:01] [Server thread/INFO]: [Money4Mobs] Disabled Version 1.5.3
[12:07:01] [Server thread/INFO]: [SalaryManager] Disabling SalaryManager v0.5.5
[12:07:01] [Server thread/INFO]: [WorldGuard] Disabling WorldGuard v7.0.4+f7ff984
[12:07:01] [Server thread/INFO]: [WorldGuard] Shutting down executor and cancelling any pending tasks...
[12:07:01] [Server thread/INFO]: [RealScoreboard] Disabling RealScoreboard v11-4-2021 Build 1
[12:07:01] [Server thread/INFO]: [AuthMe] Disabling AuthMe v5.6.0-beta2-b2453
[12:07:01] [Server thread/INFO]: [AuthMe] Waiting for 0 tasks to finish
[12:07:01] [Server thread/WARN]: [Server thread] INFO fr.xephi.authme.libs.com.zaxxer.hikari.HikariDataSource - AuthMeMYSQLPool - Shutdown initiated...
[12:07:01] [Server thread/WARN]: [Server thread] INFO fr.xephi.authme.libs.com.zaxxer.hikari.HikariDataSource - AuthMeMYSQLPool - Shutdown completed.
[12:07:01] [Server thread/INFO]: [AuthMe] AuthMe 5.6.0-beta2-b2453 disabled!
[12:07:01] [Server thread/INFO]: [PowerRTP] Disabling PowerRTP v5.0.2
[12:07:01] [Server thread/INFO]: [Essentials] Disabling Essentials v2.18.2.0
[12:07:01] [Server thread/INFO]: [Vault] [Economy] Essentials Economy unhooked.
[12:07:01] [Server thread/INFO]: [MysqlPlayerDataBridge] Disabling MysqlPlayerDataBridge v3.35.1
[12:07:01] [Server thread/INFO]: [MysqlPlayerDataBridge] Closing database connection...
[12:07:01] [Server thread/INFO]: [MysqlPlayerDataBridge] Data cleanup is disabled.
[12:07:01] [Server thread/INFO]: [MysqlPlayerDataBridge] MysqlPlayerDataBridge is disabled!
[12:07:01] [Server thread/INFO]: [WorldEdit] Disabling WorldEdit v7.2.5+57d5ac9
[12:07:01] [Server thread/INFO]: Unregistering com.sk89q.worldedit.bukkit.BukkitServerInterface from WorldEdit
[12:07:01] [Server thread/INFO]: [Chatty] Disabling Chatty v2.19.2
[12:07:01] [Server thread/INFO]: [Vault] Disabling Vault v1.7.3-b131
[12:07:01] [Server thread/INFO]: [SkinsRestorer] Disabling SkinsRestorer v14.1.1
[12:07:01] [Server thread/INFO]: [ProtocolLib] Disabling ProtocolLib v4.6.0
[12:07:01] [Server thread/INFO]: [LuckPerms] Disabling LuckPerms v5.3.3
[12:07:01] [Server thread/INFO]: [PlaceholderAPI] Unregistered placeholder expansion: luckperms
[12:07:01] [Server thread/INFO]: [LuckPerms] Starting shutdown process...
[12:07:01] [Server thread/INFO]: [LuckPerms] Closing messaging service...
[12:07:01] [Server thread/INFO]: [LuckPerms] Closing storage...
[12:07:01] [Server thread/INFO]: [me.lucko.luckperms.lib.hikari.HikariDataSource] luckperms-hikari - Shutdown initiated...
[12:07:01] [Server thread/INFO]: [me.lucko.luckperms.lib.hikari.HikariDataSource] luckperms-hikari - Shutdown completed.
[12:07:01] [Server thread/INFO]: [LuckPerms] Goodbye!
[12:07:01] [Server thread/INFO]: [ViaBackwards] Disabling ViaBackwards v4.0.0
[12:07:01] [Server thread/INFO]: [HideStream] Disabling HideStream v3.10
[12:07:01] [Server thread/INFO]: [HideStream] Version 3.10 disabled.
[12:07:01] [Server thread/INFO]: [ViaVersion] Disabling ViaVersion v4.0.0
[12:07:01] [Server thread/INFO]: [ViaVersion] ViaVersion is disabling, if this is a reload and you experience issues consider rebooting.
[12:07:01] [Server thread/INFO]: [BattlePass] Disabling BattlePass v2.3.6
[12:07:01] [Server thread/INFO]: [com.zaxxer.hikari.HikariDataSource] battlepass-hikari - Shutdown initiated...
[12:07:01] [Server thread/INFO]: [com.zaxxer.hikari.HikariDataSource] battlepass-hikari - Shutdown completed.
[12:07:01] [Server thread/INFO]: [NetherCraft_Cart] Disabling NetherCraft_Cart v1.0
[12:07:01] [Server thread/INFO]: [NetherCraft_Cart] NetherCraft Cart Disabled!
[12:07:01] [Server thread/INFO]: [MySQL] Disabling MySQL v3.4
[12:07:01] [Server thread/INFO]: SQL disconnected.
[12:07:01] [Server thread/INFO]: [PlaceholderAPI] Disabling PlaceholderAPI v2.10.9
[12:07:01] [Server thread/INFO]: [CrazyAuctionsPlus] Disabling CrazyAuctionsPlus v1.1.4.3
[12:07:01] [Server thread/INFO]: | Торговая площадка: All MySQL data has been saved.
[12:07:01] [Server thread/INFO]: [PlaytimePlus] Disabling PlaytimePlus v2.2.1
[12:07:01] [Server thread/INFO]: Saving players
[12:07:01] [Server thread/INFO]: Saving worlds
[12:07:01] [Server thread/INFO]: Saving chunks for level 'ServerLevel[world]'/minecraft:overworld
[12:07:01] [Server thread/INFO]: ThreadedAnvilChunkStorage (world): All chunks are saved
[12:07:01] [Server thread/INFO]: Saving chunks for level 'ServerLevel[world_nether]'/minecraft:the_nether
[12:07:02] [Server thread/INFO]: ThreadedAnvilChunkStorage (DIM-1): All chunks are saved
[12:07:02] [Server thread/INFO]: Saving chunks for level 'ServerLevel[world_the_end]'/minecraft:the_end
[12:07:02] [Server thread/INFO]: ThreadedAnvilChunkStorage (DIM1): All chunks are saved
[12:07:02] [Server thread/INFO]: ThreadedAnvilChunkStorage (world): All chunks are saved
[12:07:03] [Server thread/INFO]: ThreadedAnvilChunkStorage (DIM-1): All chunks are saved
[12:07:03] [Server thread/INFO]: ThreadedAnvilChunkStorage (DIM1): All chunks are saved
[12:07:03] [Server thread/INFO]: Flushing Chunk IO
[12:07:03] [Server thread/INFO]: Closing Thread Pool
[12:07:03] [Server thread/INFO]: Closing Server
