[05:19:50] Zytia (4ba59776-eb4c-39f0-ac65-fbfee71ecf6c): fsa
[05:20:26] Zytia (4ba59776-eb4c-39f0-ac65-fbfee71ecf6c): sa
[05:21:30] Zytia (4ba59776-eb4c-39f0-ac65-fbfee71ecf6c): rsa
[05:22:50] Zytia (4ba59776-eb4c-39f0-ac65-fbfee71ecf6c): ыф
[05:28:49] Zytia (4ba59776-eb4c-39f0-ac65-fbfee71ecf6c): sf
[05:29:59] Zytia (4ba59776-eb4c-39f0-ac65-fbfee71ecf6c): fsa
[05:33:51] Zytia (4ba59776-eb4c-39f0-ac65-fbfee71ecf6c): sa
[05:34:40] Zytia (4ba59776-eb4c-39f0-ac65-fbfee71ecf6c): sa
[05:36:54] Zytia (4ba59776-eb4c-39f0-ac65-fbfee71ecf6c): sa
[05:47:59] Zytia (4ba59776-eb4c-39f0-ac65-fbfee71ecf6c): sa
[08:25:34] Zytia (4ba59776-eb4c-39f0-ac65-fbfee71ecf6c): sa
[08:31:51] Zytia (4ba59776-eb4c-39f0-ac65-fbfee71ecf6c): sa
[08:32:30] Zytia (4ba59776-eb4c-39f0-ac65-fbfee71ecf6c): sa
[08:38:01] Zytia (4ba59776-eb4c-39f0-ac65-fbfee71ecf6c): привет
[08:44:22] Zytia (4ba59776-eb4c-39f0-ac65-fbfee71ecf6c): блять
[08:44:24] Zytia (4ba59776-eb4c-39f0-ac65-fbfee71ecf6c): сука
[08:44:29] Zytia (4ba59776-eb4c-39f0-ac65-fbfee71ecf6c): <мат>
[09:33:35] Zytia (4ba59776-eb4c-39f0-ac65-fbfee71ecf6c): sa
[09:34:28] Zytia (4ba59776-eb4c-39f0-ac65-fbfee71ecf6c): sa
[09:34:47] Zytia (4ba59776-eb4c-39f0-ac65-fbfee71ecf6c): sa
[20:49:43] Zytia (4ba59776-eb4c-39f0-ac65-fbfee71ecf6c): yfsa
