[20:46:49] ExoManic (b5e20ef4-e04f-3988-9cbd-890969bf6aa4): ./menu
[21:39:30] teperyaemo (5fce8145-2256-3bab-a070-d0fa43b608dc): <матюки>
[21:39:36] teperyaemo (5fce8145-2256-3bab-a070-d0fa43b608dc): пипи
[21:39:42] Limbo_02 (e2ab5f4c-e8e3-30a8-b5f0-30ad6b9592da): <матюки>
[21:39:53] ExoManic (b5e20ef4-e04f-3988-9cbd-890969bf6aa4): <матюки>
[21:39:57] ExoManic (b5e20ef4-e04f-3988-9cbd-890969bf6aa4): ыаааааааа
[21:53:45] teperyaemo (5fce8145-2256-3bab-a070-d0fa43b608dc): -700 1675
[21:56:50] teperyaemo (5fce8145-2256-3bab-a070-d0fa43b608dc): fee
[21:56:52] Zytia (4ba59776-eb4c-39f0-ac65-fbfee71ecf6c): sa
[22:15:21] teperyaemo (5fce8145-2256-3bab-a070-d0fa43b608dc): -8853 13720
[22:28:24] teperyaemo (5fce8145-2256-3bab-a070-d0fa43b608dc): дамй мне
[22:28:42] teperyaemo (5fce8145-2256-3bab-a070-d0fa43b608dc): дебил
[22:35:45] Zytia (4ba59776-eb4c-39f0-ac65-fbfee71ecf6c): .рщьу рщьу
[23:40:23] teperyaemo (5fce8145-2256-3bab-a070-d0fa43b608dc): оуууу йееееа
[23:43:54] teperyaemo (5fce8145-2256-3bab-a070-d0fa43b608dc): тупые школ€ры не поймут же
[23:44:00] ExoManic (b5e20ef4-e04f-3988-9cbd-890969bf6aa4): –еально
[23:45:55] teperyaemo (5fce8145-2256-3bab-a070-d0fa43b608dc): краской тыкнуть
[23:47:35] teperyaemo (5fce8145-2256-3bab-a070-d0fa43b608dc): :с
[23:48:05] ExoManic (b5e20ef4-e04f-3988-9cbd-890969bf6aa4): mikro
[23:48:12] ExoManic (b5e20ef4-e04f-3988-9cbd-890969bf6aa4): s
[23:56:27] teperyaemo (5fce8145-2256-3bab-a070-d0fa43b608dc): дайте маринованный глаз
[23:56:33] teperyaemo (5fce8145-2256-3bab-a070-d0fa43b608dc): или два разных гриба
[23:57:46] teperyaemo (5fce8145-2256-3bab-a070-d0fa43b608dc): дайте маринованный глаз
[23:57:47] teperyaemo (5fce8145-2256-3bab-a070-d0fa43b608dc): или два разных гриба
[23:58:04] teperyaemo (5fce8145-2256-3bab-a070-d0fa43b608dc): да читами
[23:58:07] teperyaemo (5fce8145-2256-3bab-a070-d0fa43b608dc): у нас нет
[23:58:26] teperyaemo (5fce8145-2256-3bab-a070-d0fa43b608dc): дайте маринованный глаз
[23:58:42] teperyaemo (5fce8145-2256-3bab-a070-d0fa43b608dc): спс <3
