[06:51:33] ExoManic (b5e20ef4-e04f-3988-9cbd-890969bf6aa4): s
[06:54:03] Zytia (4ba59776-eb4c-39f0-ac65-fbfee71ecf6c): sa
[06:54:06] ExoManic (b5e20ef4-e04f-3988-9cbd-890969bf6aa4): ы
[06:54:10] ExoManic (b5e20ef4-e04f-3988-9cbd-890969bf6aa4): ы
[07:05:24] Zytia (4ba59776-eb4c-39f0-ac65-fbfee71ecf6c): sda
[07:10:32] Zytia (4ba59776-eb4c-39f0-ac65-fbfee71ecf6c): sa
[07:10:34] ExoManic (b5e20ef4-e04f-3988-9cbd-890969bf6aa4): Пизда
[07:10:39] Zytia (4ba59776-eb4c-39f0-ac65-fbfee71ecf6c): sdas
[07:10:45] ExoManic (b5e20ef4-e04f-3988-9cbd-890969bf6aa4): ы
[07:13:01] Zytia (4ba59776-eb4c-39f0-ac65-fbfee71ecf6c): ыф
[07:13:04] ExoManic (b5e20ef4-e04f-3988-9cbd-890969bf6aa4): ы
[07:14:10] Zytia (4ba59776-eb4c-39f0-ac65-fbfee71ecf6c): sa
[07:14:12] ExoManic (b5e20ef4-e04f-3988-9cbd-890969bf6aa4): ы
[07:14:24] Zytia (4ba59776-eb4c-39f0-ac65-fbfee71ecf6c): sa
[07:15:59] Zytia (4ba59776-eb4c-39f0-ac65-fbfee71ecf6c): a
[07:16:28] Zytia (4ba59776-eb4c-39f0-ac65-fbfee71ecf6c): sa
[07:16:42] Zytia (4ba59776-eb4c-39f0-ac65-fbfee71ecf6c): as
[07:17:09] Zytia (4ba59776-eb4c-39f0-ac65-fbfee71ecf6c): sa
[07:17:30] Zytia (4ba59776-eb4c-39f0-ac65-fbfee71ecf6c): fas
[07:20:15] Zytia (4ba59776-eb4c-39f0-ac65-fbfee71ecf6c): sa
[07:20:19] Zytia (4ba59776-eb4c-39f0-ac65-fbfee71ecf6c): sa
[07:22:53] Zytia (4ba59776-eb4c-39f0-ac65-fbfee71ecf6c): as
[07:23:09] Zytia (4ba59776-eb4c-39f0-ac65-fbfee71ecf6c): sa
[07:23:35] Zytia (4ba59776-eb4c-39f0-ac65-fbfee71ecf6c): sa
[07:24:03] Zytia (4ba59776-eb4c-39f0-ac65-fbfee71ecf6c): sa
[07:24:22] Zytia (4ba59776-eb4c-39f0-ac65-fbfee71ecf6c): as
[07:25:03] Zytia (4ba59776-eb4c-39f0-ac65-fbfee71ecf6c): sdfsa
[07:25:29] Zytia (4ba59776-eb4c-39f0-ac65-fbfee71ecf6c): sa
[07:25:38] Zytia (4ba59776-eb4c-39f0-ac65-fbfee71ecf6c): sa
[07:25:41] Zytia (4ba59776-eb4c-39f0-ac65-fbfee71ecf6c): sa
[07:25:58] Zytia (4ba59776-eb4c-39f0-ac65-fbfee71ecf6c): sa
[07:26:32] Zytia (4ba59776-eb4c-39f0-ac65-fbfee71ecf6c): sa
[07:31:33] Zytia (4ba59776-eb4c-39f0-ac65-fbfee71ecf6c): sa
[07:31:34] ExoManic (b5e20ef4-e04f-3988-9cbd-890969bf6aa4): s
[07:31:38] ExoManic (b5e20ef4-e04f-3988-9cbd-890969bf6aa4): Ауе
[07:31:39] Zytia (4ba59776-eb4c-39f0-ac65-fbfee71ecf6c): sa
[07:31:49] ExoManic (b5e20ef4-e04f-3988-9cbd-890969bf6aa4): Путин вор
[07:32:04] Zytia (4ba59776-eb4c-39f0-ac65-fbfee71ecf6c): sa
[07:32:09] ExoManic (b5e20ef4-e04f-3988-9cbd-890969bf6aa4): Ауе
[07:32:09] Zytia (4ba59776-eb4c-39f0-ac65-fbfee71ecf6c): sa
[07:32:14] Zytia (4ba59776-eb4c-39f0-ac65-fbfee71ecf6c): sa
[07:32:57] Zytia (4ba59776-eb4c-39f0-ac65-fbfee71ecf6c): sa
[07:33:25] Zytia (4ba59776-eb4c-39f0-ac65-fbfee71ecf6c): sa
[07:37:25] Zytia (4ba59776-eb4c-39f0-ac65-fbfee71ecf6c): sa
[07:37:32] Zytia (4ba59776-eb4c-39f0-ac65-fbfee71ecf6c): Зутя
[07:37:43] Zytia (4ba59776-eb4c-39f0-ac65-fbfee71ecf6c): ыф
[07:38:06] Zytia (4ba59776-eb4c-39f0-ac65-fbfee71ecf6c): ыф
[07:40:38] Zytia (4ba59776-eb4c-39f0-ac65-fbfee71ecf6c): пизда
[07:40:50] Zytia (4ba59776-eb4c-39f0-ac65-fbfee71ecf6c): <матюки> <матюки> <матюки>
[07:41:00] Zytia (4ba59776-eb4c-39f0-ac65-fbfee71ecf6c): global
[07:41:11] Zytia (4ba59776-eb4c-39f0-ac65-fbfee71ecf6c): ало
[07:41:13] Zytia (4ba59776-eb4c-39f0-ac65-fbfee71ecf6c): ыф
[07:41:15] ExoManic (b5e20ef4-e04f-3988-9cbd-890969bf6aa4): Ауе
[07:41:19] ExoManic (b5e20ef4-e04f-3988-9cbd-890969bf6aa4): ы
[07:48:56] ExoManic (b5e20ef4-e04f-3988-9cbd-890969bf6aa4): Хуйло
[07:49:02] ExoManic (b5e20ef4-e04f-3988-9cbd-890969bf6aa4): Поебать
[07:49:03] ExoManic (b5e20ef4-e04f-3988-9cbd-890969bf6aa4): нахуй
[07:49:15] ExoManic (b5e20ef4-e04f-3988-9cbd-890969bf6aa4): Твоя мать шлюха
[07:49:17] ExoManic (b5e20ef4-e04f-3988-9cbd-890969bf6aa4): ))0
[07:49:20] ExoManic (b5e20ef4-e04f-3988-9cbd-890969bf6aa4): <матюки>
[07:49:24] ExoManic (b5e20ef4-e04f-3988-9cbd-890969bf6aa4): <матюки>
[07:49:24] WhiteOG (2d9bdc17-fadd-3be8-8a04-200866504ffe): gпошел нахуй
[07:49:27] ExoManic (b5e20ef4-e04f-3988-9cbd-890969bf6aa4): Пошел <матюки>
[07:49:30] ExoManic (b5e20ef4-e04f-3988-9cbd-890969bf6aa4): <матюки>
[07:49:32] ExoManic (b5e20ef4-e04f-3988-9cbd-890969bf6aa4): в смысле
[07:49:36] ExoManic (b5e20ef4-e04f-3988-9cbd-890969bf6aa4): вагинальная <матюки>
[07:49:44] ExoManic (b5e20ef4-e04f-3988-9cbd-890969bf6aa4): Пробка
[07:49:53] ExoManic (b5e20ef4-e04f-3988-9cbd-890969bf6aa4): Анальный дилдо
