[00:22:39] Hentai_Kawaii (7f945850-5153-334b-820c-51028472e886): го спать?
[00:27:41] Zytia (4ba59776-eb4c-39f0-ac65-fbfee71ecf6c): fsa
[00:27:44] ExoManic (b5e20ef4-e04f-3988-9cbd-890969bf6aa4): ыа
[14:47:00] olh123 (bbc1ee69-3ad5-3d99-b1ef-60b372b091f6): f
[14:47:07] olh123 (bbc1ee69-3ad5-3d99-b1ef-60b372b091f6): кто живой?
[14:55:38] olh123 (bbc1ee69-3ad5-3d99-b1ef-60b372b091f6): WhiteOG ты кто?
[14:56:56] olh123 (bbc1ee69-3ad5-3d99-b1ef-60b372b091f6): создатель WhiteOG
[14:57:06] ExoManic (b5e20ef4-e04f-3988-9cbd-890969bf6aa4): g Кто создатель?
[14:57:10] olh123 (bbc1ee69-3ad5-3d99-b1ef-60b372b091f6): а че так
[14:57:14] olh123 (bbc1ee69-3ad5-3d99-b1ef-60b372b091f6): много
[14:57:16] WhiteOG (2d9bdc17-fadd-3be8-8a04-200866504ffe): один из создателей
[14:57:28] pirozho4eg (5048cd8f-66a6-3cff-b555-da3fbfc1b1d9): WhiteOG го в глос, а то скучно
[14:57:35] olh123 (bbc1ee69-3ad5-3d99-b1ef-60b372b091f6): кто создатель
[14:57:38] olh123 (bbc1ee69-3ad5-3d99-b1ef-60b372b091f6): я не понимаю
[14:57:42] pirozho4eg (5048cd8f-66a6-3cff-b555-da3fbfc1b1d9): WhiteOG го в голос, а то скучно
[14:58:05] Zytia (4ba59776-eb4c-39f0-ac65-fbfee71ecf6c): 3 создателя, whiteog - дизайн, exomanic - разработчик сервера, я - создатель сайта
[14:58:41] olh123 (bbc1ee69-3ad5-3d99-b1ef-60b372b091f6): никита борисов кто из вас
[14:58:48] olh123 (bbc1ee69-3ad5-3d99-b1ef-60b372b091f6): ?
[14:58:51] Zytia (4ba59776-eb4c-39f0-ac65-fbfee71ecf6c): white_of
[14:58:53] Zytia (4ba59776-eb4c-39f0-ac65-fbfee71ecf6c): white_og
[14:59:02] olh123 (bbc1ee69-3ad5-3d99-b1ef-60b372b091f6): Press F
[14:59:50] olh123 (bbc1ee69-3ad5-3d99-b1ef-60b372b091f6): у вас тут сколько максимальный онлайн был(рекорд)
[14:59:56] Zytia (4ba59776-eb4c-39f0-ac65-fbfee71ecf6c): 15
[14:59:56] ExoManic (b5e20ef4-e04f-3988-9cbd-890969bf6aa4): 10
[14:59:59] pirozho4eg (5048cd8f-66a6-3cff-b555-da3fbfc1b1d9): 10
[15:00:05] ExoManic (b5e20ef4-e04f-3988-9cbd-890969bf6aa4): Ошибаюсь, 15 было
[15:00:06] pirozho4eg (5048cd8f-66a6-3cff-b555-da3fbfc1b1d9): 10-16
[15:00:07] Zytia (4ba59776-eb4c-39f0-ac65-fbfee71ecf6c): а, ну мб 10
[15:00:54] olh123 (bbc1ee69-3ad5-3d99-b1ef-60b372b091f6): набов в модерацию не планируете
[15:01:10] pirozho4eg (5048cd8f-66a6-3cff-b555-da3fbfc1b1d9): народа мало, наверно нет
[15:01:15] ExoManic (b5e20ef4-e04f-3988-9cbd-890969bf6aa4): Пока не требуется, ибо онлайн не такой большой.
[15:01:19] olh123 (bbc1ee69-3ad5-3d99-b1ef-60b372b091f6): хотя онлайн до 100 хотя бы
[15:01:47] ExoManic (b5e20ef4-e04f-3988-9cbd-890969bf6aa4): Будет постоянный онлайн 15-30, то уже потребуется
[15:01:48] Zytia (4ba59776-eb4c-39f0-ac65-fbfee71ecf6c): это в будущем,мы открылись меньше полумесяца назад, когда онлайн будет хотябы человек 40-50, тогда начнем
[15:02:16] olh123 (bbc1ee69-3ad5-3d99-b1ef-60b372b091f6): У вас в мечтах наверно где то 400 онлайна
[15:02:27] Zytia (4ba59776-eb4c-39f0-ac65-fbfee71ecf6c): дай бог :D
[15:02:33] olh123 (bbc1ee69-3ad5-3d99-b1ef-60b372b091f6): +
[15:02:40] Zytia (4ba59776-eb4c-39f0-ac65-fbfee71ecf6c): 50 хотя бы набрать
[15:02:46] pirozho4eg (5048cd8f-66a6-3cff-b555-da3fbfc1b1d9): разработчики сделацте так, чтобы 3 мира были отдельно, т.к. я на других не могу приватить, потому что у меня на этом мире приват. к тому же когда я на других мира пишу home то я телепортируюсь на 1 мир
[15:02:47] Zytia (4ba59776-eb4c-39f0-ac65-fbfee71ecf6c): но учитывая старт, думаю, наберем
[15:02:54] olh123 (bbc1ee69-3ad5-3d99-b1ef-60b372b091f6): я могу дать совет
[15:02:56] pirozho4eg (5048cd8f-66a6-3cff-b555-da3fbfc1b1d9): разработчики сделацте так, чтобы 3 мира были отдельно, т.к. я на других не могу приватить, потому что у меня на этом мире приват
[15:03:17] pirozho4eg (5048cd8f-66a6-3cff-b555-da3fbfc1b1d9): к тому же когда я на других мира пишу home то я телепортируюсь на 1 мир
[15:03:22] Zytia (4ba59776-eb4c-39f0-ac65-fbfee71ecf6c): мы исправим эт ов ближайшее время, через месяц будет крупный апдейт
[15:03:29] pirozho4eg (5048cd8f-66a6-3cff-b555-da3fbfc1b1d9): ок
[15:03:49] Zytia (4ba59776-eb4c-39f0-ac65-fbfee71ecf6c): olh123 говори
[15:04:14] olh123 (bbc1ee69-3ad5-3d99-b1ef-60b372b091f6): раз сервер начинающий вам не помешало бы чуть чуть поднастроить плагин на начальные команды такие как /call
[15:04:31] Zytia (4ba59776-eb4c-39f0-ac65-fbfee71ecf6c): а в чем проблема с ним?
[15:04:46] olh123 (bbc1ee69-3ad5-3d99-b1ef-60b372b091f6): /call и начальные команды они доната требовать не должны
[15:04:54] Zytia (4ba59776-eb4c-39f0-ac65-fbfee71ecf6c): мы это убрали
[15:05:03] olh123 (bbc1ee69-3ad5-3d99-b1ef-60b372b091f6): вижу
[15:05:05] Zytia (4ba59776-eb4c-39f0-ac65-fbfee71ecf6c): call сейчас доступен обычным игрокам
[15:05:11] Zytia (4ba59776-eb4c-39f0-ac65-fbfee71ecf6c): на сайте не обновил
[15:05:15] Zytia (4ba59776-eb4c-39f0-ac65-fbfee71ecf6c): руки не доходят
[15:05:20] olh123 (bbc1ee69-3ad5-3d99-b1ef-60b372b091f6): а попробуйте так чтобы
[15:05:25] olh123 (bbc1ee69-3ad5-3d99-b1ef-60b372b091f6): к примеру /call
[15:05:31] olh123 (bbc1ee69-3ad5-3d99-b1ef-60b372b091f6): и пишет
[15:05:58] olh123 (bbc1ee69-3ad5-3d99-b1ef-60b372b091f6): В отправили запрос игроку и всякими цветными буквами
[15:06:06] olh123 (bbc1ee69-3ad5-3d99-b1ef-60b372b091f6): зеленым
[15:06:29] olh123 (bbc1ee69-3ad5-3d99-b1ef-60b372b091f6): а то как то скучновато
[15:06:43] Zytia (4ba59776-eb4c-39f0-ac65-fbfee71ecf6c): смотря кому отправляешь, у привилегий разные цвета
[15:07:25] olh123 (bbc1ee69-3ad5-3d99-b1ef-60b372b091f6): просто я это знаю потому у меня у самого есть сервер я не буду говорить айпи чтоб ваш сервер не унижать
[15:07:36] Zytia (4ba59776-eb4c-39f0-ac65-fbfee71ecf6c): видели мы твой проект
[15:07:51] pirozho4eg (5048cd8f-66a6-3cff-b555-da3fbfc1b1d9): угроза этому серверу?
[15:07:56] olh123 (bbc1ee69-3ad5-3d99-b1ef-60b372b091f6): -
[15:07:59] pirozho4eg (5048cd8f-66a6-3cff-b555-da3fbfc1b1d9): чувак это первый серв
[15:08:03] olh123 (bbc1ee69-3ad5-3d99-b1ef-60b372b091f6): я знаю
[15:08:05] pirozho4eg (5048cd8f-66a6-3cff-b555-da3fbfc1b1d9): не всегда все будет идеально
[15:08:12] Zytia (4ba59776-eb4c-39f0-ac65-fbfee71ecf6c): мы только открылись, не бывает такого, что всё идеально на самом старте
[15:08:15] olh123 (bbc1ee69-3ad5-3d99-b1ef-60b372b091f6): да я просто даю советы
[15:08:46] pirozho4eg (5048cd8f-66a6-3cff-b555-da3fbfc1b1d9): совет по тому чтобы сообщения при отправке тп были разноцветные?
[15:08:55] olh123 (bbc1ee69-3ad5-3d99-b1ef-60b372b091f6): -
[15:08:58] pirozho4eg (5048cd8f-66a6-3cff-b555-da3fbfc1b1d9): мда классный совет
[15:09:13] olh123 (bbc1ee69-3ad5-3d99-b1ef-60b372b091f6): я не хочу скандал на ровном месте
[15:09:22] olh123 (bbc1ee69-3ad5-3d99-b1ef-60b372b091f6): могу вообще молчать
[15:09:29] pirozho4eg (5048cd8f-66a6-3cff-b555-da3fbfc1b1d9): твое право
[15:09:35] pirozho4eg (5048cd8f-66a6-3cff-b555-da3fbfc1b1d9): не мне решать
[15:10:29] pirozho4eg (5048cd8f-66a6-3cff-b555-da3fbfc1b1d9): госпади, я настолько далеко ушел что даже чанки не прогружаются
[15:10:37] olh123 (bbc1ee69-3ad5-3d99-b1ef-60b372b091f6): бывает)))
[15:10:47] pirozho4eg (5048cd8f-66a6-3cff-b555-da3fbfc1b1d9): заброшенная деревня... классс
[15:11:38] olh123 (bbc1ee69-3ad5-3d99-b1ef-60b372b091f6): WhiteOG,а вы не можете приопустить спавн к земле
[15:11:57] olh123 (bbc1ee69-3ad5-3d99-b1ef-60b372b091f6): а нет
[15:11:58] olh123 (bbc1ee69-3ad5-3d99-b1ef-60b372b091f6): точно
[15:12:07] pirozho4eg (5048cd8f-66a6-3cff-b555-da3fbfc1b1d9): кст ExoManic можешь еще раз разместить элитры на аукцион, а то не успел купить))) зато другие вещи купил
[15:12:11] olh123 (bbc1ee69-3ad5-3d99-b1ef-60b372b091f6): тут голограммы слетят
[15:12:16] pirozho4eg (5048cd8f-66a6-3cff-b555-da3fbfc1b1d9): да
[15:12:25] ExoManic (b5e20ef4-e04f-3988-9cbd-890969bf6aa4): элитры купили уже
[15:12:38] pirozho4eg (5048cd8f-66a6-3cff-b555-da3fbfc1b1d9): вчера стив в алмазке летал, хотя я 1 был на серве
[15:12:47] pirozho4eg (5048cd8f-66a6-3cff-b555-da3fbfc1b1d9): ExoManic эхх жаль
[15:13:26] olh123 (bbc1ee69-3ad5-3d99-b1ef-60b372b091f6): я смотрю вы админы не очень шарите во флагах
[15:13:32] olh123 (bbc1ee69-3ad5-3d99-b1ef-60b372b091f6): рг
[15:13:58] pirozho4eg (5048cd8f-66a6-3cff-b555-da3fbfc1b1d9): ExoManic эхх жаль
[15:14:08] ExoManic (b5e20ef4-e04f-3988-9cbd-890969bf6aa4): Я не везде флаги установил еще
[15:14:21] ExoManic (b5e20ef4-e04f-3988-9cbd-890969bf6aa4): А так я все флаги проверяю через документацию
[15:15:04] olh123 (bbc1ee69-3ad5-3d99-b1ef-60b372b091f6): Ну просто у вас тут 2 рг или я ошибаюсь
[15:15:11] olh123 (bbc1ee69-3ad5-3d99-b1ef-60b372b091f6): а стоа
[15:15:12] ExoManic (b5e20ef4-e04f-3988-9cbd-890969bf6aa4): Где?
[15:15:16] olh123 (bbc1ee69-3ad5-3d99-b1ef-60b372b091f6): п
[15:15:19] olh123 (bbc1ee69-3ad5-3d99-b1ef-60b372b091f6): точно
[15:15:36] olh123 (bbc1ee69-3ad5-3d99-b1ef-60b372b091f6): спавн(основной),3 выживания 4 рг
[15:15:40] olh123 (bbc1ee69-3ad5-3d99-b1ef-60b372b091f6): упс
[17:48:11] _HiNaTa_SE (5d186098-d0b8-330e-90f1-6a00b0fc445c): ау
[19:11:34] Lizecia (290fc10d-b7b0-3fce-8a79-5f94076fe276): да
[20:01:46] pirozho4eg (5048cd8f-66a6-3cff-b555-da3fbfc1b1d9): привет
[22:26:02] Alik_7906 (a1c96355-2b25-33f0-9364-ef0ad1e2b001): р
