[05:49:23] ExoManic (b5e20ef4-e04f-3988-9cbd-890969bf6aa4): ы
[05:49:43] ExoManic (b5e20ef4-e04f-3988-9cbd-890969bf6aa4): хуй
[05:50:04] Zytia (4ba59776-eb4c-39f0-ac65-fbfee71ecf6c): sa
[05:59:37] ExoManic (b5e20ef4-e04f-3988-9cbd-890969bf6aa4): Ы
[06:28:57] ExoManic (b5e20ef4-e04f-3988-9cbd-890969bf6aa4): Хуй
[06:28:58] ExoManic (b5e20ef4-e04f-3988-9cbd-890969bf6aa4): Ыыыы
[06:31:05] Zytia (4ba59776-eb4c-39f0-ac65-fbfee71ecf6c): sa
[06:57:54] ExoManic (b5e20ef4-e04f-3988-9cbd-890969bf6aa4): polished
[07:08:28] ExoManic (b5e20ef4-e04f-3988-9cbd-890969bf6aa4): леха лох
[07:08:30] ExoManic (b5e20ef4-e04f-3988-9cbd-890969bf6aa4): пропал опять
[07:22:59] ExoManic (b5e20ef4-e04f-3988-9cbd-890969bf6aa4): ы
[07:23:35] ExoManic (b5e20ef4-e04f-3988-9cbd-890969bf6aa4): Ы
[07:24:11] ExoManic (b5e20ef4-e04f-3988-9cbd-890969bf6aa4): Ы
[07:25:21] ExoManic (b5e20ef4-e04f-3988-9cbd-890969bf6aa4): Ы
[07:30:53] ExoManic (b5e20ef4-e04f-3988-9cbd-890969bf6aa4): ы
[07:31:19] Zytia (4ba59776-eb4c-39f0-ac65-fbfee71ecf6c): fsa
[07:31:38] Zytia (4ba59776-eb4c-39f0-ac65-fbfee71ecf6c): sa
[07:31:54] ExoManic (b5e20ef4-e04f-3988-9cbd-890969bf6aa4): 1
[07:32:02] ExoManic (b5e20ef4-e04f-3988-9cbd-890969bf6aa4): ./prefix
[07:32:59] ExoManic (b5e20ef4-e04f-3988-9cbd-890969bf6aa4): [eq
[07:33:13] ExoManic (b5e20ef4-e04f-3988-9cbd-890969bf6aa4): ы
[07:33:36] Zytia (4ba59776-eb4c-39f0-ac65-fbfee71ecf6c): sa
[07:33:39] ExoManic (b5e20ef4-e04f-3988-9cbd-890969bf6aa4): ы
[07:33:46] Zytia (4ba59776-eb4c-39f0-ac65-fbfee71ecf6c): s
[07:34:00] Zytia (4ba59776-eb4c-39f0-ac65-fbfee71ecf6c): fsa
[07:34:02] ExoManic (b5e20ef4-e04f-3988-9cbd-890969bf6aa4): ы
[07:34:13] Zytia (4ba59776-eb4c-39f0-ac65-fbfee71ecf6c): sa
[08:08:55] ExoManic (b5e20ef4-e04f-3988-9cbd-890969bf6aa4): ./changepassword
