[03:42:48] Zytia (4ba59776-eb4c-39f0-ac65-fbfee71ecf6c): Высота 183
[03:49:46] Zytia (4ba59776-eb4c-39f0-ac65-fbfee71ecf6c): 127679400 блоков
[03:50:05] Zytia (4ba59776-eb4c-39f0-ac65-fbfee71ecf6c): вырезаю.
[05:07:23] ExoManic (b5e20ef4-e04f-3988-9cbd-890969bf6aa4): держу сверчку
[07:58:10] ExoManic (b5e20ef4-e04f-3988-9cbd-890969bf6aa4): .//move
[08:02:50] Zytia (4ba59776-eb4c-39f0-ac65-fbfee71ecf6c): ./superpickaxe area 1
[08:36:09] ExoManic (b5e20ef4-e04f-3988-9cbd-890969bf6aa4): Ауе
[08:47:04] Zytia (4ba59776-eb4c-39f0-ac65-fbfee71ecf6c): sa
[08:47:06] Zytia (4ba59776-eb4c-39f0-ac65-fbfee71ecf6c): hahya
[08:47:07] ExoManic (b5e20ef4-e04f-3988-9cbd-890969bf6aa4): so
[08:47:08] ExoManic (b5e20ef4-e04f-3988-9cbd-890969bf6aa4): si
[08:49:20] ExoManic (b5e20ef4-e04f-3988-9cbd-890969bf6aa4): aye
[08:49:34] Zytia (4ba59776-eb4c-39f0-ac65-fbfee71ecf6c): §51
[08:49:36] Zytia (4ba59776-eb4c-39f0-ac65-fbfee71ecf6c): §k1
[08:49:59] ExoManic (b5e20ef4-e04f-3988-9cbd-890969bf6aa4): Красиво
[08:50:16] ExoManic (b5e20ef4-e04f-3988-9cbd-890969bf6aa4): Красиво
[08:50:48] ExoManic (b5e20ef4-e04f-3988-9cbd-890969bf6aa4): Красиво
[09:44:29] ExoManic (b5e20ef4-e04f-3988-9cbd-890969bf6aa4): Gbplf
[09:44:32] ExoManic (b5e20ef4-e04f-3988-9cbd-890969bf6aa4): Пизда
[09:44:34] ExoManic (b5e20ef4-e04f-3988-9cbd-890969bf6aa4): Да
