[11:51:19] Kepler197 (64ec25db-d2c7-315e-99ee-7ca982f501a9): Иф
[17:27:17] Pizdosi (45a6fa82-ec7c-3519-a20a-147f4364631e): 59 лазурита
[17:27:21] Pizdosi (45a6fa82-ec7c-3519-a20a-147f4364631e): lets go
[17:27:28] Pizdosi (45a6fa82-ec7c-3519-a20a-147f4364631e): стак рэжстоуна
[17:27:36] Pizdosi (45a6fa82-ec7c-3519-a20a-147f4364631e): кучу железа
[17:32:23] Pizdosi (45a6fa82-ec7c-3519-a20a-147f4364631e): я проснулся
[17:37:33] Pizdosi (45a6fa82-ec7c-3519-a20a-147f4364631e): я знаю
[17:37:39] Pizdosi (45a6fa82-ec7c-3519-a20a-147f4364631e): но он то работает то нет
[17:37:53] Pizdosi (45a6fa82-ec7c-3519-a20a-147f4364631e): я копаю ничего не дают
[17:37:59] Pizdosi (45a6fa82-ec7c-3519-a20a-147f4364631e): да
[17:38:08] Pizdosi (45a6fa82-ec7c-3519-a20a-147f4364631e): я устроился
[17:38:17] Pizdosi (45a6fa82-ec7c-3519-a20a-147f4364631e): но то работает то нет
[17:38:32] Pizdosi (45a6fa82-ec7c-3519-a20a-147f4364631e): то <матюки> дает опыт и деньги то нет
[17:45:11] Pizdosi (45a6fa82-ec7c-3519-a20a-147f4364631e): ytn
[17:45:26] Pizdosi (45a6fa82-ec7c-3519-a20a-147f4364631e): yf
[17:45:28] Pizdosi (45a6fa82-ec7c-3519-a20a-147f4364631e): на
[17:46:53] Pizdosi (45a6fa82-ec7c-3519-a20a-147f4364631e): лук
[17:47:01] Pizdosi (45a6fa82-ec7c-3519-a20a-147f4364631e): я 2 сделал
[17:47:12] Pizdosi (45a6fa82-ec7c-3519-a20a-147f4364631e): ноир
[17:47:19] Pizdosi (45a6fa82-ec7c-3519-a20a-147f4364631e): дай жене это съесть)
[17:48:18] Pizdosi (45a6fa82-ec7c-3519-a20a-147f4364631e): смотри
[17:48:24] Pizdosi (45a6fa82-ec7c-3519-a20a-147f4364631e): заходишь в совй профиль
[17:48:28] Pizdosi (45a6fa82-ec7c-3519-a20a-147f4364631e): и там будет
[17:48:31] Pizdosi (45a6fa82-ec7c-3519-a20a-147f4364631e): промокод
[17:52:07] Pizdosi (45a6fa82-ec7c-3519-a20a-147f4364631e): может по приколу привелегию купить
[17:52:33] Pizdosi (45a6fa82-ec7c-3519-a20a-147f4364631e): куплю дибука протестить
[18:00:57] Pizdosi (45a6fa82-ec7c-3519-a20a-147f4364631e): че карта дибука делает???
[18:02:27] Pizdosi (45a6fa82-ec7c-3519-a20a-147f4364631e): <матюки> я тпастя умею
[18:02:45] Pizdosi (45a6fa82-ec7c-3519-a20a-147f4364631e): /jump
[18:03:31] Pizdosi (45a6fa82-ec7c-3519-a20a-147f4364631e): ммм полет
[18:04:39] Pizdosi (45a6fa82-ec7c-3519-a20a-147f4364631e): а в аду летать нельзя?
[18:05:45] Pizdosi (45a6fa82-ec7c-3519-a20a-147f4364631e): как иследовователь работает?
[18:06:00] Pizdosi (45a6fa82-ec7c-3519-a20a-147f4364631e): работа
[18:06:11] Pizdosi (45a6fa82-ec7c-3519-a20a-147f4364631e): полет считается?
[18:07:51] Pizdosi (45a6fa82-ec7c-3519-a20a-147f4364631e): особняк джесса?
[18:10:28] Pizdosi (45a6fa82-ec7c-3519-a20a-147f4364631e): джес это че дом бойлордера)))
[18:10:35] Pizdosi (45a6fa82-ec7c-3519-a20a-147f4364631e): тпнись
[18:10:40] Pizdosi (45a6fa82-ec7c-3519-a20a-147f4364631e): тут даже приват стоит
[18:10:51] Pizdosi (45a6fa82-ec7c-3519-a20a-147f4364631e): нет
[18:11:04] Pizdosi (45a6fa82-ec7c-3519-a20a-147f4364631e): в инвенторе нет
[18:11:12] Pizdosi (45a6fa82-ec7c-3519-a20a-147f4364631e): вобще хз
[18:11:50] Pizdosi (45a6fa82-ec7c-3519-a20a-147f4364631e): кого это халупа
[18:12:37] Pizdosi (45a6fa82-ec7c-3519-a20a-147f4364631e): куда же циган на бое поселился
[18:13:49] Pizdosi (45a6fa82-ec7c-3519-a20a-147f4364631e): ноир поэтому нужна крыша
[18:15:30] Pizdosi (45a6fa82-ec7c-3519-a20a-147f4364631e): сколько стаков стекла надо?
[18:15:42] Pizdosi (45a6fa82-ec7c-3519-a20a-147f4364631e): 3 хватит?
[18:16:00] Pizdosi (45a6fa82-ec7c-3519-a20a-147f4364631e): пирамиду
[18:18:37] Pizdosi (45a6fa82-ec7c-3519-a20a-147f4364631e): 6 стаков песка у меня в инвентаре
[18:20:13] Pizdosi (45a6fa82-ec7c-3519-a20a-147f4364631e): НОИ РСКОЛЬКО КОЖИ НАДО
[18:20:15] Pinoymat377 (e4253efe-07db-33b6-b5ea-30c23845b274): как тебе ?
[18:20:20] ExoManic (b5e20ef4-e04f-3988-9cbd-890969bf6aa4): hyeta
[18:20:21] ExoManic (b5e20ef4-e04f-3988-9cbd-890969bf6aa4): )))
[18:20:39] Pinoymat377 (e4253efe-07db-33b6-b5ea-30c23845b274): ты <матюки> ? Сук
[18:20:49] Pizdosi (45a6fa82-ec7c-3519-a20a-147f4364631e): лол тут два селета в фулл золотой броне
[18:21:40] Pizdosi (45a6fa82-ec7c-3519-a20a-147f4364631e): 9 кожи хватит?
[18:23:31] Pizdosi (45a6fa82-ec7c-3519-a20a-147f4364631e): го
[18:24:09] Pizdosi (45a6fa82-ec7c-3519-a20a-147f4364631e): как в эндере летать
[18:24:26] Pizdosi (45a6fa82-ec7c-3519-a20a-147f4364631e): не могу летать
[18:25:20] Pizdosi (45a6fa82-ec7c-3519-a20a-147f4364631e): ээээ а я
[18:26:06] Pizdosi (45a6fa82-ec7c-3519-a20a-147f4364631e): 5 iner
[18:26:20] Pizdosi (45a6fa82-ec7c-3519-a20a-147f4364631e): еще палки с собой
[18:33:02] Pizdosi (45a6fa82-ec7c-3519-a20a-147f4364631e): где весь лут и сундуки
[18:38:42] Pizdosi (45a6fa82-ec7c-3519-a20a-147f4364631e): я кучу всего доблыи я отошел
[18:45:24] Pizdosi (45a6fa82-ec7c-3519-a20a-147f4364631e): я тут
[18:48:38] Pizdosi (45a6fa82-ec7c-3519-a20a-147f4364631e): ноир я весь песок в печках по дому распихал
[18:51:24] Pizdosi (45a6fa82-ec7c-3519-a20a-147f4364631e): промолчал бы я столько в дом принес <матюки>
[18:51:56] Pizdosi (45a6fa82-ec7c-3519-a20a-147f4364631e): я в эндер мире сидел корчился вещи добывал
[18:54:39] Pizdosi (45a6fa82-ec7c-3519-a20a-147f4364631e): как на аукцион зайти
[18:55:00] Pizdosi (45a6fa82-ec7c-3519-a20a-147f4364631e): ???
[18:56:26] Pizdosi (45a6fa82-ec7c-3519-a20a-147f4364631e): джес шалкер за 2 ляма?
[18:57:45] Pizdosi (45a6fa82-ec7c-3519-a20a-147f4364631e): нои рскрафть мне 12 штук фонарей железных
[18:58:04] Pizdosi (45a6fa82-ec7c-3519-a20a-147f4364631e): я могу тебе голову эндракона дать
[18:58:12] Pizdosi (45a6fa82-ec7c-3519-a20a-147f4364631e): продать
[18:58:55] Pizdosi (45a6fa82-ec7c-3519-a20a-147f4364631e): на
[18:59:13] Pizdosi (45a6fa82-ec7c-3519-a20a-147f4364631e): чекай ее
[19:04:32] Pizdosi (45a6fa82-ec7c-3519-a20a-147f4364631e): как каменный забор делать
[19:05:51] Pizdosi (45a6fa82-ec7c-3519-a20a-147f4364631e): отдай
[19:11:30] Pizdosi (45a6fa82-ec7c-3519-a20a-147f4364631e): так ноир
[19:11:39] Pizdosi (45a6fa82-ec7c-3519-a20a-147f4364631e): значит я построил крутые фонари колодец и тд
[19:11:46] Pizdosi (45a6fa82-ec7c-3519-a20a-147f4364631e): теперь надо крышу
[19:11:50] Pizdosi (45a6fa82-ec7c-3519-a20a-147f4364631e): стеклянную
[19:12:46] Pizdosi (45a6fa82-ec7c-3519-a20a-147f4364631e): у тебя в печказ еще 2 стака было
[19:15:34] Pizdosi (45a6fa82-ec7c-3519-a20a-147f4364631e): ноир поводок или у тебя или у жени есть?
[19:15:45] Pizdosi (45a6fa82-ec7c-3519-a20a-147f4364631e): мне срочно он нужен
[19:16:39] ExoManic (b5e20ef4-e04f-3988-9cbd-890969bf6aa4): /cart all
[19:19:30] Pizdosi (45a6fa82-ec7c-3519-a20a-147f4364631e): <матюки> ноир
[19:19:38] Pizdosi (45a6fa82-ec7c-3519-a20a-147f4364631e): я своим телом заталкивал 10 животных
[19:19:44] Pizdosi (45a6fa82-ec7c-3519-a20a-147f4364631e): в загон
[19:20:26] Pizdosi (45a6fa82-ec7c-3519-a20a-147f4364631e): ноир все с тебя крыша сегодня
[19:21:07] Pizdosi (45a6fa82-ec7c-3519-a20a-147f4364631e): хмммммммм
[19:21:15] Pizdosi (45a6fa82-ec7c-3519-a20a-147f4364631e): с тебя тогда много чего
[19:21:46] Pizdosi (45a6fa82-ec7c-3519-a20a-147f4364631e): дай стекло
[19:21:47] Pizdosi (45a6fa82-ec7c-3519-a20a-147f4364631e): все
[19:22:41] Pizdosi (45a6fa82-ec7c-3519-a20a-147f4364631e): меян фантмо бьют
[19:23:59] Pizdosi (45a6fa82-ec7c-3519-a20a-147f4364631e): не с твоей крыши
[19:24:04] Pizdosi (45a6fa82-ec7c-3519-a20a-147f4364631e): а пирамидку
[19:27:33] Pizdosi (45a6fa82-ec7c-3519-a20a-147f4364631e): ноир надо еще больше песка
[19:27:37] Pizdosi (45a6fa82-ec7c-3519-a20a-147f4364631e): еще оооочень много песка
[19:37:03] Pizdosi (45a6fa82-ec7c-3519-a20a-147f4364631e): джес <матюки> не надо я только накопал песка чтоб стекло закончить
[19:37:12] Pizdosi (45a6fa82-ec7c-3519-a20a-147f4364631e): 6 стаков сука
[19:41:34] Pizdosi (45a6fa82-ec7c-3519-a20a-147f4364631e): b[ nen ckbirjv lj[ez
[19:45:04] Pizdosi (45a6fa82-ec7c-3519-a20a-147f4364631e): вы?
[19:45:11] Pizdosi (45a6fa82-ec7c-3519-a20a-147f4364631e): джес вы?
[19:45:20] Pizdosi (45a6fa82-ec7c-3519-a20a-147f4364631e): я тут один <матюки> строю
[19:55:36] ExoManic (b5e20ef4-e04f-3988-9cbd-890969bf6aa4): Чел, ты...
[19:58:07] Pinoymat377 (e4253efe-07db-33b6-b5ea-30c23845b274): как в общий писать ?
[19:58:14] ExoManic (b5e20ef4-e04f-3988-9cbd-890969bf6aa4): .!
[20:01:27] Pizdosi (45a6fa82-ec7c-3519-a20a-147f4364631e): ноир
[20:01:33] Pizdosi (45a6fa82-ec7c-3519-a20a-147f4364631e): я почти достроил крышу и
[20:01:42] Pizdosi (45a6fa82-ec7c-3519-a20a-147f4364631e): на это ушло 15 стаков песка и все мои нерв
[20:01:44] Pizdosi (45a6fa82-ec7c-3519-a20a-147f4364631e): ы
[20:04:53] irnest_top_228 (2101ba2f-f760-38a8-852e-cd25a9b4333c): люди умоляю телепортируйте к себе умоляю спасите меня я новичок
[20:06:11] Pizdosi (45a6fa82-ec7c-3519-a20a-147f4364631e): не понял <матюки>
[20:16:57] Pizdosi (45a6fa82-ec7c-3519-a20a-147f4364631e): ММ МЕДОВИК
[20:18:49] Pizdosi (45a6fa82-ec7c-3519-a20a-147f4364631e): как еще раз аукцион
[20:19:10] Pizdosi (45a6fa82-ec7c-3519-a20a-147f4364631e): ноир
[20:19:13] Pizdosi (45a6fa82-ec7c-3519-a20a-147f4364631e): какая команда
[20:19:17] Pizdosi (45a6fa82-ec7c-3519-a20a-147f4364631e): на аукцион
[20:19:29] Pizdosi (45a6fa82-ec7c-3519-a20a-147f4364631e): как
[20:29:38] Pizdosi (45a6fa82-ec7c-3519-a20a-147f4364631e): 600
[20:32:39] Pizdosi (45a6fa82-ec7c-3519-a20a-147f4364631e): ХАХАХА <матюки> я часы продал
[20:32:55] Pizdosi (45a6fa82-ec7c-3519-a20a-147f4364631e): <матюки> я случайно меню часы продал че делать
[20:33:14] Pizdosi (45a6fa82-ec7c-3519-a20a-147f4364631e): я другое хотел выставить
[20:33:34] Pizdosi (45a6fa82-ec7c-3519-a20a-147f4364631e): какая команда на аукцион
[20:36:50] Pizdosi (45a6fa82-ec7c-3519-a20a-147f4364631e): все то что надо выставил
[21:51:32] Onyx377 (32b4b85a-0e2a-3929-a65f-1d52b29eff8c): го дискорд ?
[21:59:46] Pinoymat377 (e4253efe-07db-33b6-b5ea-30c23845b274): дис лагает
[21:59:48] Pinoymat377 (e4253efe-07db-33b6-b5ea-30c23845b274): секу
