[12:08:40] ARCHIPRO777 (03bddad0-3e31-3790-b788-02de1b963b7d): HI
[13:07:19] FlowerBind (90dbdd0e-f93f-3d1c-bd28-82390e29dfc6): 1
[15:56:57] pirozho4eg (5048cd8f-66a6-3cff-b555-da3fbfc1b1d9): j
[17:59:20] Valkiria357 (bc828046-606f-31ff-a051-1400b2af63c7): прив
[18:12:22] Electronick_mix (ec8e7a9f-7b4f-3d52-9a28-0ce17db9f1a8): ./kit start
[18:12:35] Electronick_mix (ec8e7a9f-7b4f-3d52-9a28-0ce17db9f1a8): /kit start
[18:13:47] pirozho4eg (5048cd8f-66a6-3cff-b555-da3fbfc1b1d9): /kit starter
[18:28:24] pirozho4eg (5048cd8f-66a6-3cff-b555-da3fbfc1b1d9): [EQ
[18:28:27] pirozho4eg (5048cd8f-66a6-3cff-b555-da3fbfc1b1d9): <матюки>
[18:28:34] pirozho4eg (5048cd8f-66a6-3cff-b555-da3fbfc1b1d9): <матюки>
[18:28:40] den_del_ (deb3c093-417d-3424-a9b8-f7baf518c8c7): fkfk
[18:28:41] den_del_ (deb3c093-417d-3424-a9b8-f7baf518c8c7): .f.
[18:58:48] pirozho4eg (5048cd8f-66a6-3cff-b555-da3fbfc1b1d9): afrtk gjcnfdm
[18:58:54] pirozho4eg (5048cd8f-66a6-3cff-b555-da3fbfc1b1d9): факел поставь
[18:59:14] pirozho4eg (5048cd8f-66a6-3cff-b555-da3fbfc1b1d9): факел поставь
[18:59:14] pirozho4eg (5048cd8f-66a6-3cff-b555-da3fbfc1b1d9): факел поставь
[18:59:35] pirozho4eg (5048cd8f-66a6-3cff-b555-da3fbfc1b1d9): сюдаааааа
[19:00:36] pirozho4eg (5048cd8f-66a6-3cff-b555-da3fbfc1b1d9): добудть сосны дуба и березы
[19:01:31] pirozho4eg (5048cd8f-66a6-3cff-b555-da3fbfc1b1d9): и тропического
[19:02:19] pirozho4eg (5048cd8f-66a6-3cff-b555-da3fbfc1b1d9): го еще снимать
[19:03:30] pirozho4eg (5048cd8f-66a6-3cff-b555-da3fbfc1b1d9): нужна сосна
[19:33:59] Electronick_mix (ec8e7a9f-7b4f-3d52-9a28-0ce17db9f1a8): Electronick_mix
[19:34:08] Electronick_mix (ec8e7a9f-7b4f-3d52-9a28-0ce17db9f1a8): Electronick_mix
[19:38:16] Electronick_mix (ec8e7a9f-7b4f-3d52-9a28-0ce17db9f1a8): /rg addmember Electronick_mix (название рг)
[20:03:42] pirozho4eg (5048cd8f-66a6-3cff-b555-da3fbfc1b1d9): <матюки> электроник маленький
[20:03:56] pirozho4eg (5048cd8f-66a6-3cff-b555-da3fbfc1b1d9): у электроника маленький кран
[20:12:00] Electronick_mix (ec8e7a9f-7b4f-3d52-9a28-0ce17db9f1a8): -984 62 806
[20:12:18] Electronick_mix (ec8e7a9f-7b4f-3d52-9a28-0ce17db9f1a8): -984 62 806 темный лес
[20:18:29] Electronick_mix (ec8e7a9f-7b4f-3d52-9a28-0ce17db9f1a8): генгнгенгенгнег
[20:35:08] Electronick_mix (ec8e7a9f-7b4f-3d52-9a28-0ce17db9f1a8): я щас
[20:35:13] Electronick_mix (ec8e7a9f-7b4f-3d52-9a28-0ce17db9f1a8): я щас
[20:38:54] Electronick_mix (ec8e7a9f-7b4f-3d52-9a28-0ce17db9f1a8): я скоро приду
[20:39:00] Electronick_mix (ec8e7a9f-7b4f-3d52-9a28-0ce17db9f1a8): я скоро приду
[20:39:05] pirozho4eg (5048cd8f-66a6-3cff-b555-da3fbfc1b1d9): Ок
[20:39:06] Electronick_mix (ec8e7a9f-7b4f-3d52-9a28-0ce17db9f1a8): е! через 5мин
[20:39:10] pirozho4eg (5048cd8f-66a6-3cff-b555-da3fbfc1b1d9): ок
[20:39:14] Electronick_mix (ec8e7a9f-7b4f-3d52-9a28-0ce17db9f1a8): через 6мин
