[00:53:07] ExoManic (b5e20ef4-e04f-3988-9cbd-890969bf6aa4): ы
[00:53:23] Zytia (4ba59776-eb4c-39f0-ac65-fbfee71ecf6c): Да
[00:53:25] Zytia (4ba59776-eb4c-39f0-ac65-fbfee71ecf6c): Да
[02:02:59] ExoManic (b5e20ef4-e04f-3988-9cbd-890969bf6aa4): cycle
[02:19:01] ExoManic (b5e20ef4-e04f-3988-9cbd-890969bf6aa4): .пь 1
[03:37:03] ExoManic (b5e20ef4-e04f-3988-9cbd-890969bf6aa4): ы
[04:28:05] ExoManic (b5e20ef4-e04f-3988-9cbd-890969bf6aa4): s
[15:24:51] Pizdosi (45a6fa82-ec7c-3519-a20a-147f4364631e): АЛЕ <матюки>
[15:24:56] Pizdosi (45a6fa82-ec7c-3519-a20a-147f4364631e): ГРИФЕРЫ
[15:25:04] Pizdosi (45a6fa82-ec7c-3519-a20a-147f4364631e): ДОМ РАЗГРИФЕРИЛИ МОЙ
[15:25:21] Pizdosi (45a6fa82-ec7c-3519-a20a-147f4364631e): не умею приватить
[15:25:36] Pizdosi (45a6fa82-ec7c-3519-a20a-147f4364631e): пойду врежу по <матюки> тому кто это сделал
[15:26:09] Pizdosi (45a6fa82-ec7c-3519-a20a-147f4364631e): какая команда на тп
[15:27:52] Pizdosi (45a6fa82-ec7c-3519-a20a-147f4364631e): запрос на тп прими
[15:28:36] Pizdosi (45a6fa82-ec7c-3519-a20a-147f4364631e): <матюки>
[15:28:47] Pizdosi (45a6fa82-ec7c-3519-a20a-147f4364631e): хммм как то странно меня загрифирили
[15:29:01] Pizdosi (45a6fa82-ec7c-3519-a20a-147f4364631e): понял
[15:29:31] Pizdosi (45a6fa82-ec7c-3519-a20a-147f4364631e): эхх <матюки> разрушили улицу пушкина дом калатушкина
[15:29:51] Pizdosi (45a6fa82-ec7c-3519-a20a-147f4364631e): кста у меня не негр а скин облочка в пиджаке с моноклем
[15:30:29] Pizdosi (45a6fa82-ec7c-3519-a20a-147f4364631e): я шахтер
[15:30:35] Pizdosi (45a6fa82-ec7c-3519-a20a-147f4364631e): ноир куда капаешся
[15:30:44] Pizdosi (45a6fa82-ec7c-3519-a20a-147f4364631e): сверху
[15:30:58] Pizdosi (45a6fa82-ec7c-3519-a20a-147f4364631e): земли нет
[15:32:14] Pizdosi (45a6fa82-ec7c-3519-a20a-147f4364631e): я копаю
[15:36:47] Pizdosi (45a6fa82-ec7c-3519-a20a-147f4364631e): это будет дом но пойду по гайду какому ниюудь дом строить
[15:43:07] Pizdosi (45a6fa82-ec7c-3519-a20a-147f4364631e): че
[15:43:17] Pizdosi (45a6fa82-ec7c-3519-a20a-147f4364631e): у меня нет админки
[15:55:04] Pizdosi (45a6fa82-ec7c-3519-a20a-147f4364631e): дом делать ща буду
[15:57:08] Pizdosi (45a6fa82-ec7c-3519-a20a-147f4364631e): нет
[15:57:15] Pizdosi (45a6fa82-ec7c-3519-a20a-147f4364631e): прибужал
[16:04:48] Pizdosi (45a6fa82-ec7c-3519-a20a-147f4364631e): вопрос от егора крида
[16:05:00] Pizdosi (45a6fa82-ec7c-3519-a20a-147f4364631e): <матюки> тебе тут забор если его перепрыгнуть можно
[16:05:25] Pizdosi (45a6fa82-ec7c-3519-a20a-147f4364631e): построю тут свой начальный дом он маленький но уютный
[16:05:38] Pizdosi (45a6fa82-ec7c-3519-a20a-147f4364631e): лопату
[16:06:23] Pizdosi (45a6fa82-ec7c-3519-a20a-147f4364631e): я забыл команду на тп
[16:06:47] Pizdosi (45a6fa82-ec7c-3519-a20a-147f4364631e): ноир прими
[16:10:45] Pizdosi (45a6fa82-ec7c-3519-a20a-147f4364631e): как дом поставить
[16:14:25] Pizdosi (45a6fa82-ec7c-3519-a20a-147f4364631e): yjb
[16:14:34] Pizdosi (45a6fa82-ec7c-3519-a20a-147f4364631e): скиннь булыжник
[16:14:46] Pizdosi (45a6fa82-ec7c-3519-a20a-147f4364631e): 50
[16:14:58] Kepler197 (64ec25db-d2c7-315e-99ee-7ca982f501a9): Охайо
[16:15:08] Kepler197 (64ec25db-d2c7-315e-99ee-7ca982f501a9): Охайо
[16:15:19] Pizdosi (45a6fa82-ec7c-3519-a20a-147f4364631e): о чизик
[16:15:28] Kepler197 (64ec25db-d2c7-315e-99ee-7ca982f501a9): нет блин шизик
[16:15:36] Kepler197 (64ec25db-d2c7-315e-99ee-7ca982f501a9): я кароче нашел сервер
[16:15:47] Kepler197 (64ec25db-d2c7-315e-99ee-7ca982f501a9): теперь я спать:3
[16:15:51] Pizdosi (45a6fa82-ec7c-3519-a20a-147f4364631e): cовет от егорка крида
[16:15:58] Kepler197 (64ec25db-d2c7-315e-99ee-7ca982f501a9): каокй
[16:16:01] Pizdosi (45a6fa82-ec7c-3519-a20a-147f4364631e): не топчи грядки ноира
[16:16:07] Kepler197 (64ec25db-d2c7-315e-99ee-7ca982f501a9): ахахахахаха
[16:16:16] Kepler197 (64ec25db-d2c7-315e-99ee-7ca982f501a9): ну я спать, потом разберусь
[16:19:11] Pizdosi (45a6fa82-ec7c-3519-a20a-147f4364631e): ноир зомби сперли мои шмотки у гуляют по двору
[16:21:42] Pizdosi (45a6fa82-ec7c-3519-a20a-147f4364631e): нагрудник шьаны
[16:42:51] Pizdosi (45a6fa82-ec7c-3519-a20a-147f4364631e): ведро есть>?
[16:42:56] chara2271413 (a7aafb82-0231-3b31-a51f-c08e1132a33b): да
[16:44:01] Pizdosi (45a6fa82-ec7c-3519-a20a-147f4364631e): дай ведро вода нужны
[16:44:10] chara2271413 (a7aafb82-0231-3b31-a51f-c08e1132a33b): я скиннул
[16:45:16] Pizdosi (45a6fa82-ec7c-3519-a20a-147f4364631e): я построил
[16:45:20] Pizdosi (45a6fa82-ec7c-3519-a20a-147f4364631e): дом
[16:45:27] Pizdosi (45a6fa82-ec7c-3519-a20a-147f4364631e): потом расшырю подвал сделаю
[16:45:40] Pizdosi (45a6fa82-ec7c-3519-a20a-147f4364631e): забор кста потом надо сделать в 4
[16:45:46] Pizdosi (45a6fa82-ec7c-3519-a20a-147f4364631e): или в 5 вверх
[16:46:19] chara2271413 (a7aafb82-0231-3b31-a51f-c08e1132a33b): все у меня есть лама
[16:46:22] chara2271413 (a7aafb82-0231-3b31-a51f-c08e1132a33b): мам
[16:46:28] Pizdosi (45a6fa82-ec7c-3519-a20a-147f4364631e): как
[16:46:33] chara2271413 (a7aafb82-0231-3b31-a51f-c08e1132a33b): посидел на ней
[16:47:54] chara2271413 (a7aafb82-0231-3b31-a51f-c08e1132a33b): лан я в доту пойду
[16:47:59] chara2271413 (a7aafb82-0231-3b31-a51f-c08e1132a33b): вечером вернусь
[16:47:59] Pizdosi (45a6fa82-ec7c-3519-a20a-147f4364631e): ок
[16:48:01] Pizdosi (45a6fa82-ec7c-3519-a20a-147f4364631e): а приват
[20:50:13] chara2271413 (a7aafb82-0231-3b31-a51f-c08e1132a33b): q
[20:50:21] Onyx377 (32b4b85a-0e2a-3929-a65f-1d52b29eff8c): ghbdtn
[20:56:20] Pizdosi (45a6fa82-ec7c-3519-a20a-147f4364631e): замок
[20:56:34] Pizdosi (45a6fa82-ec7c-3519-a20a-147f4364631e): ноир
[20:56:40] Pizdosi (45a6fa82-ec7c-3519-a20a-147f4364631e): кто наши соседи
[20:56:42] Pizdosi (45a6fa82-ec7c-3519-a20a-147f4364631e): в деревне
[20:56:44] Pizdosi (45a6fa82-ec7c-3519-a20a-147f4364631e): которые
[20:56:46] pirozho4eg (5048cd8f-66a6-3cff-b555-da3fbfc1b1d9): я
[20:56:59] pirozho4eg (5048cd8f-66a6-3cff-b555-da3fbfc1b1d9): и моя банда
[20:57:01] Pizdosi (45a6fa82-ec7c-3519-a20a-147f4364631e): круто строишь
[20:57:03] pirozho4eg (5048cd8f-66a6-3cff-b555-da3fbfc1b1d9): администрации серва
[21:03:13] pirozho4eg (5048cd8f-66a6-3cff-b555-da3fbfc1b1d9): ну шо
[21:03:27] pirozho4eg (5048cd8f-66a6-3cff-b555-da3fbfc1b1d9): го рейд
[21:03:30] pirozho4eg (5048cd8f-66a6-3cff-b555-da3fbfc1b1d9): 3
[21:03:32] pirozho4eg (5048cd8f-66a6-3cff-b555-da3fbfc1b1d9): 2
[21:03:33] Pizdosi (45a6fa82-ec7c-3519-a20a-147f4364631e): на кого
[21:03:33] pirozho4eg (5048cd8f-66a6-3cff-b555-da3fbfc1b1d9): 1
[21:03:36] pirozho4eg (5048cd8f-66a6-3cff-b555-da3fbfc1b1d9): погнали
[21:04:09] pirozho4eg (5048cd8f-66a6-3cff-b555-da3fbfc1b1d9): а жители же подохли
[21:04:12] pirozho4eg (5048cd8f-66a6-3cff-b555-da3fbfc1b1d9): ну лан
[21:04:53] chara2271413 (a7aafb82-0231-3b31-a51f-c08e1132a33b): зач он мне?
[21:05:01] pirozho4eg (5048cd8f-66a6-3cff-b555-da3fbfc1b1d9): повесь у себя
[21:12:52] Pizdosi (45a6fa82-ec7c-3519-a20a-147f4364631e): очень алмазов хочется
[21:14:52] Pizdosi (45a6fa82-ec7c-3519-a20a-147f4364631e): забор от трампа
[21:15:30] Pizdosi (45a6fa82-ec7c-3519-a20a-147f4364631e): еее мелкий мини дом
[21:15:57] Pizdosi (45a6fa82-ec7c-3519-a20a-147f4364631e): так это был ты?
[21:16:03] Pizdosi (45a6fa82-ec7c-3519-a20a-147f4364631e): хмммммммммммммммммммм
[21:16:57] Pizdosi (45a6fa82-ec7c-3519-a20a-147f4364631e): кто куда я в шахту
[21:17:55] ExoManic (b5e20ef4-e04f-3988-9cbd-890969bf6aa4): Оникс, пососешь?
[21:19:09] Pizdosi (45a6fa82-ec7c-3519-a20a-147f4364631e): ноир принеси факела в шахту
[21:20:04] Pizdosi (45a6fa82-ec7c-3519-a20a-147f4364631e): <матюки> ноир факела принеси
[21:20:28] Pizdosi (45a6fa82-ec7c-3519-a20a-147f4364631e): <матюки> прямо
[21:21:02] Pizdosi (45a6fa82-ec7c-3519-a20a-147f4364631e): ну и где
[21:21:33] Pizdosi (45a6fa82-ec7c-3519-a20a-147f4364631e): иди к выходу
[21:21:46] Pizdosi (45a6fa82-ec7c-3519-a20a-147f4364631e): бой пинг 0 понял
[21:23:47] Pizdosi (45a6fa82-ec7c-3519-a20a-147f4364631e): м бедроком пахнет
[21:26:02] Pizdosi (45a6fa82-ec7c-3519-a20a-147f4364631e): чел ты у меня за забором дом
[21:26:20] Pizdosi (45a6fa82-ec7c-3519-a20a-147f4364631e): каменый забор около деревни
[21:27:35] Pizdosi (45a6fa82-ec7c-3519-a20a-147f4364631e): ноир магнат шерсти
[21:28:18] Pizdosi (45a6fa82-ec7c-3519-a20a-147f4364631e): <матюки> факела верните которые заклинились
[21:29:16] Pizdosi (45a6fa82-ec7c-3519-a20a-147f4364631e): Хехеехехе
[21:29:23] Pizdosi (45a6fa82-ec7c-3519-a20a-147f4364631e): я теперь в золоте
[21:30:15] Pizdosi (45a6fa82-ec7c-3519-a20a-147f4364631e): время декораций
[21:31:41] ExoManic (b5e20ef4-e04f-3988-9cbd-890969bf6aa4): xyi
[21:31:51] Pizdosi (45a6fa82-ec7c-3519-a20a-147f4364631e): пойду в туалет отойду
[21:35:49] Onyx377 (32b4b85a-0e2a-3929-a65f-1d52b29eff8c): .езфссузе
[21:52:04] Pizdosi (45a6fa82-ec7c-3519-a20a-147f4364631e): женя хакер
[21:54:45] Pizdosi (45a6fa82-ec7c-3519-a20a-147f4364631e): я хату расширил
[21:56:34] Pinoymat377 (e4253efe-07db-33b6-b5ea-30c23845b274): 7
[21:56:43] ExoManic (b5e20ef4-e04f-3988-9cbd-890969bf6aa4): che
[21:56:47] Pinoymat377 (e4253efe-07db-33b6-b5ea-30c23845b274): дай березу
[21:56:49] Pizdosi (45a6fa82-ec7c-3519-a20a-147f4364631e): я богатый с 23 баксами
[21:56:57] Pinoymat377 (e4253efe-07db-33b6-b5ea-30c23845b274): именно дерево
[21:57:11] Pizdosi (45a6fa82-ec7c-3519-a20a-147f4364631e): я пошел строить колодец
[21:57:28] Pizdosi (45a6fa82-ec7c-3519-a20a-147f4364631e): что
[21:57:55] Pizdosi (45a6fa82-ec7c-3519-a20a-147f4364631e): как каменные кирпичи крафтятса,
[21:58:49] Pizdosi (45a6fa82-ec7c-3519-a20a-147f4364631e): отдай камень
[22:01:50] Pizdosi (45a6fa82-ec7c-3519-a20a-147f4364631e): колодец будет
[22:02:52] Pizdosi (45a6fa82-ec7c-3519-a20a-147f4364631e): мне курица нужны
[22:03:01] Pizdosi (45a6fa82-ec7c-3519-a20a-147f4364631e): не курятина а целая живая
[22:03:13] Pizdosi (45a6fa82-ec7c-3519-a20a-147f4364631e): на поводке
[22:03:14] Boi4ik (05f28622-2254-334a-9fc9-86545440b365): Хочешь моё яйоц? 0))
[22:03:20] Boi4ik (05f28622-2254-334a-9fc9-86545440b365): Хочешь моё яйоц? 0))
[22:03:33] Pizdosi (45a6fa82-ec7c-3519-a20a-147f4364631e): не не <матюки> мне курица для колодца нужна
[22:04:36] Pizdosi (45a6fa82-ec7c-3519-a20a-147f4364631e): я принесу животных размножать будем
[22:04:48] Pizdosi (45a6fa82-ec7c-3519-a20a-147f4364631e): ноир чекай
[22:05:07] Pizdosi (45a6fa82-ec7c-3519-a20a-147f4364631e): magic
[22:06:00] Pizdosi (45a6fa82-ec7c-3519-a20a-147f4364631e): я гений
[22:07:49] Pizdosi (45a6fa82-ec7c-3519-a20a-147f4364631e): ноир срочно
[22:07:55] Pizdosi (45a6fa82-ec7c-3519-a20a-147f4364631e): скрафть мне каменных оград
[22:08:33] Pizdosi (45a6fa82-ec7c-3519-a20a-147f4364631e): <матюки> проседает дико
[22:14:42] Pizdosi (45a6fa82-ec7c-3519-a20a-147f4364631e): ведро
[22:16:24] Pizdosi (45a6fa82-ec7c-3519-a20a-147f4364631e): на
[22:17:45] Pizdosi (45a6fa82-ec7c-3519-a20a-147f4364631e): все я достроил
[22:17:57] Pizdosi (45a6fa82-ec7c-3519-a20a-147f4364631e): ноир эта че
[22:18:11] Pizdosi (45a6fa82-ec7c-3519-a20a-147f4364631e): выглядит ужасно
[22:18:19] Pizdosi (45a6fa82-ec7c-3519-a20a-147f4364631e): стоит прекрасный колодец
[22:18:24] Pizdosi (45a6fa82-ec7c-3519-a20a-147f4364631e): и все это ломает
[22:19:58] Pizdosi (45a6fa82-ec7c-3519-a20a-147f4364631e): нужны ножницы
[22:21:14] Pizdosi (45a6fa82-ec7c-3519-a20a-147f4364631e): эххх мне бы слизи
[22:21:18] Pizdosi (45a6fa82-ec7c-3519-a20a-147f4364631e): сделал бы ворота
[22:22:54] Pizdosi (45a6fa82-ec7c-3519-a20a-147f4364631e): такс че то мне это не нравится
[22:23:01] Pizdosi (45a6fa82-ec7c-3519-a20a-147f4364631e): я укорачиваю эту коробку
[22:23:07] Pizdosi (45a6fa82-ec7c-3519-a20a-147f4364631e): она мой луг кроет
[22:24:41] Pizdosi (45a6fa82-ec7c-3519-a20a-147f4364631e): ноир крышу из забора надо
[22:24:51] Pizdosi (45a6fa82-ec7c-3519-a20a-147f4364631e): всему участку
[22:29:03] Pizdosi (45a6fa82-ec7c-3519-a20a-147f4364631e): сундук
[22:29:30] Pizdosi (45a6fa82-ec7c-3519-a20a-147f4364631e): все забор для грядок
[22:29:48] Pizdosi (45a6fa82-ec7c-3519-a20a-147f4364631e): ноир м не нужно 8 таких фонарей
[22:29:53] Pizdosi (45a6fa82-ec7c-3519-a20a-147f4364631e): а лучше 16
[22:30:49] Pizdosi (45a6fa82-ec7c-3519-a20a-147f4364631e): <матюки> какой кашерный у меня дом
[22:32:38] Pizdosi (45a6fa82-ec7c-3519-a20a-147f4364631e): костную муку взял?
[22:32:42] Zytia (4ba59776-eb4c-39f0-ac65-fbfee71ecf6c): ahahah
[22:32:49] WhiteOG (2d9bdc17-fadd-3be8-8a04-200866504ffe): вот блиин
[22:32:54] Pizdosi (45a6fa82-ec7c-3519-a20a-147f4364631e): факела надо
[22:33:08] Pizdosi (45a6fa82-ec7c-3519-a20a-147f4364631e): какого <матюки>
[22:33:12] Pizdosi (45a6fa82-ec7c-3519-a20a-147f4364631e): ноир бырее сюда
[22:33:19] Pizdosi (45a6fa82-ec7c-3519-a20a-147f4364631e): ТУТ ТАКОЕ
[22:33:23] Pizdosi (45a6fa82-ec7c-3519-a20a-147f4364631e): КАПЕЦ
[22:34:36] Pizdosi (45a6fa82-ec7c-3519-a20a-147f4364631e): НОИР ТАКОЕ ДЕЛО
[22:34:45] Pizdosi (45a6fa82-ec7c-3519-a20a-147f4364631e): там залежы железа внизу
[22:35:46] Pizdosi (45a6fa82-ec7c-3519-a20a-147f4364631e): да
[22:35:54] Pizdosi (45a6fa82-ec7c-3519-a20a-147f4364631e): нет
[22:36:24] Pizdosi (45a6fa82-ec7c-3519-a20a-147f4364631e): взял?
[22:37:12] Pizdosi (45a6fa82-ec7c-3519-a20a-147f4364631e): -все мои вещи
[22:37:17] Pizdosi (45a6fa82-ec7c-3519-a20a-147f4364631e): я умер и клин ап
[22:37:31] Pizdosi (45a6fa82-ec7c-3519-a20a-147f4364631e): все <матюки> ноир
[22:38:35] Pinoymat377 (e4253efe-07db-33b6-b5ea-30c23845b274): дай
[22:38:37] Pinoymat377 (e4253efe-07db-33b6-b5ea-30c23845b274): окна
[22:38:40] Pinoymat377 (e4253efe-07db-33b6-b5ea-30c23845b274): норм
[22:38:43] ExoManic (b5e20ef4-e04f-3988-9cbd-890969bf6aa4): че
[22:38:56] Pinoymat377 (e4253efe-07db-33b6-b5ea-30c23845b274): окна или пакеты дай
[22:39:32] Pizdosi (45a6fa82-ec7c-3519-a20a-147f4364631e): - вещи
[22:40:17] Pizdosi (45a6fa82-ec7c-3519-a20a-147f4364631e): фулл железо
[22:40:19] Pizdosi (45a6fa82-ec7c-3519-a20a-147f4364631e): <матюки>
[22:40:35] Pizdosi (45a6fa82-ec7c-3519-a20a-147f4364631e): на метсе
[22:41:10] Pizdosi (45a6fa82-ec7c-3519-a20a-147f4364631e): стой
[22:41:29] Pizdosi (45a6fa82-ec7c-3519-a20a-147f4364631e): я кинул
[22:41:31] Pizdosi (45a6fa82-ec7c-3519-a20a-147f4364631e): еще 6
[22:42:00] Pizdosi (45a6fa82-ec7c-3519-a20a-147f4364631e): 3
[22:42:21] Pizdosi (45a6fa82-ec7c-3519-a20a-147f4364631e): + золотой
[22:42:41] Pizdosi (45a6fa82-ec7c-3519-a20a-147f4364631e): 5
[22:42:59] Pinoymat377 (e4253efe-07db-33b6-b5ea-30c23845b274): дай
[22:43:01] Pizdosi (45a6fa82-ec7c-3519-a20a-147f4364631e): золотой
[22:43:01] Pinoymat377 (e4253efe-07db-33b6-b5ea-30c23845b274): еще
[22:43:04] Pinoymat377 (e4253efe-07db-33b6-b5ea-30c23845b274): плз
[22:43:05] ExoManic (b5e20ef4-e04f-3988-9cbd-890969bf6aa4): Ты заебал
[22:43:08] Pinoymat377 (e4253efe-07db-33b6-b5ea-30c23845b274): да
[22:43:12] Pizdosi (45a6fa82-ec7c-3519-a20a-147f4364631e): я циган мне надо
[22:43:51] Pizdosi (45a6fa82-ec7c-3519-a20a-147f4364631e): мне через 20 мин спать надо идти
[22:44:16] Pinoymat377 (e4253efe-07db-33b6-b5ea-30c23845b274): дай
[22:45:01] WhiteOG (2d9bdc17-fadd-3be8-8a04-200866504ffe): чЕ ДАТЬ ТО
[22:45:15] ExoManic (b5e20ef4-e04f-3988-9cbd-890969bf6aa4): Очко почесать нужно
[22:45:20] Pizdosi (45a6fa82-ec7c-3519-a20a-147f4364631e): го обсидиан копать
[22:45:23] Pinoymat377 (e4253efe-07db-33b6-b5ea-30c23845b274): дай
[22:45:28] Pizdosi (45a6fa82-ec7c-3519-a20a-147f4364631e): 8 штук
[22:46:05] Pizdosi (45a6fa82-ec7c-3519-a20a-147f4364631e): ноир кирку...
[22:46:31] Pizdosi (45a6fa82-ec7c-3519-a20a-147f4364631e): rhbgth cghsuyek
[22:46:35] Pizdosi (45a6fa82-ec7c-3519-a20a-147f4364631e): крипер с неба упал
[22:46:44] Pizdosi (45a6fa82-ec7c-3519-a20a-147f4364631e): дай
[22:47:13] Pizdosi (45a6fa82-ec7c-3519-a20a-147f4364631e): вода нужны
[22:48:13] Pinoymat377 (e4253efe-07db-33b6-b5ea-30c23845b274): <матюки> дай стекло паки. <матюки>
[22:48:21] Pizdosi (45a6fa82-ec7c-3519-a20a-147f4364631e): мои вещи сзади
[22:48:36] Pizdosi (45a6fa82-ec7c-3519-a20a-147f4364631e): сгорел на работе
[22:48:42] Pinoymat377 (e4253efe-07db-33b6-b5ea-30c23845b274): ля. дай стекло паки. достал
[22:49:48] Pizdosi (45a6fa82-ec7c-3519-a20a-147f4364631e): 12 штук надо?
[22:49:54] Pizdosi (45a6fa82-ec7c-3519-a20a-147f4364631e): портал
[22:49:57] Pizdosi (45a6fa82-ec7c-3519-a20a-147f4364631e): или сколько
[22:50:09] Pizdosi (45a6fa82-ec7c-3519-a20a-147f4364631e): еще 4 значит 14
[22:50:11] Pinoymat377 (e4253efe-07db-33b6-b5ea-30c23845b274): ля. дай стекло паки. достал
[22:50:16] Pizdosi (45a6fa82-ec7c-3519-a20a-147f4364631e): чаровальня
[22:50:21] Pizdosi (45a6fa82-ec7c-3519-a20a-147f4364631e): где
[22:50:24] Pizdosi (45a6fa82-ec7c-3519-a20a-147f4364631e): обсидиан
[22:50:35] Pizdosi (45a6fa82-ec7c-3519-a20a-147f4364631e): ну вот только один вскопал
[22:51:12] Pizdosi (45a6fa82-ec7c-3519-a20a-147f4364631e): home
[22:53:18] Pinoymat377 (e4253efe-07db-33b6-b5ea-30c23845b274): каменные кирпичи
[22:53:21] Pinoymat377 (e4253efe-07db-33b6-b5ea-30c23845b274): дай
[22:54:07] Pinoymat377 (e4253efe-07db-33b6-b5ea-30c23845b274): кирпичи и каменные ступени
[22:54:14] Pizdosi (45a6fa82-ec7c-3519-a20a-147f4364631e): еще 4
[22:54:21] Pinoymat377 (e4253efe-07db-33b6-b5ea-30c23845b274): обмен
[22:54:48] Pinoymat377 (e4253efe-07db-33b6-b5ea-30c23845b274): кирпичи и каменные ступени, а еще этих стекло паков нужно
[22:54:57] Pizdosi (45a6fa82-ec7c-3519-a20a-147f4364631e): все
[22:55:49] Pizdosi (45a6fa82-ec7c-3519-a20a-147f4364631e): ля на доме жени бы отличное здане для портала получилось бы
[22:56:00] Pizdosi (45a6fa82-ec7c-3519-a20a-147f4364631e): го
[22:56:05] Pizdosi (45a6fa82-ec7c-3519-a20a-147f4364631e): иди сюда
[22:56:12] Pizdosi (45a6fa82-ec7c-3519-a20a-147f4364631e): укоррачиваем сново
[22:59:54] Pizdosi (45a6fa82-ec7c-3519-a20a-147f4364631e): жигу неси
[23:00:25] Pizdosi (45a6fa82-ec7c-3519-a20a-147f4364631e): жигу надо
[23:00:35] Pizdosi (45a6fa82-ec7c-3519-a20a-147f4364631e): ага
[23:02:25] Pizdosi (45a6fa82-ec7c-3519-a20a-147f4364631e): я в пир попасть не могу
[23:02:29] chara2271413 (a7aafb82-0231-3b31-a51f-c08e1132a33b): ДЖЕС
[23:02:39] chara2271413 (a7aafb82-0231-3b31-a51f-c08e1132a33b): КТо встаптал грядку
[23:02:57] Pizdosi (45a6fa82-ec7c-3519-a20a-147f4364631e): z cgfnm
[23:03:09] Pizdosi (45a6fa82-ec7c-3519-a20a-147f4364631e): я спать а ад пока что отменяется не на долго
[23:03:17] Pizdosi (45a6fa82-ec7c-3519-a20a-147f4364631e): там че то странное
[23:04:30] chara2271413 (a7aafb82-0231-3b31-a51f-c08e1132a33b): спокойно джес
