[16:29:23] pirozho4eg (5048cd8f-66a6-3cff-b555-da3fbfc1b1d9): '
[16:29:26] pirozho4eg (5048cd8f-66a6-3cff-b555-da3fbfc1b1d9): ээээ
[16:29:31] ExoManic (b5e20ef4-e04f-3988-9cbd-890969bf6aa4): krasivo
[16:29:32] pirozho4eg (5048cd8f-66a6-3cff-b555-da3fbfc1b1d9): не воруй
[16:29:35] ExoManic (b5e20ef4-e04f-3988-9cbd-890969bf6aa4): ya nichego ne zabral
[16:29:40] pirozho4eg (5048cd8f-66a6-3cff-b555-da3fbfc1b1d9): хммм
[16:30:04] pirozho4eg (5048cd8f-66a6-3cff-b555-da3fbfc1b1d9): хммм
[16:30:20] pirozho4eg (5048cd8f-66a6-3cff-b555-da3fbfc1b1d9): слушай
[16:30:26] ExoManic (b5e20ef4-e04f-3988-9cbd-890969bf6aa4): ?
[16:30:37] pirozho4eg (5048cd8f-66a6-3cff-b555-da3fbfc1b1d9): а ты можешь что нибудь новое на аукцион добавить?
[16:30:45] pirozho4eg (5048cd8f-66a6-3cff-b555-da3fbfc1b1d9): шалкеры и что-то новое
[16:30:52] ExoManic (b5e20ef4-e04f-3988-9cbd-890969bf6aa4): Ммм, фармить опять
[16:30:55] ExoManic (b5e20ef4-e04f-3988-9cbd-890969bf6aa4): ну это в энд
[16:31:11] pirozho4eg (5048cd8f-66a6-3cff-b555-da3fbfc1b1d9): мне кажется я единственный кто покупает
[16:31:15] ExoManic (b5e20ef4-e04f-3988-9cbd-890969bf6aa4): -
[16:31:16] pirozho4eg (5048cd8f-66a6-3cff-b555-da3fbfc1b1d9): я уже столько заработал
[16:42:10] pirozho4eg (5048cd8f-66a6-3cff-b555-da3fbfc1b1d9): gggg
[16:44:48] pirozho4eg (5048cd8f-66a6-3cff-b555-da3fbfc1b1d9): ExoManic спасибо
[18:11:52] pirozho4eg (5048cd8f-66a6-3cff-b555-da3fbfc1b1d9): fffffffff
[18:46:50] LimntreXFeeD (0e5c1156-a3ca-35b4-84a6-fd3bb9fe1264): Хай
[18:50:15] pirozho4eg (5048cd8f-66a6-3cff-b555-da3fbfc1b1d9): f
