[16:24:28] [ITEM_RETURNED]: Возвращенный 1x Iron Horse Armor в ExoManic на NetherCraft
[16:24:29] [ITEM_RETURNED]: Возвращенный 1x Golden Horse Armor в ExoManic на NetherCraft
[16:24:29] [ITEM_RETURNED]: Возвращенный 1x Golden Horse Armor в ExoManic на NetherCraft
[16:24:30] [ITEM_RETURNED]: Возвращенный 1x Golden Apple в ExoManic на NetherCraft
[16:24:30] [ITEM_RETURNED]: Возвращенный 64x Clay Ball в ExoManic на NetherCraft
[16:24:30] [ITEM_RETURNED]: Возвращенный 12x Clay Ball в ExoManic на NetherCraft
[16:24:31] [ITEM_RETURNED]: Возвращенный 1x Iron Horse Armor в ExoManic на NetherCraft
[16:24:31] [ITEM_RETURNED]: Возвращенный 1x Iron Sword [Bane of Arthropods V, Mending] в ExoManic на NetherCraft
[16:24:31] [ITEM_RETURNED]: Возвращенный 27x Nether Wart в ExoManic на NetherCraft
[16:24:32] [ITEM_RETURNED]: Возвращенный 1x Potion в ExoManic на NetherCraft
[16:24:32] [ITEM_RETURNED]: Возвращенный 1x Potion в ExoManic на NetherCraft
[16:24:32] [ITEM_RETURNED]: Возвращенный 1x Potion в ExoManic на NetherCraft
[16:24:32] [ITEM_RETURNED]: Возвращенный 1x Potion в ExoManic на NetherCraft
[16:24:42] [ITEM_LISTED]: ExoManic перечисленных 1x Iron Horse Armor за 500.00$ на NetherCraft
[16:24:45] [ITEM_LISTED]: ExoManic перечисленных 1x Golden Horse Armor за 500.00$ на NetherCraft
[16:24:49] [ITEM_LISTED]: ExoManic перечисленных 1x Potion за 500.00$ на NetherCraft
[16:24:51] [ITEM_LISTED]: ExoManic перечисленных 1x Potion за 500.00$ на NetherCraft
[16:24:55] [ITEM_LISTED]: ExoManic перечисленных 1x Potion за 500.00$ на NetherCraft
[16:24:58] [ITEM_LISTED]: ExoManic перечисленных 1x Potion за 500.00$ на NetherCraft
[16:25:02] [ITEM_LISTED]: ExoManic перечисленных 1x Iron Sword [Bane of Arthropods V, Mending] за 2,000.00$ на NetherCraft
[16:25:07] [ITEM_LISTED]: ExoManic перечисленных 1x Golden Apple за 700.00$ на NetherCraft
[16:25:11] [ITEM_LISTED]: ExoManic перечисленных 64x Clay Ball за 100.00$ на NetherCraft
[16:25:13] [ITEM_LISTED]: ExoManic перечисленных 12x Clay Ball за 100.00$ на NetherCraft
[16:25:17] [ITEM_LISTED]: ExoManic перечисленных 1x Iron Horse Armor за 500.00$ на NetherCraft
[16:25:19] [ITEM_LISTED]: ExoManic перечисленных 1x Golden Horse Armor за 500.00$ на NetherCraft
[16:34:06] [ITEM_LISTED]: chara2271413 перечисленных 1x Totem Of Undying за 1,500.00$ на NetherCraft
[16:36:00] [ITEM_LISTED]: ExoManic перечисленных 1x Iron Pickaxe [Efficiency III] за 1,000.00$ на NetherCraft_the_end
[16:36:07] [ITEM_LISTED]: ExoManic перечисленных 1x Iron Sword [Fire Aspect II, Sharpness IV, Unbreaking III, Curse of Vanishing] за 2,400.00$ на NetherCraft_the_end
[16:36:14] [ITEM_LISTED]: ExoManic перечисленных 1x Diamond Shovel [Efficiency IV, Unbreaking III] за 1,800.00$ на NetherCraft_the_end
[16:36:23] [ITEM_LISTED]: ExoManic перечисленных 1x Diamond Boots [Curse of Binding, Fire Protection III, Curse of Vanishing] за 1,000.00$ на NetherCraft_the_end
[16:36:29] [ITEM_LISTED]: ExoManic перечисленных 1x Diamond Leggings [Fire Protection II] за 1,500.00$ на NetherCraft_the_end
[16:37:42] [ITEM_LISTED]: ExoManic перечисленных 1x Shulker Box за 2,000.00$ на NetherCraft_the_end
[16:37:45] [ITEM_LISTED]: ExoManic перечисленных 1x Shulker Box за 2,000.00$ на NetherCraft_the_end
[16:37:49] [ITEM_LISTED]: ExoManic перечисленных 1x Shulker Box за 2,000.00$ на NetherCraft_the_end
[16:37:52] [ITEM_LISTED]: ExoManic перечисленных 1x Shulker Box за 2,000.00$ на NetherCraft_the_end
[16:37:54] [ITEM_LISTED]: ExoManic перечисленных 1x Shulker Box за 2,000.00$ на NetherCraft_the_end
[16:38:47] [ITEM_SOLD]: chara2271413 продано 1x Totem Of Undying to ExoManic за 1,500.00$ на NetherCraft
[16:39:09] [ITEM_SOLD]: ExoManic продано 1x Iron Sword to  [Bane of Arthropods V, Mending]chara2271413 за 2,000.00$ на NetherCraft
[16:40:51] [ITEM_LISTED]: ExoManic перечисленных 1x Elytra за 5,000.00$ на NetherCraft_the_end
[16:40:58] [ITEM_LISTED]: ExoManic перечисленных 1x Diamond Leggings [Projectile Protection IV] за 2,000.00$ на NetherCraft_the_end
[16:41:03] [ITEM_LISTED]: ExoManic перечисленных 1x Iron Helmet [Fire Protection IV, Unbreaking III] за 1,600.00$ на NetherCraft_the_end
[16:41:08] [ITEM_LISTED]: ExoManic перечисленных 1x Diamond Helmet [Fire Protection II] за 1,500.00$ на NetherCraft_the_end
[16:41:13] [ITEM_LISTED]: ExoManic перечисленных 1x Iron Helmet [Protection IV] за 1,200.00$ на NetherCraft_the_end
[16:41:21] [ITEM_LISTED]: ExoManic перечисленных 1x Diamond Sword [Bane of Arthropods IV, Unbreaking III] за 2,000.00$ на NetherCraft_the_end
[16:41:26] [ITEM_LISTED]: ExoManic перечисленных 1x Saddle за 1,000.00$ на NetherCraft_the_end
[16:41:29] [ITEM_LISTED]: ExoManic перечисленных 1x Saddle за 1,000.00$ на NetherCraft_the_end
[16:42:47] [ITEM_LISTED]: ExoManic перечисленных 1x Diamond Chestplate [Protection III, Unbreaking III] за 2,500.00$ на NetherCraft_the_end
[16:42:55] [ITEM_LISTED]: ExoManic перечисленных 1x Diamond Leggings [Protection III] за 1,600.00$ на NetherCraft_the_end
[16:43:23] [ITEM_CANCELLED]: ExoManic отменил аукцион на 1x Shulker Box за 2,000.00$ на NetherCraft_the_end
[16:43:25] [ITEM_RETURNED]: Возвращенный 1x Shulker Box в ExoManic на NetherCraft_the_end
[17:01:39] [ITEM_LISTED]: chara2271413 перечисленных 1x Potion за 299.00$ на NetherCraft
[17:01:46] [ITEM_LISTED]: chara2271413 перечисленных 1x Potion за 299.00$ на NetherCraft
[17:02:09] [ITEM_SOLD]: ExoManic продано 1x Diamond Leggings to  [Protection III]chara2271413 за 1,600.00$ на NetherCraft_the_end
[17:15:41] [ITEM_SOLD]: ExoManic продано 1x Shulker Box to pirozho4eg за 2,000.00$ на NetherCraft_the_end
[17:39:50] [ITEM_SOLD]: ExoManic продано 1x Shulker Box to pirozho4eg за 2,000.00$ на NetherCraft_the_end
[18:19:07] [ITEM_SOLD]: ExoManic продано 1x Shulker Box to pirozho4eg за 2,000.00$ на NetherCraft_the_end
[19:23:37] [ITEM_SOLD]: ExoManic продано 1x Shulker Box to pirozho4eg за 2,000.00$ на NetherCraft_the_end
[19:23:39] [ITEM_SOLD]: ExoManic продано 1x Elytra to pirozho4eg за 5,000.00$ на NetherCraft_the_end
