[18:08:03] [ITEM_LISTED]: ExoManic перечисленных 1x Elytra за 10,000.00$ на NetherCraft
[18:09:08] [ITEM_LISTED]: ExoManic перечисленных 1x Diamond Boots [Protection IV, Unbreaking III] за 3,000.00$ на NetherCraft
[18:11:52] [ITEM_LISTED]: ExoManic перечисленных 64x Iron Ingot за 1,500.00$ на NetherCraft
[18:17:55] [ITEM_SOLD]: ExoManic продано 1x Diamond Boots to  [Protection IV, Unbreaking III]chara2271413 за 3,000.00$ на NetherCraft
[18:19:54] [ITEM_LISTED]: ExoManic перечисленных 64x Clay Ball за 500.00$ на NetherCraft
[18:20:01] [ITEM_LISTED]: ExoManic перечисленных 12x Clay Ball за 100.00$ на NetherCraft
[18:41:24] [ITEM_LISTED]: ExoManic перечисленных 1x Shulker Box за 2,000.00$ на NetherCraft
[18:41:27] [ITEM_LISTED]: ExoManic перечисленных 1x Shulker Box за 2,000.00$ на NetherCraft
[18:41:38] [ITEM_LISTED]: ExoManic перечисленных 1x Shulker Box за 2,000.00$ на NetherCraft
[18:41:58] [ITEM_LISTED]: ExoManic перечисленных 1x Iron Horse Armor за 1,000.00$ на NetherCraft
[18:54:09] [ITEM_LISTED]: ExoManic перечисленных 1x Iron Sword [Knockback I, Mending, Sharpness III, Unbreaking III] за 2,000.00$ на NetherCraft
[18:54:28] [ITEM_LISTED]: ExoManic перечисленных 1x Diamond Sword [Curse of Vanishing] за 1,400.00$ на NetherCraft
[18:54:34] [ITEM_LISTED]: ExoManic перечисленных 1x Diamond Shovel [Unbreaking III] за 900.00$ на NetherCraft
[18:54:41] [ITEM_LISTED]: ExoManic перечисленных 1x Diamond Boots [Depth Strider III, Protection IV] за 2,000.00$ на NetherCraft
[18:54:48] [ITEM_LISTED]: ExoManic перечисленных 1x Diamond Helmet [Unbreaking III] за 1,500.00$ на NetherCraft
[18:54:57] [ITEM_LISTED]: ExoManic перечисленных 1x Iron Sword [Bane of Arthropods V, Mending] за 2,500.00$ на NetherCraft
[18:55:39] [ITEM_LISTED]: ExoManic перечисленных 1x Golden Horse Armor за 500.00$ на NetherCraft
[18:55:43] [ITEM_LISTED]: ExoManic перечисленных 27x Nether Wart за 800.00$ на NetherCraft
[19:00:04] [ITEM_LISTED]: ExoManic перечисленных 4x Ender Pearl за 600.00$ на NetherCraft
[19:01:07] [ITEM_CANCELLED]: ExoManic отменил аукцион на 4x Ender Pearl за 600.00$ на NetherCraft
[19:01:18] [ITEM_RETURNED]: Возвращенный 4x Ender Pearl в ExoManic на NetherCraft
[19:30:01] [ITEM_LISTED]: ExoManic перечисленных 1x Enchanted Book за 800.00$ на NetherCraft
[19:55:05] [ITEM_SOLD]: ExoManic продано 1x Diamond Sword to  [Curse of Vanishing]Pinoymat377 за 1,400.00$ на NetherCraft
[20:19:57] [ITEM_SOLD]: ExoManic продано 1x Enchanted Book to Pinoymat377 за 800.00$ на NetherCraft
[20:20:37] [ITEM_SOLD]: ExoManic продано 1x Iron Sword to  [Knockback I, Mending, Sharpness III, Unbreaking III]chara2271413 за 2,000.00$ на NetherCraft
[20:28:25] [ITEM_LISTED]: ExoManic перечисленных 1x Potion за 600.00$ на NetherCraft
[20:28:28] [ITEM_LISTED]: ExoManic перечисленных 1x Potion за 600.00$ на NetherCraft
[20:28:31] [ITEM_LISTED]: ExoManic перечисленных 1x Potion за 600.00$ на NetherCraft
[20:28:33] [ITEM_LISTED]: ExoManic перечисленных 1x Potion за 600.00$ на NetherCraft
[20:30:40] [ITEM_LISTED]: ExoManic перечисленных 64x Carrot за 300.00$ на NetherCraft
[20:30:44] [ITEM_LISTED]: ExoManic перечисленных 14x Potato за 100.00$ на NetherCraft
[20:31:34] [ITEM_CANCELLED]: ExoManic отменил аукцион на 64x Carrot за 300.00$ на NetherCraft
[20:31:38] [ITEM_RETURNED]: Возвращенный 64x Carrot в ExoManic на NetherCraft
[20:31:42] [ITEM_LISTED]: ExoManic перечисленных 32x Carrot за 150.00$ на NetherCraft
[20:31:45] [ITEM_LISTED]: ExoManic перечисленных 32x Carrot за 150.00$ на NetherCraft
[20:31:58] [ITEM_SOLD]: ExoManic продано 32x Carrot to Boi4ik за 150.00$ на NetherCraft
[20:32:05] [ITEM_SOLD]: ExoManic продано 32x Carrot to chara2271413 за 150.00$ на NetherCraft
[20:32:26] [ITEM_LISTED]: Pizdosi перечисленных 1x NetherCraft Menu за 800.00$ на NetherCraft
[20:36:05] [ITEM_CANCELLED]: Pizdosi отменил аукцион на 1x NetherCraft Menu за 800.00$ на NetherCraft
[20:36:20] [ITEM_RETURNED]: Возвращенный 1x NetherCraft Menu в Pizdosi на NetherCraft
[20:36:43] [ITEM_LISTED]: Pizdosi перечисленных 1x Fishing Rod [Lure I] за 700.00$ на NetherCraft
[21:49:37] [ITEM_SOLD]: Pizdosi продано 1x Fishing Rod to  [Lure I]Pinoymat377 за 700.00$ на NetherCraft
[22:20:57] [ITEM_SOLD]: ExoManic продано 1x Golden Horse Armor to Onyx377 за 500.00$ на NetherCraft
