[04-17 15:36:01]: [INFO] Created column 'regdate' and set the current timestamp, 1618662961851, to all 0 rows
[04-17 15:36:02]: [INFO] SQLite Setup finished
[04-17 15:36:02]: [INFO] Hooked into LuckPerms!
[04-17 15:36:02]: [WARN] WARNING! The protectInventory feature requires ProtocolLib! Disabling it...
[04-17 15:36:02]: [INFO] AuthMe 5.6.0-beta2 build n.2453 successfully enabled!
[04-17 15:36:02]: [INFO] Downloading GEO IP database, because the old database is older than 30 days or doesn't exist
[04-17 15:36:02]: [WARN] No MaxMind credentials found in the configuration file! GeoIp protections will be disabled.
[04-17 15:36:02]: [INFO] There is no newer GEO IP database uploaded to MaxMind. Using the old one for now.
[04-17 15:36:02]: [WARN] Could not download GeoLiteAPI database [FileNotFoundException]: plugins\AuthMe\GeoLite2-Country.mmdb (Не удается найти указанный файл)
[04-17 15:36:02]: java.io.FileNotFoundException: plugins\AuthMe\GeoLite2-Country.mmdb (Не удается найти указанный файл)
	at java.io.RandomAccessFile.open0(Native Method)
	at java.io.RandomAccessFile.open(Unknown Source)
	at java.io.RandomAccessFile.<init>(Unknown Source)
	at fr.xephi.authme.libs.com.maxmind.db.BufferHolder.<init>(BufferHolder.java:20)
	at fr.xephi.authme.libs.com.maxmind.db.Reader.<init>(Reader.java:121)
	at fr.xephi.authme.service.GeoIpService.startReading(GeoIpService.java:173)
	at fr.xephi.authme.service.GeoIpService.updateDatabase(GeoIpService.java:144)
	at org.bukkit.craftbukkit.v1_16_R3.scheduler.CraftTask.run(CraftTask.java:100)
	at org.bukkit.craftbukkit.v1_16_R3.scheduler.CraftAsyncTask.run(CraftAsyncTask.java:54)
	at com.destroystokyo.paper.ServerSchedulerReportingWrapper.run(ServerSchedulerReportingWrapper.java:22)
	at java.util.concurrent.ThreadPoolExecutor.runWorker(Unknown Source)
	at java.util.concurrent.ThreadPoolExecutor$Worker.run(Unknown Source)
	at java.lang.Thread.run(Unknown Source)

[04-17 15:36:09]: [INFO] AuthMe 5.6.0-beta2-b2453 disabled!
[04-17 15:44:15]: [INFO] SQLite Setup finished
[04-17 15:44:15]: [INFO] Hooked into LuckPerms!
[04-17 15:44:15]: [WARN] WARNING! The protectInventory feature requires ProtocolLib! Disabling it...
[04-17 15:44:15]: [INFO] AuthMe 5.6.0-beta2 build n.2453 successfully enabled!
[04-17 15:44:15]: [INFO] Downloading GEO IP database, because the old database is older than 30 days or doesn't exist
[04-17 15:44:15]: [WARN] No MaxMind credentials found in the configuration file! GeoIp protections will be disabled.
[04-17 15:44:15]: [INFO] There is no newer GEO IP database uploaded to MaxMind. Using the old one for now.
[04-17 15:44:15]: [WARN] Could not download GeoLiteAPI database [FileNotFoundException]: plugins\AuthMe\GeoLite2-Country.mmdb (Не удается найти указанный файл)
[04-17 15:44:15]: java.io.FileNotFoundException: plugins\AuthMe\GeoLite2-Country.mmdb (Не удается найти указанный файл)
	at java.base/java.io.RandomAccessFile.open0(Native Method)
	at java.base/java.io.RandomAccessFile.open(RandomAccessFile.java:346)
	at java.base/java.io.RandomAccessFile.<init>(RandomAccessFile.java:260)
	at java.base/java.io.RandomAccessFile.<init>(RandomAccessFile.java:215)
	at fr.xephi.authme.libs.com.maxmind.db.BufferHolder.<init>(BufferHolder.java:20)
	at fr.xephi.authme.libs.com.maxmind.db.Reader.<init>(Reader.java:121)
	at fr.xephi.authme.service.GeoIpService.startReading(GeoIpService.java:173)
	at fr.xephi.authme.service.GeoIpService.updateDatabase(GeoIpService.java:144)
	at org.bukkit.craftbukkit.v1_16_R3.scheduler.CraftTask.run(CraftTask.java:100)
	at org.bukkit.craftbukkit.v1_16_R3.scheduler.CraftAsyncTask.run(CraftAsyncTask.java:54)
	at com.destroystokyo.paper.ServerSchedulerReportingWrapper.run(ServerSchedulerReportingWrapper.java:22)
	at java.base/java.util.concurrent.ThreadPoolExecutor.runWorker(ThreadPoolExecutor.java:1128)
	at java.base/java.util.concurrent.ThreadPoolExecutor$Worker.run(ThreadPoolExecutor.java:628)
	at java.base/java.lang.Thread.run(Thread.java:834)

[04-17 16:04:19]: [INFO] AuthMe 5.6.0-beta2-b2453 disabled!
[04-17 16:04:56]: [INFO] SQLite Setup finished
[04-17 16:04:56]: [INFO] Hooked into LuckPerms!
[04-17 16:04:57]: [INFO] AuthMe 5.6.0-beta2 build n.2453 successfully enabled!
[04-17 16:04:57]: [INFO] Downloading GEO IP database, because the old database is older than 30 days or doesn't exist
[04-17 16:04:57]: [WARN] No MaxMind credentials found in the configuration file! GeoIp protections will be disabled.
[04-17 16:04:57]: [INFO] There is no newer GEO IP database uploaded to MaxMind. Using the old one for now.
[04-17 16:04:57]: [WARN] Could not download GeoLiteAPI database [FileNotFoundException]: plugins\AuthMe\GeoLite2-Country.mmdb (Не удается найти указанный файл)
[04-17 16:04:57]: java.io.FileNotFoundException: plugins\AuthMe\GeoLite2-Country.mmdb (Не удается найти указанный файл)
	at java.base/java.io.RandomAccessFile.open0(Native Method)
	at java.base/java.io.RandomAccessFile.open(RandomAccessFile.java:346)
	at java.base/java.io.RandomAccessFile.<init>(RandomAccessFile.java:260)
	at java.base/java.io.RandomAccessFile.<init>(RandomAccessFile.java:215)
	at fr.xephi.authme.libs.com.maxmind.db.BufferHolder.<init>(BufferHolder.java:20)
	at fr.xephi.authme.libs.com.maxmind.db.Reader.<init>(Reader.java:121)
	at fr.xephi.authme.service.GeoIpService.startReading(GeoIpService.java:173)
	at fr.xephi.authme.service.GeoIpService.updateDatabase(GeoIpService.java:144)
	at org.bukkit.craftbukkit.v1_16_R3.scheduler.CraftTask.run(CraftTask.java:100)
	at org.bukkit.craftbukkit.v1_16_R3.scheduler.CraftAsyncTask.run(CraftAsyncTask.java:54)
	at com.destroystokyo.paper.ServerSchedulerReportingWrapper.run(ServerSchedulerReportingWrapper.java:22)
	at java.base/java.util.concurrent.ThreadPoolExecutor.runWorker(ThreadPoolExecutor.java:1128)
	at java.base/java.util.concurrent.ThreadPoolExecutor$Worker.run(ThreadPoolExecutor.java:628)
	at java.base/java.lang.Thread.run(Thread.java:834)

[04-17 16:05:45]: [INFO] AuthMe 5.6.0-beta2-b2453 disabled!
[04-17 16:20:47]: [INFO] SQLite Setup finished
[04-17 16:20:47]: [INFO] Hooked into LuckPerms!
[04-17 16:20:48]: [INFO] AuthMe 5.6.0-beta2 build n.2453 successfully enabled!
[04-17 16:20:48]: [INFO] Downloading GEO IP database, because the old database is older than 30 days or doesn't exist
[04-17 16:20:48]: [WARN] No MaxMind credentials found in the configuration file! GeoIp protections will be disabled.
[04-17 16:20:48]: [INFO] There is no newer GEO IP database uploaded to MaxMind. Using the old one for now.
[04-17 16:20:48]: [WARN] Could not download GeoLiteAPI database [FileNotFoundException]: plugins\AuthMe\GeoLite2-Country.mmdb (Не удается найти указанный файл)
[04-17 16:20:48]: java.io.FileNotFoundException: plugins\AuthMe\GeoLite2-Country.mmdb (Не удается найти указанный файл)
	at java.base/java.io.RandomAccessFile.open0(Native Method)
	at java.base/java.io.RandomAccessFile.open(RandomAccessFile.java:346)
	at java.base/java.io.RandomAccessFile.<init>(RandomAccessFile.java:260)
	at java.base/java.io.RandomAccessFile.<init>(RandomAccessFile.java:215)
	at fr.xephi.authme.libs.com.maxmind.db.BufferHolder.<init>(BufferHolder.java:20)
	at fr.xephi.authme.libs.com.maxmind.db.Reader.<init>(Reader.java:121)
	at fr.xephi.authme.service.GeoIpService.startReading(GeoIpService.java:173)
	at fr.xephi.authme.service.GeoIpService.updateDatabase(GeoIpService.java:144)
	at org.bukkit.craftbukkit.v1_16_R3.scheduler.CraftTask.run(CraftTask.java:100)
	at org.bukkit.craftbukkit.v1_16_R3.scheduler.CraftAsyncTask.run(CraftAsyncTask.java:54)
	at com.destroystokyo.paper.ServerSchedulerReportingWrapper.run(ServerSchedulerReportingWrapper.java:22)
	at java.base/java.util.concurrent.ThreadPoolExecutor.runWorker(ThreadPoolExecutor.java:1128)
	at java.base/java.util.concurrent.ThreadPoolExecutor$Worker.run(ThreadPoolExecutor.java:628)
	at java.base/java.lang.Thread.run(Thread.java:834)

[04-17 16:35:39]: [INFO] AuthMe 5.6.0-beta2-b2453 disabled!
[04-17 16:38:09]: [INFO] SQLite Setup finished
[04-17 16:38:09]: [INFO] Hooked into LuckPerms!
[04-17 16:38:09]: [INFO] AuthMe 5.6.0-beta2 build n.2453 successfully enabled!
[04-17 16:38:09]: [INFO] Downloading GEO IP database, because the old database is older than 30 days or doesn't exist
[04-17 16:38:09]: [WARN] No MaxMind credentials found in the configuration file! GeoIp protections will be disabled.
[04-17 16:38:09]: [INFO] There is no newer GEO IP database uploaded to MaxMind. Using the old one for now.
[04-17 16:38:09]: [WARN] Could not download GeoLiteAPI database [FileNotFoundException]: plugins\AuthMe\GeoLite2-Country.mmdb (Не удается найти указанный файл)
[04-17 16:38:09]: java.io.FileNotFoundException: plugins\AuthMe\GeoLite2-Country.mmdb (Не удается найти указанный файл)
	at java.base/java.io.RandomAccessFile.open0(Native Method)
	at java.base/java.io.RandomAccessFile.open(RandomAccessFile.java:346)
	at java.base/java.io.RandomAccessFile.<init>(RandomAccessFile.java:260)
	at java.base/java.io.RandomAccessFile.<init>(RandomAccessFile.java:215)
	at fr.xephi.authme.libs.com.maxmind.db.BufferHolder.<init>(BufferHolder.java:20)
	at fr.xephi.authme.libs.com.maxmind.db.Reader.<init>(Reader.java:121)
	at fr.xephi.authme.service.GeoIpService.startReading(GeoIpService.java:173)
	at fr.xephi.authme.service.GeoIpService.updateDatabase(GeoIpService.java:144)
	at org.bukkit.craftbukkit.v1_16_R3.scheduler.CraftTask.run(CraftTask.java:100)
	at org.bukkit.craftbukkit.v1_16_R3.scheduler.CraftAsyncTask.run(CraftAsyncTask.java:54)
	at com.destroystokyo.paper.ServerSchedulerReportingWrapper.run(ServerSchedulerReportingWrapper.java:22)
	at java.base/java.util.concurrent.ThreadPoolExecutor.runWorker(ThreadPoolExecutor.java:1128)
	at java.base/java.util.concurrent.ThreadPoolExecutor$Worker.run(ThreadPoolExecutor.java:628)
	at java.base/java.lang.Thread.run(Thread.java:834)

[04-17 16:39:10]: [INFO] AuthMe 5.6.0-beta2-b2453 disabled!
[04-17 16:39:26]: [INFO] SQLite Setup finished
[04-17 16:39:26]: [INFO] Hooked into LuckPerms!
[04-17 16:39:26]: [INFO] AuthMe 5.6.0-beta2 build n.2453 successfully enabled!
[04-17 16:39:26]: [INFO] Downloading GEO IP database, because the old database is older than 30 days or doesn't exist
[04-17 16:39:26]: [WARN] No MaxMind credentials found in the configuration file! GeoIp protections will be disabled.
[04-17 16:39:26]: [INFO] There is no newer GEO IP database uploaded to MaxMind. Using the old one for now.
[04-17 16:39:26]: [WARN] Could not download GeoLiteAPI database [FileNotFoundException]: plugins\AuthMe\GeoLite2-Country.mmdb (Не удается найти указанный файл)
[04-17 16:39:26]: java.io.FileNotFoundException: plugins\AuthMe\GeoLite2-Country.mmdb (Не удается найти указанный файл)
	at java.base/java.io.RandomAccessFile.open0(Native Method)
	at java.base/java.io.RandomAccessFile.open(RandomAccessFile.java:346)
	at java.base/java.io.RandomAccessFile.<init>(RandomAccessFile.java:260)
	at java.base/java.io.RandomAccessFile.<init>(RandomAccessFile.java:215)
	at fr.xephi.authme.libs.com.maxmind.db.BufferHolder.<init>(BufferHolder.java:20)
	at fr.xephi.authme.libs.com.maxmind.db.Reader.<init>(Reader.java:121)
	at fr.xephi.authme.service.GeoIpService.startReading(GeoIpService.java:173)
	at fr.xephi.authme.service.GeoIpService.updateDatabase(GeoIpService.java:144)
	at org.bukkit.craftbukkit.v1_16_R3.scheduler.CraftTask.run(CraftTask.java:100)
	at org.bukkit.craftbukkit.v1_16_R3.scheduler.CraftAsyncTask.run(CraftAsyncTask.java:54)
	at com.destroystokyo.paper.ServerSchedulerReportingWrapper.run(ServerSchedulerReportingWrapper.java:22)
	at java.base/java.util.concurrent.ThreadPoolExecutor.runWorker(ThreadPoolExecutor.java:1128)
	at java.base/java.util.concurrent.ThreadPoolExecutor$Worker.run(ThreadPoolExecutor.java:628)
	at java.base/java.lang.Thread.run(Thread.java:834)

[04-17 16:40:07]: [INFO] AuthMe 5.6.0-beta2-b2453 disabled!
[04-17 16:40:26]: [INFO] SQLite Setup finished
[04-17 16:40:26]: [INFO] Hooked into LuckPerms!
[04-17 16:40:26]: [INFO] AuthMe 5.6.0-beta2 build n.2453 successfully enabled!
[04-17 16:40:26]: [INFO] Downloading GEO IP database, because the old database is older than 30 days or doesn't exist
[04-17 16:40:26]: [WARN] No MaxMind credentials found in the configuration file! GeoIp protections will be disabled.
[04-17 16:40:26]: [INFO] There is no newer GEO IP database uploaded to MaxMind. Using the old one for now.
[04-17 16:40:26]: [WARN] Could not download GeoLiteAPI database [FileNotFoundException]: plugins\AuthMe\GeoLite2-Country.mmdb (Не удается найти указанный файл)
[04-17 16:40:26]: java.io.FileNotFoundException: plugins\AuthMe\GeoLite2-Country.mmdb (Не удается найти указанный файл)
	at java.base/java.io.RandomAccessFile.open0(Native Method)
	at java.base/java.io.RandomAccessFile.open(RandomAccessFile.java:346)
	at java.base/java.io.RandomAccessFile.<init>(RandomAccessFile.java:260)
	at java.base/java.io.RandomAccessFile.<init>(RandomAccessFile.java:215)
	at fr.xephi.authme.libs.com.maxmind.db.BufferHolder.<init>(BufferHolder.java:20)
	at fr.xephi.authme.libs.com.maxmind.db.Reader.<init>(Reader.java:121)
	at fr.xephi.authme.service.GeoIpService.startReading(GeoIpService.java:173)
	at fr.xephi.authme.service.GeoIpService.updateDatabase(GeoIpService.java:144)
	at org.bukkit.craftbukkit.v1_16_R3.scheduler.CraftTask.run(CraftTask.java:100)
	at org.bukkit.craftbukkit.v1_16_R3.scheduler.CraftAsyncTask.run(CraftAsyncTask.java:54)
	at com.destroystokyo.paper.ServerSchedulerReportingWrapper.run(ServerSchedulerReportingWrapper.java:22)
	at java.base/java.util.concurrent.ThreadPoolExecutor.runWorker(ThreadPoolExecutor.java:1128)
	at java.base/java.util.concurrent.ThreadPoolExecutor$Worker.run(ThreadPoolExecutor.java:628)
	at java.base/java.lang.Thread.run(Thread.java:834)

[04-17 16:41:35]: [INFO] SQLite Setup finished
[04-17 16:41:35]: [INFO] Hooked into LuckPerms!
[04-17 16:41:35]: [INFO] AuthMe 5.6.0-beta2 build n.2453 successfully enabled!
[04-17 16:41:35]: [INFO] Downloading GEO IP database, because the old database is older than 30 days or doesn't exist
[04-17 16:41:35]: [WARN] No MaxMind credentials found in the configuration file! GeoIp protections will be disabled.
[04-17 16:41:35]: [INFO] There is no newer GEO IP database uploaded to MaxMind. Using the old one for now.
[04-17 16:41:35]: [WARN] Could not download GeoLiteAPI database [FileNotFoundException]: plugins\AuthMe\GeoLite2-Country.mmdb (Не удается найти указанный файл)
[04-17 16:41:35]: java.io.FileNotFoundException: plugins\AuthMe\GeoLite2-Country.mmdb (Не удается найти указанный файл)
	at java.base/java.io.RandomAccessFile.open0(Native Method)
	at java.base/java.io.RandomAccessFile.open(RandomAccessFile.java:346)
	at java.base/java.io.RandomAccessFile.<init>(RandomAccessFile.java:260)
	at java.base/java.io.RandomAccessFile.<init>(RandomAccessFile.java:215)
	at fr.xephi.authme.libs.com.maxmind.db.BufferHolder.<init>(BufferHolder.java:20)
	at fr.xephi.authme.libs.com.maxmind.db.Reader.<init>(Reader.java:121)
	at fr.xephi.authme.service.GeoIpService.startReading(GeoIpService.java:173)
	at fr.xephi.authme.service.GeoIpService.updateDatabase(GeoIpService.java:144)
	at org.bukkit.craftbukkit.v1_16_R3.scheduler.CraftTask.run(CraftTask.java:100)
	at org.bukkit.craftbukkit.v1_16_R3.scheduler.CraftAsyncTask.run(CraftAsyncTask.java:54)
	at com.destroystokyo.paper.ServerSchedulerReportingWrapper.run(ServerSchedulerReportingWrapper.java:22)
	at java.base/java.util.concurrent.ThreadPoolExecutor.runWorker(ThreadPoolExecutor.java:1128)
	at java.base/java.util.concurrent.ThreadPoolExecutor$Worker.run(ThreadPoolExecutor.java:628)
	at java.base/java.lang.Thread.run(Thread.java:834)

[04-17 16:41:55]: [FINE] Zytia registered 25.84.122.64
[04-17 16:41:55]: [FINE] Zytia logged in 25.84.122.64
[04-17 16:58:08]: [INFO] AuthMe 5.6.0-beta2-b2453 disabled!
[04-18 13:48:17]: [INFO] SQLite Setup finished
[04-18 13:48:17]: [INFO] Hooked into LuckPerms!
[04-18 13:48:17]: [INFO] AuthMe 5.6.0-beta2 build n.2453 successfully enabled!
[04-18 13:48:18]: [INFO] Downloading GEO IP database, because the old database is older than 30 days or doesn't exist
[04-18 13:48:18]: [WARN] No MaxMind credentials found in the configuration file! GeoIp protections will be disabled.
[04-18 13:48:18]: [INFO] There is no newer GEO IP database uploaded to MaxMind. Using the old one for now.
[04-18 13:48:18]: [WARN] Could not download GeoLiteAPI database [FileNotFoundException]: plugins\AuthMe\GeoLite2-Country.mmdb (Не удается найти указанный файл)
[04-18 13:48:18]: java.io.FileNotFoundException: plugins\AuthMe\GeoLite2-Country.mmdb (Не удается найти указанный файл)
	at java.base/java.io.RandomAccessFile.open0(Native Method)
	at java.base/java.io.RandomAccessFile.open(RandomAccessFile.java:346)
	at java.base/java.io.RandomAccessFile.<init>(RandomAccessFile.java:260)
	at java.base/java.io.RandomAccessFile.<init>(RandomAccessFile.java:215)
	at fr.xephi.authme.libs.com.maxmind.db.BufferHolder.<init>(BufferHolder.java:20)
	at fr.xephi.authme.libs.com.maxmind.db.Reader.<init>(Reader.java:121)
	at fr.xephi.authme.service.GeoIpService.startReading(GeoIpService.java:173)
	at fr.xephi.authme.service.GeoIpService.updateDatabase(GeoIpService.java:144)
	at org.bukkit.craftbukkit.v1_16_R3.scheduler.CraftTask.run(CraftTask.java:100)
	at org.bukkit.craftbukkit.v1_16_R3.scheduler.CraftAsyncTask.run(CraftAsyncTask.java:54)
	at com.destroystokyo.paper.ServerSchedulerReportingWrapper.run(ServerSchedulerReportingWrapper.java:22)
	at java.base/java.util.concurrent.ThreadPoolExecutor.runWorker(ThreadPoolExecutor.java:1128)
	at java.base/java.util.concurrent.ThreadPoolExecutor$Worker.run(ThreadPoolExecutor.java:628)
	at java.base/java.lang.Thread.run(Thread.java:834)

[04-18 14:01:59]: [FINE] Zytia logged in 25.84.122.64
[04-18 14:05:54]: [FINE] Zytia logged in 25.84.122.64
[04-18 14:19:17]: [FINE] Zytia logged in 25.84.122.64
[04-18 14:30:26]: [FINE] Zytia logged in 25.84.122.64
[04-18 14:38:31]: [FINE] Zytia logged in 25.84.122.64
[04-18 17:37:21]: [INFO] AuthMe 5.6.0-beta2-b2453 disabled!
[04-18 18:31:47]: [INFO] SQLite Setup finished
[04-18 18:31:47]: [INFO] Hooked into LuckPerms!
[04-18 18:31:47]: [INFO] AuthMe 5.6.0-beta2 build n.2453 successfully enabled!
[04-18 18:31:47]: [INFO] Downloading GEO IP database, because the old database is older than 30 days or doesn't exist
[04-18 18:31:47]: [WARN] No MaxMind credentials found in the configuration file! GeoIp protections will be disabled.
[04-18 18:31:47]: [INFO] There is no newer GEO IP database uploaded to MaxMind. Using the old one for now.
[04-18 18:31:47]: [WARN] Could not download GeoLiteAPI database [FileNotFoundException]: plugins\AuthMe\GeoLite2-Country.mmdb (Не удается найти указанный файл)
[04-18 18:31:47]: java.io.FileNotFoundException: plugins\AuthMe\GeoLite2-Country.mmdb (Не удается найти указанный файл)
	at java.base/java.io.RandomAccessFile.open0(Native Method)
	at java.base/java.io.RandomAccessFile.open(RandomAccessFile.java:346)
	at java.base/java.io.RandomAccessFile.<init>(RandomAccessFile.java:260)
	at java.base/java.io.RandomAccessFile.<init>(RandomAccessFile.java:215)
	at fr.xephi.authme.libs.com.maxmind.db.BufferHolder.<init>(BufferHolder.java:20)
	at fr.xephi.authme.libs.com.maxmind.db.Reader.<init>(Reader.java:121)
	at fr.xephi.authme.service.GeoIpService.startReading(GeoIpService.java:173)
	at fr.xephi.authme.service.GeoIpService.updateDatabase(GeoIpService.java:144)
	at org.bukkit.craftbukkit.v1_16_R3.scheduler.CraftTask.run(CraftTask.java:100)
	at org.bukkit.craftbukkit.v1_16_R3.scheduler.CraftAsyncTask.run(CraftAsyncTask.java:54)
	at com.destroystokyo.paper.ServerSchedulerReportingWrapper.run(ServerSchedulerReportingWrapper.java:22)
	at java.base/java.util.concurrent.ThreadPoolExecutor.runWorker(ThreadPoolExecutor.java:1128)
	at java.base/java.util.concurrent.ThreadPoolExecutor$Worker.run(ThreadPoolExecutor.java:628)
	at java.base/java.lang.Thread.run(Thread.java:834)

[04-18 18:37:35]: [FINE] Zytia logged in 25.84.122.64
[04-18 18:37:58]: [FINE] Zytia logged in 25.84.122.64
[04-18 19:10:37]: [INFO] AuthMe 5.6.0-beta2-b2453 disabled!
[04-18 19:11:00]: [INFO] SQLite Setup finished
[04-18 19:11:00]: [INFO] Hooked into LuckPerms!
[04-18 19:11:00]: [INFO] AuthMe 5.6.0-beta2 build n.2453 successfully enabled!
[04-18 19:11:01]: [INFO] Downloading GEO IP database, because the old database is older than 30 days or doesn't exist
[04-18 19:11:01]: [WARN] No MaxMind credentials found in the configuration file! GeoIp protections will be disabled.
[04-18 19:11:01]: [INFO] There is no newer GEO IP database uploaded to MaxMind. Using the old one for now.
[04-18 19:11:01]: [WARN] Could not download GeoLiteAPI database [FileNotFoundException]: plugins\AuthMe\GeoLite2-Country.mmdb (Не удается найти указанный файл)
[04-18 19:11:01]: java.io.FileNotFoundException: plugins\AuthMe\GeoLite2-Country.mmdb (Не удается найти указанный файл)
	at java.base/java.io.RandomAccessFile.open0(Native Method)
	at java.base/java.io.RandomAccessFile.open(RandomAccessFile.java:346)
	at java.base/java.io.RandomAccessFile.<init>(RandomAccessFile.java:260)
	at java.base/java.io.RandomAccessFile.<init>(RandomAccessFile.java:215)
	at fr.xephi.authme.libs.com.maxmind.db.BufferHolder.<init>(BufferHolder.java:20)
	at fr.xephi.authme.libs.com.maxmind.db.Reader.<init>(Reader.java:121)
	at fr.xephi.authme.service.GeoIpService.startReading(GeoIpService.java:173)
	at fr.xephi.authme.service.GeoIpService.updateDatabase(GeoIpService.java:144)
	at org.bukkit.craftbukkit.v1_16_R3.scheduler.CraftTask.run(CraftTask.java:100)
	at org.bukkit.craftbukkit.v1_16_R3.scheduler.CraftAsyncTask.run(CraftAsyncTask.java:54)
	at com.destroystokyo.paper.ServerSchedulerReportingWrapper.run(ServerSchedulerReportingWrapper.java:22)
	at java.base/java.util.concurrent.ThreadPoolExecutor.runWorker(ThreadPoolExecutor.java:1128)
	at java.base/java.util.concurrent.ThreadPoolExecutor$Worker.run(ThreadPoolExecutor.java:628)
	at java.base/java.lang.Thread.run(Thread.java:834)

[04-18 19:11:24]: [FINE] Zytia logged in 25.84.122.64
[04-18 19:15:21]: [INFO] AuthMe 5.6.0-beta2-b2453 disabled!
[04-18 19:16:03]: [INFO] SQLite Setup finished
[04-18 19:16:03]: [INFO] Hooked into LuckPerms!
[04-18 19:16:04]: [INFO] AuthMe 5.6.0-beta2 build n.2453 successfully enabled!
[04-18 19:16:04]: [INFO] Downloading GEO IP database, because the old database is older than 30 days or doesn't exist
[04-18 19:16:04]: [WARN] No MaxMind credentials found in the configuration file! GeoIp protections will be disabled.
[04-18 19:16:04]: [INFO] There is no newer GEO IP database uploaded to MaxMind. Using the old one for now.
[04-18 19:16:04]: [WARN] Could not download GeoLiteAPI database [FileNotFoundException]: plugins\AuthMe\GeoLite2-Country.mmdb (Не удается найти указанный файл)
[04-18 19:16:04]: java.io.FileNotFoundException: plugins\AuthMe\GeoLite2-Country.mmdb (Не удается найти указанный файл)
	at java.base/java.io.RandomAccessFile.open0(Native Method)
	at java.base/java.io.RandomAccessFile.open(RandomAccessFile.java:346)
	at java.base/java.io.RandomAccessFile.<init>(RandomAccessFile.java:260)
	at java.base/java.io.RandomAccessFile.<init>(RandomAccessFile.java:215)
	at fr.xephi.authme.libs.com.maxmind.db.BufferHolder.<init>(BufferHolder.java:20)
	at fr.xephi.authme.libs.com.maxmind.db.Reader.<init>(Reader.java:121)
	at fr.xephi.authme.service.GeoIpService.startReading(GeoIpService.java:173)
	at fr.xephi.authme.service.GeoIpService.updateDatabase(GeoIpService.java:144)
	at org.bukkit.craftbukkit.v1_16_R3.scheduler.CraftTask.run(CraftTask.java:100)
	at org.bukkit.craftbukkit.v1_16_R3.scheduler.CraftAsyncTask.run(CraftAsyncTask.java:54)
	at com.destroystokyo.paper.ServerSchedulerReportingWrapper.run(ServerSchedulerReportingWrapper.java:22)
	at java.base/java.util.concurrent.ThreadPoolExecutor.runWorker(ThreadPoolExecutor.java:1128)
	at java.base/java.util.concurrent.ThreadPoolExecutor$Worker.run(ThreadPoolExecutor.java:628)
	at java.base/java.lang.Thread.run(Thread.java:834)

[04-18 19:16:19]: [FINE] Zytia logged in 25.84.122.64
[04-18 19:40:32]: [FINE] Zytia logged in 25.84.122.64
[04-18 19:48:02]: [FINE] Zytia used the wrong password
[04-18 19:48:12]: [FINE] Zytia logged in 25.84.122.64
[04-18 20:30:21]: [INFO] AuthMe 5.6.0-beta2-b2453 disabled!
[04-20 00:39:14]: [INFO] SQLite Setup finished
[04-20 00:39:14]: [INFO] Hooked into LuckPerms!
[04-20 00:39:15]: [INFO] AuthMe 5.6.0-beta2 build n.2453 successfully enabled!
[04-20 00:39:15]: [INFO] Downloading GEO IP database, because the old database is older than 30 days or doesn't exist
[04-20 00:39:15]: [WARN] No MaxMind credentials found in the configuration file! GeoIp protections will be disabled.
[04-20 00:39:15]: [INFO] There is no newer GEO IP database uploaded to MaxMind. Using the old one for now.
[04-20 00:39:15]: [WARN] Could not download GeoLiteAPI database [FileNotFoundException]: plugins\AuthMe\GeoLite2-Country.mmdb (Не удается найти указанный файл)
[04-20 00:39:15]: java.io.FileNotFoundException: plugins\AuthMe\GeoLite2-Country.mmdb (Не удается найти указанный файл)
	at java.base/java.io.RandomAccessFile.open0(Native Method)
	at java.base/java.io.RandomAccessFile.open(RandomAccessFile.java:346)
	at java.base/java.io.RandomAccessFile.<init>(RandomAccessFile.java:260)
	at java.base/java.io.RandomAccessFile.<init>(RandomAccessFile.java:215)
	at fr.xephi.authme.libs.com.maxmind.db.BufferHolder.<init>(BufferHolder.java:20)
	at fr.xephi.authme.libs.com.maxmind.db.Reader.<init>(Reader.java:121)
	at fr.xephi.authme.service.GeoIpService.startReading(GeoIpService.java:173)
	at fr.xephi.authme.service.GeoIpService.updateDatabase(GeoIpService.java:144)
	at org.bukkit.craftbukkit.v1_16_R3.scheduler.CraftTask.run(CraftTask.java:100)
	at org.bukkit.craftbukkit.v1_16_R3.scheduler.CraftAsyncTask.run(CraftAsyncTask.java:54)
	at com.destroystokyo.paper.ServerSchedulerReportingWrapper.run(ServerSchedulerReportingWrapper.java:22)
	at java.base/java.util.concurrent.ThreadPoolExecutor.runWorker(ThreadPoolExecutor.java:1128)
	at java.base/java.util.concurrent.ThreadPoolExecutor$Worker.run(ThreadPoolExecutor.java:628)
	at java.base/java.lang.Thread.run(Thread.java:834)

[04-20 00:42:59]: [INFO] AuthMe 5.6.0-beta2-b2453 disabled!
[04-20 00:45:33]: [INFO] SQLite Setup finished
[04-20 00:45:33]: [INFO] Hooked into LuckPerms!
[04-20 00:45:33]: [INFO] AuthMe 5.6.0-beta2 build n.2453 successfully enabled!
[04-20 00:45:34]: [INFO] Downloading GEO IP database, because the old database is older than 30 days or doesn't exist
[04-20 00:45:34]: [WARN] No MaxMind credentials found in the configuration file! GeoIp protections will be disabled.
[04-20 00:45:34]: [INFO] There is no newer GEO IP database uploaded to MaxMind. Using the old one for now.
[04-20 00:45:34]: [WARN] Could not download GeoLiteAPI database [FileNotFoundException]: plugins\AuthMe\GeoLite2-Country.mmdb (Не удается найти указанный файл)
[04-20 00:45:34]: java.io.FileNotFoundException: plugins\AuthMe\GeoLite2-Country.mmdb (Не удается найти указанный файл)
	at java.base/java.io.RandomAccessFile.open0(Native Method)
	at java.base/java.io.RandomAccessFile.open(RandomAccessFile.java:346)
	at java.base/java.io.RandomAccessFile.<init>(RandomAccessFile.java:260)
	at java.base/java.io.RandomAccessFile.<init>(RandomAccessFile.java:215)
	at fr.xephi.authme.libs.com.maxmind.db.BufferHolder.<init>(BufferHolder.java:20)
	at fr.xephi.authme.libs.com.maxmind.db.Reader.<init>(Reader.java:121)
	at fr.xephi.authme.service.GeoIpService.startReading(GeoIpService.java:173)
	at fr.xephi.authme.service.GeoIpService.updateDatabase(GeoIpService.java:144)
	at org.bukkit.craftbukkit.v1_16_R3.scheduler.CraftTask.run(CraftTask.java:100)
	at org.bukkit.craftbukkit.v1_16_R3.scheduler.CraftAsyncTask.run(CraftAsyncTask.java:54)
	at com.destroystokyo.paper.ServerSchedulerReportingWrapper.run(ServerSchedulerReportingWrapper.java:22)
	at java.base/java.util.concurrent.ThreadPoolExecutor.runWorker(ThreadPoolExecutor.java:1128)
	at java.base/java.util.concurrent.ThreadPoolExecutor$Worker.run(ThreadPoolExecutor.java:628)
	at java.base/java.lang.Thread.run(Thread.java:834)

[04-20 00:46:10]: [FINE] Zytia logged in 25.84.122.64
[04-20 01:49:40]: [FINE] Zytia logged in 25.84.122.64
[04-20 01:50:18]: [FINE] Zytia logged in 25.84.122.64
[04-20 02:03:17]: [INFO] AuthMe 5.6.0-beta2-b2453 disabled!
[04-20 02:03:40]: [INFO] SQLite Setup finished
[04-20 02:03:40]: [INFO] Hooked into LuckPerms!
[04-20 02:03:40]: [INFO] AuthMe 5.6.0-beta2 build n.2453 successfully enabled!
[04-20 02:03:41]: [INFO] Downloading GEO IP database, because the old database is older than 30 days or doesn't exist
[04-20 02:03:41]: [WARN] No MaxMind credentials found in the configuration file! GeoIp protections will be disabled.
[04-20 02:03:41]: [INFO] There is no newer GEO IP database uploaded to MaxMind. Using the old one for now.
[04-20 02:03:41]: [WARN] Could not download GeoLiteAPI database [FileNotFoundException]: plugins\AuthMe\GeoLite2-Country.mmdb (Не удается найти указанный файл)
[04-20 02:03:41]: java.io.FileNotFoundException: plugins\AuthMe\GeoLite2-Country.mmdb (Не удается найти указанный файл)
	at java.base/java.io.RandomAccessFile.open0(Native Method)
	at java.base/java.io.RandomAccessFile.open(RandomAccessFile.java:346)
	at java.base/java.io.RandomAccessFile.<init>(RandomAccessFile.java:260)
	at java.base/java.io.RandomAccessFile.<init>(RandomAccessFile.java:215)
	at fr.xephi.authme.libs.com.maxmind.db.BufferHolder.<init>(BufferHolder.java:20)
	at fr.xephi.authme.libs.com.maxmind.db.Reader.<init>(Reader.java:121)
	at fr.xephi.authme.service.GeoIpService.startReading(GeoIpService.java:173)
	at fr.xephi.authme.service.GeoIpService.updateDatabase(GeoIpService.java:144)
	at org.bukkit.craftbukkit.v1_16_R3.scheduler.CraftTask.run(CraftTask.java:100)
	at org.bukkit.craftbukkit.v1_16_R3.scheduler.CraftAsyncTask.run(CraftAsyncTask.java:54)
	at com.destroystokyo.paper.ServerSchedulerReportingWrapper.run(ServerSchedulerReportingWrapper.java:22)
	at java.base/java.util.concurrent.ThreadPoolExecutor.runWorker(ThreadPoolExecutor.java:1128)
	at java.base/java.util.concurrent.ThreadPoolExecutor$Worker.run(ThreadPoolExecutor.java:628)
	at java.base/java.lang.Thread.run(Thread.java:834)

[04-20 02:03:50]: [FINE] Zytia logged in 25.84.122.64
[04-20 02:04:35]: [INFO] Unhooked from Permissions!
[04-20 02:04:35]: [INFO] Hooked into LuckPerms!
[04-20 02:04:35]: [INFO] SQLite Setup finished
[04-20 02:04:47]: [FINE] Zytia logged in 25.84.122.64
[04-20 02:06:41]: [INFO] Unhooked from Permissions!
[04-20 02:06:41]: [INFO] Hooked into LuckPerms!
[04-20 02:06:41]: [INFO] SQLite Setup finished
[04-20 02:06:58]: [INFO] Unhooked from Permissions!
[04-20 02:06:58]: [INFO] Hooked into LuckPerms!
[04-20 02:06:58]: [INFO] SQLite Setup finished
[04-20 02:08:14]: [INFO] AuthMe 5.6.0-beta2-b2453 disabled!
[04-20 16:36:23]: [INFO] SQLite Setup finished
[04-20 16:36:23]: [INFO] Hooked into LuckPerms!
[04-20 16:36:23]: [INFO] AuthMe 5.6.0-beta2 build n.2453 successfully enabled!
[04-20 16:36:24]: [INFO] Downloading GEO IP database, because the old database is older than 30 days or doesn't exist
[04-20 16:36:24]: [WARN] No MaxMind credentials found in the configuration file! GeoIp protections will be disabled.
[04-20 16:36:24]: [INFO] There is no newer GEO IP database uploaded to MaxMind. Using the old one for now.
[04-20 16:36:24]: [WARN] Could not download GeoLiteAPI database [FileNotFoundException]: plugins\AuthMe\GeoLite2-Country.mmdb (Не удается найти указанный файл)
[04-20 16:36:24]: java.io.FileNotFoundException: plugins\AuthMe\GeoLite2-Country.mmdb (Не удается найти указанный файл)
	at java.base/java.io.RandomAccessFile.open0(Native Method)
	at java.base/java.io.RandomAccessFile.open(RandomAccessFile.java:346)
	at java.base/java.io.RandomAccessFile.<init>(RandomAccessFile.java:260)
	at java.base/java.io.RandomAccessFile.<init>(RandomAccessFile.java:215)
	at fr.xephi.authme.libs.com.maxmind.db.BufferHolder.<init>(BufferHolder.java:20)
	at fr.xephi.authme.libs.com.maxmind.db.Reader.<init>(Reader.java:121)
	at fr.xephi.authme.service.GeoIpService.startReading(GeoIpService.java:173)
	at fr.xephi.authme.service.GeoIpService.updateDatabase(GeoIpService.java:144)
	at org.bukkit.craftbukkit.v1_16_R3.scheduler.CraftTask.run(CraftTask.java:100)
	at org.bukkit.craftbukkit.v1_16_R3.scheduler.CraftAsyncTask.run(CraftAsyncTask.java:54)
	at com.destroystokyo.paper.ServerSchedulerReportingWrapper.run(ServerSchedulerReportingWrapper.java:22)
	at java.base/java.util.concurrent.ThreadPoolExecutor.runWorker(ThreadPoolExecutor.java:1128)
	at java.base/java.util.concurrent.ThreadPoolExecutor$Worker.run(ThreadPoolExecutor.java:628)
	at java.base/java.lang.Thread.run(Thread.java:834)

[04-20 16:47:24]: [FINE] Zytia logged in 25.84.122.64
[04-20 16:50:42]: [INFO] Unhooked from Permissions!
[04-20 16:50:42]: [INFO] Hooked into LuckPerms!
[04-20 16:50:42]: [INFO] SQLite Setup finished
[04-20 16:51:33]: [FINE] WhiteOG registered 25.84.122.64
[04-20 16:51:33]: [FINE] The user WhiteOG has 2 accounts:
[04-20 16:51:33]: [FINE] §7§aZytia§7, §aWhiteOG§7.
[04-20 16:51:33]: [FINE] WhiteOG logged in 25.84.122.64
[04-20 16:51:56]: [FINE] The user Zytia has 2 accounts:
[04-20 16:51:56]: [FINE] §7§aZytia§7, §aWhiteOG§7.
[04-20 16:51:56]: [FINE] Zytia logged in 25.84.122.64
[04-20 18:03:37]: [FINE] Zytia used the wrong password
[04-20 18:03:41]: [FINE] The user Zytia has 2 accounts:
[04-20 18:03:41]: [FINE] §7§aZytia§7, §aWhiteOG§7.
[04-20 18:03:41]: [FINE] Zytia logged in 25.84.122.64
[04-20 18:08:13]: [FINE] The user WhiteOG has 2 accounts:
[04-20 18:08:13]: [FINE] §7zytia, §aWhiteOG§7.
[04-20 18:08:13]: [FINE] WhiteOG logged in 25.84.122.64
[04-20 18:11:57]: [FINE] The user Zytia has 2 accounts:
[04-20 18:11:57]: [FINE] §7§aZytia§7, §aWhiteOG§7.
[04-20 18:11:57]: [FINE] Zytia logged in 25.84.122.64
[04-20 18:36:51]: [FINE] The user Zytia has 2 accounts:
[04-20 18:36:51]: [FINE] §7§aZytia§7, §aWhiteOG§7.
[04-20 18:36:51]: [FINE] Zytia logged in 25.84.122.64
[04-20 22:24:18]: [INFO] Unhooked from Permissions!
[04-20 22:24:18]: [INFO] Hooked into LuckPerms!
[04-20 22:24:18]: [INFO] SQLite Setup finished
[04-20 22:24:31]: [FINE] The user Zytia has 2 accounts:
[04-20 22:24:31]: [FINE] §7§aZytia§7, §aWhiteOG§7.
[04-20 22:24:31]: [FINE] Zytia logged in 25.84.122.64
[04-20 22:28:12]: [INFO] Unhooked from Permissions!
[04-20 22:28:12]: [INFO] Hooked into LuckPerms!
[04-20 22:28:12]: [INFO] SQLite Setup finished
[04-20 22:28:46]: [INFO] Zytia unregistered himself
[04-20 22:29:56]: [INFO] Unhooked from Permissions!
[04-20 22:29:56]: [INFO] Hooked into LuckPerms!
[04-20 22:29:56]: [INFO] SQLite Setup finished
[04-20 22:30:51]: [INFO] Unhooked from Permissions!
[04-20 22:30:51]: [INFO] Hooked into LuckPerms!
[04-20 22:30:51]: [INFO] SQLite Setup finished
[04-20 22:31:17]: [INFO] Unhooked from Permissions!
[04-20 22:31:17]: [INFO] Hooked into LuckPerms!
[04-20 22:31:17]: [INFO] SQLite Setup finished
[04-20 22:31:31]: [INFO] Unhooked from Permissions!
[04-20 22:31:31]: [INFO] Hooked into LuckPerms!
[04-20 22:31:31]: [INFO] SQLite Setup finished
[04-20 22:32:15]: [INFO] Unhooked from Permissions!
[04-20 22:32:15]: [INFO] Hooked into LuckPerms!
[04-20 22:32:15]: [INFO] SQLite Setup finished
[04-20 22:33:20]: [INFO] Unhooked from Permissions!
[04-20 22:33:20]: [INFO] Hooked into LuckPerms!
[04-20 22:33:20]: [INFO] SQLite Setup finished
[04-20 22:33:42]: [INFO] Unhooked from Permissions!
[04-20 22:33:42]: [INFO] Hooked into LuckPerms!
[04-20 22:33:42]: [INFO] SQLite Setup finished
[04-20 22:40:31]: [INFO] Unhooked from Permissions!
[04-20 22:40:31]: [INFO] Hooked into LuckPerms!
[04-20 22:40:31]: [INFO] SQLite Setup finished
[04-20 22:43:03]: [INFO] Unhooked from Permissions!
[04-20 22:43:03]: [INFO] Hooked into LuckPerms!
[04-20 22:43:03]: [INFO] SQLite Setup finished
[04-20 22:43:41]: [INFO] Unhooked from Permissions!
[04-20 22:43:41]: [INFO] Hooked into LuckPerms!
[04-20 22:43:41]: [INFO] SQLite Setup finished
[04-20 22:43:46]: [INFO] Unhooked from Permissions!
[04-20 22:43:46]: [INFO] Hooked into LuckPerms!
[04-20 22:43:46]: [INFO] SQLite Setup finished
[04-20 22:44:39]: [INFO] Unhooked from Permissions!
[04-20 22:44:39]: [INFO] Hooked into LuckPerms!
[04-20 22:44:39]: [INFO] SQLite Setup finished
[04-20 22:46:26]: [INFO] Unhooked from Permissions!
[04-20 22:46:26]: [INFO] Hooked into LuckPerms!
[04-20 22:46:26]: [INFO] SQLite Setup finished
[04-20 22:46:31]: [INFO] Unhooked from Permissions!
[04-20 22:46:31]: [INFO] Hooked into LuckPerms!
[04-20 22:46:31]: [INFO] SQLite Setup finished
[04-20 22:47:12]: [INFO] Unhooked from Permissions!
[04-20 22:47:12]: [INFO] Hooked into LuckPerms!
[04-20 22:47:12]: [INFO] SQLite Setup finished
[04-20 22:47:16]: [INFO] Unhooked from Permissions!
[04-20 22:47:16]: [INFO] Hooked into LuckPerms!
[04-20 22:47:16]: [INFO] SQLite Setup finished
[04-20 22:47:47]: [INFO] Unhooked from Permissions!
[04-20 22:47:47]: [INFO] Hooked into LuckPerms!
[04-20 22:47:47]: [INFO] SQLite Setup finished
[04-20 22:50:16]: [INFO] Unhooked from Permissions!
[04-20 22:50:16]: [INFO] Hooked into LuckPerms!
[04-20 22:50:16]: [INFO] SQLite Setup finished
[04-20 22:50:42]: [INFO] Unhooked from Permissions!
[04-20 22:50:42]: [INFO] Hooked into LuckPerms!
[04-20 22:50:42]: [INFO] SQLite Setup finished
[04-20 22:51:07]: [INFO] Unhooked from Permissions!
[04-20 22:51:07]: [INFO] Hooked into LuckPerms!
[04-20 22:51:07]: [INFO] SQLite Setup finished
[04-20 22:51:34]: [FINE] Zytia registered 25.84.122.64
[04-20 22:51:34]: [FINE] The user Zytia has 2 accounts:
[04-20 22:51:34]: [FINE] §7§aWhiteOG§7, §aZytia§7.
[04-20 22:51:34]: [FINE] Zytia logged in 25.84.122.64
[04-20 22:54:45]: [INFO] Unhooked from Permissions!
[04-20 22:54:45]: [INFO] Hooked into LuckPerms!
[04-20 22:54:45]: [INFO] SQLite Setup finished
[04-20 22:55:10]: [INFO] Unhooked from Permissions!
[04-20 22:55:10]: [INFO] Hooked into LuckPerms!
[04-20 22:55:10]: [INFO] SQLite Setup finished
[04-20 22:56:22]: [INFO] Unhooked from Permissions!
[04-20 22:56:22]: [INFO] Hooked into LuckPerms!
[04-20 22:56:22]: [INFO] SQLite Setup finished
[04-20 22:57:44]: [INFO] Unhooked from Permissions!
[04-20 22:57:44]: [INFO] Hooked into LuckPerms!
[04-20 22:57:44]: [INFO] SQLite Setup finished
[04-20 22:58:24]: [INFO] Unhooked from Permissions!
[04-20 22:58:24]: [INFO] Hooked into LuckPerms!
[04-20 22:58:24]: [INFO] SQLite Setup finished
[04-20 22:59:30]: [FINE] The user Zytia has 2 accounts:
[04-20 22:59:30]: [FINE] §7§aWhiteOG§7, §aZytia§7.
[04-20 22:59:30]: [FINE] Zytia logged in 25.84.122.64
[04-20 23:03:02]: [INFO] Unhooked from Permissions!
[04-20 23:03:02]: [INFO] Hooked into LuckPerms!
[04-20 23:03:02]: [INFO] SQLite Setup finished
[04-20 23:03:15]: [FINE] The user Zytia has 2 accounts:
[04-20 23:03:15]: [FINE] §7§aWhiteOG§7, §aZytia§7.
[04-20 23:03:15]: [FINE] Zytia logged in 25.84.122.64
[04-20 23:04:20]: [INFO] Unhooked from Permissions!
[04-20 23:04:20]: [INFO] Hooked into LuckPerms!
[04-20 23:04:20]: [INFO] SQLite Setup finished
[04-20 23:04:36]: [FINE] The user Zytia has 2 accounts:
[04-20 23:04:36]: [FINE] §7§aWhiteOG§7, §aZytia§7.
[04-20 23:04:36]: [FINE] Zytia logged in 25.84.122.64
[04-20 23:22:28]: [INFO] Unhooked from Permissions!
[04-20 23:22:28]: [INFO] Hooked into LuckPerms!
[04-20 23:22:28]: [INFO] SQLite Setup finished
[04-20 23:23:10]: [FINE] Zytia used the wrong password
[04-20 23:23:16]: [FINE] The user Zytia has 2 accounts:
[04-20 23:23:16]: [FINE] §7§aWhiteOG§7, §aZytia§7.
[04-20 23:23:16]: [FINE] Zytia logged in 25.84.122.64
[04-20 23:29:54]: [INFO] Unhooked from Permissions!
[04-20 23:29:54]: [INFO] Hooked into LuckPerms!
[04-20 23:29:54]: [INFO] SQLite Setup finished
[04-20 23:33:28]: [INFO] Unhooked from Permissions!
[04-20 23:33:28]: [INFO] Hooked into LuckPerms!
[04-20 23:33:28]: [INFO] SQLite Setup finished
[04-20 23:33:43]: [FINE] The user Zytia has 2 accounts:
[04-20 23:33:43]: [FINE] §7§aWhiteOG§7, §aZytia§7.
[04-20 23:33:43]: [FINE] Zytia logged in 25.84.122.64
[04-20 23:34:53]: [INFO] Unhooked from Permissions!
[04-20 23:34:53]: [INFO] Hooked into LuckPerms!
[04-20 23:34:53]: [INFO] SQLite Setup finished
[04-20 23:35:03]: [FINE] The user Zytia has 2 accounts:
[04-20 23:35:03]: [FINE] §7§aWhiteOG§7, §aZytia§7.
[04-20 23:35:03]: [FINE] Zytia logged in 25.84.122.64
[04-20 23:38:42]: [INFO] Unhooked from Permissions!
[04-20 23:38:42]: [INFO] Hooked into LuckPerms!
[04-20 23:38:42]: [INFO] SQLite Setup finished
[04-20 23:38:58]: [FINE] The user Zytia has 2 accounts:
[04-20 23:38:58]: [FINE] §7§aWhiteOG§7, §aZytia§7.
[04-20 23:38:58]: [FINE] Zytia logged in 25.84.122.64
[04-20 23:39:43]: [INFO] Unhooked from Permissions!
[04-20 23:39:43]: [INFO] Hooked into LuckPerms!
[04-20 23:39:43]: [INFO] SQLite Setup finished
[04-20 23:39:58]: [FINE] The user Zytia has 2 accounts:
[04-20 23:39:58]: [FINE] §7§aWhiteOG§7, §aZytia§7.
[04-20 23:39:58]: [FINE] Zytia logged in 25.84.122.64
[04-20 23:41:27]: [INFO] Unhooked from Permissions!
[04-20 23:41:27]: [INFO] Hooked into LuckPerms!
[04-20 23:41:27]: [INFO] SQLite Setup finished
[04-20 23:41:40]: [FINE] The user Zytia has 2 accounts:
[04-20 23:41:40]: [FINE] §7§aWhiteOG§7, §aZytia§7.
[04-20 23:41:40]: [FINE] Zytia logged in 25.84.122.64
[04-20 23:44:01]: [INFO] AuthMe 5.6.0-beta2-b2453 disabled!
[04-20 23:44:28]: [INFO] Created column 'regdate' and set the current timestamp, 1618951468590, to all 0 rows
[04-20 23:44:29]: [INFO] SQLite Setup finished
[04-20 23:44:29]: [INFO] Hooked into LuckPerms!
[04-20 23:44:29]: [INFO] AuthMe 5.6.0-beta2 build n.2453 successfully enabled!
[04-20 23:44:29]: [INFO] Downloading GEO IP database, because the old database is older than 30 days or doesn't exist
[04-20 23:44:29]: [WARN] No MaxMind credentials found in the configuration file! GeoIp protections will be disabled.
[04-20 23:44:29]: [INFO] There is no newer GEO IP database uploaded to MaxMind. Using the old one for now.
[04-20 23:44:29]: [WARN] Could not download GeoLiteAPI database [FileNotFoundException]: plugins\AuthMe\GeoLite2-Country.mmdb (Не удается найти указанный файл)
[04-20 23:44:29]: java.io.FileNotFoundException: plugins\AuthMe\GeoLite2-Country.mmdb (Не удается найти указанный файл)
	at java.base/java.io.RandomAccessFile.open0(Native Method)
	at java.base/java.io.RandomAccessFile.open(RandomAccessFile.java:346)
	at java.base/java.io.RandomAccessFile.<init>(RandomAccessFile.java:260)
	at java.base/java.io.RandomAccessFile.<init>(RandomAccessFile.java:215)
	at fr.xephi.authme.libs.com.maxmind.db.BufferHolder.<init>(BufferHolder.java:20)
	at fr.xephi.authme.libs.com.maxmind.db.Reader.<init>(Reader.java:121)
	at fr.xephi.authme.service.GeoIpService.startReading(GeoIpService.java:173)
	at fr.xephi.authme.service.GeoIpService.updateDatabase(GeoIpService.java:144)
	at org.bukkit.craftbukkit.v1_16_R3.scheduler.CraftTask.run(CraftTask.java:100)
	at org.bukkit.craftbukkit.v1_16_R3.scheduler.CraftAsyncTask.run(CraftAsyncTask.java:54)
	at com.destroystokyo.paper.ServerSchedulerReportingWrapper.run(ServerSchedulerReportingWrapper.java:22)
	at java.base/java.util.concurrent.ThreadPoolExecutor.runWorker(ThreadPoolExecutor.java:1128)
	at java.base/java.util.concurrent.ThreadPoolExecutor$Worker.run(ThreadPoolExecutor.java:628)
	at java.base/java.lang.Thread.run(Thread.java:834)

[04-20 23:44:40]: [FINE] Zytia registered 25.84.122.64
[04-20 23:44:40]: [FINE] Zytia logged in 25.84.122.64
[04-20 23:45:00]: [FINE] WhiteOG registered 25.84.122.64
[04-20 23:45:00]: [FINE] The user WhiteOG has 2 accounts:
[04-20 23:45:00]: [FINE] §7§aZytia§7, §aWhiteOG§7.
[04-20 23:45:00]: [FINE] WhiteOG logged in 25.84.122.64
[04-20 23:46:10]: [INFO] SQLite Setup finished
[04-20 23:46:10]: [INFO] Unhooked from Permissions!
[04-20 23:46:10]: [INFO] Hooked into LuckPerms!
[04-20 23:50:12]: [INFO] SQLite Setup finished
[04-20 23:50:12]: [INFO] Unhooked from Permissions!
[04-20 23:50:12]: [INFO] Hooked into LuckPerms!
[04-20 23:50:25]: [FINE] The user Zytia has 2 accounts:
[04-20 23:50:25]: [FINE] §7§aZytia§7, §aWhiteOG§7.
[04-20 23:50:25]: [FINE] Zytia logged in 25.84.122.64
[04-20 23:50:33]: [INFO] SQLite Setup finished
[04-20 23:50:33]: [INFO] Unhooked from Permissions!
[04-20 23:50:33]: [INFO] Hooked into LuckPerms!
[04-20 23:50:44]: [FINE] The user Zytia has 2 accounts:
[04-20 23:50:44]: [FINE] §7§aZytia§7, §aWhiteOG§7.
[04-20 23:50:44]: [FINE] Zytia logged in 25.84.122.64
[04-20 23:50:59]: [INFO] SQLite Setup finished
[04-20 23:50:59]: [INFO] Unhooked from Permissions!
[04-20 23:50:59]: [INFO] Hooked into LuckPerms!
[04-20 23:51:29]: [INFO] SQLite Setup finished
[04-20 23:51:29]: [INFO] Unhooked from Permissions!
[04-20 23:51:29]: [INFO] Hooked into LuckPerms!
[04-20 23:51:38]: [FINE] The user Zytia has 2 accounts:
[04-20 23:51:38]: [FINE] §7§aZytia§7, §aWhiteOG§7.
[04-20 23:51:38]: [FINE] Zytia logged in 25.84.122.64
[04-20 23:54:32]: [INFO] AuthMe 5.6.0-beta2-b2453 disabled!
[04-21 03:18:22]: [INFO] SQLite Setup finished
[04-21 03:18:22]: [INFO] Hooked into LuckPerms!
[04-21 03:18:22]: [INFO] AuthMe 5.6.0-beta2 build n.2453 successfully enabled!
[04-21 03:18:23]: [INFO] Downloading GEO IP database, because the old database is older than 30 days or doesn't exist
[04-21 03:18:23]: [WARN] No MaxMind credentials found in the configuration file! GeoIp protections will be disabled.
[04-21 03:18:23]: [INFO] There is no newer GEO IP database uploaded to MaxMind. Using the old one for now.
[04-21 03:18:23]: [WARN] Could not download GeoLiteAPI database [FileNotFoundException]: plugins\AuthMe\GeoLite2-Country.mmdb (Не удается найти указанный файл)
[04-21 03:18:23]: java.io.FileNotFoundException: plugins\AuthMe\GeoLite2-Country.mmdb (Не удается найти указанный файл)
	at java.base/java.io.RandomAccessFile.open0(Native Method)
	at java.base/java.io.RandomAccessFile.open(RandomAccessFile.java:346)
	at java.base/java.io.RandomAccessFile.<init>(RandomAccessFile.java:260)
	at java.base/java.io.RandomAccessFile.<init>(RandomAccessFile.java:215)
	at fr.xephi.authme.libs.com.maxmind.db.BufferHolder.<init>(BufferHolder.java:20)
	at fr.xephi.authme.libs.com.maxmind.db.Reader.<init>(Reader.java:121)
	at fr.xephi.authme.service.GeoIpService.startReading(GeoIpService.java:173)
	at fr.xephi.authme.service.GeoIpService.updateDatabase(GeoIpService.java:144)
	at org.bukkit.craftbukkit.v1_16_R3.scheduler.CraftTask.run(CraftTask.java:100)
	at org.bukkit.craftbukkit.v1_16_R3.scheduler.CraftAsyncTask.run(CraftAsyncTask.java:54)
	at com.destroystokyo.paper.ServerSchedulerReportingWrapper.run(ServerSchedulerReportingWrapper.java:22)
	at java.base/java.util.concurrent.ThreadPoolExecutor.runWorker(ThreadPoolExecutor.java:1128)
	at java.base/java.util.concurrent.ThreadPoolExecutor$Worker.run(ThreadPoolExecutor.java:628)
	at java.base/java.lang.Thread.run(Thread.java:834)

[04-21 03:20:18]: [INFO] SQLite Setup finished
[04-21 03:20:18]: [INFO] Unhooked from Permissions!
[04-21 03:20:18]: [INFO] Hooked into LuckPerms!
[04-21 03:21:21]: [INFO] SQLite Setup finished
[04-21 03:21:21]: [INFO] Unhooked from Permissions!
[04-21 03:21:21]: [INFO] Hooked into LuckPerms!
[04-21 03:22:38]: [FINE] The user Zytia has 2 accounts:
[04-21 03:22:38]: [FINE] §7§aZytia§7, whiteog.
[04-21 03:22:38]: [FINE] Zytia logged in 25.84.122.64
[04-21 03:32:36]: [INFO] AuthMe 5.6.0-beta2-b2453 disabled!
[04-21 13:54:04]: [INFO] SQLite Setup finished
[04-21 13:54:04]: [INFO] Hooked into LuckPerms!
[04-21 13:54:04]: [INFO] AuthMe 5.6.0-beta2 build n.2453 successfully enabled!
[04-21 13:54:04]: [INFO] Downloading GEO IP database, because the old database is older than 30 days or doesn't exist
[04-21 13:54:04]: [WARN] No MaxMind credentials found in the configuration file! GeoIp protections will be disabled.
[04-21 13:54:04]: [INFO] There is no newer GEO IP database uploaded to MaxMind. Using the old one for now.
[04-21 13:54:04]: [WARN] Could not download GeoLiteAPI database [FileNotFoundException]: plugins\AuthMe\GeoLite2-Country.mmdb (Не удается найти указанный файл)
[04-21 13:54:04]: java.io.FileNotFoundException: plugins\AuthMe\GeoLite2-Country.mmdb (Не удается найти указанный файл)
	at java.base/java.io.RandomAccessFile.open0(Native Method)
	at java.base/java.io.RandomAccessFile.open(RandomAccessFile.java:346)
	at java.base/java.io.RandomAccessFile.<init>(RandomAccessFile.java:260)
	at java.base/java.io.RandomAccessFile.<init>(RandomAccessFile.java:215)
	at fr.xephi.authme.libs.com.maxmind.db.BufferHolder.<init>(BufferHolder.java:20)
	at fr.xephi.authme.libs.com.maxmind.db.Reader.<init>(Reader.java:121)
	at fr.xephi.authme.service.GeoIpService.startReading(GeoIpService.java:173)
	at fr.xephi.authme.service.GeoIpService.updateDatabase(GeoIpService.java:144)
	at org.bukkit.craftbukkit.v1_16_R3.scheduler.CraftTask.run(CraftTask.java:100)
	at org.bukkit.craftbukkit.v1_16_R3.scheduler.CraftAsyncTask.run(CraftAsyncTask.java:54)
	at com.destroystokyo.paper.ServerSchedulerReportingWrapper.run(ServerSchedulerReportingWrapper.java:22)
	at java.base/java.util.concurrent.ThreadPoolExecutor.runWorker(ThreadPoolExecutor.java:1128)
	at java.base/java.util.concurrent.ThreadPoolExecutor$Worker.run(ThreadPoolExecutor.java:628)
	at java.base/java.lang.Thread.run(Thread.java:834)

[04-21 13:54:17]: [FINE] The user Zytia has 2 accounts:
[04-21 13:54:17]: [FINE] §7§aZytia§7, whiteog.
[04-21 13:54:17]: [FINE] Zytia logged in 25.84.122.64
[04-21 15:55:12]: [FINE] The user WhiteOG has 2 accounts:
[04-21 15:55:12]: [FINE] §7§aZytia§7, §aWhiteOG§7.
[04-21 15:55:12]: [FINE] WhiteOG logged in 25.84.122.64
[04-21 17:18:35]: [FINE] The user Zytia has 2 accounts:
[04-21 17:18:35]: [FINE] §7§aZytia§7, §aWhiteOG§7.
[04-21 17:18:35]: [FINE] Zytia logged in 25.84.122.64
[04-21 19:36:21]: [INFO] AuthMe 5.6.0-beta2-b2453 disabled!
[04-25 23:20:12]: [INFO] SQLite Setup finished
[04-25 23:20:12]: [INFO] Hooked into LuckPerms!
[04-25 23:20:13]: [INFO] AuthMe 5.6.0-beta2 build n.2453 successfully enabled!
[04-25 23:20:13]: [INFO] Downloading GEO IP database, because the old database is older than 30 days or doesn't exist
[04-25 23:20:13]: [WARN] No MaxMind credentials found in the configuration file! GeoIp protections will be disabled.
[04-25 23:20:13]: [INFO] There is no newer GEO IP database uploaded to MaxMind. Using the old one for now.
[04-25 23:20:13]: [WARN] Could not download GeoLiteAPI database [FileNotFoundException]: plugins\AuthMe\GeoLite2-Country.mmdb (Не удается найти указанный файл)
[04-25 23:20:13]: java.io.FileNotFoundException: plugins\AuthMe\GeoLite2-Country.mmdb (Не удается найти указанный файл)
	at java.base/java.io.RandomAccessFile.open0(Native Method)
	at java.base/java.io.RandomAccessFile.open(RandomAccessFile.java:346)
	at java.base/java.io.RandomAccessFile.<init>(RandomAccessFile.java:260)
	at java.base/java.io.RandomAccessFile.<init>(RandomAccessFile.java:215)
	at fr.xephi.authme.libs.com.maxmind.db.BufferHolder.<init>(BufferHolder.java:20)
	at fr.xephi.authme.libs.com.maxmind.db.Reader.<init>(Reader.java:121)
	at fr.xephi.authme.service.GeoIpService.startReading(GeoIpService.java:173)
	at fr.xephi.authme.service.GeoIpService.updateDatabase(GeoIpService.java:144)
	at org.bukkit.craftbukkit.v1_16_R3.scheduler.CraftTask.run(CraftTask.java:100)
	at org.bukkit.craftbukkit.v1_16_R3.scheduler.CraftAsyncTask.run(CraftAsyncTask.java:54)
	at com.destroystokyo.paper.ServerSchedulerReportingWrapper.run(ServerSchedulerReportingWrapper.java:22)
	at java.base/java.util.concurrent.ThreadPoolExecutor.runWorker(ThreadPoolExecutor.java:1128)
	at java.base/java.util.concurrent.ThreadPoolExecutor$Worker.run(ThreadPoolExecutor.java:628)
	at java.base/java.lang.Thread.run(Thread.java:834)

[04-25 23:21:54]: [FINE] The user Zytia has 2 accounts:
[04-25 23:21:54]: [FINE] §7§aZytia§7, whiteog.
[04-25 23:21:54]: [FINE] Zytia logged in 25.84.122.64
[04-26 00:46:25]: [FINE] The user Zytia has 2 accounts:
[04-26 00:46:25]: [FINE] §7§aZytia§7, whiteog.
[04-26 00:46:25]: [FINE] Zytia logged in 25.84.122.64
[04-26 01:13:39]: [FINE] The user Zytia has 2 accounts:
[04-26 01:13:39]: [FINE] §7§aZytia§7, whiteog.
[04-26 01:13:39]: [FINE] Zytia logged in 25.84.122.64
[04-26 01:15:03]: [INFO] AuthMe 5.6.0-beta2-b2453 disabled!
[04-26 01:15:24]: [INFO] SQLite Setup finished
[04-26 01:15:24]: [INFO] Hooked into LuckPerms!
[04-26 01:15:24]: [INFO] AuthMe 5.6.0-beta2 build n.2453 successfully enabled!
[04-26 01:15:24]: [INFO] Downloading GEO IP database, because the old database is older than 30 days or doesn't exist
[04-26 01:15:24]: [WARN] No MaxMind credentials found in the configuration file! GeoIp protections will be disabled.
[04-26 01:15:24]: [INFO] There is no newer GEO IP database uploaded to MaxMind. Using the old one for now.
[04-26 01:15:24]: [WARN] Could not download GeoLiteAPI database [FileNotFoundException]: plugins\AuthMe\GeoLite2-Country.mmdb (Не удается найти указанный файл)
[04-26 01:15:24]: java.io.FileNotFoundException: plugins\AuthMe\GeoLite2-Country.mmdb (Не удается найти указанный файл)
	at java.base/java.io.RandomAccessFile.open0(Native Method)
	at java.base/java.io.RandomAccessFile.open(RandomAccessFile.java:346)
	at java.base/java.io.RandomAccessFile.<init>(RandomAccessFile.java:260)
	at java.base/java.io.RandomAccessFile.<init>(RandomAccessFile.java:215)
	at fr.xephi.authme.libs.com.maxmind.db.BufferHolder.<init>(BufferHolder.java:20)
	at fr.xephi.authme.libs.com.maxmind.db.Reader.<init>(Reader.java:121)
	at fr.xephi.authme.service.GeoIpService.startReading(GeoIpService.java:173)
	at fr.xephi.authme.service.GeoIpService.updateDatabase(GeoIpService.java:144)
	at org.bukkit.craftbukkit.v1_16_R3.scheduler.CraftTask.run(CraftTask.java:100)
	at org.bukkit.craftbukkit.v1_16_R3.scheduler.CraftAsyncTask.run(CraftAsyncTask.java:54)
	at com.destroystokyo.paper.ServerSchedulerReportingWrapper.run(ServerSchedulerReportingWrapper.java:22)
	at java.base/java.util.concurrent.ThreadPoolExecutor.runWorker(ThreadPoolExecutor.java:1128)
	at java.base/java.util.concurrent.ThreadPoolExecutor$Worker.run(ThreadPoolExecutor.java:628)
	at java.base/java.lang.Thread.run(Thread.java:834)

[04-26 01:15:35]: [FINE] The user Zytia has 2 accounts:
[04-26 01:15:35]: [FINE] §7§aZytia§7, whiteog.
[04-26 01:15:35]: [FINE] Zytia logged in 25.84.122.64
[04-26 01:21:29]: [INFO] AuthMe 5.6.0-beta2-b2453 disabled!
[04-26 01:21:51]: [INFO] SQLite Setup finished
[04-26 01:21:51]: [INFO] Hooked into LuckPerms!
[04-26 01:21:51]: [INFO] AuthMe 5.6.0-beta2 build n.2453 successfully enabled!
[04-26 01:21:51]: [INFO] Downloading GEO IP database, because the old database is older than 30 days or doesn't exist
[04-26 01:21:51]: [WARN] No MaxMind credentials found in the configuration file! GeoIp protections will be disabled.
[04-26 01:21:51]: [INFO] There is no newer GEO IP database uploaded to MaxMind. Using the old one for now.
[04-26 01:21:51]: [WARN] Could not download GeoLiteAPI database [FileNotFoundException]: plugins\AuthMe\GeoLite2-Country.mmdb (Не удается найти указанный файл)
[04-26 01:21:51]: java.io.FileNotFoundException: plugins\AuthMe\GeoLite2-Country.mmdb (Не удается найти указанный файл)
	at java.base/java.io.RandomAccessFile.open0(Native Method)
	at java.base/java.io.RandomAccessFile.open(RandomAccessFile.java:346)
	at java.base/java.io.RandomAccessFile.<init>(RandomAccessFile.java:260)
	at java.base/java.io.RandomAccessFile.<init>(RandomAccessFile.java:215)
	at fr.xephi.authme.libs.com.maxmind.db.BufferHolder.<init>(BufferHolder.java:20)
	at fr.xephi.authme.libs.com.maxmind.db.Reader.<init>(Reader.java:121)
	at fr.xephi.authme.service.GeoIpService.startReading(GeoIpService.java:173)
	at fr.xephi.authme.service.GeoIpService.updateDatabase(GeoIpService.java:144)
	at org.bukkit.craftbukkit.v1_16_R3.scheduler.CraftTask.run(CraftTask.java:100)
	at org.bukkit.craftbukkit.v1_16_R3.scheduler.CraftAsyncTask.run(CraftAsyncTask.java:54)
	at com.destroystokyo.paper.ServerSchedulerReportingWrapper.run(ServerSchedulerReportingWrapper.java:22)
	at java.base/java.util.concurrent.ThreadPoolExecutor.runWorker(ThreadPoolExecutor.java:1128)
	at java.base/java.util.concurrent.ThreadPoolExecutor$Worker.run(ThreadPoolExecutor.java:628)
	at java.base/java.lang.Thread.run(Thread.java:834)

[04-26 01:22:10]: [FINE] The user Zytia has 2 accounts:
[04-26 01:22:10]: [FINE] §7§aZytia§7, whiteog.
[04-26 01:22:10]: [FINE] Zytia logged in 25.84.122.64
[04-26 01:23:02]: [INFO] AuthMe 5.6.0-beta2-b2453 disabled!
[04-26 01:23:34]: [INFO] SQLite Setup finished
[04-26 01:23:34]: [INFO] Hooked into LuckPerms!
[04-26 01:23:34]: [INFO] AuthMe 5.6.0-beta2 build n.2453 successfully enabled!
[04-26 01:23:34]: [INFO] Downloading GEO IP database, because the old database is older than 30 days or doesn't exist
[04-26 01:23:34]: [WARN] No MaxMind credentials found in the configuration file! GeoIp protections will be disabled.
[04-26 01:23:34]: [INFO] There is no newer GEO IP database uploaded to MaxMind. Using the old one for now.
[04-26 01:23:34]: [WARN] Could not download GeoLiteAPI database [FileNotFoundException]: plugins\AuthMe\GeoLite2-Country.mmdb (Не удается найти указанный файл)
[04-26 01:23:34]: java.io.FileNotFoundException: plugins\AuthMe\GeoLite2-Country.mmdb (Не удается найти указанный файл)
	at java.base/java.io.RandomAccessFile.open0(Native Method)
	at java.base/java.io.RandomAccessFile.open(RandomAccessFile.java:346)
	at java.base/java.io.RandomAccessFile.<init>(RandomAccessFile.java:260)
	at java.base/java.io.RandomAccessFile.<init>(RandomAccessFile.java:215)
	at fr.xephi.authme.libs.com.maxmind.db.BufferHolder.<init>(BufferHolder.java:20)
	at fr.xephi.authme.libs.com.maxmind.db.Reader.<init>(Reader.java:121)
	at fr.xephi.authme.service.GeoIpService.startReading(GeoIpService.java:173)
	at fr.xephi.authme.service.GeoIpService.updateDatabase(GeoIpService.java:144)
	at org.bukkit.craftbukkit.v1_16_R3.scheduler.CraftTask.run(CraftTask.java:100)
	at org.bukkit.craftbukkit.v1_16_R3.scheduler.CraftAsyncTask.run(CraftAsyncTask.java:54)
	at com.destroystokyo.paper.ServerSchedulerReportingWrapper.run(ServerSchedulerReportingWrapper.java:22)
	at java.base/java.util.concurrent.ThreadPoolExecutor.runWorker(ThreadPoolExecutor.java:1128)
	at java.base/java.util.concurrent.ThreadPoolExecutor$Worker.run(ThreadPoolExecutor.java:628)
	at java.base/java.lang.Thread.run(Thread.java:834)

[04-26 01:23:42]: [FINE] The user Zytia has 2 accounts:
[04-26 01:23:42]: [FINE] §7§aZytia§7, whiteog.
[04-26 01:23:42]: [FINE] Zytia logged in 25.84.122.64
[04-26 01:26:04]: [FINE] The user Zytia has 2 accounts:
[04-26 01:26:04]: [FINE] §7§aZytia§7, whiteog.
[04-26 01:26:04]: [FINE] Zytia logged in 25.84.122.64
[04-26 01:27:04]: [FINE] Zytia used the wrong password
[04-26 01:27:07]: [FINE] The user Zytia has 2 accounts:
[04-26 01:27:07]: [FINE] §7§aZytia§7, whiteog.
[04-26 01:27:07]: [FINE] Zytia logged in 25.84.122.64
[04-26 01:29:12]: [FINE] The user Zytia has 2 accounts:
[04-26 01:29:12]: [FINE] §7§aZytia§7, whiteog.
[04-26 01:29:12]: [FINE] Zytia logged in 25.84.122.64
[04-26 01:31:00]: [FINE] The user Zytia has 2 accounts:
[04-26 01:31:00]: [FINE] §7§aZytia§7, whiteog.
[04-26 01:31:00]: [FINE] Zytia logged in 25.84.122.64
[04-26 01:31:45]: [FINE] Zytia used the wrong password
[04-26 01:31:49]: [FINE] The user Zytia has 2 accounts:
[04-26 01:31:49]: [FINE] §7§aZytia§7, whiteog.
[04-26 01:31:49]: [FINE] Zytia logged in 25.84.122.64
[04-26 01:32:07]: [FINE] The user Zytia has 2 accounts:
[04-26 01:32:07]: [FINE] §7§aZytia§7, whiteog.
[04-26 01:32:07]: [FINE] Zytia logged in 25.84.122.64
[04-26 01:32:45]: [INFO] AuthMe 5.6.0-beta2-b2453 disabled!
[04-26 01:33:08]: [INFO] SQLite Setup finished
[04-26 01:33:08]: [INFO] Hooked into LuckPerms!
[04-26 01:33:08]: [INFO] AuthMe 5.6.0-beta2 build n.2453 successfully enabled!
[04-26 01:33:08]: [INFO] Downloading GEO IP database, because the old database is older than 30 days or doesn't exist
[04-26 01:33:08]: [WARN] No MaxMind credentials found in the configuration file! GeoIp protections will be disabled.
[04-26 01:33:08]: [INFO] There is no newer GEO IP database uploaded to MaxMind. Using the old one for now.
[04-26 01:33:08]: [WARN] Could not download GeoLiteAPI database [FileNotFoundException]: plugins\AuthMe\GeoLite2-Country.mmdb (Не удается найти указанный файл)
[04-26 01:33:08]: java.io.FileNotFoundException: plugins\AuthMe\GeoLite2-Country.mmdb (Не удается найти указанный файл)
	at java.base/java.io.RandomAccessFile.open0(Native Method)
	at java.base/java.io.RandomAccessFile.open(RandomAccessFile.java:346)
	at java.base/java.io.RandomAccessFile.<init>(RandomAccessFile.java:260)
	at java.base/java.io.RandomAccessFile.<init>(RandomAccessFile.java:215)
	at fr.xephi.authme.libs.com.maxmind.db.BufferHolder.<init>(BufferHolder.java:20)
	at fr.xephi.authme.libs.com.maxmind.db.Reader.<init>(Reader.java:121)
	at fr.xephi.authme.service.GeoIpService.startReading(GeoIpService.java:173)
	at fr.xephi.authme.service.GeoIpService.updateDatabase(GeoIpService.java:144)
	at org.bukkit.craftbukkit.v1_16_R3.scheduler.CraftTask.run(CraftTask.java:100)
	at org.bukkit.craftbukkit.v1_16_R3.scheduler.CraftAsyncTask.run(CraftAsyncTask.java:54)
	at com.destroystokyo.paper.ServerSchedulerReportingWrapper.run(ServerSchedulerReportingWrapper.java:22)
	at java.base/java.util.concurrent.ThreadPoolExecutor.runWorker(ThreadPoolExecutor.java:1128)
	at java.base/java.util.concurrent.ThreadPoolExecutor$Worker.run(ThreadPoolExecutor.java:628)
	at java.base/java.lang.Thread.run(Thread.java:834)

[04-26 01:33:12]: [FINE] The user Zytia has 2 accounts:
[04-26 01:33:12]: [FINE] §7§aZytia§7, whiteog.
[04-26 01:33:12]: [FINE] Zytia logged in 25.84.122.64
[04-26 01:35:20]: [FINE] The user Zytia has 2 accounts:
[04-26 01:35:20]: [FINE] §7§aZytia§7, whiteog.
[04-26 01:35:20]: [FINE] Zytia logged in 25.84.122.64
[04-26 01:35:50]: [FINE] The user Zytia has 2 accounts:
[04-26 01:35:50]: [FINE] §7§aZytia§7, whiteog.
[04-26 01:35:50]: [FINE] Zytia logged in 25.84.122.64
[04-26 01:36:11]: [FINE] Zytia used the wrong password
[04-26 01:36:13]: [FINE] The user Zytia has 2 accounts:
[04-26 01:36:13]: [FINE] §7§aZytia§7, whiteog.
[04-26 01:36:13]: [FINE] Zytia logged in 25.84.122.64
[04-26 01:36:39]: [FINE] The user Zytia has 2 accounts:
[04-26 01:36:39]: [FINE] §7§aZytia§7, whiteog.
[04-26 01:36:39]: [FINE] Zytia logged in 25.84.122.64
[04-26 01:40:55]: [FINE] The user Zytia has 2 accounts:
[04-26 01:40:55]: [FINE] §7§aZytia§7, whiteog.
[04-26 01:40:55]: [FINE] Zytia logged in 25.84.122.64
[04-26 01:42:32]: [FINE] The user Zytia has 2 accounts:
[04-26 01:42:32]: [FINE] §7§aZytia§7, whiteog.
[04-26 01:42:32]: [FINE] Zytia logged in 25.84.122.64
[04-26 01:42:50]: [FINE] Zytia used the wrong password
[04-26 01:42:53]: [FINE] The user Zytia has 2 accounts:
[04-26 01:42:53]: [FINE] §7§aZytia§7, whiteog.
[04-26 01:42:53]: [FINE] Zytia logged in 25.84.122.64
[04-26 01:43:43]: [FINE] The user Zytia has 2 accounts:
[04-26 01:43:43]: [FINE] §7§aZytia§7, whiteog.
[04-26 01:43:43]: [FINE] Zytia logged in 25.84.122.64
[04-26 01:44:32]: [FINE] The user Zytia has 2 accounts:
[04-26 01:44:32]: [FINE] §7§aZytia§7, whiteog.
[04-26 01:44:32]: [FINE] Zytia logged in 25.84.122.64
[04-26 01:48:39]: [INFO] AuthMe 5.6.0-beta2-b2453 disabled!
[04-26 12:04:17]: [INFO] SQLite Setup finished
[04-26 12:04:17]: [INFO] Hooked into LuckPerms!
[04-26 12:04:17]: [INFO] AuthMe 5.6.0-beta2 build n.2453 successfully enabled!
[04-26 12:04:17]: [INFO] Downloading GEO IP database, because the old database is older than 30 days or doesn't exist
[04-26 12:04:17]: [WARN] No MaxMind credentials found in the configuration file! GeoIp protections will be disabled.
[04-26 12:04:17]: [INFO] There is no newer GEO IP database uploaded to MaxMind. Using the old one for now.
[04-26 12:04:17]: [WARN] Could not download GeoLiteAPI database [FileNotFoundException]: plugins\AuthMe\GeoLite2-Country.mmdb (Не удается найти указанный файл)
[04-26 12:04:17]: java.io.FileNotFoundException: plugins\AuthMe\GeoLite2-Country.mmdb (Не удается найти указанный файл)
	at java.base/java.io.RandomAccessFile.open0(Native Method)
	at java.base/java.io.RandomAccessFile.open(RandomAccessFile.java:346)
	at java.base/java.io.RandomAccessFile.<init>(RandomAccessFile.java:260)
	at java.base/java.io.RandomAccessFile.<init>(RandomAccessFile.java:215)
	at fr.xephi.authme.libs.com.maxmind.db.BufferHolder.<init>(BufferHolder.java:20)
	at fr.xephi.authme.libs.com.maxmind.db.Reader.<init>(Reader.java:121)
	at fr.xephi.authme.service.GeoIpService.startReading(GeoIpService.java:173)
	at fr.xephi.authme.service.GeoIpService.updateDatabase(GeoIpService.java:144)
	at org.bukkit.craftbukkit.v1_16_R3.scheduler.CraftTask.run(CraftTask.java:100)
	at org.bukkit.craftbukkit.v1_16_R3.scheduler.CraftAsyncTask.run(CraftAsyncTask.java:54)
	at com.destroystokyo.paper.ServerSchedulerReportingWrapper.run(ServerSchedulerReportingWrapper.java:22)
	at java.base/java.util.concurrent.ThreadPoolExecutor.runWorker(ThreadPoolExecutor.java:1128)
	at java.base/java.util.concurrent.ThreadPoolExecutor$Worker.run(ThreadPoolExecutor.java:628)
	at java.base/java.lang.Thread.run(Thread.java:834)

[04-26 12:05:24]: [FINE] The user Zytia has 2 accounts:
[04-26 12:05:24]: [FINE] §7§aZytia§7, whiteog.
[04-26 12:05:24]: [FINE] Zytia logged in 25.84.122.64
[04-26 12:07:38]: [FINE] The user Zytia has 2 accounts:
[04-26 12:07:38]: [FINE] §7§aZytia§7, whiteog.
[04-26 12:07:38]: [FINE] Zytia logged in 25.84.122.64
[04-26 12:13:16]: [FINE] The user Zytia has 2 accounts:
[04-26 12:13:16]: [FINE] §7§aZytia§7, whiteog.
[04-26 12:13:16]: [FINE] Zytia logged in 25.84.122.64
[04-26 12:22:44]: [FINE] The user Zytia has 2 accounts:
[04-26 12:22:44]: [FINE] §7§aZytia§7, whiteog.
[04-26 12:22:44]: [FINE] Zytia logged in 25.84.122.64
[04-26 12:29:03]: [FINE] The user Zytia has 2 accounts:
[04-26 12:29:03]: [FINE] §7§aZytia§7, whiteog.
[04-26 12:29:03]: [FINE] Zytia logged in 25.84.122.64
[04-26 12:31:04]: [FINE] The user Zytia has 2 accounts:
[04-26 12:31:04]: [FINE] §7§aZytia§7, whiteog.
[04-26 12:31:04]: [FINE] Zytia logged in 25.84.122.64
[04-26 12:40:41]: [FINE] The user Zytia has 2 accounts:
[04-26 12:40:41]: [FINE] §7§aZytia§7, whiteog.
[04-26 12:40:41]: [FINE] Zytia logged in 25.84.122.64
[04-26 12:42:16]: [FINE] The user Zytia has 2 accounts:
[04-26 12:42:16]: [FINE] §7§aZytia§7, whiteog.
[04-26 12:42:16]: [FINE] Zytia logged in 25.84.122.64
[04-26 12:48:46]: [INFO] AuthMe 5.6.0-beta2-b2453 disabled!
[04-26 12:51:10]: [INFO] SQLite Setup finished
[04-26 12:51:10]: [INFO] Hooked into LuckPerms!
[04-26 12:51:11]: [INFO] AuthMe 5.6.0-beta2 build n.2453 successfully enabled!
[04-26 12:51:11]: [INFO] Downloading GEO IP database, because the old database is older than 30 days or doesn't exist
[04-26 12:51:11]: [WARN] No MaxMind credentials found in the configuration file! GeoIp protections will be disabled.
[04-26 12:51:11]: [INFO] There is no newer GEO IP database uploaded to MaxMind. Using the old one for now.
[04-26 12:51:11]: [WARN] Could not download GeoLiteAPI database [FileNotFoundException]: plugins\AuthMe\GeoLite2-Country.mmdb (Не удается найти указанный файл)
[04-26 12:51:11]: java.io.FileNotFoundException: plugins\AuthMe\GeoLite2-Country.mmdb (Не удается найти указанный файл)
	at java.base/java.io.RandomAccessFile.open0(Native Method)
	at java.base/java.io.RandomAccessFile.open(RandomAccessFile.java:346)
	at java.base/java.io.RandomAccessFile.<init>(RandomAccessFile.java:260)
	at java.base/java.io.RandomAccessFile.<init>(RandomAccessFile.java:215)
	at fr.xephi.authme.libs.com.maxmind.db.BufferHolder.<init>(BufferHolder.java:20)
	at fr.xephi.authme.libs.com.maxmind.db.Reader.<init>(Reader.java:121)
	at fr.xephi.authme.service.GeoIpService.startReading(GeoIpService.java:173)
	at fr.xephi.authme.service.GeoIpService.updateDatabase(GeoIpService.java:144)
	at org.bukkit.craftbukkit.v1_16_R3.scheduler.CraftTask.run(CraftTask.java:100)
	at org.bukkit.craftbukkit.v1_16_R3.scheduler.CraftAsyncTask.run(CraftAsyncTask.java:54)
	at com.destroystokyo.paper.ServerSchedulerReportingWrapper.run(ServerSchedulerReportingWrapper.java:22)
	at java.base/java.util.concurrent.ThreadPoolExecutor.runWorker(ThreadPoolExecutor.java:1128)
	at java.base/java.util.concurrent.ThreadPoolExecutor$Worker.run(ThreadPoolExecutor.java:628)
	at java.base/java.lang.Thread.run(Thread.java:834)

[04-26 12:52:11]: [FINE] The user Zytia has 2 accounts:
[04-26 12:52:11]: [FINE] §7§aZytia§7, whiteog.
[04-26 12:52:11]: [FINE] Zytia logged in 25.84.122.64
[04-26 13:00:48]: [FINE] The user Zytia has 2 accounts:
[04-26 13:00:48]: [FINE] §7§aZytia§7, whiteog.
[04-26 13:00:48]: [FINE] Zytia logged in 25.84.122.64
[04-26 13:55:36]: [INFO] AuthMe 5.6.0-beta2-b2453 disabled!
[04-26 20:11:32]: [INFO] SQLite Setup finished
[04-26 20:11:32]: [INFO] Hooked into LuckPerms!
[04-26 20:11:32]: [INFO] AuthMe 5.6.0-beta2 build n.2453 successfully enabled!
[04-26 20:11:33]: [INFO] Downloading GEO IP database, because the old database is older than 30 days or doesn't exist
[04-26 20:11:34]: [WARN] No MaxMind credentials found in the configuration file! GeoIp protections will be disabled.
[04-26 20:11:34]: [INFO] There is no newer GEO IP database uploaded to MaxMind. Using the old one for now.
[04-26 20:11:34]: [WARN] Could not download GeoLiteAPI database [FileNotFoundException]: plugins\AuthMe\GeoLite2-Country.mmdb (Не удается найти указанный файл)
[04-26 20:11:34]: java.io.FileNotFoundException: plugins\AuthMe\GeoLite2-Country.mmdb (Не удается найти указанный файл)
	at java.base/java.io.RandomAccessFile.open0(Native Method)
	at java.base/java.io.RandomAccessFile.open(RandomAccessFile.java:346)
	at java.base/java.io.RandomAccessFile.<init>(RandomAccessFile.java:260)
	at java.base/java.io.RandomAccessFile.<init>(RandomAccessFile.java:215)
	at fr.xephi.authme.libs.com.maxmind.db.BufferHolder.<init>(BufferHolder.java:20)
	at fr.xephi.authme.libs.com.maxmind.db.Reader.<init>(Reader.java:121)
	at fr.xephi.authme.service.GeoIpService.startReading(GeoIpService.java:173)
	at fr.xephi.authme.service.GeoIpService.updateDatabase(GeoIpService.java:144)
	at org.bukkit.craftbukkit.v1_16_R3.scheduler.CraftTask.run(CraftTask.java:100)
	at org.bukkit.craftbukkit.v1_16_R3.scheduler.CraftAsyncTask.run(CraftAsyncTask.java:54)
	at com.destroystokyo.paper.ServerSchedulerReportingWrapper.run(ServerSchedulerReportingWrapper.java:22)
	at java.base/java.util.concurrent.ThreadPoolExecutor.runWorker(ThreadPoolExecutor.java:1128)
	at java.base/java.util.concurrent.ThreadPoolExecutor$Worker.run(ThreadPoolExecutor.java:628)
	at java.base/java.lang.Thread.run(Thread.java:834)

[04-26 20:13:17]: [FINE] The user Zytia has 2 accounts:
[04-26 20:13:17]: [FINE] §7§aZytia§7, whiteog.
[04-26 20:13:17]: [FINE] Zytia logged in 25.84.122.64
[04-26 20:26:34]: [INFO] AuthMe 5.6.0-beta2-b2453 disabled!
