[16:41:28] [main/INFO]: Environment: authHost='https://authserver.mojang.com', accountsHost='https://api.mojang.com', sessionHost='https://sessionserver.mojang.com', servicesHost='https://api.minecraftservices.com', name='PROD'
[16:41:28] [main/INFO]: Reloading ResourceManager: Default, bukkit
[16:41:29] [Worker-Main-2/INFO]: Loaded 7 recipes
[16:41:29] [Server thread/INFO]: Starting minecraft server version 1.16.5
[16:41:29] [Server thread/INFO]: Loading properties
[16:41:29] [Server thread/INFO]: This server is running Paper version git-Paper-593 (MC: 1.16.5) (Implementing API version 1.16.5-R0.1-SNAPSHOT)
[16:41:29] [Server thread/INFO]: Debug logging is disabled
[16:41:29] [Server thread/INFO]: Using 4 threads for Netty based IO
[16:41:29] [Server thread/INFO]: Server Ping Player Sample Count: 12
[16:41:30] [Server thread/INFO]: Default game type: ADVENTURE
[16:41:30] [Server thread/INFO]: Generating keypair
[16:41:30] [Server thread/INFO]: Starting Minecraft server on 25.84.122.64:25590
[16:41:30] [Server thread/INFO]: Using default channel type
[16:41:30] [Server thread/INFO]: [ViaVersion] Loading ViaVersion v3.2.1
[16:41:30] [Server thread/INFO]: [ViaVersion] ViaVersion 3.2.1 is now loaded, injecting!
[16:41:31] [Via-Mappingloader-0/INFO]: [ViaVersion] Loading 1.12 -> 1.13 mappings...
[16:41:31] [Via-Mappingloader-1/INFO]: [ViaVersion] Loading 1.13 -> 1.13.2 mappings...
[16:41:31] [Via-Mappingloader-2/INFO]: [ViaVersion] Loading 1.13.2 -> 1.14 mappings...
[16:41:31] [Via-Mappingloader-3/INFO]: [ViaVersion] Loading 1.14 -> 1.15 mappings...
[16:41:31] [Via-Mappingloader-5/INFO]: [ViaVersion] Loading 1.16 -> 1.16.2 mappings...
[16:41:31] [Server thread/INFO]: [ViaBackwards] Loading ViaBackwards v3.2.0
[16:41:31] [Via-Mappingloader-4/INFO]: [ViaVersion] Loading 1.15 -> 1.16 mappings...
[16:41:31] [Server thread/INFO]: [PlaceholderAPI] Loading PlaceholderAPI v2.10.9
[16:41:31] [Server thread/INFO]: [ProtocolLib] Loading ProtocolLib v4.6.0
[16:41:31] [Via-Mappingloader-0/INFO]: [ViaVersion] Loading block connection mappings ...
[16:41:31] [Server thread/INFO]: [LuckPerms] Loading LuckPerms v5.3.3
[16:41:32] [Server thread/INFO]: [SkinsRestorer] Loading SkinsRestorer v14.0.2
[16:41:32] [Server thread/INFO]: [HolographicDisplays] Loading HolographicDisplays v2.4.6
[16:41:32] [Server thread/INFO]: [Vault] Loading Vault v1.7.3-b131
[16:41:32] [Server thread/INFO]: [ServersNPC] Loading ServersNPC v3.1
[16:41:32] [Server thread/INFO]: [AuthMe] Loading AuthMe v5.6.0-beta2-b2453
[16:41:32] [Server thread/INFO]: [TAB] Loading TAB v2.8.10
[16:41:32] [Server thread/INFO]: [RealScoreboard] Loading RealScoreboard v11-4-2021 Build 1
[16:41:32] [Server thread/INFO]: Server permissions file permissions.yml is empty, ignoring it
[16:41:32] [Server thread/INFO]: [ViaBackwards] Enabling ViaBackwards v3.2.0
[16:41:32] [Server thread/INFO]: [ViaBackwards] Loading translations...
[16:41:32] [Server thread/INFO]: [ViaBackwards] Registering protocols...
[16:41:32] [Via-Mappingloader-0/INFO]: [ViaVersion] Loading 1.13 -> 1.12 mappings...
[16:41:32] [Via-Mappingloader-2/INFO]: [ViaVersion] Loading 1.13.2 -> 1.13 mappings...
[16:41:32] [Via-Mappingloader-2/INFO]: [ViaVersion] Loading 1.14 -> 1.13.2 mappings...
[16:41:32] [Via-Mappingloader-2/INFO]: [ViaVersion] Loading 1.15 -> 1.14 mappings...
[16:41:32] [Via-Mappingloader-2/INFO]: [ViaVersion] Loading 1.16 -> 1.15 mappings...
[16:41:32] [Via-Mappingloader-0/INFO]: [ViaVersion] Loading 1.16.2 -> 1.16 mappings...
[16:41:32] [Server thread/INFO]: [ProtocolLib] Enabling ProtocolLib v4.6.0
[16:41:32] [Server thread/INFO]: [ProtocolLib] Started structure compiler thread.
[16:41:32] [Server thread/INFO]: [LuckPerms] Enabling LuckPerms v5.3.3
[16:41:32] [Server thread/INFO]:         __    
[16:41:32] [Server thread/INFO]:   |    |__)   LuckPerms v5.3.3
[16:41:32] [Server thread/INFO]:   |___ |      Running on Bukkit - Paper
[16:41:32] [Server thread/INFO]: 
[16:41:32] [Server thread/INFO]: [LuckPerms] Loading configuration...
[16:41:32] [Server thread/INFO]: [LuckPerms] Loading storage provider... [H2]
[16:41:32] [Server thread/INFO]: [LuckPerms] Loading internal permission managers...
[16:41:32] [Server thread/INFO]: [LuckPerms] Performing initial data load...
[16:41:32] [Server thread/INFO]: [LuckPerms] Successfully enabled. (took 731ms)
[16:41:32] [Server thread/INFO]: [Vault] Enabling Vault v1.7.3-b131
[16:41:32] [Server thread/INFO]: [Vault] [Permission] SuperPermissions loaded as backup permission system.
[16:41:32] [Server thread/INFO]: [Vault] Enabled Version 1.7.3-b131
[16:41:32] [Server thread/INFO]: [LuckPerms] Registered Vault permission & chat hook.
[16:41:32] [Server thread/WARN]: **** SERVER IS RUNNING IN OFFLINE/INSECURE MODE!
[16:41:32] [Server thread/WARN]: The server will make no attempt to authenticate usernames. Beware.
[16:41:32] [Server thread/WARN]: While this makes the game possible to play without internet access, it also opens up the ability for hackers to connect with any username they choose.
[16:41:32] [Server thread/WARN]: To change this, set "online-mode" to "true" in the server.properties file.
[16:41:32] [Server thread/INFO]: Preparing level "world"
[16:41:33] [Server thread/INFO]: Preparing start region for dimension minecraft:overworld
[16:41:33] [Server thread/INFO]: Loaded 0 spawn chunks for world world
[16:41:33] [Server thread/INFO]: Preparing spawn area: 0%
[16:41:33] [Server thread/INFO]: Time elapsed: 179 ms
[16:41:33] [Server thread/INFO]: Preparing start region for dimension minecraft:the_end
[16:41:33] [Server thread/INFO]: Loaded 0 spawn chunks for world world_the_end
[16:41:33] [Server thread/INFO]: Time elapsed: 96 ms
[16:41:33] [Server thread/INFO]: [ViaVersion] Enabling ViaVersion v3.2.1
[16:41:33] [Server thread/INFO]: [PlaceholderAPI] Enabling PlaceholderAPI v2.10.9
[16:41:33] [Server thread/INFO]: [PlaceholderAPI] Fetching available expansion information...
[16:41:33] [Server thread/INFO]: [SkinsRestorer] Enabling SkinsRestorer v14.0.2
[16:41:33] [Server thread/INFO]: [SkinsRestorer] [!] WARNING [!] 
[16:41:33] [Server thread/INFO]: [SkinsRestorer] Below message about "Illegal reflective access" can be IGNORED, we will fix this in a later release!
[16:41:33] [Server thread/INFO]: [SkinsRestorer] Unsupported plugin (ViaVersion or ProtocolSupport) detected, forcing OldSkinRefresher
[16:41:33] [Server thread/INFO]: [SkinsRestorer] [SkinsRestorer] Using SpigotSkinRefresher
[16:41:33] [Server thread/INFO]: [SkinsRestorer] Detected Minecraft v1_16_R3, using UniversalSkinFactory.
[16:41:33] [Server thread/INFO]: [SkinsRestorer] [ACF] Enabled Asynchronous Tab Completion Support!
[16:41:35] [Server thread/INFO]: [HolographicDisplays] Enabling HolographicDisplays v2.4.6
[16:41:35] [Server thread/INFO]: [HolographicDisplays] Enabled player relative placeholders with ProtocolLib.
[16:41:35] [Server thread/INFO]: [ServersNPC] Enabling ServersNPC v3.1
[16:41:35] [Server thread/WARN]: Skipping cache for CONSTRUCTOR net.minecraft.server.v1_16_R3.PlayerInteractManager
[16:41:35] [Server thread/WARN]: Skipping cache for CONSTRUCTOR net.minecraft.server.v1_16_R3.PacketPlayOutEntityEquipment
[16:41:35] [Server thread/WARN]: Skipping cache for CONSTRUCTOR net.minecraft.server.v1_16_R3.PacketPlayOutEntityEquipment
[16:41:35] [Server thread/WARN]: Skipping cache for METHOD setCustomName
[16:41:35] [Server thread/WARN]: Skipping cache for METHOD watch
[16:41:35] [Server thread/INFO]: [AuthMe] Enabling AuthMe v5.6.0-beta2-b2453
[16:41:35] [Server thread/INFO]: [AuthMe] SQLite Setup finished
[16:41:35] [Server thread/INFO]: [AuthMe] Hooked into LuckPerms!
[16:41:35] [Server thread/INFO]: [AuthMe] AuthMe 5.6.0-beta2 build n.2453 successfully enabled!
[16:41:35] [Server thread/INFO]: [TAB] Enabling TAB v2.8.10
[16:41:35] [Server thread/INFO]: [TAB] Server version: 1.16.5 (v1_16_R3)
[16:41:35] [Server thread/INFO]: [TAB] Enabled in 32ms
[16:41:35] [Server thread/INFO]: [RealScoreboard] Enabling RealScoreboard v11-4-2021 Build 1
[16:41:35] [Server thread/INFO]: [RealScoreboard] ------------------- RealScoreboard 11-4-2021 Build 1 -------------------
[16:41:35] [Server thread/INFO]: [com.j256.ormlite.table.TableUtils] creating table 'playerdata'
[16:41:35] [Server thread/INFO]: [com.j256.ormlite.table.TableUtils] executed create table statement changed 0 rows: CREATE TABLE IF NOT EXISTS `playerdata` (`uuid` VARCHAR NOT NULL , `scoreboard_on` BOOLEAN , PRIMARY KEY (`uuid`) ) 
[16:41:35] [Server thread/INFO]: [RealScoreboard] Your config version is: 8
[16:41:35] [Server thread/INFO]: [RealScoreboard] Your config file is updated to the latest version.
[16:41:35] [Server thread/INFO]: [RealScoreboard] Finished loading RealScoreboard.
[16:41:35] [Server thread/INFO]: [RealScoreboard] Server version: v1_16_R3 | Plugin Version: 11-4-2021 Build 1
[16:41:35] [Server thread/INFO]: [RealScoreboard] ------------------- RealScoreboard 11-4-2021 Build 1 -------------------
[16:41:35] [Server thread/INFO]: [PlaceholderAPI] Placeholder expansion registration initializing...
[16:41:35] [Server thread/INFO]: No expansions were registered!
[16:41:35] [Server thread/INFO]: Running delayed init tasks
[16:41:35] [Server thread/INFO]: [ViaVersion] ViaVersion detected server version: 1.16.4(754)
[16:41:35] [Craft Scheduler Thread - 4/INFO]: [AuthMe] Downloading GEO IP database, because the old database is older than 30 days or doesn't exist
[16:41:35] [Craft Scheduler Thread - 4/WARN]: [AuthMe] No MaxMind credentials found in the configuration file! GeoIp protections will be disabled.
[16:41:35] [Craft Scheduler Thread - 4/INFO]: [AuthMe] There is no newer GEO IP database uploaded to MaxMind. Using the old one for now.
[16:41:35] [Craft Scheduler Thread - 4/WARN]: [AuthMe] Could not download GeoLiteAPI database [FileNotFoundException]: plugins\AuthMe\GeoLite2-Country.mmdb (Не удается найти указанный файл)
[16:41:35] [Server thread/INFO]: [SkinsRestorer] Activating ViaBackwards workaround.
[16:41:35] [Server thread/INFO]: [PlaceholderAPI] Successfully registered expansion: tab
[16:41:35] [Server thread/INFO]: [ViaVersion] Finished mapping loading, shutting down loader executor!
[16:41:35] [Server thread/INFO]: Done (6.092s)! For help, type "help"
[16:41:35] [Server thread/INFO]: Timings Reset
[16:41:36] [Craft Scheduler Thread - 5/INFO]: [RealScoreboard] The plugin is updated to the latest version.
[16:41:36] [Craft Scheduler Thread - 2/INFO]: [SkinsRestorer] ----------------------------------------------
[16:41:36] [Craft Scheduler Thread - 2/INFO]: [SkinsRestorer]     +===============+
[16:41:36] [Craft Scheduler Thread - 2/INFO]: [SkinsRestorer]     | SkinsRestorer |
[16:41:36] [Craft Scheduler Thread - 2/INFO]: [SkinsRestorer]     |---------------|
[16:41:36] [Craft Scheduler Thread - 2/INFO]: [SkinsRestorer]     |  Bukkit only  |
[16:41:36] [Craft Scheduler Thread - 2/INFO]: [SkinsRestorer]     +===============+
[16:41:36] [Craft Scheduler Thread - 2/INFO]: [SkinsRestorer] ----------------------------------------------
[16:41:36] [Craft Scheduler Thread - 2/INFO]: [SkinsRestorer]     Current version: 14.0.2
[16:41:36] [Craft Scheduler Thread - 2/INFO]: [SkinsRestorer]     This is the latest version!
[16:41:36] [Craft Scheduler Thread - 2/INFO]: [SkinsRestorer] ----------------------------------------------
[16:41:39] [Server thread/INFO]: Plugins (12): AuthMe, HolographicDisplays, LuckPerms, PlaceholderAPI, ProtocolLib, RealScoreboard, ServersNPC, SkinsRestorer, TAB, Vault, ViaBackwards, ViaVersion
[16:41:46] [User Authenticator #1/INFO]: UUID of player Zytia is 4ba59776-eb4c-39f0-ac65-fbfee71ecf6c
[16:41:47] [Server thread/INFO]: Zytia joined the game
[16:41:47] [Server thread/INFO]: Zytia[/25.84.122.64:64632] logged in with entity id 190 at ([world]-111.5, 70.0, 96.5)
[16:41:55] [Server thread/INFO]: [AuthMe] Zytia registered 25.84.122.64
[16:41:55] [Craft Scheduler Thread - 5/INFO]: [AuthMe] Zytia logged in 25.84.122.64
[16:42:49] [Server thread/INFO]: Zytia fell from a high place
[16:42:59] [Server thread/INFO]: Zytia issued server command: /fas
[16:43:01] [Server thread/INFO]: Zytia issued server command: /help
[16:43:07] [Server thread/INFO]: Zytia issued server command: /authme reload
[16:44:27] [Server thread/INFO]: Zytia fell from a high place
[16:44:33] [Server thread/INFO]: Made Zytia a server operator
[16:44:48] [Server thread/INFO]: Zytia issued server command: /gm 1
[16:44:51] [Server thread/INFO]: Zytia issued server command: /gamemode 1
[16:44:54] [Server thread/INFO]: Zytia issued server command: /gamemode creative
[16:44:54] [Server thread/INFO]: [Zytia: Set own game mode to Creative Mode]
[16:45:15] [Server thread/INFO]: Zytia fell out of the world
[16:45:22] [Server thread/INFO]: Zytia issued server command: /gamemode survival
[16:45:22] [Server thread/INFO]: [Zytia: Set own game mode to Survival Mode]
[16:45:30] [Server thread/INFO]: Zytia fell out of the world
[16:46:28] [Server thread/INFO]: Zytia issued server command: /difficulty peaceful
[16:46:28] [Server thread/INFO]: [Zytia: The difficulty has been set to Peaceful]
[16:58:08] [Server thread/INFO]: Stopping the server
[16:58:08] [Server thread/INFO]: Stopping server
[16:58:08] [Server thread/INFO]: [RealScoreboard] Disabling RealScoreboard v11-4-2021 Build 1
[16:58:08] [Server thread/INFO]: [TAB] Disabling TAB v2.8.10
[16:58:08] [Server thread/INFO]: [TAB] Disabled in 0ms
[16:58:08] [Server thread/INFO]: [AuthMe] Disabling AuthMe v5.6.0-beta2-b2453
[16:58:08] [Server thread/INFO]: [AuthMe] Waiting for 0 tasks to finish
[16:58:08] [Server thread/INFO]: [AuthMe] AuthMe 5.6.0-beta2-b2453 disabled!
[16:58:08] [Server thread/INFO]: [ServersNPC] Disabling ServersNPC v3.1
[16:58:08] [Server thread/INFO]: [Vault] Disabling Vault v1.7.3-b131
[16:58:08] [Server thread/INFO]: [HolographicDisplays] Disabling HolographicDisplays v2.4.6
[16:58:08] [Server thread/INFO]: [SkinsRestorer] Disabling SkinsRestorer v14.0.2
[16:58:08] [Server thread/INFO]: [LuckPerms] Disabling LuckPerms v5.3.3
[16:58:08] [Server thread/INFO]: [LuckPerms] Starting shutdown process...
[16:58:08] [Server thread/INFO]: [LuckPerms] Closing storage...
[16:58:08] [Server thread/INFO]: [LuckPerms] Goodbye!
[16:58:08] [Server thread/INFO]: [ProtocolLib] Disabling ProtocolLib v4.6.0
[16:58:08] [Server thread/INFO]: [PlaceholderAPI] Disabling PlaceholderAPI v2.10.9
[16:58:08] [Server thread/INFO]: [ViaBackwards] Disabling ViaBackwards v3.2.0
[16:58:08] [Server thread/INFO]: [ViaVersion] Disabling ViaVersion v3.2.1
[16:58:08] [Server thread/INFO]: [ViaVersion] ViaVersion is disabling, if this is a reload and you experience issues consider rebooting.
[16:58:08] [Server thread/INFO]: Saving players
[16:58:08] [Server thread/INFO]: Zytia lost connection: Server closed
[16:58:08] [Server thread/INFO]: Zytia left the game
[16:58:08] [Server thread/INFO]: Saving worlds
[16:58:08] [Server thread/INFO]: Saving chunks for level 'ServerLevel[world]'/minecraft:overworld
[16:58:09] [Server thread/INFO]: ThreadedAnvilChunkStorage (world): All chunks are saved
[16:58:09] [Server thread/INFO]: Saving chunks for level 'ServerLevel[world_the_end]'/minecraft:the_end
[16:58:09] [Server thread/INFO]: ThreadedAnvilChunkStorage (DIM1): All chunks are saved
[16:58:09] [Server thread/INFO]: ThreadedAnvilChunkStorage (world): All chunks are saved
[16:58:09] [Server thread/INFO]: ThreadedAnvilChunkStorage (DIM1): All chunks are saved
[16:58:10] [Server thread/INFO]: Flushing Chunk IO
[16:58:10] [Server thread/INFO]: Closing Thread Pool
[16:58:10] [Server thread/INFO]: Closing Server
